<?xml version="1.0" encoding="utf-16"?>
<ShowPlanXML xmlns:xsi="http://www.w3.org/2001/XMLSchema-instance" xmlns:xsd="http://www.w3.org/2001/XMLSchema" Version="1.1" Build="10.50.1600.1" xmlns="http://schemas.microsoft.com/sqlserver/2004/07/showplan">
  <BatchSequence>
    <Batch>
      <Statements>
        <StmtSimple StatementCompId="1" StatementEstRows="1" StatementId="1" StatementOptmLevel="FULL" StatementSubTreeCost="16.7526" StatementText="select sum(lo_extendedprice*lo_discount) as revenue&#xD;&#xA;from lineorder, [date]&#xD;&#xA;where lo_orderdatekey =  D_DateKey&#xD;&#xA;and d_year = 1993&#xD;&#xA;and lo_discount between 1 and 3&#xD;&#xA;and lo_quantity &lt; 25;&#xD;&#xA;&#xD;&#xA;   &#xD;&#xA;--Q1.2&#xD;&#xA;&#xD;" StatementType="SELECT" QueryHash="0x4F584E3E042C5109" QueryPlanHash="0x7F210B8E10D7FC48">
          <StatementSetOptions ANSI_NULLS="true" ANSI_PADDING="true" ANSI_WARNINGS="true" ARITHABORT="true" CONCAT_NULL_YIELDS_NULL="true" NUMERIC_ROUNDABORT="false" QUOTED_IDENTIFIER="true" />
          <QueryPlan DegreeOfParallelism="4" MemoryGrant="0" CachedPlanSize="40" CompileTime="22" CompileCPU="22" CompileMemory="1128">
            <RelOp AvgRowSize="24" EstimateCPU="1E-07" EstimateIO="0" EstimateRebinds="0" EstimateRewinds="0" EstimateRows="1" LogicalOp="Compute Scalar" NodeId="1" Parallel="false" PhysicalOp="Compute Scalar" EstimatedTotalSubtreeCost="16.7526">
              <OutputList>
                <ColumnReference Column="Expr1006" />
              </OutputList>
              <ComputeScalar>
                <DefinedValues>
                  <DefinedValue>
                    <ColumnReference Column="Expr1006" />
                    <ScalarOperator ScalarString="CASE WHEN [globalagg1009]=(0) THEN NULL ELSE [globalagg1011] END">
                      <IF>
                        <Condition>
                          <ScalarOperator>
                            <Compare CompareOp="EQ">
                              <ScalarOperator>
                                <Identifier>
                                  <ColumnReference Column="globalagg1009" />
                                </Identifier>
                              </ScalarOperator>
                              <ScalarOperator>
                                <Const ConstValue="(0)" />
                              </ScalarOperator>
                            </Compare>
                          </ScalarOperator>
                        </Condition>
                        <Then>
                          <ScalarOperator>
                            <Const ConstValue="NULL" />
                          </ScalarOperator>
                        </Then>
                        <Else>
                          <ScalarOperator>
                            <Identifier>
                              <ColumnReference Column="globalagg1011" />
                            </Identifier>
                          </ScalarOperator>
                        </Else>
                      </IF>
                    </ScalarOperator>
                  </DefinedValue>
                </DefinedValues>
                <RelOp AvgRowSize="32" EstimateCPU="1.7E-06" EstimateIO="0" EstimateRebinds="0" EstimateRewinds="0" EstimateRows="1" LogicalOp="Aggregate" NodeId="2" Parallel="false" PhysicalOp="Stream Aggregate" EstimatedTotalSubtreeCost="16.7526">
                  <OutputList>
                    <ColumnReference Column="globalagg1009" />
                    <ColumnReference Column="globalagg1011" />
                  </OutputList>
                  <RunTimeInformation>
                    <RunTimeCountersPerThread Thread="0" ActualRows="1" ActualEndOfScans="1" ActualExecutions="1" />
                  </RunTimeInformation>
                  <StreamAggregate>
                    <DefinedValues>
                      <DefinedValue>
                        <ColumnReference Column="globalagg1009" />
                        <ScalarOperator ScalarString="SUM([partialagg1008])">
                          <Aggregate AggType="SUM" Distinct="false">
                            <ScalarOperator>
                              <Identifier>
                                <ColumnReference Column="partialagg1008" />
                              </Identifier>
                            </ScalarOperator>
                          </Aggregate>
                        </ScalarOperator>
                      </DefinedValue>
                      <DefinedValue>
                        <ColumnReference Column="globalagg1011" />
                        <ScalarOperator ScalarString="SUM([partialagg1010])">
                          <Aggregate AggType="SUM" Distinct="false">
                            <ScalarOperator>
                              <Identifier>
                                <ColumnReference Column="partialagg1010" />
                              </Identifier>
                            </ScalarOperator>
                          </Aggregate>
                        </ScalarOperator>
                      </DefinedValue>
                    </DefinedValues>
                    <RelOp AvgRowSize="32" EstimateCPU="0.0285038" EstimateIO="0" EstimateRebinds="0" EstimateRewinds="0" EstimateRows="2" LogicalOp="Gather Streams" NodeId="3" Parallel="true" PhysicalOp="Parallelism" EstimatedTotalSubtreeCost="16.7526">
                      <OutputList>
                        <ColumnReference Column="partialagg1008" />
                        <ColumnReference Column="partialagg1010" />
                      </OutputList>
                      <RunTimeInformation>
                        <RunTimeCountersPerThread Thread="0" ActualRows="4" ActualEndOfScans="1" ActualExecutions="1" />
                      </RunTimeInformation>
                      <Parallelism>
                        <RelOp AvgRowSize="32" EstimateCPU="0.401134" EstimateIO="0" EstimateRebinds="0" EstimateRewinds="0" EstimateRows="2" LogicalOp="Aggregate" NodeId="4" Parallel="true" PhysicalOp="Stream Aggregate" EstimatedTotalSubtreeCost="16.7241">
                          <OutputList>
                            <ColumnReference Column="partialagg1008" />
                            <ColumnReference Column="partialagg1010" />
                          </OutputList>
                          <RunTimeInformation>
                            <RunTimeCountersPerThread Thread="1" ActualRows="1" ActualEndOfScans="1" ActualExecutions="1" />
                            <RunTimeCountersPerThread Thread="4" ActualRows="1" ActualEndOfScans="1" ActualExecutions="1" />
                            <RunTimeCountersPerThread Thread="2" ActualRows="1" ActualEndOfScans="1" ActualExecutions="1" />
                            <RunTimeCountersPerThread Thread="3" ActualRows="1" ActualEndOfScans="1" ActualExecutions="1" />
                            <RunTimeCountersPerThread Thread="0" ActualRows="0" ActualEndOfScans="0" ActualExecutions="0" />
                          </RunTimeInformation>
                          <StreamAggregate>
                            <DefinedValues>
                              <DefinedValue>
                                <ColumnReference Column="partialagg1008" />
                                <ScalarOperator ScalarString="COUNT_BIG([Expr1007])">
                                  <Aggregate AggType="COUNT_BIG" Distinct="false">
                                    <ScalarOperator>
                                      <Identifier>
                                        <ColumnReference Column="Expr1007" />
                                      </Identifier>
                                    </ScalarOperator>
                                  </Aggregate>
                                </ScalarOperator>
                              </DefinedValue>
                              <DefinedValue>
                                <ColumnReference Column="partialagg1010" />
                                <ScalarOperator ScalarString="SUM([Expr1007])">
                                  <Aggregate AggType="SUM" Distinct="false">
                                    <ScalarOperator>
                                      <Identifier>
                                        <ColumnReference Column="Expr1007" />
                                      </Identifier>
                                    </ScalarOperator>
                                  </Aggregate>
                                </ScalarOperator>
                              </DefinedValue>
                            </DefinedValues>
                            <RelOp AvgRowSize="24" EstimateCPU="0.0668557" EstimateIO="0" EstimateRebinds="0" EstimateRewinds="0" EstimateRows="1337110" LogicalOp="Compute Scalar" NodeId="5" Parallel="true" PhysicalOp="Compute Scalar" EstimatedTotalSubtreeCost="16.323">
                              <OutputList>
                                <ColumnReference Column="Expr1007" />
                              </OutputList>
                              <ComputeScalar>
                                <DefinedValues>
                                  <DefinedValue>
                                    <ColumnReference Column="Expr1007" />
                                    <ScalarOperator ScalarString="[Star_Schema_Benchmark].[dbo].[LineOrder].[LO_ExtendedPrice]*[Star_Schema_Benchmark].[dbo].[LineOrder].[LO_Discount]">
                                      <Arithmetic Operation="MULT">
                                        <ScalarOperator>
                                          <Identifier>
                                            <ColumnReference Database="[Star_Schema_Benchmark]" Schema="[dbo]" Table="[LineOrder]" Column="LO_ExtendedPrice" />
                                          </Identifier>
                                        </ScalarOperator>
                                        <ScalarOperator>
                                          <Identifier>
                                            <ColumnReference Database="[Star_Schema_Benchmark]" Schema="[dbo]" Table="[LineOrder]" Column="LO_Discount" />
                                          </Identifier>
                                        </ScalarOperator>
                                      </Arithmetic>
                                    </ScalarOperator>
                                  </DefinedValue>
                                </DefinedValues>
                                <RelOp AvgRowSize="25" EstimateCPU="2.79457" EstimateIO="0" EstimateRebinds="0" EstimateRewinds="0" EstimateRows="1337110" LogicalOp="Inner Join" NodeId="6" Parallel="true" PhysicalOp="Nested Loops" EstimatedTotalSubtreeCost="16.2562">
                                  <OutputList>
                                    <ColumnReference Database="[Star_Schema_Benchmark]" Schema="[dbo]" Table="[LineOrder]" Column="LO_ExtendedPrice" />
                                    <ColumnReference Database="[Star_Schema_Benchmark]" Schema="[dbo]" Table="[LineOrder]" Column="LO_Discount" />
                                  </OutputList>
                                  <RunTimeInformation>
                                    <RunTimeCountersPerThread Thread="1" ActualRows="366304" ActualEndOfScans="1" ActualExecutions="1" />
                                    <RunTimeCountersPerThread Thread="4" ActualRows="362306" ActualEndOfScans="1" ActualExecutions="1" />
                                    <RunTimeCountersPerThread Thread="2" ActualRows="361553" ActualEndOfScans="1" ActualExecutions="1" />
                                    <RunTimeCountersPerThread Thread="3" ActualRows="360748" ActualEndOfScans="1" ActualExecutions="1" />
                                    <RunTimeCountersPerThread Thread="0" ActualRows="0" ActualEndOfScans="0" ActualExecutions="0" />
                                  </RunTimeInformation>
                                  <NestedLoops Optimized="false" WithUnorderedPrefetch="true">
                                    <OuterReferences>
                                      <ColumnReference Database="[Star_Schema_Benchmark]" Schema="[dbo]" Table="[Date]" Column="D_DateKey" />
                                      <ColumnReference Column="Expr1013" />
                                    </OuterReferences>
                                    <RelOp AvgRowSize="15" EstimateCPU="0.0288923" EstimateIO="0" EstimateRebinds="0" EstimateRewinds="0" EstimateRows="365" LogicalOp="Repartition Streams" NodeId="8" Parallel="true" PhysicalOp="Parallelism" EstimatedTotalSubtreeCost="0.054115">
                                      <OutputList>
                                        <ColumnReference Database="[Star_Schema_Benchmark]" Schema="[dbo]" Table="[Date]" Column="D_DateKey" />
                                      </OutputList>
                                      <RunTimeInformation>
                                        <RunTimeCountersPerThread Thread="4" ActualRows="91" ActualEndOfScans="1" ActualExecutions="1" />
                                        <RunTimeCountersPerThread Thread="3" ActualRows="91" ActualEndOfScans="1" ActualExecutions="1" />
                                        <RunTimeCountersPerThread Thread="2" ActualRows="91" ActualEndOfScans="1" ActualExecutions="1" />
                                        <RunTimeCountersPerThread Thread="1" ActualRows="92" ActualEndOfScans="1" ActualExecutions="1" />
                                        <RunTimeCountersPerThread Thread="0" ActualRows="0" ActualEndOfScans="0" ActualExecutions="0" />
                                      </RunTimeInformation>
                                      <Parallelism PartitioningType="RoundRobin">
                                        <RelOp AvgRowSize="17" EstimateCPU="0.0014843" EstimateIO="0.023125" EstimateRebinds="0" EstimateRewinds="0" EstimateRows="365" LogicalOp="Clustered Index Scan" NodeId="9" Parallel="true" PhysicalOp="Clustered Index Scan" EstimatedTotalSubtreeCost="0.0246093" TableCardinality="2556">
                                          <OutputList>
                                            <ColumnReference Database="[Star_Schema_Benchmark]" Schema="[dbo]" Table="[Date]" Column="D_DateKey" />
                                          </OutputList>
                                          <RunTimeInformation>
                                            <RunTimeCountersPerThread Thread="4" ActualRows="86" ActualEndOfScans="1" ActualExecutions="1" />
                                            <RunTimeCountersPerThread Thread="3" ActualRows="93" ActualEndOfScans="1" ActualExecutions="1" />
                                            <RunTimeCountersPerThread Thread="1" ActualRows="93" ActualEndOfScans="1" ActualExecutions="1" />
                                            <RunTimeCountersPerThread Thread="2" ActualRows="93" ActualEndOfScans="1" ActualExecutions="1" />
                                            <RunTimeCountersPerThread Thread="0" ActualRows="0" ActualEndOfScans="0" ActualExecutions="0" />
                                          </RunTimeInformation>
                                          <IndexScan Ordered="false" ForcedIndex="false" NoExpandHint="false">
                                            <DefinedValues>
                                              <DefinedValue>
                                                <ColumnReference Database="[Star_Schema_Benchmark]" Schema="[dbo]" Table="[Date]" Column="D_DateKey" />
                                              </DefinedValue>
                                            </DefinedValues>
                                            <Object Database="[Star_Schema_Benchmark]" Schema="[dbo]" Table="[Date]" Index="[PK_Date]" IndexKind="Clustered" />
                                            <Predicate>
                                              <ScalarOperator ScalarString="[Star_Schema_Benchmark].[dbo].[Date].[D_Year]=(1993)">
                                                <Compare CompareOp="EQ">
                                                  <ScalarOperator>
                                                    <Identifier>
                                                      <ColumnReference Database="[Star_Schema_Benchmark]" Schema="[dbo]" Table="[Date]" Column="D_Year" />
                                                    </Identifier>
                                                  </ScalarOperator>
                                                  <ScalarOperator>
                                                    <Const ConstValue="(1993)" />
                                                  </ScalarOperator>
                                                </Compare>
                                              </ScalarOperator>
                                            </Predicate>
                                          </IndexScan>
                                        </RelOp>
                                      </Parallelism>
                                    </RelOp>
                                    <RelOp AvgRowSize="26" EstimateCPU="0.00706005" EstimateIO="0.0268287" EstimateRebinds="364" EstimateRewinds="0" EstimateRows="3663.32" LogicalOp="Index Seek" NodeId="10" Parallel="true" PhysicalOp="Index Seek" EstimatedTotalSubtreeCost="12.3369" TableCardinality="59986200">
                                      <OutputList>
                                        <ColumnReference Database="[Star_Schema_Benchmark]" Schema="[dbo]" Table="[LineOrder]" Column="LO_ExtendedPrice" />
                                        <ColumnReference Database="[Star_Schema_Benchmark]" Schema="[dbo]" Table="[LineOrder]" Column="LO_Discount" />
                                      </OutputList>
                                      <RunTimeInformation>
                                        <RunTimeCountersPerThread Thread="1" ActualRows="366304" ActualEndOfScans="92" ActualExecutions="92" />
                                        <RunTimeCountersPerThread Thread="4" ActualRows="362306" ActualEndOfScans="91" ActualExecutions="91" />
                                        <RunTimeCountersPerThread Thread="2" ActualRows="361553" ActualEndOfScans="91" ActualExecutions="91" />
                                        <RunTimeCountersPerThread Thread="3" ActualRows="360748" ActualEndOfScans="91" ActualExecutions="91" />
                                        <RunTimeCountersPerThread Thread="0" ActualRows="0" ActualEndOfScans="0" ActualExecutions="0" />
                                      </RunTimeInformation>
                                      <IndexScan Ordered="true" ScanDirection="FORWARD" ForcedIndex="false" ForceSeek="false" NoExpandHint="false">
                                        <DefinedValues>
                                          <DefinedValue>
                                            <ColumnReference Database="[Star_Schema_Benchmark]" Schema="[dbo]" Table="[LineOrder]" Column="LO_ExtendedPrice" />
                                          </DefinedValue>
                                          <DefinedValue>
                                            <ColumnReference Database="[Star_Schema_Benchmark]" Schema="[dbo]" Table="[LineOrder]" Column="LO_Discount" />
                                          </DefinedValue>
                                        </DefinedValues>
                                        <Object Database="[Star_Schema_Benchmark]" Schema="[dbo]" Table="[LineOrder]" Index="[_dta_index_LineOrder_5_21575115__K6_K12_K9_10]" IndexKind="NonClustered" />
                                        <SeekPredicates>
                                          <SeekPredicateNew>
                                            <SeekKeys>
                                              <Prefix ScanType="EQ">
                                                <RangeColumns>
                                                  <ColumnReference Database="[Star_Schema_Benchmark]" Schema="[dbo]" Table="[LineOrder]" Column="LO_OrderDateKey" />
                                                </RangeColumns>
                                                <RangeExpressions>
                                                  <ScalarOperator ScalarString="[Star_Schema_Benchmark].[dbo].[Date].[D_DateKey]">
                                                    <Identifier>
                                                      <ColumnReference Database="[Star_Schema_Benchmark]" Schema="[dbo]" Table="[Date]" Column="D_DateKey" />
                                                    </Identifier>
                                                  </ScalarOperator>
                                                </RangeExpressions>
                                              </Prefix>
                                              <StartRange ScanType="GE">
                                                <RangeColumns>
                                                  <ColumnReference Database="[Star_Schema_Benchmark]" Schema="[dbo]" Table="[LineOrder]" Column="LO_Discount" />
                                                </RangeColumns>
                                                <RangeExpressions>
                                                  <ScalarOperator ScalarString="(1.)">
                                                    <Const ConstValue="(1.)" />
                                                  </ScalarOperator>
                                                </RangeExpressions>
                                              </StartRange>
                                              <EndRange ScanType="LT">
                                                <RangeColumns>
                                                  <ColumnReference Database="[Star_Schema_Benchmark]" Schema="[dbo]" Table="[LineOrder]" Column="LO_Discount" />
                                                  <ColumnReference Database="[Star_Schema_Benchmark]" Schema="[dbo]" Table="[LineOrder]" Column="LO_Quantity" />
                                                </RangeColumns>
                                                <RangeExpressions>
                                                  <ScalarOperator ScalarString="(3.)">
                                                    <Const ConstValue="(3.)" />
                                                  </ScalarOperator>
                                                  <ScalarOperator ScalarString="(25)">
                                                    <Const ConstValue="(25)" />
                                                  </ScalarOperator>
                                                </RangeExpressions>
                                              </EndRange>
                                            </SeekKeys>
                                          </SeekPredicateNew>
                                        </SeekPredicates>
                                        <Predicate>
                                          <ScalarOperator ScalarString="[Star_Schema_Benchmark].[dbo].[LineOrder].[LO_Quantity]&lt;(25)">
                                            <Compare CompareOp="LT">
                                              <ScalarOperator>
                                                <Identifier>
                                                  <ColumnReference Database="[Star_Schema_Benchmark]" Schema="[dbo]" Table="[LineOrder]" Column="LO_Quantity" />
                                                </Identifier>
                                              </ScalarOperator>
                                              <ScalarOperator>
                                                <Const ConstValue="(25)" />
                                              </ScalarOperator>
                                            </Compare>
                                          </ScalarOperator>
                                        </Predicate>
                                      </IndexScan>
                                    </RelOp>
                                  </NestedLoops>
                                </RelOp>
                              </ComputeScalar>
                            </RelOp>
                          </StreamAggregate>
                        </RelOp>
                      </Parallelism>
                    </RelOp>
                  </StreamAggregate>
                </RelOp>
              </ComputeScalar>
            </RelOp>
          </QueryPlan>
        </StmtSimple>
      </Statements>
    </Batch>
    <Batch>
      <Statements>
        <StmtSimple StatementCompId="2" StatementEstRows="1" StatementId="2" StatementOptmLevel="FULL" StatementSubTreeCost="1.48609" StatementText="select sum(lo_extendedprice*lo_discount) as&#xD;&#xA;revenue&#xD;&#xA;from lineorder, [date]&#xD;&#xA;where lo_orderdatekey =  d_datekey&#xD;&#xA;and d_yearmonthnum = 199401&#xD;&#xA;and lo_discount between 4 and 6&#xD;&#xA;and lo_quantity between 26 and 35;&#xD;&#xA;&#xD;&#xA;--Q1.3&#xD;" StatementType="SELECT" QueryHash="0x5645487F872EBAAE" QueryPlanHash="0x53AF1B13FF293DF0">
          <StatementSetOptions ANSI_NULLS="true" ANSI_PADDING="true" ANSI_WARNINGS="true" ARITHABORT="true" CONCAT_NULL_YIELDS_NULL="true" NUMERIC_ROUNDABORT="false" QUOTED_IDENTIFIER="true" />
          <QueryPlan DegreeOfParallelism="1" CachedPlanSize="32" CompileTime="10" CompileCPU="10" CompileMemory="952">
            <RelOp AvgRowSize="24" EstimateCPU="0.020265" EstimateIO="0" EstimateRebinds="0" EstimateRewinds="0" EstimateRows="1" LogicalOp="Compute Scalar" NodeId="0" Parallel="false" PhysicalOp="Compute Scalar" EstimatedTotalSubtreeCost="1.48609">
              <OutputList>
                <ColumnReference Column="Expr1006" />
              </OutputList>
              <ComputeScalar>
                <DefinedValues>
                  <DefinedValue>
                    <ColumnReference Column="Expr1006" />
                    <ScalarOperator ScalarString="CASE WHEN [Expr1014]=(0) THEN NULL ELSE [Expr1015] END">
                      <IF>
                        <Condition>
                          <ScalarOperator>
                            <Compare CompareOp="EQ">
                              <ScalarOperator>
                                <Identifier>
                                  <ColumnReference Column="Expr1014" />
                                </Identifier>
                              </ScalarOperator>
                              <ScalarOperator>
                                <Const ConstValue="(0)" />
                              </ScalarOperator>
                            </Compare>
                          </ScalarOperator>
                        </Condition>
                        <Then>
                          <ScalarOperator>
                            <Const ConstValue="NULL" />
                          </ScalarOperator>
                        </Then>
                        <Else>
                          <ScalarOperator>
                            <Identifier>
                              <ColumnReference Column="Expr1015" />
                            </Identifier>
                          </ScalarOperator>
                        </Else>
                      </IF>
                    </ScalarOperator>
                  </DefinedValue>
                </DefinedValues>
                <RelOp AvgRowSize="24" EstimateCPU="0.020265" EstimateIO="0" EstimateRebinds="0" EstimateRewinds="0" EstimateRows="1" LogicalOp="Aggregate" NodeId="1" Parallel="false" PhysicalOp="Stream Aggregate" EstimatedTotalSubtreeCost="1.48609">
                  <OutputList>
                    <ColumnReference Column="Expr1014" />
                    <ColumnReference Column="Expr1015" />
                  </OutputList>
                  <RunTimeInformation>
                    <RunTimeCountersPerThread Thread="0" ActualRows="1" ActualEndOfScans="1" ActualExecutions="1" />
                  </RunTimeInformation>
                  <StreamAggregate>
                    <DefinedValues>
                      <DefinedValue>
                        <ColumnReference Column="Expr1014" />
                        <ScalarOperator ScalarString="COUNT_BIG([Expr1007])">
                          <Aggregate AggType="COUNT_BIG" Distinct="false">
                            <ScalarOperator>
                              <Identifier>
                                <ColumnReference Column="Expr1007" />
                              </Identifier>
                            </ScalarOperator>
                          </Aggregate>
                        </ScalarOperator>
                      </DefinedValue>
                      <DefinedValue>
                        <ColumnReference Column="Expr1015" />
                        <ScalarOperator ScalarString="SUM([Expr1007])">
                          <Aggregate AggType="SUM" Distinct="false">
                            <ScalarOperator>
                              <Identifier>
                                <ColumnReference Column="Expr1007" />
                              </Identifier>
                            </ScalarOperator>
                          </Aggregate>
                        </ScalarOperator>
                      </DefinedValue>
                    </DefinedValues>
                    <RelOp AvgRowSize="24" EstimateCPU="0.00337741" EstimateIO="0" EstimateRebinds="0" EstimateRewinds="0" EstimateRows="33774.1" LogicalOp="Compute Scalar" NodeId="2" Parallel="false" PhysicalOp="Compute Scalar" EstimatedTotalSubtreeCost="1.46583">
                      <OutputList>
                        <ColumnReference Column="Expr1007" />
                      </OutputList>
                      <ComputeScalar>
                        <DefinedValues>
                          <DefinedValue>
                            <ColumnReference Column="Expr1007" />
                            <ScalarOperator ScalarString="[Star_Schema_Benchmark].[dbo].[LineOrder].[LO_ExtendedPrice]*[Star_Schema_Benchmark].[dbo].[LineOrder].[LO_Discount]">
                              <Arithmetic Operation="MULT">
                                <ScalarOperator>
                                  <Identifier>
                                    <ColumnReference Database="[Star_Schema_Benchmark]" Schema="[dbo]" Table="[LineOrder]" Column="LO_ExtendedPrice" />
                                  </Identifier>
                                </ScalarOperator>
                                <ScalarOperator>
                                  <Identifier>
                                    <ColumnReference Database="[Star_Schema_Benchmark]" Schema="[dbo]" Table="[LineOrder]" Column="LO_Discount" />
                                  </Identifier>
                                </ScalarOperator>
                              </Arithmetic>
                            </ScalarOperator>
                          </DefinedValue>
                        </DefinedValues>
                        <RelOp AvgRowSize="25" EstimateCPU="0.141176" EstimateIO="0" EstimateRebinds="0" EstimateRewinds="0" EstimateRows="33774.1" LogicalOp="Inner Join" NodeId="3" Parallel="false" PhysicalOp="Nested Loops" EstimatedTotalSubtreeCost="1.46245">
                          <OutputList>
                            <ColumnReference Database="[Star_Schema_Benchmark]" Schema="[dbo]" Table="[LineOrder]" Column="LO_ExtendedPrice" />
                            <ColumnReference Database="[Star_Schema_Benchmark]" Schema="[dbo]" Table="[LineOrder]" Column="LO_Discount" />
                          </OutputList>
                          <RunTimeInformation>
                            <RunTimeCountersPerThread Thread="0" ActualRows="33965" ActualEndOfScans="1" ActualExecutions="1" />
                          </RunTimeInformation>
                          <NestedLoops Optimized="false" WithUnorderedPrefetch="true">
                            <OuterReferences>
                              <ColumnReference Database="[Star_Schema_Benchmark]" Schema="[dbo]" Table="[Date]" Column="D_DateKey" />
                              <ColumnReference Column="Expr1013" />
                            </OuterReferences>
                            <RelOp AvgRowSize="19" EstimateCPU="0.0029686" EstimateIO="0.023125" EstimateRebinds="0" EstimateRewinds="0" EstimateRows="31" LogicalOp="Clustered Index Scan" NodeId="5" Parallel="false" PhysicalOp="Clustered Index Scan" EstimatedTotalSubtreeCost="0.0260936" TableCardinality="2556">
                              <OutputList>
                                <ColumnReference Database="[Star_Schema_Benchmark]" Schema="[dbo]" Table="[Date]" Column="D_DateKey" />
                              </OutputList>
                              <RunTimeInformation>
                                <RunTimeCountersPerThread Thread="0" ActualRows="31" ActualEndOfScans="1" ActualExecutions="1" />
                              </RunTimeInformation>
                              <IndexScan Ordered="false" ForcedIndex="false" NoExpandHint="false">
                                <DefinedValues>
                                  <DefinedValue>
                                    <ColumnReference Database="[Star_Schema_Benchmark]" Schema="[dbo]" Table="[Date]" Column="D_DateKey" />
                                  </DefinedValue>
                                </DefinedValues>
                                <Object Database="[Star_Schema_Benchmark]" Schema="[dbo]" Table="[Date]" Index="[PK_Date]" IndexKind="Clustered" />
                                <Predicate>
                                  <ScalarOperator ScalarString="[Star_Schema_Benchmark].[dbo].[Date].[D_YearMonthNum]=(199401)">
                                    <Compare CompareOp="EQ">
                                      <ScalarOperator>
                                        <Identifier>
                                          <ColumnReference Database="[Star_Schema_Benchmark]" Schema="[dbo]" Table="[Date]" Column="D_YearMonthNum" />
                                        </Identifier>
                                      </ScalarOperator>
                                      <ScalarOperator>
                                        <Const ConstValue="(199401)" />
                                      </ScalarOperator>
                                    </Compare>
                                  </ScalarOperator>
                                </Predicate>
                              </IndexScan>
                            </RelOp>
                            <RelOp AvgRowSize="26" EstimateCPU="0.00764089" EstimateIO="0.0290509" EstimateRebinds="30" EstimateRewinds="0" EstimateRows="1089.49" LogicalOp="Index Seek" NodeId="6" Parallel="false" PhysicalOp="Index Seek" EstimatedTotalSubtreeCost="1.10835" TableCardinality="59986200">
                              <OutputList>
                                <ColumnReference Database="[Star_Schema_Benchmark]" Schema="[dbo]" Table="[LineOrder]" Column="LO_ExtendedPrice" />
                                <ColumnReference Database="[Star_Schema_Benchmark]" Schema="[dbo]" Table="[LineOrder]" Column="LO_Discount" />
                              </OutputList>
                              <RunTimeInformation>
                                <RunTimeCountersPerThread Thread="0" ActualRows="33965" ActualEndOfScans="31" ActualExecutions="31" />
                              </RunTimeInformation>
                              <IndexScan Ordered="true" ScanDirection="FORWARD" ForcedIndex="false" ForceSeek="false" NoExpandHint="false">
                                <DefinedValues>
                                  <DefinedValue>
                                    <ColumnReference Database="[Star_Schema_Benchmark]" Schema="[dbo]" Table="[LineOrder]" Column="LO_ExtendedPrice" />
                                  </DefinedValue>
                                  <DefinedValue>
                                    <ColumnReference Database="[Star_Schema_Benchmark]" Schema="[dbo]" Table="[LineOrder]" Column="LO_Discount" />
                                  </DefinedValue>
                                </DefinedValues>
                                <Object Database="[Star_Schema_Benchmark]" Schema="[dbo]" Table="[LineOrder]" Index="[_dta_index_LineOrder_5_21575115__K6_K12_K9_10]" IndexKind="NonClustered" />
                                <SeekPredicates>
                                  <SeekPredicateNew>
                                    <SeekKeys>
                                      <Prefix ScanType="EQ">
                                        <RangeColumns>
                                          <ColumnReference Database="[Star_Schema_Benchmark]" Schema="[dbo]" Table="[LineOrder]" Column="LO_OrderDateKey" />
                                        </RangeColumns>
                                        <RangeExpressions>
                                          <ScalarOperator ScalarString="[Star_Schema_Benchmark].[dbo].[Date].[D_DateKey]">
                                            <Identifier>
                                              <ColumnReference Database="[Star_Schema_Benchmark]" Schema="[dbo]" Table="[Date]" Column="D_DateKey" />
                                            </Identifier>
                                          </ScalarOperator>
                                        </RangeExpressions>
                                      </Prefix>
                                      <StartRange ScanType="GE">
                                        <RangeColumns>
                                          <ColumnReference Database="[Star_Schema_Benchmark]" Schema="[dbo]" Table="[LineOrder]" Column="LO_Discount" />
                                          <ColumnReference Database="[Star_Schema_Benchmark]" Schema="[dbo]" Table="[LineOrder]" Column="LO_Quantity" />
                                        </RangeColumns>
                                        <RangeExpressions>
                                          <ScalarOperator ScalarString="(4.)">
                                            <Const ConstValue="(4.)" />
                                          </ScalarOperator>
                                          <ScalarOperator ScalarString="(26)">
                                            <Const ConstValue="(26)" />
                                          </ScalarOperator>
                                        </RangeExpressions>
                                      </StartRange>
                                      <EndRange ScanType="LE">
                                        <RangeColumns>
                                          <ColumnReference Database="[Star_Schema_Benchmark]" Schema="[dbo]" Table="[LineOrder]" Column="LO_Discount" />
                                          <ColumnReference Database="[Star_Schema_Benchmark]" Schema="[dbo]" Table="[LineOrder]" Column="LO_Quantity" />
                                        </RangeColumns>
                                        <RangeExpressions>
                                          <ScalarOperator ScalarString="(6.)">
                                            <Const ConstValue="(6.)" />
                                          </ScalarOperator>
                                          <ScalarOperator ScalarString="(35)">
                                            <Const ConstValue="(35)" />
                                          </ScalarOperator>
                                        </RangeExpressions>
                                      </EndRange>
                                    </SeekKeys>
                                  </SeekPredicateNew>
                                </SeekPredicates>
                                <Predicate>
                                  <ScalarOperator ScalarString="[Star_Schema_Benchmark].[dbo].[LineOrder].[LO_Quantity]&gt;=(26) AND [Star_Schema_Benchmark].[dbo].[LineOrder].[LO_Quantity]&lt;=(35)">
                                    <Logical Operation="AND">
                                      <ScalarOperator>
                                        <Compare CompareOp="GE">
                                          <ScalarOperator>
                                            <Identifier>
                                              <ColumnReference Database="[Star_Schema_Benchmark]" Schema="[dbo]" Table="[LineOrder]" Column="LO_Quantity" />
                                            </Identifier>
                                          </ScalarOperator>
                                          <ScalarOperator>
                                            <Const ConstValue="(26)" />
                                          </ScalarOperator>
                                        </Compare>
                                      </ScalarOperator>
                                      <ScalarOperator>
                                        <Compare CompareOp="LE">
                                          <ScalarOperator>
                                            <Identifier>
                                              <ColumnReference Database="[Star_Schema_Benchmark]" Schema="[dbo]" Table="[LineOrder]" Column="LO_Quantity" />
                                            </Identifier>
                                          </ScalarOperator>
                                          <ScalarOperator>
                                            <Const ConstValue="(35)" />
                                          </ScalarOperator>
                                        </Compare>
                                      </ScalarOperator>
                                    </Logical>
                                  </ScalarOperator>
                                </Predicate>
                              </IndexScan>
                            </RelOp>
                          </NestedLoops>
                        </RelOp>
                      </ComputeScalar>
                    </RelOp>
                  </StreamAggregate>
                </RelOp>
              </ComputeScalar>
            </RelOp>
          </QueryPlan>
        </StmtSimple>
      </Statements>
    </Batch>
    <Batch>
      <Statements>
        <StmtSimple StatementCompId="3" StatementEstRows="1" StatementId="3" StatementOptmLevel="FULL" StatementOptmEarlyAbortReason="GoodEnoughPlanFound" StatementSubTreeCost="0.329549" StatementText="select sum(lo_extendedprice*lo_discount) as&#xD;&#xA;revenue&#xD;&#xA;from lineorder, [date]&#xD;&#xA;where lo_orderdatekey =  d_datekey&#xD;&#xA;and d_weeknuminyear = 6&#xD;&#xA;and d_year = 1994&#xD;&#xA;and lo_discount between 5 and 7&#xD;&#xA;and lo_quantity between 26 and 35;&#xD;&#xA;&#xD;&#xA;--Q2.1&#xD;" StatementType="SELECT" QueryHash="0xEE7B13A02D479C81" QueryPlanHash="0x2721581359A31EAC">
          <StatementSetOptions ANSI_NULLS="true" ANSI_PADDING="true" ANSI_WARNINGS="true" ARITHABORT="true" CONCAT_NULL_YIELDS_NULL="true" NUMERIC_ROUNDABORT="false" QUOTED_IDENTIFIER="true" />
          <QueryPlan DegreeOfParallelism="1" CachedPlanSize="32" CompileTime="10" CompileCPU="10" CompileMemory="968">
            <RelOp AvgRowSize="24" EstimateCPU="0.00448992" EstimateIO="0" EstimateRebinds="0" EstimateRewinds="0" EstimateRows="1" LogicalOp="Compute Scalar" NodeId="0" Parallel="false" PhysicalOp="Compute Scalar" EstimatedTotalSubtreeCost="0.329549">
              <OutputList>
                <ColumnReference Column="Expr1006" />
              </OutputList>
              <ComputeScalar>
                <DefinedValues>
                  <DefinedValue>
                    <ColumnReference Column="Expr1006" />
                    <ScalarOperator ScalarString="CASE WHEN [Expr1013]=(0) THEN NULL ELSE [Expr1014] END">
                      <IF>
                        <Condition>
                          <ScalarOperator>
                            <Compare CompareOp="EQ">
                              <ScalarOperator>
                                <Identifier>
                                  <ColumnReference Column="Expr1013" />
                                </Identifier>
                              </ScalarOperator>
                              <ScalarOperator>
                                <Const ConstValue="(0)" />
                              </ScalarOperator>
                            </Compare>
                          </ScalarOperator>
                        </Condition>
                        <Then>
                          <ScalarOperator>
                            <Const ConstValue="NULL" />
                          </ScalarOperator>
                        </Then>
                        <Else>
                          <ScalarOperator>
                            <Identifier>
                              <ColumnReference Column="Expr1014" />
                            </Identifier>
                          </ScalarOperator>
                        </Else>
                      </IF>
                    </ScalarOperator>
                  </DefinedValue>
                </DefinedValues>
                <RelOp AvgRowSize="24" EstimateCPU="0.00448992" EstimateIO="0" EstimateRebinds="0" EstimateRewinds="0" EstimateRows="1" LogicalOp="Aggregate" NodeId="1" Parallel="false" PhysicalOp="Stream Aggregate" EstimatedTotalSubtreeCost="0.329549">
                  <OutputList>
                    <ColumnReference Column="Expr1013" />
                    <ColumnReference Column="Expr1014" />
                  </OutputList>
                  <RunTimeInformation>
                    <RunTimeCountersPerThread Thread="0" ActualRows="1" ActualEndOfScans="1" ActualExecutions="1" />
                  </RunTimeInformation>
                  <StreamAggregate>
                    <DefinedValues>
                      <DefinedValue>
                        <ColumnReference Column="Expr1013" />
                        <ScalarOperator ScalarString="COUNT_BIG([Expr1007])">
                          <Aggregate AggType="COUNT_BIG" Distinct="false">
                            <ScalarOperator>
                              <Identifier>
                                <ColumnReference Column="Expr1007" />
                              </Identifier>
                            </ScalarOperator>
                          </Aggregate>
                        </ScalarOperator>
                      </DefinedValue>
                      <DefinedValue>
                        <ColumnReference Column="Expr1014" />
                        <ScalarOperator ScalarString="SUM([Expr1007])">
                          <Aggregate AggType="SUM" Distinct="false">
                            <ScalarOperator>
                              <Identifier>
                                <ColumnReference Column="Expr1007" />
                              </Identifier>
                            </ScalarOperator>
                          </Aggregate>
                        </ScalarOperator>
                      </DefinedValue>
                    </DefinedValues>
                    <RelOp AvgRowSize="24" EstimateCPU="0.000748237" EstimateIO="0" EstimateRebinds="0" EstimateRewinds="0" EstimateRows="7482.37" LogicalOp="Compute Scalar" NodeId="2" Parallel="false" PhysicalOp="Compute Scalar" EstimatedTotalSubtreeCost="0.325059">
                      <OutputList>
                        <ColumnReference Column="Expr1007" />
                      </OutputList>
                      <ComputeScalar>
                        <DefinedValues>
                          <DefinedValue>
                            <ColumnReference Column="Expr1007" />
                            <ScalarOperator ScalarString="[Star_Schema_Benchmark].[dbo].[LineOrder].[LO_ExtendedPrice]*[Star_Schema_Benchmark].[dbo].[LineOrder].[LO_Discount]">
                              <Arithmetic Operation="MULT">
                                <ScalarOperator>
                                  <Identifier>
                                    <ColumnReference Database="[Star_Schema_Benchmark]" Schema="[dbo]" Table="[LineOrder]" Column="LO_ExtendedPrice" />
                                  </Identifier>
                                </ScalarOperator>
                                <ScalarOperator>
                                  <Identifier>
                                    <ColumnReference Database="[Star_Schema_Benchmark]" Schema="[dbo]" Table="[LineOrder]" Column="LO_Discount" />
                                  </Identifier>
                                </ScalarOperator>
                              </Arithmetic>
                            </ScalarOperator>
                          </DefinedValue>
                        </DefinedValues>
                        <RelOp AvgRowSize="25" EstimateCPU="0.0312763" EstimateIO="0" EstimateRebinds="0" EstimateRewinds="0" EstimateRows="7482.37" LogicalOp="Inner Join" NodeId="3" Parallel="false" PhysicalOp="Nested Loops" EstimatedTotalSubtreeCost="0.324311">
                          <OutputList>
                            <ColumnReference Database="[Star_Schema_Benchmark]" Schema="[dbo]" Table="[LineOrder]" Column="LO_ExtendedPrice" />
                            <ColumnReference Database="[Star_Schema_Benchmark]" Schema="[dbo]" Table="[LineOrder]" Column="LO_Discount" />
                          </OutputList>
                          <RunTimeInformation>
                            <RunTimeCountersPerThread Thread="0" ActualRows="7540" ActualEndOfScans="1" ActualExecutions="1" />
                          </RunTimeInformation>
                          <NestedLoops Optimized="false">
                            <OuterReferences>
                              <ColumnReference Database="[Star_Schema_Benchmark]" Schema="[dbo]" Table="[Date]" Column="D_DateKey" />
                            </OuterReferences>
                            <RelOp AvgRowSize="18" EstimateCPU="0.0029686" EstimateIO="0.023125" EstimateRebinds="0" EstimateRewinds="0" EstimateRows="6.88949" LogicalOp="Clustered Index Scan" NodeId="4" Parallel="false" PhysicalOp="Clustered Index Scan" EstimatedTotalSubtreeCost="0.0260936" TableCardinality="2556">
                              <OutputList>
                                <ColumnReference Database="[Star_Schema_Benchmark]" Schema="[dbo]" Table="[Date]" Column="D_DateKey" />
                              </OutputList>
                              <RunTimeInformation>
                                <RunTimeCountersPerThread Thread="0" ActualRows="7" ActualEndOfScans="1" ActualExecutions="1" />
                              </RunTimeInformation>
                              <IndexScan Ordered="false" ForcedIndex="false" NoExpandHint="false">
                                <DefinedValues>
                                  <DefinedValue>
                                    <ColumnReference Database="[Star_Schema_Benchmark]" Schema="[dbo]" Table="[Date]" Column="D_DateKey" />
                                  </DefinedValue>
                                </DefinedValues>
                                <Object Database="[Star_Schema_Benchmark]" Schema="[dbo]" Table="[Date]" Index="[PK_Date]" IndexKind="Clustered" />
                                <Predicate>
                                  <ScalarOperator ScalarString="[Star_Schema_Benchmark].[dbo].[Date].[D_WeekNumInYear]=(6) AND [Star_Schema_Benchmark].[dbo].[Date].[D_Year]=(1994)">
                                    <Logical Operation="AND">
                                      <ScalarOperator>
                                        <Compare CompareOp="EQ">
                                          <ScalarOperator>
                                            <Identifier>
                                              <ColumnReference Database="[Star_Schema_Benchmark]" Schema="[dbo]" Table="[Date]" Column="D_WeekNumInYear" />
                                            </Identifier>
                                          </ScalarOperator>
                                          <ScalarOperator>
                                            <Const ConstValue="(6)" />
                                          </ScalarOperator>
                                        </Compare>
                                      </ScalarOperator>
                                      <ScalarOperator>
                                        <Compare CompareOp="EQ">
                                          <ScalarOperator>
                                            <Identifier>
                                              <ColumnReference Database="[Star_Schema_Benchmark]" Schema="[dbo]" Table="[Date]" Column="D_Year" />
                                            </Identifier>
                                          </ScalarOperator>
                                          <ScalarOperator>
                                            <Const ConstValue="(1994)" />
                                          </ScalarOperator>
                                        </Compare>
                                      </ScalarOperator>
                                    </Logical>
                                  </ScalarOperator>
                                </Predicate>
                              </IndexScan>
                            </RelOp>
                            <RelOp AvgRowSize="26" EstimateCPU="0.00761732" EstimateIO="0.0290509" EstimateRebinds="5.88949" EstimateRewinds="0" EstimateRows="1086.06" LogicalOp="Index Seek" NodeId="5" Parallel="false" PhysicalOp="Index Seek" EstimatedTotalSubtreeCost="0.223573" TableCardinality="59986200">
                              <OutputList>
                                <ColumnReference Database="[Star_Schema_Benchmark]" Schema="[dbo]" Table="[LineOrder]" Column="LO_ExtendedPrice" />
                                <ColumnReference Database="[Star_Schema_Benchmark]" Schema="[dbo]" Table="[LineOrder]" Column="LO_Discount" />
                              </OutputList>
                              <RunTimeInformation>
                                <RunTimeCountersPerThread Thread="0" ActualRows="7540" ActualEndOfScans="7" ActualExecutions="7" />
                              </RunTimeInformation>
                              <IndexScan Ordered="true" ScanDirection="FORWARD" ForcedIndex="false" ForceSeek="false" NoExpandHint="false">
                                <DefinedValues>
                                  <DefinedValue>
                                    <ColumnReference Database="[Star_Schema_Benchmark]" Schema="[dbo]" Table="[LineOrder]" Column="LO_ExtendedPrice" />
                                  </DefinedValue>
                                  <DefinedValue>
                                    <ColumnReference Database="[Star_Schema_Benchmark]" Schema="[dbo]" Table="[LineOrder]" Column="LO_Discount" />
                                  </DefinedValue>
                                </DefinedValues>
                                <Object Database="[Star_Schema_Benchmark]" Schema="[dbo]" Table="[LineOrder]" Index="[_dta_index_LineOrder_5_21575115__K6_K12_K9_10]" IndexKind="NonClustered" />
                                <SeekPredicates>
                                  <SeekPredicateNew>
                                    <SeekKeys>
                                      <Prefix ScanType="EQ">
                                        <RangeColumns>
                                          <ColumnReference Database="[Star_Schema_Benchmark]" Schema="[dbo]" Table="[LineOrder]" Column="LO_OrderDateKey" />
                                        </RangeColumns>
                                        <RangeExpressions>
                                          <ScalarOperator ScalarString="[Star_Schema_Benchmark].[dbo].[Date].[D_DateKey]">
                                            <Identifier>
                                              <ColumnReference Database="[Star_Schema_Benchmark]" Schema="[dbo]" Table="[Date]" Column="D_DateKey" />
                                            </Identifier>
                                          </ScalarOperator>
                                        </RangeExpressions>
                                      </Prefix>
                                      <StartRange ScanType="GE">
                                        <RangeColumns>
                                          <ColumnReference Database="[Star_Schema_Benchmark]" Schema="[dbo]" Table="[LineOrder]" Column="LO_Discount" />
                                          <ColumnReference Database="[Star_Schema_Benchmark]" Schema="[dbo]" Table="[LineOrder]" Column="LO_Quantity" />
                                        </RangeColumns>
                                        <RangeExpressions>
                                          <ScalarOperator ScalarString="(5.)">
                                            <Const ConstValue="(5.)" />
                                          </ScalarOperator>
                                          <ScalarOperator ScalarString="(26)">
                                            <Const ConstValue="(26)" />
                                          </ScalarOperator>
                                        </RangeExpressions>
                                      </StartRange>
                                      <EndRange ScanType="LE">
                                        <RangeColumns>
                                          <ColumnReference Database="[Star_Schema_Benchmark]" Schema="[dbo]" Table="[LineOrder]" Column="LO_Discount" />
                                          <ColumnReference Database="[Star_Schema_Benchmark]" Schema="[dbo]" Table="[LineOrder]" Column="LO_Quantity" />
                                        </RangeColumns>
                                        <RangeExpressions>
                                          <ScalarOperator ScalarString="(7.)">
                                            <Const ConstValue="(7.)" />
                                          </ScalarOperator>
                                          <ScalarOperator ScalarString="(35)">
                                            <Const ConstValue="(35)" />
                                          </ScalarOperator>
                                        </RangeExpressions>
                                      </EndRange>
                                    </SeekKeys>
                                  </SeekPredicateNew>
                                </SeekPredicates>
                                <Predicate>
                                  <ScalarOperator ScalarString="[Star_Schema_Benchmark].[dbo].[LineOrder].[LO_Quantity]&gt;=(26) AND [Star_Schema_Benchmark].[dbo].[LineOrder].[LO_Quantity]&lt;=(35)">
                                    <Logical Operation="AND">
                                      <ScalarOperator>
                                        <Compare CompareOp="GE">
                                          <ScalarOperator>
                                            <Identifier>
                                              <ColumnReference Database="[Star_Schema_Benchmark]" Schema="[dbo]" Table="[LineOrder]" Column="LO_Quantity" />
                                            </Identifier>
                                          </ScalarOperator>
                                          <ScalarOperator>
                                            <Const ConstValue="(26)" />
                                          </ScalarOperator>
                                        </Compare>
                                      </ScalarOperator>
                                      <ScalarOperator>
                                        <Compare CompareOp="LE">
                                          <ScalarOperator>
                                            <Identifier>
                                              <ColumnReference Database="[Star_Schema_Benchmark]" Schema="[dbo]" Table="[LineOrder]" Column="LO_Quantity" />
                                            </Identifier>
                                          </ScalarOperator>
                                          <ScalarOperator>
                                            <Const ConstValue="(35)" />
                                          </ScalarOperator>
                                        </Compare>
                                      </ScalarOperator>
                                    </Logical>
                                  </ScalarOperator>
                                </Predicate>
                              </IndexScan>
                            </RelOp>
                          </NestedLoops>
                        </RelOp>
                      </ComputeScalar>
                    </RelOp>
                  </StreamAggregate>
                </RelOp>
              </ComputeScalar>
            </RelOp>
          </QueryPlan>
        </StmtSimple>
      </Statements>
    </Batch>
    <Batch>
      <Statements>
        <StmtSimple StatementCompId="4" StatementEstRows="26882.1" StatementId="4" StatementOptmLevel="FULL" StatementSubTreeCost="146.786" StatementText="select sum(lo_revenue), d_year, p_brand&#xD;&#xA;from lineorder, [date], part, supplier&#xD;&#xA;where lo_orderdatekey =  d_datekey&#xD;&#xA;and lo_partkey = p_partkey&#xD;&#xA;and lo_suppkey = s_suppkey&#xD;&#xA;and p_category = 'MFGR#12'&#xD;&#xA;and s_region = 'AMERICA'&#xD;&#xA;group by d_year, p_brand&#xD;&#xA;order by d_year, p_brand;&#xD;&#xA;&#xD;&#xA;--Q2.2&#xD;" StatementType="SELECT" QueryHash="0x6BC37AC1CA0851EB" QueryPlanHash="0x1EEF499CF9B57A09">
          <StatementSetOptions ANSI_NULLS="true" ANSI_PADDING="true" ANSI_WARNINGS="true" ARITHABORT="true" CONCAT_NULL_YIELDS_NULL="true" NUMERIC_ROUNDABORT="false" QUOTED_IDENTIFIER="true" />
          <QueryPlan DegreeOfParallelism="4" MemoryGrant="25696" CachedPlanSize="112" CompileTime="48" CompileCPU="48" CompileMemory="1536">
            <RelOp AvgRowSize="35" EstimateCPU="0.223335" EstimateIO="0" EstimateRebinds="0" EstimateRewinds="0" EstimateRows="26882.1" LogicalOp="Gather Streams" NodeId="0" Parallel="true" PhysicalOp="Parallelism" EstimatedTotalSubtreeCost="146.786">
              <OutputList>
                <ColumnReference Database="[Star_Schema_Benchmark]" Schema="[dbo]" Table="[Date]" Column="D_Year" />
                <ColumnReference Database="[Star_Schema_Benchmark]" Schema="[dbo]" Table="[Part]" Column="P_Brand" />
                <ColumnReference Column="Expr1012" />
              </OutputList>
              <RunTimeInformation>
                <RunTimeCountersPerThread Thread="0" ActualRows="280" ActualEndOfScans="1" ActualExecutions="1" />
              </RunTimeInformation>
              <Parallelism>
                <OrderBy>
                  <OrderByColumn Ascending="true">
                    <ColumnReference Database="[Star_Schema_Benchmark]" Schema="[dbo]" Table="[Date]" Column="D_Year" />
                  </OrderByColumn>
                  <OrderByColumn Ascending="true">
                    <ColumnReference Database="[Star_Schema_Benchmark]" Schema="[dbo]" Table="[Part]" Column="P_Brand" />
                  </OrderByColumn>
                </OrderBy>
                <RelOp AvgRowSize="35" EstimateCPU="0.907843" EstimateIO="0.00563063" EstimateRebinds="0" EstimateRewinds="0" EstimateRows="26882.1" LogicalOp="Sort" NodeId="1" Parallel="true" PhysicalOp="Sort" EstimatedTotalSubtreeCost="146.562">
                  <OutputList>
                    <ColumnReference Database="[Star_Schema_Benchmark]" Schema="[dbo]" Table="[Date]" Column="D_Year" />
                    <ColumnReference Database="[Star_Schema_Benchmark]" Schema="[dbo]" Table="[Part]" Column="P_Brand" />
                    <ColumnReference Column="Expr1012" />
                  </OutputList>
                  <MemoryFractions Input="0.487179" Output="1" />
                  <RunTimeInformation>
                    <RunTimeCountersPerThread Thread="4" ActualRebinds="1" ActualRewinds="0" ActualRows="73" ActualEndOfScans="1" ActualExecutions="1" />
                    <RunTimeCountersPerThread Thread="1" ActualRebinds="1" ActualRewinds="0" ActualRows="73" ActualEndOfScans="1" ActualExecutions="1" />
                    <RunTimeCountersPerThread Thread="2" ActualRebinds="1" ActualRewinds="0" ActualRows="66" ActualEndOfScans="1" ActualExecutions="1" />
                    <RunTimeCountersPerThread Thread="3" ActualRebinds="1" ActualRewinds="0" ActualRows="68" ActualEndOfScans="1" ActualExecutions="1" />
                    <RunTimeCountersPerThread Thread="0" ActualRebinds="0" ActualRewinds="0" ActualRows="0" ActualEndOfScans="0" ActualExecutions="0" />
                  </RunTimeInformation>
                  <Sort Distinct="false">
                    <OrderBy>
                      <OrderByColumn Ascending="true">
                        <ColumnReference Database="[Star_Schema_Benchmark]" Schema="[dbo]" Table="[Date]" Column="D_Year" />
                      </OrderByColumn>
                      <OrderByColumn Ascending="true">
                        <ColumnReference Database="[Star_Schema_Benchmark]" Schema="[dbo]" Table="[Part]" Column="P_Brand" />
                      </OrderByColumn>
                    </OrderBy>
                    <RelOp AvgRowSize="35" EstimateCPU="2.21856" EstimateIO="0" EstimateRebinds="0" EstimateRewinds="0" EstimateRows="26882.1" LogicalOp="Compute Scalar" NodeId="2" Parallel="true" PhysicalOp="Compute Scalar" EstimatedTotalSubtreeCost="145.649">
                      <OutputList>
                        <ColumnReference Database="[Star_Schema_Benchmark]" Schema="[dbo]" Table="[Date]" Column="D_Year" />
                        <ColumnReference Database="[Star_Schema_Benchmark]" Schema="[dbo]" Table="[Part]" Column="P_Brand" />
                        <ColumnReference Column="Expr1012" />
                      </OutputList>
                      <ComputeScalar>
                        <DefinedValues>
                          <DefinedValue>
                            <ColumnReference Column="Expr1012" />
                            <ScalarOperator ScalarString="CASE WHEN [Expr1020]=(0) THEN NULL ELSE [Expr1021] END">
                              <IF>
                                <Condition>
                                  <ScalarOperator>
                                    <Compare CompareOp="EQ">
                                      <ScalarOperator>
                                        <Identifier>
                                          <ColumnReference Column="Expr1020" />
                                        </Identifier>
                                      </ScalarOperator>
                                      <ScalarOperator>
                                        <Const ConstValue="(0)" />
                                      </ScalarOperator>
                                    </Compare>
                                  </ScalarOperator>
                                </Condition>
                                <Then>
                                  <ScalarOperator>
                                    <Const ConstValue="NULL" />
                                  </ScalarOperator>
                                </Then>
                                <Else>
                                  <ScalarOperator>
                                    <Identifier>
                                      <ColumnReference Column="Expr1021" />
                                    </Identifier>
                                  </ScalarOperator>
                                </Else>
                              </IF>
                            </ScalarOperator>
                          </DefinedValue>
                        </DefinedValues>
                        <RelOp AvgRowSize="35" EstimateCPU="2.21856" EstimateIO="0" EstimateRebinds="0" EstimateRewinds="0" EstimateRows="26882.1" LogicalOp="Aggregate" NodeId="3" Parallel="true" PhysicalOp="Hash Match" EstimatedTotalSubtreeCost="145.649">
                          <OutputList>
                            <ColumnReference Database="[Star_Schema_Benchmark]" Schema="[dbo]" Table="[Date]" Column="D_Year" />
                            <ColumnReference Database="[Star_Schema_Benchmark]" Schema="[dbo]" Table="[Part]" Column="P_Brand" />
                            <ColumnReference Column="Expr1020" />
                            <ColumnReference Column="Expr1021" />
                          </OutputList>
                          <MemoryFractions Input="0.310633" Output="0.512821" />
                          <RunTimeInformation>
                            <RunTimeCountersPerThread Thread="4" ActualRows="73" ActualEndOfScans="1" ActualExecutions="1" />
                            <RunTimeCountersPerThread Thread="1" ActualRows="73" ActualEndOfScans="1" ActualExecutions="1" />
                            <RunTimeCountersPerThread Thread="3" ActualRows="68" ActualEndOfScans="1" ActualExecutions="1" />
                            <RunTimeCountersPerThread Thread="2" ActualRows="66" ActualEndOfScans="1" ActualExecutions="1" />
                            <RunTimeCountersPerThread Thread="0" ActualRows="0" ActualEndOfScans="0" ActualExecutions="0" />
                          </RunTimeInformation>
                          <Hash>
                            <DefinedValues>
                              <DefinedValue>
                                <ColumnReference Column="Expr1020" />
                                <ScalarOperator ScalarString="COUNT_BIG([Star_Schema_Benchmark].[dbo].[LineOrder].[LO_Revenue])">
                                  <Aggregate AggType="COUNT_BIG" Distinct="false">
                                    <ScalarOperator>
                                      <Identifier>
                                        <ColumnReference Database="[Star_Schema_Benchmark]" Schema="[dbo]" Table="[LineOrder]" Column="LO_Revenue" />
                                      </Identifier>
                                    </ScalarOperator>
                                  </Aggregate>
                                </ScalarOperator>
                              </DefinedValue>
                              <DefinedValue>
                                <ColumnReference Column="Expr1021" />
                                <ScalarOperator ScalarString="SUM([Star_Schema_Benchmark].[dbo].[LineOrder].[LO_Revenue])">
                                  <Aggregate AggType="SUM" Distinct="false">
                                    <ScalarOperator>
                                      <Identifier>
                                        <ColumnReference Database="[Star_Schema_Benchmark]" Schema="[dbo]" Table="[LineOrder]" Column="LO_Revenue" />
                                      </Identifier>
                                    </ScalarOperator>
                                  </Aggregate>
                                </ScalarOperator>
                              </DefinedValue>
                            </DefinedValues>
                            <HashKeysBuild>
                              <ColumnReference Database="[Star_Schema_Benchmark]" Schema="[dbo]" Table="[Date]" Column="D_Year" />
                              <ColumnReference Database="[Star_Schema_Benchmark]" Schema="[dbo]" Table="[Part]" Column="P_Brand" />
                            </HashKeysBuild>
                            <BuildResidual>
                              <ScalarOperator ScalarString="[Star_Schema_Benchmark].[dbo].[Date].[D_Year] = [Star_Schema_Benchmark].[dbo].[Date].[D_Year] AND [Star_Schema_Benchmark].[dbo].[Part].[P_Brand] = [Star_Schema_Benchmark].[dbo].[Part].[P_Brand]">
                                <Logical Operation="AND">
                                  <ScalarOperator>
                                    <Compare CompareOp="IS">
                                      <ScalarOperator>
                                        <Identifier>
                                          <ColumnReference Database="[Star_Schema_Benchmark]" Schema="[dbo]" Table="[Date]" Column="D_Year" />
                                        </Identifier>
                                      </ScalarOperator>
                                      <ScalarOperator>
                                        <Identifier>
                                          <ColumnReference Database="[Star_Schema_Benchmark]" Schema="[dbo]" Table="[Date]" Column="D_Year" />
                                        </Identifier>
                                      </ScalarOperator>
                                    </Compare>
                                  </ScalarOperator>
                                  <ScalarOperator>
                                    <Compare CompareOp="IS">
                                      <ScalarOperator>
                                        <Identifier>
                                          <ColumnReference Database="[Star_Schema_Benchmark]" Schema="[dbo]" Table="[Part]" Column="P_Brand" />
                                        </Identifier>
                                      </ScalarOperator>
                                      <ScalarOperator>
                                        <Identifier>
                                          <ColumnReference Database="[Star_Schema_Benchmark]" Schema="[dbo]" Table="[Part]" Column="P_Brand" />
                                        </Identifier>
                                      </ScalarOperator>
                                    </Compare>
                                  </ScalarOperator>
                                </Logical>
                              </ScalarOperator>
                            </BuildResidual>
                            <RelOp AvgRowSize="27" EstimateCPU="1.31864" EstimateIO="0" EstimateRebinds="0" EstimateRewinds="0" EstimateRows="530348" LogicalOp="Repartition Streams" NodeId="4" Parallel="true" PhysicalOp="Parallelism" EstimatedTotalSubtreeCost="143.43">
                              <OutputList>
                                <ColumnReference Database="[Star_Schema_Benchmark]" Schema="[dbo]" Table="[LineOrder]" Column="LO_Revenue" />
                                <ColumnReference Database="[Star_Schema_Benchmark]" Schema="[dbo]" Table="[Date]" Column="D_Year" />
                                <ColumnReference Database="[Star_Schema_Benchmark]" Schema="[dbo]" Table="[Part]" Column="P_Brand" />
                              </OutputList>
                              <RunTimeInformation>
                                <RunTimeCountersPerThread Thread="4" ActualRows="128692" ActualEndOfScans="1" ActualExecutions="1" />
                                <RunTimeCountersPerThread Thread="1" ActualRows="128012" ActualEndOfScans="1" ActualExecutions="1" />
                                <RunTimeCountersPerThread Thread="2" ActualRows="116818" ActualEndOfScans="1" ActualExecutions="1" />
                                <RunTimeCountersPerThread Thread="3" ActualRows="117385" ActualEndOfScans="1" ActualExecutions="1" />
                                <RunTimeCountersPerThread Thread="0" ActualRows="0" ActualEndOfScans="0" ActualExecutions="0" />
                              </RunTimeInformation>
                              <Parallelism PartitioningType="Hash">
                                <PartitionColumns>
                                  <ColumnReference Database="[Star_Schema_Benchmark]" Schema="[dbo]" Table="[Date]" Column="D_Year" />
                                  <ColumnReference Database="[Star_Schema_Benchmark]" Schema="[dbo]" Table="[Part]" Column="P_Brand" />
                                </PartitionColumns>
                                <RelOp AvgRowSize="27" EstimateCPU="4.91737" EstimateIO="0" EstimateRebinds="0" EstimateRewinds="0" EstimateRows="530348" LogicalOp="Inner Join" NodeId="5" Parallel="true" PhysicalOp="Hash Match" EstimatedTotalSubtreeCost="142.112">
                                  <OutputList>
                                    <ColumnReference Database="[Star_Schema_Benchmark]" Schema="[dbo]" Table="[LineOrder]" Column="LO_Revenue" />
                                    <ColumnReference Database="[Star_Schema_Benchmark]" Schema="[dbo]" Table="[Date]" Column="D_Year" />
                                    <ColumnReference Database="[Star_Schema_Benchmark]" Schema="[dbo]" Table="[Part]" Column="P_Brand" />
                                  </OutputList>
                                  <MemoryFractions Input="0.556326" Output="0.383513" />
                                  <RunTimeInformation>
                                    <RunTimeCountersPerThread Thread="4" ActualRows="126298" ActualEndOfScans="1" ActualExecutions="1" />
                                    <RunTimeCountersPerThread Thread="1" ActualRows="117255" ActualEndOfScans="1" ActualExecutions="1" />
                                    <RunTimeCountersPerThread Thread="2" ActualRows="129538" ActualEndOfScans="1" ActualExecutions="1" />
                                    <RunTimeCountersPerThread Thread="3" ActualRows="117816" ActualEndOfScans="1" ActualExecutions="1" />
                                    <RunTimeCountersPerThread Thread="0" ActualRows="0" ActualEndOfScans="0" ActualExecutions="0" />
                                  </RunTimeInformation>
                                  <Hash>
                                    <DefinedValues />
                                    <HashKeysBuild>
                                      <ColumnReference Database="[Star_Schema_Benchmark]" Schema="[dbo]" Table="[Supplier]" Column="S_SuppKey" />
                                    </HashKeysBuild>
                                    <HashKeysProbe>
                                      <ColumnReference Database="[Star_Schema_Benchmark]" Schema="[dbo]" Table="[LineOrder]" Column="LO_SuppKey" />
                                    </HashKeysProbe>
                                    <RelOp AvgRowSize="11" EstimateCPU="0.0334147" EstimateIO="0" EstimateRebinds="0" EstimateRewinds="0" EstimateRows="4102" LogicalOp="Bitmap Create" NodeId="6" Parallel="true" PhysicalOp="Bitmap" EstimatedTotalSubtreeCost="0.252418">
                                      <OutputList>
                                        <ColumnReference Database="[Star_Schema_Benchmark]" Schema="[dbo]" Table="[Supplier]" Column="S_SuppKey" />
                                      </OutputList>
                                      <RunTimeInformation>
                                        <RunTimeCountersPerThread Thread="4" ActualRows="1054" ActualEndOfScans="1" ActualExecutions="1" />
                                        <RunTimeCountersPerThread Thread="1" ActualRows="976" ActualEndOfScans="1" ActualExecutions="1" />
                                        <RunTimeCountersPerThread Thread="2" ActualRows="1085" ActualEndOfScans="1" ActualExecutions="1" />
                                        <RunTimeCountersPerThread Thread="3" ActualRows="987" ActualEndOfScans="1" ActualExecutions="1" />
                                        <RunTimeCountersPerThread Thread="0" ActualRows="0" ActualEndOfScans="0" ActualExecutions="0" />
                                      </RunTimeInformation>
                                      <Bitmap>
                                        <DefinedValues>
                                          <DefinedValue>
                                            <ColumnReference Column="Bitmap1019" />
                                          </DefinedValue>
                                        </DefinedValues>
                                        <HashKeys>
                                          <ColumnReference Database="[Star_Schema_Benchmark]" Schema="[dbo]" Table="[Supplier]" Column="S_SuppKey" />
                                        </HashKeys>
                                        <RelOp AvgRowSize="11" EstimateCPU="0.0334147" EstimateIO="0" EstimateRebinds="0" EstimateRewinds="0" EstimateRows="4102" LogicalOp="Repartition Streams" NodeId="7" Parallel="true" PhysicalOp="Parallelism" EstimatedTotalSubtreeCost="0.252418">
                                          <OutputList>
                                            <ColumnReference Database="[Star_Schema_Benchmark]" Schema="[dbo]" Table="[Supplier]" Column="S_SuppKey" />
                                          </OutputList>
                                          <RunTimeInformation>
                                            <RunTimeCountersPerThread Thread="4" ActualRows="1054" ActualEndOfScans="1" ActualExecutions="1" />
                                            <RunTimeCountersPerThread Thread="1" ActualRows="976" ActualEndOfScans="1" ActualExecutions="1" />
                                            <RunTimeCountersPerThread Thread="2" ActualRows="1085" ActualEndOfScans="1" ActualExecutions="1" />
                                            <RunTimeCountersPerThread Thread="3" ActualRows="987" ActualEndOfScans="1" ActualExecutions="1" />
                                            <RunTimeCountersPerThread Thread="0" ActualRows="0" ActualEndOfScans="0" ActualExecutions="0" />
                                          </RunTimeInformation>
                                          <Parallelism PartitioningType="Hash">
                                            <PartitionColumns>
                                              <ColumnReference Database="[Star_Schema_Benchmark]" Schema="[dbo]" Table="[Supplier]" Column="S_SuppKey" />
                                            </PartitionColumns>
                                            <RelOp AvgRowSize="23" EstimateCPU="0.0110785" EstimateIO="0.203125" EstimateRebinds="0" EstimateRewinds="0" EstimateRows="4102" LogicalOp="Clustered Index Scan" NodeId="8" Parallel="true" PhysicalOp="Clustered Index Scan" EstimatedTotalSubtreeCost="0.214203" TableCardinality="20000">
                                              <OutputList>
                                                <ColumnReference Database="[Star_Schema_Benchmark]" Schema="[dbo]" Table="[Supplier]" Column="S_SuppKey" />
                                              </OutputList>
                                              <RunTimeInformation>
                                                <RunTimeCountersPerThread Thread="1" ActualRows="1122" ActualEndOfScans="1" ActualExecutions="1" />
                                                <RunTimeCountersPerThread Thread="4" ActualRows="1111" ActualEndOfScans="1" ActualExecutions="1" />
                                                <RunTimeCountersPerThread Thread="3" ActualRows="751" ActualEndOfScans="1" ActualExecutions="1" />
                                                <RunTimeCountersPerThread Thread="2" ActualRows="1118" ActualEndOfScans="1" ActualExecutions="1" />
                                                <RunTimeCountersPerThread Thread="0" ActualRows="0" ActualEndOfScans="0" ActualExecutions="0" />
                                              </RunTimeInformation>
                                              <IndexScan Ordered="false" ForcedIndex="false" NoExpandHint="false">
                                                <DefinedValues>
                                                  <DefinedValue>
                                                    <ColumnReference Database="[Star_Schema_Benchmark]" Schema="[dbo]" Table="[Supplier]" Column="S_SuppKey" />
                                                  </DefinedValue>
                                                </DefinedValues>
                                                <Object Database="[Star_Schema_Benchmark]" Schema="[dbo]" Table="[Supplier]" Index="[PK_Supplier]" IndexKind="Clustered" />
                                                <Predicate>
                                                  <ScalarOperator ScalarString="[Star_Schema_Benchmark].[dbo].[Supplier].[S_Region]='AMERICA'">
                                                    <Compare CompareOp="EQ">
                                                      <ScalarOperator>
                                                        <Identifier>
                                                          <ColumnReference Database="[Star_Schema_Benchmark]" Schema="[dbo]" Table="[Supplier]" Column="S_Region" />
                                                        </Identifier>
                                                      </ScalarOperator>
                                                      <ScalarOperator>
                                                        <Const ConstValue="'AMERICA'" />
                                                      </ScalarOperator>
                                                    </Compare>
                                                  </ScalarOperator>
                                                </Predicate>
                                              </IndexScan>
                                            </RelOp>
                                          </Parallelism>
                                        </RelOp>
                                      </Bitmap>
                                    </RelOp>
                                    <RelOp AvgRowSize="31" EstimateCPU="5.13768" EstimateIO="0" EstimateRebinds="0" EstimateRewinds="0" EstimateRows="1955570" LogicalOp="Repartition Streams" NodeId="9" Parallel="true" PhysicalOp="Parallelism" EstimatedTotalSubtreeCost="136.942">
                                      <OutputList>
                                        <ColumnReference Database="[Star_Schema_Benchmark]" Schema="[dbo]" Table="[LineOrder]" Column="LO_SuppKey" />
                                        <ColumnReference Database="[Star_Schema_Benchmark]" Schema="[dbo]" Table="[LineOrder]" Column="LO_Revenue" />
                                        <ColumnReference Database="[Star_Schema_Benchmark]" Schema="[dbo]" Table="[Date]" Column="D_Year" />
                                        <ColumnReference Database="[Star_Schema_Benchmark]" Schema="[dbo]" Table="[Part]" Column="P_Brand" />
                                      </OutputList>
                                      <RunTimeInformation>
                                        <RunTimeCountersPerThread Thread="4" ActualRows="126298" ActualEndOfScans="1" ActualExecutions="1" />
                                        <RunTimeCountersPerThread Thread="1" ActualRows="117255" ActualEndOfScans="1" ActualExecutions="1" />
                                        <RunTimeCountersPerThread Thread="2" ActualRows="129538" ActualEndOfScans="1" ActualExecutions="1" />
                                        <RunTimeCountersPerThread Thread="3" ActualRows="117947" ActualEndOfScans="1" ActualExecutions="1" />
                                        <RunTimeCountersPerThread Thread="0" ActualRows="0" ActualEndOfScans="0" ActualExecutions="0" />
                                      </RunTimeInformation>
                                      <Parallelism PartitioningType="Hash">
                                        <PartitionColumns>
                                          <ColumnReference Database="[Star_Schema_Benchmark]" Schema="[dbo]" Table="[LineOrder]" Column="LO_SuppKey" />
                                        </PartitionColumns>
                                        <Predicate>
                                          <ScalarOperator ScalarString="PROBE([Bitmap1019],[Star_Schema_Benchmark].[dbo].[LineOrder].[LO_SuppKey])">
                                            <Intrinsic FunctionName="PROBE">
                                              <ScalarOperator>
                                                <Identifier>
                                                  <ColumnReference Column="Bitmap1019" />
                                                </Identifier>
                                              </ScalarOperator>
                                              <ScalarOperator>
                                                <Identifier>
                                                  <ColumnReference Database="[Star_Schema_Benchmark]" Schema="[dbo]" Table="[LineOrder]" Column="LO_SuppKey" />
                                                </Identifier>
                                              </ScalarOperator>
                                            </Intrinsic>
                                          </ScalarOperator>
                                        </Predicate>
                                        <RelOp AvgRowSize="31" EstimateCPU="9.93722" EstimateIO="0" EstimateRebinds="0" EstimateRewinds="0" EstimateRows="1955570" LogicalOp="Inner Join" NodeId="10" Parallel="true" PhysicalOp="Hash Match" EstimatedTotalSubtreeCost="131.804">
                                          <OutputList>
                                            <ColumnReference Database="[Star_Schema_Benchmark]" Schema="[dbo]" Table="[LineOrder]" Column="LO_SuppKey" />
                                            <ColumnReference Database="[Star_Schema_Benchmark]" Schema="[dbo]" Table="[LineOrder]" Column="LO_Revenue" />
                                            <ColumnReference Database="[Star_Schema_Benchmark]" Schema="[dbo]" Table="[Date]" Column="D_Year" />
                                            <ColumnReference Database="[Star_Schema_Benchmark]" Schema="[dbo]" Table="[Part]" Column="P_Brand" />
                                          </OutputList>
                                          <MemoryFractions Input="0.443674" Output="0.305854" />
                                          <RunTimeInformation>
                                            <RunTimeCountersPerThread Thread="3" ActualRows="587326" ActualEndOfScans="1" ActualExecutions="1" />
                                            <RunTimeCountersPerThread Thread="1" ActualRows="609259" ActualEndOfScans="1" ActualExecutions="1" />
                                            <RunTimeCountersPerThread Thread="2" ActualRows="594280" ActualEndOfScans="1" ActualExecutions="1" />
                                            <RunTimeCountersPerThread Thread="4" ActualRows="604097" ActualEndOfScans="1" ActualExecutions="1" />
                                            <RunTimeCountersPerThread Thread="0" ActualRows="0" ActualEndOfScans="0" ActualExecutions="0" />
                                          </RunTimeInformation>
                                          <Hash>
                                            <DefinedValues />
                                            <HashKeysBuild>
                                              <ColumnReference Database="[Star_Schema_Benchmark]" Schema="[dbo]" Table="[Date]" Column="D_DateKey" />
                                            </HashKeysBuild>
                                            <HashKeysProbe>
                                              <ColumnReference Database="[Star_Schema_Benchmark]" Schema="[dbo]" Table="[LineOrder]" Column="LO_OrderDateKey" />
                                            </HashKeysProbe>
                                            <ProbeResidual>
                                              <ScalarOperator ScalarString="[Star_Schema_Benchmark].[dbo].[LineOrder].[LO_OrderDateKey]=[Star_Schema_Benchmark].[dbo].[Date].[D_DateKey]">
                                                <Compare CompareOp="EQ">
                                                  <ScalarOperator>
                                                    <Identifier>
                                                      <ColumnReference Database="[Star_Schema_Benchmark]" Schema="[dbo]" Table="[LineOrder]" Column="LO_OrderDateKey" />
                                                    </Identifier>
                                                  </ScalarOperator>
                                                  <ScalarOperator>
                                                    <Identifier>
                                                      <ColumnReference Database="[Star_Schema_Benchmark]" Schema="[dbo]" Table="[Date]" Column="D_DateKey" />
                                                    </Identifier>
                                                  </ScalarOperator>
                                                </Compare>
                                              </ScalarOperator>
                                            </ProbeResidual>
                                            <RelOp AvgRowSize="17" EstimateCPU="0.0329618" EstimateIO="0" EstimateRebinds="0" EstimateRewinds="0" EstimateRows="2556" LogicalOp="Repartition Streams" NodeId="11" Parallel="true" PhysicalOp="Parallelism" EstimatedTotalSubtreeCost="0.0575711">
                                              <OutputList>
                                                <ColumnReference Database="[Star_Schema_Benchmark]" Schema="[dbo]" Table="[Date]" Column="D_DateKey" />
                                                <ColumnReference Database="[Star_Schema_Benchmark]" Schema="[dbo]" Table="[Date]" Column="D_Year" />
                                              </OutputList>
                                              <RunTimeInformation>
                                                <RunTimeCountersPerThread Thread="4" ActualRows="646" ActualEndOfScans="1" ActualExecutions="1" />
                                                <RunTimeCountersPerThread Thread="1" ActualRows="654" ActualEndOfScans="1" ActualExecutions="1" />
                                                <RunTimeCountersPerThread Thread="3" ActualRows="622" ActualEndOfScans="1" ActualExecutions="1" />
                                                <RunTimeCountersPerThread Thread="2" ActualRows="634" ActualEndOfScans="1" ActualExecutions="1" />
                                                <RunTimeCountersPerThread Thread="0" ActualRows="0" ActualEndOfScans="0" ActualExecutions="0" />
                                              </RunTimeInformation>
                                              <Parallelism PartitioningType="Hash">
                                                <PartitionColumns>
                                                  <ColumnReference Database="[Star_Schema_Benchmark]" Schema="[dbo]" Table="[Date]" Column="D_DateKey" />
                                                </PartitionColumns>
                                                <RelOp AvgRowSize="17" EstimateCPU="0.0014843" EstimateIO="0.023125" EstimateRebinds="0" EstimateRewinds="0" EstimateRows="2556" LogicalOp="Clustered Index Scan" NodeId="12" Parallel="true" PhysicalOp="Clustered Index Scan" EstimatedTotalSubtreeCost="0.0246093" TableCardinality="2556">
                                                  <OutputList>
                                                    <ColumnReference Database="[Star_Schema_Benchmark]" Schema="[dbo]" Table="[Date]" Column="D_DateKey" />
                                                    <ColumnReference Database="[Star_Schema_Benchmark]" Schema="[dbo]" Table="[Date]" Column="D_Year" />
                                                  </OutputList>
                                                  <RunTimeInformation>
                                                    <RunTimeCountersPerThread Thread="1" ActualRows="602" ActualEndOfScans="1" ActualExecutions="1" />
                                                    <RunTimeCountersPerThread Thread="4" ActualRows="651" ActualEndOfScans="1" ActualExecutions="1" />
                                                    <RunTimeCountersPerThread Thread="3" ActualRows="652" ActualEndOfScans="1" ActualExecutions="1" />
                                                    <RunTimeCountersPerThread Thread="2" ActualRows="651" ActualEndOfScans="1" ActualExecutions="1" />
                                                    <RunTimeCountersPerThread Thread="0" ActualRows="0" ActualEndOfScans="0" ActualExecutions="0" />
                                                  </RunTimeInformation>
                                                  <IndexScan Ordered="false" ForcedIndex="false" NoExpandHint="false">
                                                    <DefinedValues>
                                                      <DefinedValue>
                                                        <ColumnReference Database="[Star_Schema_Benchmark]" Schema="[dbo]" Table="[Date]" Column="D_DateKey" />
                                                      </DefinedValue>
                                                      <DefinedValue>
                                                        <ColumnReference Database="[Star_Schema_Benchmark]" Schema="[dbo]" Table="[Date]" Column="D_Year" />
                                                      </DefinedValue>
                                                    </DefinedValues>
                                                    <Object Database="[Star_Schema_Benchmark]" Schema="[dbo]" Table="[Date]" Index="[PK_Date]" IndexKind="Clustered" />
                                                  </IndexScan>
                                                </RelOp>
                                              </Parallelism>
                                            </RelOp>
                                            <RelOp AvgRowSize="37" EstimateCPU="6.95649" EstimateIO="0" EstimateRebinds="0" EstimateRewinds="0" EstimateRows="2373720" LogicalOp="Repartition Streams" NodeId="13" Parallel="true" PhysicalOp="Parallelism" EstimatedTotalSubtreeCost="121.809">
                                              <OutputList>
                                                <ColumnReference Database="[Star_Schema_Benchmark]" Schema="[dbo]" Table="[LineOrder]" Column="LO_SuppKey" />
                                                <ColumnReference Database="[Star_Schema_Benchmark]" Schema="[dbo]" Table="[LineOrder]" Column="LO_OrderDateKey" />
                                                <ColumnReference Database="[Star_Schema_Benchmark]" Schema="[dbo]" Table="[LineOrder]" Column="LO_Revenue" />
                                                <ColumnReference Database="[Star_Schema_Benchmark]" Schema="[dbo]" Table="[Part]" Column="P_Brand" />
                                              </OutputList>
                                              <RunTimeInformation>
                                                <RunTimeCountersPerThread Thread="3" ActualRows="587326" ActualEndOfScans="1" ActualExecutions="1" />
                                                <RunTimeCountersPerThread Thread="4" ActualRows="604097" ActualEndOfScans="1" ActualExecutions="1" />
                                                <RunTimeCountersPerThread Thread="2" ActualRows="594280" ActualEndOfScans="1" ActualExecutions="1" />
                                                <RunTimeCountersPerThread Thread="1" ActualRows="609259" ActualEndOfScans="1" ActualExecutions="1" />
                                                <RunTimeCountersPerThread Thread="0" ActualRows="0" ActualEndOfScans="0" ActualExecutions="0" />
                                              </RunTimeInformation>
                                              <Parallelism PartitioningType="Hash">
                                                <PartitionColumns>
                                                  <ColumnReference Database="[Star_Schema_Benchmark]" Schema="[dbo]" Table="[LineOrder]" Column="LO_OrderDateKey" />
                                                </PartitionColumns>
                                                <RelOp AvgRowSize="37" EstimateCPU="4.96107" EstimateIO="0" EstimateRebinds="0" EstimateRewinds="0" EstimateRows="2373720" LogicalOp="Inner Join" NodeId="14" Parallel="true" PhysicalOp="Nested Loops" EstimatedTotalSubtreeCost="114.853">
                                                  <OutputList>
                                                    <ColumnReference Database="[Star_Schema_Benchmark]" Schema="[dbo]" Table="[LineOrder]" Column="LO_SuppKey" />
                                                    <ColumnReference Database="[Star_Schema_Benchmark]" Schema="[dbo]" Table="[LineOrder]" Column="LO_OrderDateKey" />
                                                    <ColumnReference Database="[Star_Schema_Benchmark]" Schema="[dbo]" Table="[LineOrder]" Column="LO_Revenue" />
                                                    <ColumnReference Database="[Star_Schema_Benchmark]" Schema="[dbo]" Table="[Part]" Column="P_Brand" />
                                                  </OutputList>
                                                  <RunTimeInformation>
                                                    <RunTimeCountersPerThread Thread="4" ActualRows="567911" ActualEndOfScans="1" ActualExecutions="1" />
                                                    <RunTimeCountersPerThread Thread="1" ActualRows="596902" ActualEndOfScans="1" ActualExecutions="1" />
                                                    <RunTimeCountersPerThread Thread="2" ActualRows="611054" ActualEndOfScans="1" ActualExecutions="1" />
                                                    <RunTimeCountersPerThread Thread="3" ActualRows="619095" ActualEndOfScans="1" ActualExecutions="1" />
                                                    <RunTimeCountersPerThread Thread="0" ActualRows="0" ActualEndOfScans="0" ActualExecutions="0" />
                                                  </RunTimeInformation>
                                                  <NestedLoops Optimized="false" WithUnorderedPrefetch="true">
                                                    <OuterReferences>
                                                      <ColumnReference Database="[Star_Schema_Benchmark]" Schema="[dbo]" Table="[Part]" Column="P_PartKey" />
                                                      <ColumnReference Column="Expr1018" />
                                                    </OuterReferences>
                                                    <RelOp AvgRowSize="31" EstimateCPU="0.440078" EstimateIO="7.22609" EstimateRebinds="0" EstimateRewinds="0" EstimateRows="31787" LogicalOp="Clustered Index Scan" NodeId="16" Parallel="true" PhysicalOp="Clustered Index Scan" EstimatedTotalSubtreeCost="7.66617" TableCardinality="800000">
                                                      <OutputList>
                                                        <ColumnReference Database="[Star_Schema_Benchmark]" Schema="[dbo]" Table="[Part]" Column="P_PartKey" />
                                                        <ColumnReference Database="[Star_Schema_Benchmark]" Schema="[dbo]" Table="[Part]" Column="P_Brand" />
                                                      </OutputList>
                                                      <RunTimeInformation>
                                                        <RunTimeCountersPerThread Thread="1" ActualRows="7316" ActualEndOfScans="1" ActualExecutions="1" />
                                                        <RunTimeCountersPerThread Thread="4" ActualRows="8452" ActualEndOfScans="1" ActualExecutions="1" />
                                                        <RunTimeCountersPerThread Thread="2" ActualRows="7985" ActualEndOfScans="1" ActualExecutions="1" />
                                                        <RunTimeCountersPerThread Thread="3" ActualRows="8129" ActualEndOfScans="1" ActualExecutions="1" />
                                                        <RunTimeCountersPerThread Thread="0" ActualRows="0" ActualEndOfScans="0" ActualExecutions="0" />
                                                      </RunTimeInformation>
                                                      <IndexScan Ordered="true" ScanDirection="FORWARD" ForcedIndex="false" ForceSeek="false" NoExpandHint="false">
                                                        <DefinedValues>
                                                          <DefinedValue>
                                                            <ColumnReference Database="[Star_Schema_Benchmark]" Schema="[dbo]" Table="[Part]" Column="P_PartKey" />
                                                          </DefinedValue>
                                                          <DefinedValue>
                                                            <ColumnReference Database="[Star_Schema_Benchmark]" Schema="[dbo]" Table="[Part]" Column="P_Brand" />
                                                          </DefinedValue>
                                                        </DefinedValues>
                                                        <Object Database="[Star_Schema_Benchmark]" Schema="[dbo]" Table="[Part]" Index="[PK_Part]" IndexKind="Clustered" />
                                                        <Predicate>
                                                          <ScalarOperator ScalarString="[Star_Schema_Benchmark].[dbo].[Part].[P_Category]='MFGR#12'">
                                                            <Compare CompareOp="EQ">
                                                              <ScalarOperator>
                                                                <Identifier>
                                                                  <ColumnReference Database="[Star_Schema_Benchmark]" Schema="[dbo]" Table="[Part]" Column="P_Category" />
                                                                </Identifier>
                                                              </ScalarOperator>
                                                              <ScalarOperator>
                                                                <Const ConstValue="'MFGR#12'" />
                                                              </ScalarOperator>
                                                            </Compare>
                                                          </ScalarOperator>
                                                        </Predicate>
                                                      </IndexScan>
                                                    </RelOp>
                                                    <RelOp AvgRowSize="28" EstimateCPU="0.000239143" EstimateIO="0.003125" EstimateRebinds="31712.8" EstimateRewinds="73.1783" EstimateRows="74.6757" LogicalOp="Index Seek" NodeId="17" Parallel="true" PhysicalOp="Index Seek" EstimatedTotalSubtreeCost="102.034" TableCardinality="59986200">
                                                      <OutputList>
                                                        <ColumnReference Database="[Star_Schema_Benchmark]" Schema="[dbo]" Table="[LineOrder]" Column="LO_SuppKey" />
                                                        <ColumnReference Database="[Star_Schema_Benchmark]" Schema="[dbo]" Table="[LineOrder]" Column="LO_OrderDateKey" />
                                                        <ColumnReference Database="[Star_Schema_Benchmark]" Schema="[dbo]" Table="[LineOrder]" Column="LO_Revenue" />
                                                      </OutputList>
                                                      <RunTimeInformation>
                                                        <RunTimeCountersPerThread Thread="4" ActualRows="567911" ActualEndOfScans="8452" ActualExecutions="8452" />
                                                        <RunTimeCountersPerThread Thread="1" ActualRows="596902" ActualEndOfScans="7316" ActualExecutions="7316" />
                                                        <RunTimeCountersPerThread Thread="2" ActualRows="611054" ActualEndOfScans="7985" ActualExecutions="7985" />
                                                        <RunTimeCountersPerThread Thread="3" ActualRows="619095" ActualEndOfScans="8129" ActualExecutions="8129" />
                                                        <RunTimeCountersPerThread Thread="0" ActualRows="0" ActualEndOfScans="0" ActualExecutions="0" />
                                                      </RunTimeInformation>
                                                      <IndexScan Ordered="true" ScanDirection="FORWARD" ForcedIndex="false" ForceSeek="false" NoExpandHint="false">
                                                        <DefinedValues>
                                                          <DefinedValue>
                                                            <ColumnReference Database="[Star_Schema_Benchmark]" Schema="[dbo]" Table="[LineOrder]" Column="LO_SuppKey" />
                                                          </DefinedValue>
                                                          <DefinedValue>
                                                            <ColumnReference Database="[Star_Schema_Benchmark]" Schema="[dbo]" Table="[LineOrder]" Column="LO_OrderDateKey" />
                                                          </DefinedValue>
                                                          <DefinedValue>
                                                            <ColumnReference Database="[Star_Schema_Benchmark]" Schema="[dbo]" Table="[LineOrder]" Column="LO_Revenue" />
                                                          </DefinedValue>
                                                        </DefinedValues>
                                                        <Object Database="[Star_Schema_Benchmark]" Schema="[dbo]" Table="[LineOrder]" Index="[_dta_index_LineOrder_5_21575115__K4_K6_K5_13]" IndexKind="NonClustered" />
                                                        <SeekPredicates>
                                                          <SeekPredicateNew>
                                                            <SeekKeys>
                                                              <Prefix ScanType="EQ">
                                                                <RangeColumns>
                                                                  <ColumnReference Database="[Star_Schema_Benchmark]" Schema="[dbo]" Table="[LineOrder]" Column="LO_PartKey" />
                                                                </RangeColumns>
                                                                <RangeExpressions>
                                                                  <ScalarOperator ScalarString="[Star_Schema_Benchmark].[dbo].[Part].[P_PartKey]">
                                                                    <Identifier>
                                                                      <ColumnReference Database="[Star_Schema_Benchmark]" Schema="[dbo]" Table="[Part]" Column="P_PartKey" />
                                                                    </Identifier>
                                                                  </ScalarOperator>
                                                                </RangeExpressions>
                                                              </Prefix>
                                                            </SeekKeys>
                                                          </SeekPredicateNew>
                                                        </SeekPredicates>
                                                      </IndexScan>
                                                    </RelOp>
                                                  </NestedLoops>
                                                </RelOp>
                                              </Parallelism>
                                            </RelOp>
                                          </Hash>
                                        </RelOp>
                                      </Parallelism>
                                    </RelOp>
                                  </Hash>
                                </RelOp>
                              </Parallelism>
                            </RelOp>
                          </Hash>
                        </RelOp>
                      </ComputeScalar>
                    </RelOp>
                  </Sort>
                </RelOp>
              </Parallelism>
            </RelOp>
          </QueryPlan>
        </StmtSimple>
      </Statements>
    </Batch>
    <Batch>
      <Statements>
        <StmtSimple StatementCompId="5" StatementEstRows="191.342" StatementId="5" StatementOptmLevel="FULL" StatementSubTreeCost="31.9414" StatementText="select sum(lo_revenue), d_year, p_brand&#xD;&#xA;from lineorder, [date], part, supplier&#xD;&#xA;where lo_orderdatekey =  d_datekey&#xD;&#xA;and lo_partkey = p_partkey&#xD;&#xA;and lo_suppkey = s_suppkey&#xD;&#xA;and p_brand between 'MFGR#2221'&#xD;&#xA;and 'MFGR#2228'&#xD;&#xA;and s_region = 'ASIA'&#xD;&#xA;group by d_year, p_brand&#xD;&#xA;order by d_year, p_brand;&#xD;&#xA;--Q2.3&#xD;" StatementType="SELECT" QueryHash="0xD1B949880E6EC319" QueryPlanHash="0x20938CC6D735F773">
          <StatementSetOptions ANSI_NULLS="true" ANSI_PADDING="true" ANSI_WARNINGS="true" ARITHABORT="true" CONCAT_NULL_YIELDS_NULL="true" NUMERIC_ROUNDABORT="false" QUOTED_IDENTIFIER="true" />
          <QueryPlan DegreeOfParallelism="4" MemoryGrant="18784" CachedPlanSize="120" CompileTime="46" CompileCPU="46" CompileMemory="1520">
            <MissingIndexes>
              <MissingIndexGroup Impact="22.9177">
                <MissingIndex Database="[Star_Schema_Benchmark]" Schema="[dbo]" Table="[Part]">
                  <ColumnGroup Usage="INEQUALITY">
                    <Column Name="[P_Brand]" ColumnId="5" />
                  </ColumnGroup>
                  <ColumnGroup Usage="INCLUDE">
                    <Column Name="[P_PartKey]" ColumnId="1" />
                  </ColumnGroup>
                </MissingIndex>
              </MissingIndexGroup>
            </MissingIndexes>
            <RelOp AvgRowSize="35" EstimateCPU="1.91342E-05" EstimateIO="0" EstimateRebinds="0" EstimateRewinds="0" EstimateRows="191.342" LogicalOp="Compute Scalar" NodeId="1" Parallel="false" PhysicalOp="Compute Scalar" EstimatedTotalSubtreeCost="31.9414">
              <OutputList>
                <ColumnReference Database="[Star_Schema_Benchmark]" Schema="[dbo]" Table="[Date]" Column="D_Year" />
                <ColumnReference Database="[Star_Schema_Benchmark]" Schema="[dbo]" Table="[Part]" Column="P_Brand" />
                <ColumnReference Column="Expr1012" />
              </OutputList>
              <ComputeScalar>
                <DefinedValues>
                  <DefinedValue>
                    <ColumnReference Column="Expr1012" />
                    <ScalarOperator ScalarString="CASE WHEN [globalagg1014]=(0) THEN NULL ELSE [globalagg1016] END">
                      <IF>
                        <Condition>
                          <ScalarOperator>
                            <Compare CompareOp="EQ">
                              <ScalarOperator>
                                <Identifier>
                                  <ColumnReference Column="globalagg1014" />
                                </Identifier>
                              </ScalarOperator>
                              <ScalarOperator>
                                <Const ConstValue="(0)" />
                              </ScalarOperator>
                            </Compare>
                          </ScalarOperator>
                        </Condition>
                        <Then>
                          <ScalarOperator>
                            <Const ConstValue="NULL" />
                          </ScalarOperator>
                        </Then>
                        <Else>
                          <ScalarOperator>
                            <Identifier>
                              <ColumnReference Column="globalagg1016" />
                            </Identifier>
                          </ScalarOperator>
                        </Else>
                      </IF>
                    </ScalarOperator>
                  </DefinedValue>
                </DefinedValues>
                <RelOp AvgRowSize="43" EstimateCPU="0.0299858" EstimateIO="0" EstimateRebinds="0" EstimateRewinds="0" EstimateRows="191.342" LogicalOp="Gather Streams" NodeId="2" Parallel="true" PhysicalOp="Parallelism" EstimatedTotalSubtreeCost="31.9414">
                  <OutputList>
                    <ColumnReference Database="[Star_Schema_Benchmark]" Schema="[dbo]" Table="[Date]" Column="D_Year" />
                    <ColumnReference Database="[Star_Schema_Benchmark]" Schema="[dbo]" Table="[Part]" Column="P_Brand" />
                    <ColumnReference Column="globalagg1014" />
                    <ColumnReference Column="globalagg1016" />
                  </OutputList>
                  <RunTimeInformation>
                    <RunTimeCountersPerThread Thread="0" ActualRows="56" ActualEndOfScans="1" ActualExecutions="1" />
                  </RunTimeInformation>
                  <Parallelism>
                    <OrderBy>
                      <OrderByColumn Ascending="true">
                        <ColumnReference Database="[Star_Schema_Benchmark]" Schema="[dbo]" Table="[Date]" Column="D_Year" />
                      </OrderByColumn>
                      <OrderByColumn Ascending="true">
                        <ColumnReference Database="[Star_Schema_Benchmark]" Schema="[dbo]" Table="[Part]" Column="P_Brand" />
                      </OrderByColumn>
                    </OrderBy>
                    <RelOp AvgRowSize="43" EstimateCPU="0.000162641" EstimateIO="0" EstimateRebinds="0" EstimateRewinds="0" EstimateRows="191.342" LogicalOp="Aggregate" NodeId="3" Parallel="true" PhysicalOp="Stream Aggregate" EstimatedTotalSubtreeCost="31.9114">
                      <OutputList>
                        <ColumnReference Database="[Star_Schema_Benchmark]" Schema="[dbo]" Table="[Date]" Column="D_Year" />
                        <ColumnReference Database="[Star_Schema_Benchmark]" Schema="[dbo]" Table="[Part]" Column="P_Brand" />
                        <ColumnReference Column="globalagg1014" />
                        <ColumnReference Column="globalagg1016" />
                      </OutputList>
                      <RunTimeInformation>
                        <RunTimeCountersPerThread Thread="4" ActualRows="14" ActualEndOfScans="1" ActualExecutions="1" />
                        <RunTimeCountersPerThread Thread="1" ActualRows="13" ActualEndOfScans="1" ActualExecutions="1" />
                        <RunTimeCountersPerThread Thread="2" ActualRows="13" ActualEndOfScans="1" ActualExecutions="1" />
                        <RunTimeCountersPerThread Thread="3" ActualRows="16" ActualEndOfScans="1" ActualExecutions="1" />
                        <RunTimeCountersPerThread Thread="0" ActualRows="0" ActualEndOfScans="0" ActualExecutions="0" />
                      </RunTimeInformation>
                      <StreamAggregate>
                        <DefinedValues>
                          <DefinedValue>
                            <ColumnReference Column="globalagg1014" />
                            <ScalarOperator ScalarString="SUM([partialagg1013])">
                              <Aggregate AggType="SUM" Distinct="false">
                                <ScalarOperator>
                                  <Identifier>
                                    <ColumnReference Column="partialagg1013" />
                                  </Identifier>
                                </ScalarOperator>
                              </Aggregate>
                            </ScalarOperator>
                          </DefinedValue>
                          <DefinedValue>
                            <ColumnReference Column="globalagg1016" />
                            <ScalarOperator ScalarString="SUM([partialagg1015])">
                              <Aggregate AggType="SUM" Distinct="false">
                                <ScalarOperator>
                                  <Identifier>
                                    <ColumnReference Column="partialagg1015" />
                                  </Identifier>
                                </ScalarOperator>
                              </Aggregate>
                            </ScalarOperator>
                          </DefinedValue>
                        </DefinedValues>
                        <GroupBy>
                          <ColumnReference Database="[Star_Schema_Benchmark]" Schema="[dbo]" Table="[Date]" Column="D_Year" />
                          <ColumnReference Database="[Star_Schema_Benchmark]" Schema="[dbo]" Table="[Part]" Column="P_Brand" />
                        </GroupBy>
                        <RelOp AvgRowSize="43" EstimateCPU="0.00261111" EstimateIO="0.00563063" EstimateRebinds="0" EstimateRewinds="0" EstimateRows="382.685" LogicalOp="Sort" NodeId="4" Parallel="true" PhysicalOp="Sort" EstimatedTotalSubtreeCost="31.9112">
                          <OutputList>
                            <ColumnReference Database="[Star_Schema_Benchmark]" Schema="[dbo]" Table="[Date]" Column="D_Year" />
                            <ColumnReference Database="[Star_Schema_Benchmark]" Schema="[dbo]" Table="[Part]" Column="P_Brand" />
                            <ColumnReference Column="partialagg1013" />
                            <ColumnReference Column="partialagg1015" />
                          </OutputList>
                          <MemoryFractions Input="0.0180832" Output="1" />
                          <RunTimeInformation>
                            <RunTimeCountersPerThread Thread="4" ActualRebinds="1" ActualRewinds="0" ActualRows="56" ActualEndOfScans="1" ActualExecutions="1" />
                            <RunTimeCountersPerThread Thread="1" ActualRebinds="1" ActualRewinds="0" ActualRows="52" ActualEndOfScans="1" ActualExecutions="1" />
                            <RunTimeCountersPerThread Thread="2" ActualRebinds="1" ActualRewinds="0" ActualRows="52" ActualEndOfScans="1" ActualExecutions="1" />
                            <RunTimeCountersPerThread Thread="3" ActualRebinds="1" ActualRewinds="0" ActualRows="64" ActualEndOfScans="1" ActualExecutions="1" />
                            <RunTimeCountersPerThread Thread="0" ActualRebinds="0" ActualRewinds="0" ActualRows="0" ActualEndOfScans="0" ActualExecutions="0" />
                          </RunTimeInformation>
                          <Sort Distinct="false">
                            <OrderBy>
                              <OrderByColumn Ascending="true">
                                <ColumnReference Database="[Star_Schema_Benchmark]" Schema="[dbo]" Table="[Date]" Column="D_Year" />
                              </OrderByColumn>
                              <OrderByColumn Ascending="true">
                                <ColumnReference Database="[Star_Schema_Benchmark]" Schema="[dbo]" Table="[Part]" Column="P_Brand" />
                              </OrderByColumn>
                            </OrderBy>
                            <RelOp AvgRowSize="43" EstimateCPU="0.0297346" EstimateIO="0" EstimateRebinds="0" EstimateRewinds="0" EstimateRows="382.685" LogicalOp="Repartition Streams" NodeId="5" Parallel="true" PhysicalOp="Parallelism" EstimatedTotalSubtreeCost="31.903">
                              <OutputList>
                                <ColumnReference Database="[Star_Schema_Benchmark]" Schema="[dbo]" Table="[Date]" Column="D_Year" />
                                <ColumnReference Database="[Star_Schema_Benchmark]" Schema="[dbo]" Table="[Part]" Column="P_Brand" />
                                <ColumnReference Column="partialagg1013" />
                                <ColumnReference Column="partialagg1015" />
                              </OutputList>
                              <RunTimeInformation>
                                <RunTimeCountersPerThread Thread="4" ActualRows="56" ActualEndOfScans="1" ActualExecutions="1" />
                                <RunTimeCountersPerThread Thread="1" ActualRows="52" ActualEndOfScans="1" ActualExecutions="1" />
                                <RunTimeCountersPerThread Thread="3" ActualRows="64" ActualEndOfScans="1" ActualExecutions="1" />
                                <RunTimeCountersPerThread Thread="2" ActualRows="52" ActualEndOfScans="1" ActualExecutions="1" />
                                <RunTimeCountersPerThread Thread="0" ActualRows="0" ActualEndOfScans="0" ActualExecutions="0" />
                              </RunTimeInformation>
                              <Parallelism PartitioningType="Hash">
                                <PartitionColumns>
                                  <ColumnReference Database="[Star_Schema_Benchmark]" Schema="[dbo]" Table="[Date]" Column="D_Year" />
                                  <ColumnReference Database="[Star_Schema_Benchmark]" Schema="[dbo]" Table="[Part]" Column="P_Brand" />
                                </PartitionColumns>
                                <RelOp AvgRowSize="43" EstimateCPU="0.330176" EstimateIO="0" EstimateRebinds="0" EstimateRewinds="0" EstimateRows="382.685" LogicalOp="Partial Aggregate" NodeId="6" Parallel="true" PhysicalOp="Hash Match" EstimatedTotalSubtreeCost="31.8732">
                                  <OutputList>
                                    <ColumnReference Database="[Star_Schema_Benchmark]" Schema="[dbo]" Table="[Date]" Column="D_Year" />
                                    <ColumnReference Database="[Star_Schema_Benchmark]" Schema="[dbo]" Table="[Part]" Column="P_Brand" />
                                    <ColumnReference Column="partialagg1013" />
                                    <ColumnReference Column="partialagg1015" />
                                  </OutputList>
                                  <MemoryFractions Input="0" Output="0" />
                                  <RunTimeInformation>
                                    <RunTimeCountersPerThread Thread="4" ActualRows="56" ActualEndOfScans="1" ActualExecutions="1" />
                                    <RunTimeCountersPerThread Thread="1" ActualRows="56" ActualEndOfScans="1" ActualExecutions="1" />
                                    <RunTimeCountersPerThread Thread="2" ActualRows="56" ActualEndOfScans="1" ActualExecutions="1" />
                                    <RunTimeCountersPerThread Thread="3" ActualRows="56" ActualEndOfScans="1" ActualExecutions="1" />
                                    <RunTimeCountersPerThread Thread="0" ActualRows="0" ActualEndOfScans="0" ActualExecutions="0" />
                                  </RunTimeInformation>
                                  <Hash>
                                    <DefinedValues>
                                      <DefinedValue>
                                        <ColumnReference Column="partialagg1013" />
                                        <ScalarOperator ScalarString="COUNT_BIG([Star_Schema_Benchmark].[dbo].[LineOrder].[LO_Revenue])">
                                          <Aggregate AggType="COUNT_BIG" Distinct="false">
                                            <ScalarOperator>
                                              <Identifier>
                                                <ColumnReference Database="[Star_Schema_Benchmark]" Schema="[dbo]" Table="[LineOrder]" Column="LO_Revenue" />
                                              </Identifier>
                                            </ScalarOperator>
                                          </Aggregate>
                                        </ScalarOperator>
                                      </DefinedValue>
                                      <DefinedValue>
                                        <ColumnReference Column="partialagg1015" />
                                        <ScalarOperator ScalarString="SUM([Star_Schema_Benchmark].[dbo].[LineOrder].[LO_Revenue])">
                                          <Aggregate AggType="SUM" Distinct="false">
                                            <ScalarOperator>
                                              <Identifier>
                                                <ColumnReference Database="[Star_Schema_Benchmark]" Schema="[dbo]" Table="[LineOrder]" Column="LO_Revenue" />
                                              </Identifier>
                                            </ScalarOperator>
                                          </Aggregate>
                                        </ScalarOperator>
                                      </DefinedValue>
                                    </DefinedValues>
                                    <HashKeysBuild>
                                      <ColumnReference Database="[Star_Schema_Benchmark]" Schema="[dbo]" Table="[Date]" Column="D_Year" />
                                      <ColumnReference Database="[Star_Schema_Benchmark]" Schema="[dbo]" Table="[Part]" Column="P_Brand" />
                                    </HashKeysBuild>
                                    <BuildResidual>
                                      <ScalarOperator ScalarString="[Star_Schema_Benchmark].[dbo].[Date].[D_Year] = [Star_Schema_Benchmark].[dbo].[Date].[D_Year] AND [Star_Schema_Benchmark].[dbo].[Part].[P_Brand] = [Star_Schema_Benchmark].[dbo].[Part].[P_Brand]">
                                        <Logical Operation="AND">
                                          <ScalarOperator>
                                            <Compare CompareOp="IS">
                                              <ScalarOperator>
                                                <Identifier>
                                                  <ColumnReference Database="[Star_Schema_Benchmark]" Schema="[dbo]" Table="[Date]" Column="D_Year" />
                                                </Identifier>
                                              </ScalarOperator>
                                              <ScalarOperator>
                                                <Identifier>
                                                  <ColumnReference Database="[Star_Schema_Benchmark]" Schema="[dbo]" Table="[Date]" Column="D_Year" />
                                                </Identifier>
                                              </ScalarOperator>
                                            </Compare>
                                          </ScalarOperator>
                                          <ScalarOperator>
                                            <Compare CompareOp="IS">
                                              <ScalarOperator>
                                                <Identifier>
                                                  <ColumnReference Database="[Star_Schema_Benchmark]" Schema="[dbo]" Table="[Part]" Column="P_Brand" />
                                                </Identifier>
                                              </ScalarOperator>
                                              <ScalarOperator>
                                                <Identifier>
                                                  <ColumnReference Database="[Star_Schema_Benchmark]" Schema="[dbo]" Table="[Part]" Column="P_Brand" />
                                                </Identifier>
                                              </ScalarOperator>
                                            </Compare>
                                          </ScalarOperator>
                                        </Logical>
                                      </ScalarOperator>
                                    </BuildResidual>
                                    <RelOp AvgRowSize="27" EstimateCPU="0.880554" EstimateIO="0" EstimateRebinds="0" EstimateRewinds="0" EstimateRows="89965.4" LogicalOp="Inner Join" NodeId="7" Parallel="true" PhysicalOp="Hash Match" EstimatedTotalSubtreeCost="31.5431">
                                      <OutputList>
                                        <ColumnReference Database="[Star_Schema_Benchmark]" Schema="[dbo]" Table="[LineOrder]" Column="LO_Revenue" />
                                        <ColumnReference Database="[Star_Schema_Benchmark]" Schema="[dbo]" Table="[Date]" Column="D_Year" />
                                        <ColumnReference Database="[Star_Schema_Benchmark]" Schema="[dbo]" Table="[Part]" Column="P_Brand" />
                                      </OutputList>
                                      <MemoryFractions Input="0.565378" Output="0.555154" />
                                      <RunTimeInformation>
                                        <RunTimeCountersPerThread Thread="4" ActualRows="24056" ActualEndOfScans="1" ActualExecutions="1" />
                                        <RunTimeCountersPerThread Thread="1" ActualRows="23890" ActualEndOfScans="1" ActualExecutions="1" />
                                        <RunTimeCountersPerThread Thread="2" ActualRows="23800" ActualEndOfScans="1" ActualExecutions="1" />
                                        <RunTimeCountersPerThread Thread="3" ActualRows="23579" ActualEndOfScans="1" ActualExecutions="1" />
                                        <RunTimeCountersPerThread Thread="0" ActualRows="0" ActualEndOfScans="0" ActualExecutions="0" />
                                      </RunTimeInformation>
                                      <Hash>
                                        <DefinedValues />
                                        <HashKeysBuild>
                                          <ColumnReference Database="[Star_Schema_Benchmark]" Schema="[dbo]" Table="[Supplier]" Column="S_SuppKey" />
                                        </HashKeysBuild>
                                        <HashKeysProbe>
                                          <ColumnReference Database="[Star_Schema_Benchmark]" Schema="[dbo]" Table="[LineOrder]" Column="LO_SuppKey" />
                                        </HashKeysProbe>
                                        <RelOp AvgRowSize="11" EstimateCPU="0.0332937" EstimateIO="0" EstimateRebinds="0" EstimateRewinds="0" EstimateRows="4001" LogicalOp="Bitmap Create" NodeId="8" Parallel="true" PhysicalOp="Bitmap" EstimatedTotalSubtreeCost="0.252297">
                                          <OutputList>
                                            <ColumnReference Database="[Star_Schema_Benchmark]" Schema="[dbo]" Table="[Supplier]" Column="S_SuppKey" />
                                          </OutputList>
                                          <RunTimeInformation>
                                            <RunTimeCountersPerThread Thread="4" ActualRows="1008" ActualEndOfScans="1" ActualExecutions="1" />
                                            <RunTimeCountersPerThread Thread="1" ActualRows="1004" ActualEndOfScans="1" ActualExecutions="1" />
                                            <RunTimeCountersPerThread Thread="2" ActualRows="1000" ActualEndOfScans="1" ActualExecutions="1" />
                                            <RunTimeCountersPerThread Thread="3" ActualRows="989" ActualEndOfScans="1" ActualExecutions="1" />
                                            <RunTimeCountersPerThread Thread="0" ActualRows="0" ActualEndOfScans="0" ActualExecutions="0" />
                                          </RunTimeInformation>
                                          <Bitmap>
                                            <DefinedValues>
                                              <DefinedValue>
                                                <ColumnReference Column="Bitmap1019" />
                                              </DefinedValue>
                                            </DefinedValues>
                                            <HashKeys>
                                              <ColumnReference Database="[Star_Schema_Benchmark]" Schema="[dbo]" Table="[Supplier]" Column="S_SuppKey" />
                                            </HashKeys>
                                            <RelOp AvgRowSize="11" EstimateCPU="0.0332937" EstimateIO="0" EstimateRebinds="0" EstimateRewinds="0" EstimateRows="4001" LogicalOp="Repartition Streams" NodeId="9" Parallel="true" PhysicalOp="Parallelism" EstimatedTotalSubtreeCost="0.252297">
                                              <OutputList>
                                                <ColumnReference Database="[Star_Schema_Benchmark]" Schema="[dbo]" Table="[Supplier]" Column="S_SuppKey" />
                                              </OutputList>
                                              <RunTimeInformation>
                                                <RunTimeCountersPerThread Thread="4" ActualRows="1008" ActualEndOfScans="1" ActualExecutions="1" />
                                                <RunTimeCountersPerThread Thread="1" ActualRows="1004" ActualEndOfScans="1" ActualExecutions="1" />
                                                <RunTimeCountersPerThread Thread="2" ActualRows="1000" ActualEndOfScans="1" ActualExecutions="1" />
                                                <RunTimeCountersPerThread Thread="3" ActualRows="989" ActualEndOfScans="1" ActualExecutions="1" />
                                                <RunTimeCountersPerThread Thread="0" ActualRows="0" ActualEndOfScans="0" ActualExecutions="0" />
                                              </RunTimeInformation>
                                              <Parallelism PartitioningType="Hash">
                                                <PartitionColumns>
                                                  <ColumnReference Database="[Star_Schema_Benchmark]" Schema="[dbo]" Table="[Supplier]" Column="S_SuppKey" />
                                                </PartitionColumns>
                                                <RelOp AvgRowSize="23" EstimateCPU="0.0110785" EstimateIO="0.203125" EstimateRebinds="0" EstimateRewinds="0" EstimateRows="4001" LogicalOp="Clustered Index Scan" NodeId="10" Parallel="true" PhysicalOp="Clustered Index Scan" EstimatedTotalSubtreeCost="0.214203" TableCardinality="20000">
                                                  <OutputList>
                                                    <ColumnReference Database="[Star_Schema_Benchmark]" Schema="[dbo]" Table="[Supplier]" Column="S_SuppKey" />
                                                  </OutputList>
                                                  <RunTimeInformation>
                                                    <RunTimeCountersPerThread Thread="4" ActualRows="1050" ActualEndOfScans="1" ActualExecutions="1" />
                                                    <RunTimeCountersPerThread Thread="1" ActualRows="958" ActualEndOfScans="1" ActualExecutions="1" />
                                                    <RunTimeCountersPerThread Thread="3" ActualRows="983" ActualEndOfScans="1" ActualExecutions="1" />
                                                    <RunTimeCountersPerThread Thread="2" ActualRows="1010" ActualEndOfScans="1" ActualExecutions="1" />
                                                    <RunTimeCountersPerThread Thread="0" ActualRows="0" ActualEndOfScans="0" ActualExecutions="0" />
                                                  </RunTimeInformation>
                                                  <IndexScan Ordered="false" ForcedIndex="false" NoExpandHint="false">
                                                    <DefinedValues>
                                                      <DefinedValue>
                                                        <ColumnReference Database="[Star_Schema_Benchmark]" Schema="[dbo]" Table="[Supplier]" Column="S_SuppKey" />
                                                      </DefinedValue>
                                                    </DefinedValues>
                                                    <Object Database="[Star_Schema_Benchmark]" Schema="[dbo]" Table="[Supplier]" Index="[PK_Supplier]" IndexKind="Clustered" />
                                                    <Predicate>
                                                      <ScalarOperator ScalarString="[Star_Schema_Benchmark].[dbo].[Supplier].[S_Region]='ASIA'">
                                                        <Compare CompareOp="EQ">
                                                          <ScalarOperator>
                                                            <Identifier>
                                                              <ColumnReference Database="[Star_Schema_Benchmark]" Schema="[dbo]" Table="[Supplier]" Column="S_Region" />
                                                            </Identifier>
                                                          </ScalarOperator>
                                                          <ScalarOperator>
                                                            <Const ConstValue="'ASIA'" />
                                                          </ScalarOperator>
                                                        </Compare>
                                                      </ScalarOperator>
                                                    </Predicate>
                                                  </IndexScan>
                                                </RelOp>
                                              </Parallelism>
                                            </RelOp>
                                          </Bitmap>
                                        </RelOp>
                                        <RelOp AvgRowSize="31" EstimateCPU="0.912949" EstimateIO="0" EstimateRebinds="0" EstimateRewinds="0" EstimateRows="338529" LogicalOp="Repartition Streams" NodeId="11" Parallel="true" PhysicalOp="Parallelism" EstimatedTotalSubtreeCost="30.4102">
                                          <OutputList>
                                            <ColumnReference Database="[Star_Schema_Benchmark]" Schema="[dbo]" Table="[LineOrder]" Column="LO_SuppKey" />
                                            <ColumnReference Database="[Star_Schema_Benchmark]" Schema="[dbo]" Table="[LineOrder]" Column="LO_Revenue" />
                                            <ColumnReference Database="[Star_Schema_Benchmark]" Schema="[dbo]" Table="[Date]" Column="D_Year" />
                                            <ColumnReference Database="[Star_Schema_Benchmark]" Schema="[dbo]" Table="[Part]" Column="P_Brand" />
                                          </OutputList>
                                          <RunTimeInformation>
                                            <RunTimeCountersPerThread Thread="4" ActualRows="24056" ActualEndOfScans="1" ActualExecutions="1" />
                                            <RunTimeCountersPerThread Thread="1" ActualRows="23890" ActualEndOfScans="1" ActualExecutions="1" />
                                            <RunTimeCountersPerThread Thread="2" ActualRows="23800" ActualEndOfScans="1" ActualExecutions="1" />
                                            <RunTimeCountersPerThread Thread="3" ActualRows="23579" ActualEndOfScans="1" ActualExecutions="1" />
                                            <RunTimeCountersPerThread Thread="0" ActualRows="0" ActualEndOfScans="0" ActualExecutions="0" />
                                          </RunTimeInformation>
                                          <Parallelism PartitioningType="Hash">
                                            <PartitionColumns>
                                              <ColumnReference Database="[Star_Schema_Benchmark]" Schema="[dbo]" Table="[LineOrder]" Column="LO_SuppKey" />
                                            </PartitionColumns>
                                            <Predicate>
                                              <ScalarOperator ScalarString="PROBE([Bitmap1019],[Star_Schema_Benchmark].[dbo].[LineOrder].[LO_SuppKey])">
                                                <Intrinsic FunctionName="PROBE">
                                                  <ScalarOperator>
                                                    <Identifier>
                                                      <ColumnReference Column="Bitmap1019" />
                                                    </Identifier>
                                                  </ScalarOperator>
                                                  <ScalarOperator>
                                                    <Identifier>
                                                      <ColumnReference Database="[Star_Schema_Benchmark]" Schema="[dbo]" Table="[LineOrder]" Column="LO_SuppKey" />
                                                    </Identifier>
                                                  </ScalarOperator>
                                                </Intrinsic>
                                              </ScalarOperator>
                                            </Predicate>
                                            <RelOp AvgRowSize="31" EstimateCPU="1.75247" EstimateIO="0" EstimateRebinds="0" EstimateRewinds="0" EstimateRows="338529" LogicalOp="Inner Join" NodeId="12" Parallel="true" PhysicalOp="Hash Match" EstimatedTotalSubtreeCost="29.4973">
                                              <OutputList>
                                                <ColumnReference Database="[Star_Schema_Benchmark]" Schema="[dbo]" Table="[LineOrder]" Column="LO_SuppKey" />
                                                <ColumnReference Database="[Star_Schema_Benchmark]" Schema="[dbo]" Table="[LineOrder]" Column="LO_Revenue" />
                                                <ColumnReference Database="[Star_Schema_Benchmark]" Schema="[dbo]" Table="[Date]" Column="D_Year" />
                                                <ColumnReference Database="[Star_Schema_Benchmark]" Schema="[dbo]" Table="[Part]" Column="P_Brand" />
                                              </OutputList>
                                              <MemoryFractions Input="0.434622" Output="0.426763" />
                                              <RunTimeInformation>
                                                <RunTimeCountersPerThread Thread="3" ActualRows="116807" ActualEndOfScans="1" ActualExecutions="1" />
                                                <RunTimeCountersPerThread Thread="4" ActualRows="120742" ActualEndOfScans="1" ActualExecutions="1" />
                                                <RunTimeCountersPerThread Thread="2" ActualRows="118721" ActualEndOfScans="1" ActualExecutions="1" />
                                                <RunTimeCountersPerThread Thread="1" ActualRows="120960" ActualEndOfScans="1" ActualExecutions="1" />
                                                <RunTimeCountersPerThread Thread="0" ActualRows="0" ActualEndOfScans="0" ActualExecutions="0" />
                                              </RunTimeInformation>
                                              <Hash>
                                                <DefinedValues />
                                                <HashKeysBuild>
                                                  <ColumnReference Database="[Star_Schema_Benchmark]" Schema="[dbo]" Table="[Date]" Column="D_DateKey" />
                                                </HashKeysBuild>
                                                <HashKeysProbe>
                                                  <ColumnReference Database="[Star_Schema_Benchmark]" Schema="[dbo]" Table="[LineOrder]" Column="LO_OrderDateKey" />
                                                </HashKeysProbe>
                                                <ProbeResidual>
                                                  <ScalarOperator ScalarString="[Star_Schema_Benchmark].[dbo].[LineOrder].[LO_OrderDateKey]=[Star_Schema_Benchmark].[dbo].[Date].[D_DateKey]">
                                                    <Compare CompareOp="EQ">
                                                      <ScalarOperator>
                                                        <Identifier>
                                                          <ColumnReference Database="[Star_Schema_Benchmark]" Schema="[dbo]" Table="[LineOrder]" Column="LO_OrderDateKey" />
                                                        </Identifier>
                                                      </ScalarOperator>
                                                      <ScalarOperator>
                                                        <Identifier>
                                                          <ColumnReference Database="[Star_Schema_Benchmark]" Schema="[dbo]" Table="[Date]" Column="D_DateKey" />
                                                        </Identifier>
                                                      </ScalarOperator>
                                                    </Compare>
                                                  </ScalarOperator>
                                                </ProbeResidual>
                                                <RelOp AvgRowSize="17" EstimateCPU="0.0329618" EstimateIO="0" EstimateRebinds="0" EstimateRewinds="0" EstimateRows="2556" LogicalOp="Repartition Streams" NodeId="13" Parallel="true" PhysicalOp="Parallelism" EstimatedTotalSubtreeCost="0.0575711">
                                                  <OutputList>
                                                    <ColumnReference Database="[Star_Schema_Benchmark]" Schema="[dbo]" Table="[Date]" Column="D_DateKey" />
                                                    <ColumnReference Database="[Star_Schema_Benchmark]" Schema="[dbo]" Table="[Date]" Column="D_Year" />
                                                  </OutputList>
                                                  <RunTimeInformation>
                                                    <RunTimeCountersPerThread Thread="4" ActualRows="646" ActualEndOfScans="1" ActualExecutions="1" />
                                                    <RunTimeCountersPerThread Thread="3" ActualRows="622" ActualEndOfScans="1" ActualExecutions="1" />
                                                    <RunTimeCountersPerThread Thread="2" ActualRows="634" ActualEndOfScans="1" ActualExecutions="1" />
                                                    <RunTimeCountersPerThread Thread="1" ActualRows="654" ActualEndOfScans="1" ActualExecutions="1" />
                                                    <RunTimeCountersPerThread Thread="0" ActualRows="0" ActualEndOfScans="0" ActualExecutions="0" />
                                                  </RunTimeInformation>
                                                  <Parallelism PartitioningType="Hash">
                                                    <PartitionColumns>
                                                      <ColumnReference Database="[Star_Schema_Benchmark]" Schema="[dbo]" Table="[Date]" Column="D_DateKey" />
                                                    </PartitionColumns>
                                                    <RelOp AvgRowSize="17" EstimateCPU="0.0014843" EstimateIO="0.023125" EstimateRebinds="0" EstimateRewinds="0" EstimateRows="2556" LogicalOp="Clustered Index Scan" NodeId="14" Parallel="true" PhysicalOp="Clustered Index Scan" EstimatedTotalSubtreeCost="0.0246093" TableCardinality="2556">
                                                      <OutputList>
                                                        <ColumnReference Database="[Star_Schema_Benchmark]" Schema="[dbo]" Table="[Date]" Column="D_DateKey" />
                                                        <ColumnReference Database="[Star_Schema_Benchmark]" Schema="[dbo]" Table="[Date]" Column="D_Year" />
                                                      </OutputList>
                                                      <RunTimeInformation>
                                                        <RunTimeCountersPerThread Thread="1" ActualRows="651" ActualEndOfScans="1" ActualExecutions="1" />
                                                        <RunTimeCountersPerThread Thread="4" ActualRows="602" ActualEndOfScans="1" ActualExecutions="1" />
                                                        <RunTimeCountersPerThread Thread="3" ActualRows="652" ActualEndOfScans="1" ActualExecutions="1" />
                                                        <RunTimeCountersPerThread Thread="2" ActualRows="651" ActualEndOfScans="1" ActualExecutions="1" />
                                                        <RunTimeCountersPerThread Thread="0" ActualRows="0" ActualEndOfScans="0" ActualExecutions="0" />
                                                      </RunTimeInformation>
                                                      <IndexScan Ordered="false" ForcedIndex="false" NoExpandHint="false">
                                                        <DefinedValues>
                                                          <DefinedValue>
                                                            <ColumnReference Database="[Star_Schema_Benchmark]" Schema="[dbo]" Table="[Date]" Column="D_DateKey" />
                                                          </DefinedValue>
                                                          <DefinedValue>
                                                            <ColumnReference Database="[Star_Schema_Benchmark]" Schema="[dbo]" Table="[Date]" Column="D_Year" />
                                                          </DefinedValue>
                                                        </DefinedValues>
                                                        <Object Database="[Star_Schema_Benchmark]" Schema="[dbo]" Table="[Date]" Index="[PK_Date]" IndexKind="Clustered" />
                                                      </IndexScan>
                                                    </RelOp>
                                                  </Parallelism>
                                                </RelOp>
                                                <RelOp AvgRowSize="37" EstimateCPU="1.2278" EstimateIO="0" EstimateRebinds="0" EstimateRewinds="0" EstimateRows="410914" LogicalOp="Repartition Streams" NodeId="15" Parallel="true" PhysicalOp="Parallelism" EstimatedTotalSubtreeCost="27.6872">
                                                  <OutputList>
                                                    <ColumnReference Database="[Star_Schema_Benchmark]" Schema="[dbo]" Table="[LineOrder]" Column="LO_SuppKey" />
                                                    <ColumnReference Database="[Star_Schema_Benchmark]" Schema="[dbo]" Table="[LineOrder]" Column="LO_OrderDateKey" />
                                                    <ColumnReference Database="[Star_Schema_Benchmark]" Schema="[dbo]" Table="[LineOrder]" Column="LO_Revenue" />
                                                    <ColumnReference Database="[Star_Schema_Benchmark]" Schema="[dbo]" Table="[Part]" Column="P_Brand" />
                                                  </OutputList>
                                                  <RunTimeInformation>
                                                    <RunTimeCountersPerThread Thread="4" ActualRows="120742" ActualEndOfScans="1" ActualExecutions="1" />
                                                    <RunTimeCountersPerThread Thread="3" ActualRows="116807" ActualEndOfScans="1" ActualExecutions="1" />
                                                    <RunTimeCountersPerThread Thread="2" ActualRows="118721" ActualEndOfScans="1" ActualExecutions="1" />
                                                    <RunTimeCountersPerThread Thread="1" ActualRows="120960" ActualEndOfScans="1" ActualExecutions="1" />
                                                    <RunTimeCountersPerThread Thread="0" ActualRows="0" ActualEndOfScans="0" ActualExecutions="0" />
                                                  </RunTimeInformation>
                                                  <Parallelism PartitioningType="Hash">
                                                    <PartitionColumns>
                                                      <ColumnReference Database="[Star_Schema_Benchmark]" Schema="[dbo]" Table="[LineOrder]" Column="LO_OrderDateKey" />
                                                    </PartitionColumns>
                                                    <RelOp AvgRowSize="37" EstimateCPU="0.85881" EstimateIO="0" EstimateRebinds="0" EstimateRewinds="0" EstimateRows="410914" LogicalOp="Inner Join" NodeId="16" Parallel="true" PhysicalOp="Nested Loops" EstimatedTotalSubtreeCost="26.4594">
                                                      <OutputList>
                                                        <ColumnReference Database="[Star_Schema_Benchmark]" Schema="[dbo]" Table="[LineOrder]" Column="LO_SuppKey" />
                                                        <ColumnReference Database="[Star_Schema_Benchmark]" Schema="[dbo]" Table="[LineOrder]" Column="LO_OrderDateKey" />
                                                        <ColumnReference Database="[Star_Schema_Benchmark]" Schema="[dbo]" Table="[LineOrder]" Column="LO_Revenue" />
                                                        <ColumnReference Database="[Star_Schema_Benchmark]" Schema="[dbo]" Table="[Part]" Column="P_Brand" />
                                                      </OutputList>
                                                      <RunTimeInformation>
                                                        <RunTimeCountersPerThread Thread="3" ActualRows="115588" ActualEndOfScans="1" ActualExecutions="1" />
                                                        <RunTimeCountersPerThread Thread="4" ActualRows="100909" ActualEndOfScans="1" ActualExecutions="1" />
                                                        <RunTimeCountersPerThread Thread="1" ActualRows="133266" ActualEndOfScans="1" ActualExecutions="1" />
                                                        <RunTimeCountersPerThread Thread="2" ActualRows="127467" ActualEndOfScans="1" ActualExecutions="1" />
                                                        <RunTimeCountersPerThread Thread="0" ActualRows="0" ActualEndOfScans="0" ActualExecutions="0" />
                                                      </RunTimeInformation>
                                                      <NestedLoops Optimized="false" WithUnorderedPrefetch="true">
                                                        <OuterReferences>
                                                          <ColumnReference Database="[Star_Schema_Benchmark]" Schema="[dbo]" Table="[Part]" Column="P_PartKey" />
                                                          <ColumnReference Column="Expr1018" />
                                                        </OuterReferences>
                                                        <RelOp AvgRowSize="24" EstimateCPU="0.440078" EstimateIO="7.22609" EstimateRebinds="0" EstimateRewinds="0" EstimateRows="5498.24" LogicalOp="Clustered Index Scan" NodeId="18" Parallel="true" PhysicalOp="Clustered Index Scan" EstimatedTotalSubtreeCost="7.66617" TableCardinality="800000">
                                                          <OutputList>
                                                            <ColumnReference Database="[Star_Schema_Benchmark]" Schema="[dbo]" Table="[Part]" Column="P_PartKey" />
                                                            <ColumnReference Database="[Star_Schema_Benchmark]" Schema="[dbo]" Table="[Part]" Column="P_Brand" />
                                                          </OutputList>
                                                          <RunTimeInformation>
                                                            <RunTimeCountersPerThread Thread="4" ActualRows="1403" ActualEndOfScans="1" ActualExecutions="1" />
                                                            <RunTimeCountersPerThread Thread="3" ActualRows="1540" ActualEndOfScans="1" ActualExecutions="1" />
                                                            <RunTimeCountersPerThread Thread="2" ActualRows="1703" ActualEndOfScans="1" ActualExecutions="1" />
                                                            <RunTimeCountersPerThread Thread="1" ActualRows="1763" ActualEndOfScans="1" ActualExecutions="1" />
                                                            <RunTimeCountersPerThread Thread="0" ActualRows="0" ActualEndOfScans="0" ActualExecutions="0" />
                                                          </RunTimeInformation>
                                                          <IndexScan Ordered="true" ScanDirection="FORWARD" ForcedIndex="false" ForceSeek="false" NoExpandHint="false">
                                                            <DefinedValues>
                                                              <DefinedValue>
                                                                <ColumnReference Database="[Star_Schema_Benchmark]" Schema="[dbo]" Table="[Part]" Column="P_PartKey" />
                                                              </DefinedValue>
                                                              <DefinedValue>
                                                                <ColumnReference Database="[Star_Schema_Benchmark]" Schema="[dbo]" Table="[Part]" Column="P_Brand" />
                                                              </DefinedValue>
                                                            </DefinedValues>
                                                            <Object Database="[Star_Schema_Benchmark]" Schema="[dbo]" Table="[Part]" Index="[PK_Part]" IndexKind="Clustered" />
                                                            <Predicate>
                                                              <ScalarOperator ScalarString="[Star_Schema_Benchmark].[dbo].[Part].[P_Brand]&gt;='MFGR#2221' AND [Star_Schema_Benchmark].[dbo].[Part].[P_Brand]&lt;='MFGR#2228'">
                                                                <Logical Operation="AND">
                                                                  <ScalarOperator>
                                                                    <Compare CompareOp="GE">
                                                                      <ScalarOperator>
                                                                        <Identifier>
                                                                          <ColumnReference Database="[Star_Schema_Benchmark]" Schema="[dbo]" Table="[Part]" Column="P_Brand" />
                                                                        </Identifier>
                                                                      </ScalarOperator>
                                                                      <ScalarOperator>
                                                                        <Const ConstValue="'MFGR#2221'" />
                                                                      </ScalarOperator>
                                                                    </Compare>
                                                                  </ScalarOperator>
                                                                  <ScalarOperator>
                                                                    <Compare CompareOp="LE">
                                                                      <ScalarOperator>
                                                                        <Identifier>
                                                                          <ColumnReference Database="[Star_Schema_Benchmark]" Schema="[dbo]" Table="[Part]" Column="P_Brand" />
                                                                        </Identifier>
                                                                      </ScalarOperator>
                                                                      <ScalarOperator>
                                                                        <Const ConstValue="'MFGR#2228'" />
                                                                      </ScalarOperator>
                                                                    </Compare>
                                                                  </ScalarOperator>
                                                                </Logical>
                                                              </ScalarOperator>
                                                            </Predicate>
                                                          </IndexScan>
                                                        </RelOp>
                                                        <RelOp AvgRowSize="28" EstimateCPU="0.000239209" EstimateIO="0.003125" EstimateRebinds="5247.54" EstimateRewinds="249.704" EstimateRows="74.7355" LogicalOp="Index Seek" NodeId="19" Parallel="true" PhysicalOp="Index Seek" EstimatedTotalSubtreeCost="17.5824" TableCardinality="59986200">
                                                          <OutputList>
                                                            <ColumnReference Database="[Star_Schema_Benchmark]" Schema="[dbo]" Table="[LineOrder]" Column="LO_SuppKey" />
                                                            <ColumnReference Database="[Star_Schema_Benchmark]" Schema="[dbo]" Table="[LineOrder]" Column="LO_OrderDateKey" />
                                                            <ColumnReference Database="[Star_Schema_Benchmark]" Schema="[dbo]" Table="[LineOrder]" Column="LO_Revenue" />
                                                          </OutputList>
                                                          <RunTimeInformation>
                                                            <RunTimeCountersPerThread Thread="3" ActualRows="115588" ActualEndOfScans="1540" ActualExecutions="1540" />
                                                            <RunTimeCountersPerThread Thread="4" ActualRows="100909" ActualEndOfScans="1403" ActualExecutions="1403" />
                                                            <RunTimeCountersPerThread Thread="1" ActualRows="133266" ActualEndOfScans="1763" ActualExecutions="1763" />
                                                            <RunTimeCountersPerThread Thread="2" ActualRows="127467" ActualEndOfScans="1703" ActualExecutions="1703" />
                                                            <RunTimeCountersPerThread Thread="0" ActualRows="0" ActualEndOfScans="0" ActualExecutions="0" />
                                                          </RunTimeInformation>
                                                          <IndexScan Ordered="true" ScanDirection="FORWARD" ForcedIndex="false" ForceSeek="false" NoExpandHint="false">
                                                            <DefinedValues>
                                                              <DefinedValue>
                                                                <ColumnReference Database="[Star_Schema_Benchmark]" Schema="[dbo]" Table="[LineOrder]" Column="LO_SuppKey" />
                                                              </DefinedValue>
                                                              <DefinedValue>
                                                                <ColumnReference Database="[Star_Schema_Benchmark]" Schema="[dbo]" Table="[LineOrder]" Column="LO_OrderDateKey" />
                                                              </DefinedValue>
                                                              <DefinedValue>
                                                                <ColumnReference Database="[Star_Schema_Benchmark]" Schema="[dbo]" Table="[LineOrder]" Column="LO_Revenue" />
                                                              </DefinedValue>
                                                            </DefinedValues>
                                                            <Object Database="[Star_Schema_Benchmark]" Schema="[dbo]" Table="[LineOrder]" Index="[_dta_index_LineOrder_5_21575115__K4_K6_K5_13]" IndexKind="NonClustered" />
                                                            <SeekPredicates>
                                                              <SeekPredicateNew>
                                                                <SeekKeys>
                                                                  <Prefix ScanType="EQ">
                                                                    <RangeColumns>
                                                                      <ColumnReference Database="[Star_Schema_Benchmark]" Schema="[dbo]" Table="[LineOrder]" Column="LO_PartKey" />
                                                                    </RangeColumns>
                                                                    <RangeExpressions>
                                                                      <ScalarOperator ScalarString="[Star_Schema_Benchmark].[dbo].[Part].[P_PartKey]">
                                                                        <Identifier>
                                                                          <ColumnReference Database="[Star_Schema_Benchmark]" Schema="[dbo]" Table="[Part]" Column="P_PartKey" />
                                                                        </Identifier>
                                                                      </ScalarOperator>
                                                                    </RangeExpressions>
                                                                  </Prefix>
                                                                </SeekKeys>
                                                              </SeekPredicateNew>
                                                            </SeekPredicates>
                                                          </IndexScan>
                                                        </RelOp>
                                                      </NestedLoops>
                                                    </RelOp>
                                                  </Parallelism>
                                                </RelOp>
                                              </Hash>
                                            </RelOp>
                                          </Parallelism>
                                        </RelOp>
                                      </Hash>
                                    </RelOp>
                                  </Hash>
                                </RelOp>
                              </Parallelism>
                            </RelOp>
                          </Sort>
                        </RelOp>
                      </StreamAggregate>
                    </RelOp>
                  </Parallelism>
                </RelOp>
              </ComputeScalar>
            </RelOp>
          </QueryPlan>
        </StmtSimple>
      </Statements>
    </Batch>
    <Batch>
      <Statements>
        <StmtSimple StatementCompId="6" StatementEstRows="7" StatementId="6" StatementOptmLevel="FULL" StatementSubTreeCost="11.8069" StatementText="select sum(lo_revenue), d_year, p_brand&#xD;&#xA;from lineorder, [date], part, supplier&#xD;&#xA;where lo_orderdatekey =  d_datekey&#xD;&#xA;and lo_partkey = p_partkey&#xD;&#xA;and lo_suppkey = s_suppkey&#xD;&#xA;and p_brand= 'MFGR#2239'&#xD;&#xA;and s_region = 'EUROPE'&#xD;&#xA;group by d_year, p_brand&#xD;&#xA;order by d_year, p_brand;&#xD;&#xA;&#xD;&#xA;--Q3.1&#xD;" StatementType="SELECT" QueryHash="0xCB2073C35F095476" QueryPlanHash="0x3955E1207D324E27">
          <StatementSetOptions ANSI_NULLS="true" ANSI_PADDING="true" ANSI_WARNINGS="true" ARITHABORT="true" CONCAT_NULL_YIELDS_NULL="true" NUMERIC_ROUNDABORT="false" QUOTED_IDENTIFIER="true" />
          <QueryPlan DegreeOfParallelism="4" MemoryGrant="15840" CachedPlanSize="112" CompileTime="48" CompileCPU="48" CompileMemory="1568">
            <MissingIndexes>
              <MissingIndexGroup Impact="66.5106">
                <MissingIndex Database="[Star_Schema_Benchmark]" Schema="[dbo]" Table="[Part]">
                  <ColumnGroup Usage="EQUALITY">
                    <Column Name="[P_Brand]" ColumnId="5" />
                  </ColumnGroup>
                  <ColumnGroup Usage="INCLUDE">
                    <Column Name="[P_PartKey]" ColumnId="1" />
                  </ColumnGroup>
                </MissingIndex>
              </MissingIndexGroup>
            </MissingIndexes>
            <RelOp AvgRowSize="35" EstimateCPU="7E-07" EstimateIO="0" EstimateRebinds="0" EstimateRewinds="0" EstimateRows="7" LogicalOp="Compute Scalar" NodeId="1" Parallel="false" PhysicalOp="Compute Scalar" EstimatedTotalSubtreeCost="11.8069">
              <OutputList>
                <ColumnReference Database="[Star_Schema_Benchmark]" Schema="[dbo]" Table="[Date]" Column="D_Year" />
                <ColumnReference Database="[Star_Schema_Benchmark]" Schema="[dbo]" Table="[Part]" Column="P_Brand" />
                <ColumnReference Column="Expr1012" />
              </OutputList>
              <ComputeScalar>
                <DefinedValues>
                  <DefinedValue>
                    <ColumnReference Column="Expr1012" />
                    <ScalarOperator ScalarString="CASE WHEN [globalagg1014]=(0) THEN NULL ELSE [globalagg1016] END">
                      <IF>
                        <Condition>
                          <ScalarOperator>
                            <Compare CompareOp="EQ">
                              <ScalarOperator>
                                <Identifier>
                                  <ColumnReference Column="globalagg1014" />
                                </Identifier>
                              </ScalarOperator>
                              <ScalarOperator>
                                <Const ConstValue="(0)" />
                              </ScalarOperator>
                            </Compare>
                          </ScalarOperator>
                        </Condition>
                        <Then>
                          <ScalarOperator>
                            <Const ConstValue="NULL" />
                          </ScalarOperator>
                        </Then>
                        <Else>
                          <ScalarOperator>
                            <Identifier>
                              <ColumnReference Column="globalagg1016" />
                            </Identifier>
                          </ScalarOperator>
                        </Else>
                      </IF>
                    </ScalarOperator>
                  </DefinedValue>
                </DefinedValues>
                <RelOp AvgRowSize="43" EstimateCPU="1.19E-05" EstimateIO="0" EstimateRebinds="0" EstimateRewinds="0" EstimateRows="7" LogicalOp="Aggregate" NodeId="2" Parallel="false" PhysicalOp="Stream Aggregate" EstimatedTotalSubtreeCost="11.8069">
                  <OutputList>
                    <ColumnReference Database="[Star_Schema_Benchmark]" Schema="[dbo]" Table="[Date]" Column="D_Year" />
                    <ColumnReference Database="[Star_Schema_Benchmark]" Schema="[dbo]" Table="[Part]" Column="P_Brand" />
                    <ColumnReference Column="globalagg1014" />
                    <ColumnReference Column="globalagg1016" />
                  </OutputList>
                  <RunTimeInformation>
                    <RunTimeCountersPerThread Thread="0" ActualRows="7" ActualEndOfScans="1" ActualExecutions="1" />
                  </RunTimeInformation>
                  <StreamAggregate>
                    <DefinedValues>
                      <DefinedValue>
                        <ColumnReference Column="globalagg1014" />
                        <ScalarOperator ScalarString="SUM([partialagg1013])">
                          <Aggregate AggType="SUM" Distinct="false">
                            <ScalarOperator>
                              <Identifier>
                                <ColumnReference Column="partialagg1013" />
                              </Identifier>
                            </ScalarOperator>
                          </Aggregate>
                        </ScalarOperator>
                      </DefinedValue>
                      <DefinedValue>
                        <ColumnReference Column="globalagg1016" />
                        <ScalarOperator ScalarString="SUM([partialagg1015])">
                          <Aggregate AggType="SUM" Distinct="false">
                            <ScalarOperator>
                              <Identifier>
                                <ColumnReference Column="partialagg1015" />
                              </Identifier>
                            </ScalarOperator>
                          </Aggregate>
                        </ScalarOperator>
                      </DefinedValue>
                      <DefinedValue>
                        <ColumnReference Database="[Star_Schema_Benchmark]" Schema="[dbo]" Table="[Part]" Column="P_Brand" />
                        <ScalarOperator ScalarString="ANY([Star_Schema_Benchmark].[dbo].[Part].[P_Brand])">
                          <Aggregate AggType="ANY" Distinct="false">
                            <ScalarOperator>
                              <Identifier>
                                <ColumnReference Database="[Star_Schema_Benchmark]" Schema="[dbo]" Table="[Part]" Column="P_Brand" />
                              </Identifier>
                            </ScalarOperator>
                          </Aggregate>
                        </ScalarOperator>
                      </DefinedValue>
                    </DefinedValues>
                    <GroupBy>
                      <ColumnReference Database="[Star_Schema_Benchmark]" Schema="[dbo]" Table="[Date]" Column="D_Year" />
                    </GroupBy>
                    <RelOp AvgRowSize="43" EstimateCPU="0.000183196" EstimateIO="0.0112613" EstimateRebinds="0" EstimateRewinds="0" EstimateRows="14" LogicalOp="Sort" NodeId="3" Parallel="false" PhysicalOp="Sort" EstimatedTotalSubtreeCost="11.8068">
                      <OutputList>
                        <ColumnReference Database="[Star_Schema_Benchmark]" Schema="[dbo]" Table="[Date]" Column="D_Year" />
                        <ColumnReference Database="[Star_Schema_Benchmark]" Schema="[dbo]" Table="[Part]" Column="P_Brand" />
                        <ColumnReference Column="partialagg1013" />
                        <ColumnReference Column="partialagg1015" />
                      </OutputList>
                      <MemoryFractions Input="0.0216216" Output="1" />
                      <RunTimeInformation>
                        <RunTimeCountersPerThread Thread="0" ActualRebinds="1" ActualRewinds="0" ActualRows="28" ActualEndOfScans="1" ActualExecutions="1" />
                      </RunTimeInformation>
                      <Sort Distinct="false">
                        <OrderBy>
                          <OrderByColumn Ascending="true">
                            <ColumnReference Database="[Star_Schema_Benchmark]" Schema="[dbo]" Table="[Date]" Column="D_Year" />
                          </OrderByColumn>
                        </OrderBy>
                        <RelOp AvgRowSize="43" EstimateCPU="0.0285055" EstimateIO="0" EstimateRebinds="0" EstimateRewinds="0" EstimateRows="14" LogicalOp="Gather Streams" NodeId="4" Parallel="true" PhysicalOp="Parallelism" EstimatedTotalSubtreeCost="11.7954">
                          <OutputList>
                            <ColumnReference Database="[Star_Schema_Benchmark]" Schema="[dbo]" Table="[Date]" Column="D_Year" />
                            <ColumnReference Database="[Star_Schema_Benchmark]" Schema="[dbo]" Table="[Part]" Column="P_Brand" />
                            <ColumnReference Column="partialagg1013" />
                            <ColumnReference Column="partialagg1015" />
                          </OutputList>
                          <RunTimeInformation>
                            <RunTimeCountersPerThread Thread="0" ActualRows="28" ActualEndOfScans="1" ActualExecutions="1" />
                          </RunTimeInformation>
                          <Parallelism>
                            <RelOp AvgRowSize="43" EstimateCPU="0.0524944" EstimateIO="0" EstimateRebinds="0" EstimateRewinds="0" EstimateRows="14" LogicalOp="Partial Aggregate" NodeId="5" Parallel="true" PhysicalOp="Hash Match" EstimatedTotalSubtreeCost="11.7669">
                              <OutputList>
                                <ColumnReference Database="[Star_Schema_Benchmark]" Schema="[dbo]" Table="[Date]" Column="D_Year" />
                                <ColumnReference Database="[Star_Schema_Benchmark]" Schema="[dbo]" Table="[Part]" Column="P_Brand" />
                                <ColumnReference Column="partialagg1013" />
                                <ColumnReference Column="partialagg1015" />
                              </OutputList>
                              <MemoryFractions Input="0" Output="0" />
                              <RunTimeInformation>
                                <RunTimeCountersPerThread Thread="4" ActualRows="7" ActualEndOfScans="1" ActualExecutions="1" />
                                <RunTimeCountersPerThread Thread="2" ActualRows="7" ActualEndOfScans="1" ActualExecutions="1" />
                                <RunTimeCountersPerThread Thread="3" ActualRows="7" ActualEndOfScans="1" ActualExecutions="1" />
                                <RunTimeCountersPerThread Thread="1" ActualRows="7" ActualEndOfScans="1" ActualExecutions="1" />
                                <RunTimeCountersPerThread Thread="0" ActualRows="0" ActualEndOfScans="0" ActualExecutions="0" />
                              </RunTimeInformation>
                              <Hash>
                                <DefinedValues>
                                  <DefinedValue>
                                    <ColumnReference Column="partialagg1013" />
                                    <ScalarOperator ScalarString="COUNT_BIG([Star_Schema_Benchmark].[dbo].[LineOrder].[LO_Revenue])">
                                      <Aggregate AggType="COUNT_BIG" Distinct="false">
                                        <ScalarOperator>
                                          <Identifier>
                                            <ColumnReference Database="[Star_Schema_Benchmark]" Schema="[dbo]" Table="[LineOrder]" Column="LO_Revenue" />
                                          </Identifier>
                                        </ScalarOperator>
                                      </Aggregate>
                                    </ScalarOperator>
                                  </DefinedValue>
                                  <DefinedValue>
                                    <ColumnReference Column="partialagg1015" />
                                    <ScalarOperator ScalarString="SUM([Star_Schema_Benchmark].[dbo].[LineOrder].[LO_Revenue])">
                                      <Aggregate AggType="SUM" Distinct="false">
                                        <ScalarOperator>
                                          <Identifier>
                                            <ColumnReference Database="[Star_Schema_Benchmark]" Schema="[dbo]" Table="[LineOrder]" Column="LO_Revenue" />
                                          </Identifier>
                                        </ScalarOperator>
                                      </Aggregate>
                                    </ScalarOperator>
                                  </DefinedValue>
                                  <DefinedValue>
                                    <ColumnReference Database="[Star_Schema_Benchmark]" Schema="[dbo]" Table="[Part]" Column="P_Brand" />
                                    <ScalarOperator ScalarString="ANY([Star_Schema_Benchmark].[dbo].[Part].[P_Brand])">
                                      <Aggregate AggType="ANY" Distinct="false">
                                        <ScalarOperator>
                                          <Identifier>
                                            <ColumnReference Database="[Star_Schema_Benchmark]" Schema="[dbo]" Table="[Part]" Column="P_Brand" />
                                          </Identifier>
                                        </ScalarOperator>
                                      </Aggregate>
                                    </ScalarOperator>
                                  </DefinedValue>
                                </DefinedValues>
                                <HashKeysBuild>
                                  <ColumnReference Database="[Star_Schema_Benchmark]" Schema="[dbo]" Table="[Date]" Column="D_Year" />
                                </HashKeysBuild>
                                <RelOp AvgRowSize="27" EstimateCPU="0.161545" EstimateIO="0" EstimateRebinds="0" EstimateRewinds="0" EstimateRows="13255.7" LogicalOp="Inner Join" NodeId="6" Parallel="true" PhysicalOp="Hash Match" EstimatedTotalSubtreeCost="11.7144">
                                  <OutputList>
                                    <ColumnReference Database="[Star_Schema_Benchmark]" Schema="[dbo]" Table="[LineOrder]" Column="LO_Revenue" />
                                    <ColumnReference Database="[Star_Schema_Benchmark]" Schema="[dbo]" Table="[Date]" Column="D_Year" />
                                    <ColumnReference Database="[Star_Schema_Benchmark]" Schema="[dbo]" Table="[Part]" Column="P_Brand" />
                                  </OutputList>
                                  <MemoryFractions Input="0.618785" Output="0.605405" />
                                  <RunTimeInformation>
                                    <RunTimeCountersPerThread Thread="4" ActualRows="2742" ActualEndOfScans="1" ActualExecutions="1" />
                                    <RunTimeCountersPerThread Thread="2" ActualRows="2777" ActualEndOfScans="1" ActualExecutions="1" />
                                    <RunTimeCountersPerThread Thread="1" ActualRows="3014" ActualEndOfScans="1" ActualExecutions="1" />
                                    <RunTimeCountersPerThread Thread="3" ActualRows="3026" ActualEndOfScans="1" ActualExecutions="1" />
                                    <RunTimeCountersPerThread Thread="0" ActualRows="0" ActualEndOfScans="0" ActualExecutions="0" />
                                  </RunTimeInformation>
                                  <Hash>
                                    <DefinedValues />
                                    <HashKeysBuild>
                                      <ColumnReference Database="[Star_Schema_Benchmark]" Schema="[dbo]" Table="[Supplier]" Column="S_SuppKey" />
                                    </HashKeysBuild>
                                    <HashKeysProbe>
                                      <ColumnReference Database="[Star_Schema_Benchmark]" Schema="[dbo]" Table="[LineOrder]" Column="LO_SuppKey" />
                                    </HashKeysProbe>
                                    <RelOp AvgRowSize="11" EstimateCPU="0.033259" EstimateIO="0" EstimateRebinds="0" EstimateRewinds="0" EstimateRows="3972" LogicalOp="Bitmap Create" NodeId="7" Parallel="true" PhysicalOp="Bitmap" EstimatedTotalSubtreeCost="0.252262">
                                      <OutputList>
                                        <ColumnReference Database="[Star_Schema_Benchmark]" Schema="[dbo]" Table="[Supplier]" Column="S_SuppKey" />
                                      </OutputList>
                                      <RunTimeInformation>
                                        <RunTimeCountersPerThread Thread="4" ActualRows="950" ActualEndOfScans="1" ActualExecutions="1" />
                                        <RunTimeCountersPerThread Thread="3" ActualRows="1029" ActualEndOfScans="1" ActualExecutions="1" />
                                        <RunTimeCountersPerThread Thread="1" ActualRows="1028" ActualEndOfScans="1" ActualExecutions="1" />
                                        <RunTimeCountersPerThread Thread="2" ActualRows="965" ActualEndOfScans="1" ActualExecutions="1" />
                                        <RunTimeCountersPerThread Thread="0" ActualRows="0" ActualEndOfScans="0" ActualExecutions="0" />
                                      </RunTimeInformation>
                                      <Bitmap>
                                        <DefinedValues>
                                          <DefinedValue>
                                            <ColumnReference Column="Bitmap1019" />
                                          </DefinedValue>
                                        </DefinedValues>
                                        <HashKeys>
                                          <ColumnReference Database="[Star_Schema_Benchmark]" Schema="[dbo]" Table="[Supplier]" Column="S_SuppKey" />
                                        </HashKeys>
                                        <RelOp AvgRowSize="11" EstimateCPU="0.033259" EstimateIO="0" EstimateRebinds="0" EstimateRewinds="0" EstimateRows="3972" LogicalOp="Repartition Streams" NodeId="8" Parallel="true" PhysicalOp="Parallelism" EstimatedTotalSubtreeCost="0.252262">
                                          <OutputList>
                                            <ColumnReference Database="[Star_Schema_Benchmark]" Schema="[dbo]" Table="[Supplier]" Column="S_SuppKey" />
                                          </OutputList>
                                          <RunTimeInformation>
                                            <RunTimeCountersPerThread Thread="4" ActualRows="950" ActualEndOfScans="1" ActualExecutions="1" />
                                            <RunTimeCountersPerThread Thread="3" ActualRows="1029" ActualEndOfScans="1" ActualExecutions="1" />
                                            <RunTimeCountersPerThread Thread="1" ActualRows="1028" ActualEndOfScans="1" ActualExecutions="1" />
                                            <RunTimeCountersPerThread Thread="2" ActualRows="965" ActualEndOfScans="1" ActualExecutions="1" />
                                            <RunTimeCountersPerThread Thread="0" ActualRows="0" ActualEndOfScans="0" ActualExecutions="0" />
                                          </RunTimeInformation>
                                          <Parallelism PartitioningType="Hash">
                                            <PartitionColumns>
                                              <ColumnReference Database="[Star_Schema_Benchmark]" Schema="[dbo]" Table="[Supplier]" Column="S_SuppKey" />
                                            </PartitionColumns>
                                            <RelOp AvgRowSize="23" EstimateCPU="0.0110785" EstimateIO="0.203125" EstimateRebinds="0" EstimateRewinds="0" EstimateRows="3972" LogicalOp="Clustered Index Scan" NodeId="9" Parallel="true" PhysicalOp="Clustered Index Scan" EstimatedTotalSubtreeCost="0.214203" TableCardinality="20000">
                                              <OutputList>
                                                <ColumnReference Database="[Star_Schema_Benchmark]" Schema="[dbo]" Table="[Supplier]" Column="S_SuppKey" />
                                              </OutputList>
                                              <RunTimeInformation>
                                                <RunTimeCountersPerThread Thread="3" ActualRows="1047" ActualEndOfScans="1" ActualExecutions="1" />
                                                <RunTimeCountersPerThread Thread="4" ActualRows="1023" ActualEndOfScans="1" ActualExecutions="1" />
                                                <RunTimeCountersPerThread Thread="2" ActualRows="1038" ActualEndOfScans="1" ActualExecutions="1" />
                                                <RunTimeCountersPerThread Thread="1" ActualRows="864" ActualEndOfScans="1" ActualExecutions="1" />
                                                <RunTimeCountersPerThread Thread="0" ActualRows="0" ActualEndOfScans="0" ActualExecutions="0" />
                                              </RunTimeInformation>
                                              <IndexScan Ordered="false" ForcedIndex="false" NoExpandHint="false">
                                                <DefinedValues>
                                                  <DefinedValue>
                                                    <ColumnReference Database="[Star_Schema_Benchmark]" Schema="[dbo]" Table="[Supplier]" Column="S_SuppKey" />
                                                  </DefinedValue>
                                                </DefinedValues>
                                                <Object Database="[Star_Schema_Benchmark]" Schema="[dbo]" Table="[Supplier]" Index="[PK_Supplier]" IndexKind="Clustered" />
                                                <Predicate>
                                                  <ScalarOperator ScalarString="[Star_Schema_Benchmark].[dbo].[Supplier].[S_Region]='EUROPE'">
                                                    <Compare CompareOp="EQ">
                                                      <ScalarOperator>
                                                        <Identifier>
                                                          <ColumnReference Database="[Star_Schema_Benchmark]" Schema="[dbo]" Table="[Supplier]" Column="S_Region" />
                                                        </Identifier>
                                                      </ScalarOperator>
                                                      <ScalarOperator>
                                                        <Const ConstValue="'EUROPE'" />
                                                      </ScalarOperator>
                                                    </Compare>
                                                  </ScalarOperator>
                                                </Predicate>
                                              </IndexScan>
                                            </RelOp>
                                          </Parallelism>
                                        </RelOp>
                                      </Bitmap>
                                    </RelOp>
                                    <RelOp AvgRowSize="31" EstimateCPU="0.15902" EstimateIO="0" EstimateRebinds="0" EstimateRewinds="0" EstimateRows="49957.5" LogicalOp="Repartition Streams" NodeId="10" Parallel="true" PhysicalOp="Parallelism" EstimatedTotalSubtreeCost="11.3006">
                                      <OutputList>
                                        <ColumnReference Database="[Star_Schema_Benchmark]" Schema="[dbo]" Table="[LineOrder]" Column="LO_SuppKey" />
                                        <ColumnReference Database="[Star_Schema_Benchmark]" Schema="[dbo]" Table="[LineOrder]" Column="LO_Revenue" />
                                        <ColumnReference Database="[Star_Schema_Benchmark]" Schema="[dbo]" Table="[Date]" Column="D_Year" />
                                        <ColumnReference Database="[Star_Schema_Benchmark]" Schema="[dbo]" Table="[Part]" Column="P_Brand" />
                                      </OutputList>
                                      <RunTimeInformation>
                                        <RunTimeCountersPerThread Thread="4" ActualRows="2742" ActualEndOfScans="1" ActualExecutions="1" />
                                        <RunTimeCountersPerThread Thread="3" ActualRows="3026" ActualEndOfScans="1" ActualExecutions="1" />
                                        <RunTimeCountersPerThread Thread="1" ActualRows="3014" ActualEndOfScans="1" ActualExecutions="1" />
                                        <RunTimeCountersPerThread Thread="2" ActualRows="2779" ActualEndOfScans="1" ActualExecutions="1" />
                                        <RunTimeCountersPerThread Thread="0" ActualRows="0" ActualEndOfScans="0" ActualExecutions="0" />
                                      </RunTimeInformation>
                                      <Parallelism PartitioningType="Hash">
                                        <PartitionColumns>
                                          <ColumnReference Database="[Star_Schema_Benchmark]" Schema="[dbo]" Table="[LineOrder]" Column="LO_SuppKey" />
                                        </PartitionColumns>
                                        <Predicate>
                                          <ScalarOperator ScalarString="PROBE([Bitmap1019],[Star_Schema_Benchmark].[dbo].[LineOrder].[LO_SuppKey])">
                                            <Intrinsic FunctionName="PROBE">
                                              <ScalarOperator>
                                                <Identifier>
                                                  <ColumnReference Column="Bitmap1019" />
                                                </Identifier>
                                              </ScalarOperator>
                                              <ScalarOperator>
                                                <Identifier>
                                                  <ColumnReference Database="[Star_Schema_Benchmark]" Schema="[dbo]" Table="[LineOrder]" Column="LO_SuppKey" />
                                                </Identifier>
                                              </ScalarOperator>
                                            </Intrinsic>
                                          </ScalarOperator>
                                        </Predicate>
                                        <RelOp AvgRowSize="31" EstimateCPU="0.291845" EstimateIO="0" EstimateRebinds="0" EstimateRewinds="0" EstimateRows="49957.5" LogicalOp="Inner Join" NodeId="11" Parallel="true" PhysicalOp="Hash Match" EstimatedTotalSubtreeCost="11.1416">
                                          <OutputList>
                                            <ColumnReference Database="[Star_Schema_Benchmark]" Schema="[dbo]" Table="[LineOrder]" Column="LO_SuppKey" />
                                            <ColumnReference Database="[Star_Schema_Benchmark]" Schema="[dbo]" Table="[LineOrder]" Column="LO_Revenue" />
                                            <ColumnReference Database="[Star_Schema_Benchmark]" Schema="[dbo]" Table="[Date]" Column="D_Year" />
                                            <ColumnReference Database="[Star_Schema_Benchmark]" Schema="[dbo]" Table="[Part]" Column="P_Brand" />
                                          </OutputList>
                                          <MemoryFractions Input="0.381215" Output="0.372973" />
                                          <RunTimeInformation>
                                            <RunTimeCountersPerThread Thread="2" ActualRows="14335" ActualEndOfScans="1" ActualExecutions="1" />
                                            <RunTimeCountersPerThread Thread="3" ActualRows="14436" ActualEndOfScans="1" ActualExecutions="1" />
                                            <RunTimeCountersPerThread Thread="1" ActualRows="14874" ActualEndOfScans="1" ActualExecutions="1" />
                                            <RunTimeCountersPerThread Thread="4" ActualRows="15031" ActualEndOfScans="1" ActualExecutions="1" />
                                            <RunTimeCountersPerThread Thread="0" ActualRows="0" ActualEndOfScans="0" ActualExecutions="0" />
                                          </RunTimeInformation>
                                          <Hash>
                                            <DefinedValues />
                                            <HashKeysBuild>
                                              <ColumnReference Database="[Star_Schema_Benchmark]" Schema="[dbo]" Table="[Date]" Column="D_DateKey" />
                                            </HashKeysBuild>
                                            <HashKeysProbe>
                                              <ColumnReference Database="[Star_Schema_Benchmark]" Schema="[dbo]" Table="[LineOrder]" Column="LO_OrderDateKey" />
                                            </HashKeysProbe>
                                            <ProbeResidual>
                                              <ScalarOperator ScalarString="[Star_Schema_Benchmark].[dbo].[LineOrder].[LO_OrderDateKey]=[Star_Schema_Benchmark].[dbo].[Date].[D_DateKey]">
                                                <Compare CompareOp="EQ">
                                                  <ScalarOperator>
                                                    <Identifier>
                                                      <ColumnReference Database="[Star_Schema_Benchmark]" Schema="[dbo]" Table="[LineOrder]" Column="LO_OrderDateKey" />
                                                    </Identifier>
                                                  </ScalarOperator>
                                                  <ScalarOperator>
                                                    <Identifier>
                                                      <ColumnReference Database="[Star_Schema_Benchmark]" Schema="[dbo]" Table="[Date]" Column="D_DateKey" />
                                                    </Identifier>
                                                  </ScalarOperator>
                                                </Compare>
                                              </ScalarOperator>
                                            </ProbeResidual>
                                            <RelOp AvgRowSize="17" EstimateCPU="0.0329618" EstimateIO="0" EstimateRebinds="0" EstimateRewinds="0" EstimateRows="2556" LogicalOp="Repartition Streams" NodeId="12" Parallel="true" PhysicalOp="Parallelism" EstimatedTotalSubtreeCost="0.0575711">
                                              <OutputList>
                                                <ColumnReference Database="[Star_Schema_Benchmark]" Schema="[dbo]" Table="[Date]" Column="D_DateKey" />
                                                <ColumnReference Database="[Star_Schema_Benchmark]" Schema="[dbo]" Table="[Date]" Column="D_Year" />
                                              </OutputList>
                                              <RunTimeInformation>
                                                <RunTimeCountersPerThread Thread="3" ActualRows="622" ActualEndOfScans="1" ActualExecutions="1" />
                                                <RunTimeCountersPerThread Thread="4" ActualRows="646" ActualEndOfScans="1" ActualExecutions="1" />
                                                <RunTimeCountersPerThread Thread="1" ActualRows="654" ActualEndOfScans="1" ActualExecutions="1" />
                                                <RunTimeCountersPerThread Thread="2" ActualRows="634" ActualEndOfScans="1" ActualExecutions="1" />
                                                <RunTimeCountersPerThread Thread="0" ActualRows="0" ActualEndOfScans="0" ActualExecutions="0" />
                                              </RunTimeInformation>
                                              <Parallelism PartitioningType="Hash">
                                                <PartitionColumns>
                                                  <ColumnReference Database="[Star_Schema_Benchmark]" Schema="[dbo]" Table="[Date]" Column="D_DateKey" />
                                                </PartitionColumns>
                                                <RelOp AvgRowSize="17" EstimateCPU="0.0014843" EstimateIO="0.023125" EstimateRebinds="0" EstimateRewinds="0" EstimateRows="2556" LogicalOp="Clustered Index Scan" NodeId="13" Parallel="true" PhysicalOp="Clustered Index Scan" EstimatedTotalSubtreeCost="0.0246093" TableCardinality="2556">
                                                  <OutputList>
                                                    <ColumnReference Database="[Star_Schema_Benchmark]" Schema="[dbo]" Table="[Date]" Column="D_DateKey" />
                                                    <ColumnReference Database="[Star_Schema_Benchmark]" Schema="[dbo]" Table="[Date]" Column="D_Year" />
                                                  </OutputList>
                                                  <RunTimeInformation>
                                                    <RunTimeCountersPerThread Thread="3" ActualRows="652" ActualEndOfScans="1" ActualExecutions="1" />
                                                    <RunTimeCountersPerThread Thread="4" ActualRows="651" ActualEndOfScans="1" ActualExecutions="1" />
                                                    <RunTimeCountersPerThread Thread="2" ActualRows="602" ActualEndOfScans="1" ActualExecutions="1" />
                                                    <RunTimeCountersPerThread Thread="1" ActualRows="651" ActualEndOfScans="1" ActualExecutions="1" />
                                                    <RunTimeCountersPerThread Thread="0" ActualRows="0" ActualEndOfScans="0" ActualExecutions="0" />
                                                  </RunTimeInformation>
                                                  <IndexScan Ordered="false" ForcedIndex="false" NoExpandHint="false">
                                                    <DefinedValues>
                                                      <DefinedValue>
                                                        <ColumnReference Database="[Star_Schema_Benchmark]" Schema="[dbo]" Table="[Date]" Column="D_DateKey" />
                                                      </DefinedValue>
                                                      <DefinedValue>
                                                        <ColumnReference Database="[Star_Schema_Benchmark]" Schema="[dbo]" Table="[Date]" Column="D_Year" />
                                                      </DefinedValue>
                                                    </DefinedValues>
                                                    <Object Database="[Star_Schema_Benchmark]" Schema="[dbo]" Table="[Date]" Index="[PK_Date]" IndexKind="Clustered" />
                                                  </IndexScan>
                                                </RelOp>
                                              </Parallelism>
                                            </RelOp>
                                            <RelOp AvgRowSize="37" EstimateCPU="0.205484" EstimateIO="0" EstimateRebinds="0" EstimateRewinds="0" EstimateRows="60639.5" LogicalOp="Repartition Streams" NodeId="14" Parallel="true" PhysicalOp="Parallelism" EstimatedTotalSubtreeCost="10.7922">
                                              <OutputList>
                                                <ColumnReference Database="[Star_Schema_Benchmark]" Schema="[dbo]" Table="[LineOrder]" Column="LO_SuppKey" />
                                                <ColumnReference Database="[Star_Schema_Benchmark]" Schema="[dbo]" Table="[LineOrder]" Column="LO_OrderDateKey" />
                                                <ColumnReference Database="[Star_Schema_Benchmark]" Schema="[dbo]" Table="[LineOrder]" Column="LO_Revenue" />
                                                <ColumnReference Database="[Star_Schema_Benchmark]" Schema="[dbo]" Table="[Part]" Column="P_Brand" />
                                              </OutputList>
                                              <RunTimeInformation>
                                                <RunTimeCountersPerThread Thread="3" ActualRows="14436" ActualEndOfScans="1" ActualExecutions="1" />
                                                <RunTimeCountersPerThread Thread="4" ActualRows="15031" ActualEndOfScans="1" ActualExecutions="1" />
                                                <RunTimeCountersPerThread Thread="1" ActualRows="14874" ActualEndOfScans="1" ActualExecutions="1" />
                                                <RunTimeCountersPerThread Thread="2" ActualRows="14335" ActualEndOfScans="1" ActualExecutions="1" />
                                                <RunTimeCountersPerThread Thread="0" ActualRows="0" ActualEndOfScans="0" ActualExecutions="0" />
                                              </RunTimeInformation>
                                              <Parallelism PartitioningType="Hash">
                                                <PartitionColumns>
                                                  <ColumnReference Database="[Star_Schema_Benchmark]" Schema="[dbo]" Table="[LineOrder]" Column="LO_OrderDateKey" />
                                                </PartitionColumns>
                                                <RelOp AvgRowSize="37" EstimateCPU="0.126736" EstimateIO="0" EstimateRebinds="0" EstimateRewinds="0" EstimateRows="60639.5" LogicalOp="Inner Join" NodeId="15" Parallel="true" PhysicalOp="Nested Loops" EstimatedTotalSubtreeCost="10.5867">
                                                  <OutputList>
                                                    <ColumnReference Database="[Star_Schema_Benchmark]" Schema="[dbo]" Table="[LineOrder]" Column="LO_SuppKey" />
                                                    <ColumnReference Database="[Star_Schema_Benchmark]" Schema="[dbo]" Table="[LineOrder]" Column="LO_OrderDateKey" />
                                                    <ColumnReference Database="[Star_Schema_Benchmark]" Schema="[dbo]" Table="[LineOrder]" Column="LO_Revenue" />
                                                    <ColumnReference Database="[Star_Schema_Benchmark]" Schema="[dbo]" Table="[Part]" Column="P_Brand" />
                                                  </OutputList>
                                                  <RunTimeInformation>
                                                    <RunTimeCountersPerThread Thread="3" ActualRows="14438" ActualEndOfScans="1" ActualExecutions="1" />
                                                    <RunTimeCountersPerThread Thread="4" ActualRows="15638" ActualEndOfScans="1" ActualExecutions="1" />
                                                    <RunTimeCountersPerThread Thread="1" ActualRows="13341" ActualEndOfScans="1" ActualExecutions="1" />
                                                    <RunTimeCountersPerThread Thread="2" ActualRows="15259" ActualEndOfScans="1" ActualExecutions="1" />
                                                    <RunTimeCountersPerThread Thread="0" ActualRows="0" ActualEndOfScans="0" ActualExecutions="0" />
                                                  </RunTimeInformation>
                                                  <NestedLoops Optimized="false" WithUnorderedPrefetch="true">
                                                    <OuterReferences>
                                                      <ColumnReference Database="[Star_Schema_Benchmark]" Schema="[dbo]" Table="[Part]" Column="P_PartKey" />
                                                      <ColumnReference Column="Expr1018" />
                                                    </OuterReferences>
                                                    <RelOp AvgRowSize="24" EstimateCPU="0.440078" EstimateIO="7.22609" EstimateRebinds="0" EstimateRewinds="0" EstimateRows="809.228" LogicalOp="Clustered Index Scan" NodeId="17" Parallel="true" PhysicalOp="Clustered Index Scan" EstimatedTotalSubtreeCost="7.66617" TableCardinality="800000">
                                                      <OutputList>
                                                        <ColumnReference Database="[Star_Schema_Benchmark]" Schema="[dbo]" Table="[Part]" Column="P_PartKey" />
                                                        <ColumnReference Database="[Star_Schema_Benchmark]" Schema="[dbo]" Table="[Part]" Column="P_Brand" />
                                                      </OutputList>
                                                      <RunTimeInformation>
                                                        <RunTimeCountersPerThread Thread="3" ActualRows="212" ActualEndOfScans="1" ActualExecutions="1" />
                                                        <RunTimeCountersPerThread Thread="4" ActualRows="199" ActualEndOfScans="1" ActualExecutions="1" />
                                                        <RunTimeCountersPerThread Thread="2" ActualRows="196" ActualEndOfScans="1" ActualExecutions="1" />
                                                        <RunTimeCountersPerThread Thread="1" ActualRows="187" ActualEndOfScans="1" ActualExecutions="1" />
                                                        <RunTimeCountersPerThread Thread="0" ActualRows="0" ActualEndOfScans="0" ActualExecutions="0" />
                                                      </RunTimeInformation>
                                                      <IndexScan Ordered="true" ScanDirection="FORWARD" ForcedIndex="false" ForceSeek="false" NoExpandHint="false">
                                                        <DefinedValues>
                                                          <DefinedValue>
                                                            <ColumnReference Database="[Star_Schema_Benchmark]" Schema="[dbo]" Table="[Part]" Column="P_PartKey" />
                                                          </DefinedValue>
                                                          <DefinedValue>
                                                            <ColumnReference Database="[Star_Schema_Benchmark]" Schema="[dbo]" Table="[Part]" Column="P_Brand" />
                                                          </DefinedValue>
                                                        </DefinedValues>
                                                        <Object Database="[Star_Schema_Benchmark]" Schema="[dbo]" Table="[Part]" Index="[PK_Part]" IndexKind="Clustered" />
                                                        <Predicate>
                                                          <ScalarOperator ScalarString="[Star_Schema_Benchmark].[dbo].[Part].[P_Brand]='MFGR#2239'">
                                                            <Compare CompareOp="EQ">
                                                              <ScalarOperator>
                                                                <Identifier>
                                                                  <ColumnReference Database="[Star_Schema_Benchmark]" Schema="[dbo]" Table="[Part]" Column="P_Brand" />
                                                                </Identifier>
                                                              </ScalarOperator>
                                                              <ScalarOperator>
                                                                <Const ConstValue="'MFGR#2239'" />
                                                              </ScalarOperator>
                                                            </Compare>
                                                          </ScalarOperator>
                                                        </Predicate>
                                                      </IndexScan>
                                                    </RelOp>
                                                    <RelOp AvgRowSize="28" EstimateCPU="0.000239428" EstimateIO="0.003125" EstimateRebinds="771.476" EstimateRewinds="36.7513" EstimateRows="74.935" LogicalOp="Index Seek" NodeId="18" Parallel="true" PhysicalOp="Index Seek" EstimatedTotalSubtreeCost="2.60177" TableCardinality="59986200">
                                                      <OutputList>
                                                        <ColumnReference Database="[Star_Schema_Benchmark]" Schema="[dbo]" Table="[LineOrder]" Column="LO_SuppKey" />
                                                        <ColumnReference Database="[Star_Schema_Benchmark]" Schema="[dbo]" Table="[LineOrder]" Column="LO_OrderDateKey" />
                                                        <ColumnReference Database="[Star_Schema_Benchmark]" Schema="[dbo]" Table="[LineOrder]" Column="LO_Revenue" />
                                                      </OutputList>
                                                      <RunTimeInformation>
                                                        <RunTimeCountersPerThread Thread="3" ActualRows="14438" ActualEndOfScans="212" ActualExecutions="212" />
                                                        <RunTimeCountersPerThread Thread="4" ActualRows="15638" ActualEndOfScans="199" ActualExecutions="199" />
                                                        <RunTimeCountersPerThread Thread="1" ActualRows="13341" ActualEndOfScans="187" ActualExecutions="187" />
                                                        <RunTimeCountersPerThread Thread="2" ActualRows="15259" ActualEndOfScans="196" ActualExecutions="196" />
                                                        <RunTimeCountersPerThread Thread="0" ActualRows="0" ActualEndOfScans="0" ActualExecutions="0" />
                                                      </RunTimeInformation>
                                                      <IndexScan Ordered="true" ScanDirection="FORWARD" ForcedIndex="false" ForceSeek="false" NoExpandHint="false">
                                                        <DefinedValues>
                                                          <DefinedValue>
                                                            <ColumnReference Database="[Star_Schema_Benchmark]" Schema="[dbo]" Table="[LineOrder]" Column="LO_SuppKey" />
                                                          </DefinedValue>
                                                          <DefinedValue>
                                                            <ColumnReference Database="[Star_Schema_Benchmark]" Schema="[dbo]" Table="[LineOrder]" Column="LO_OrderDateKey" />
                                                          </DefinedValue>
                                                          <DefinedValue>
                                                            <ColumnReference Database="[Star_Schema_Benchmark]" Schema="[dbo]" Table="[LineOrder]" Column="LO_Revenue" />
                                                          </DefinedValue>
                                                        </DefinedValues>
                                                        <Object Database="[Star_Schema_Benchmark]" Schema="[dbo]" Table="[LineOrder]" Index="[_dta_index_LineOrder_5_21575115__K4_K6_K5_13]" IndexKind="NonClustered" />
                                                        <SeekPredicates>
                                                          <SeekPredicateNew>
                                                            <SeekKeys>
                                                              <Prefix ScanType="EQ">
                                                                <RangeColumns>
                                                                  <ColumnReference Database="[Star_Schema_Benchmark]" Schema="[dbo]" Table="[LineOrder]" Column="LO_PartKey" />
                                                                </RangeColumns>
                                                                <RangeExpressions>
                                                                  <ScalarOperator ScalarString="[Star_Schema_Benchmark].[dbo].[Part].[P_PartKey]">
                                                                    <Identifier>
                                                                      <ColumnReference Database="[Star_Schema_Benchmark]" Schema="[dbo]" Table="[Part]" Column="P_PartKey" />
                                                                    </Identifier>
                                                                  </ScalarOperator>
                                                                </RangeExpressions>
                                                              </Prefix>
                                                            </SeekKeys>
                                                          </SeekPredicateNew>
                                                        </SeekPredicates>
                                                      </IndexScan>
                                                    </RelOp>
                                                  </NestedLoops>
                                                </RelOp>
                                              </Parallelism>
                                            </RelOp>
                                          </Hash>
                                        </RelOp>
                                      </Parallelism>
                                    </RelOp>
                                  </Hash>
                                </RelOp>
                              </Hash>
                            </RelOp>
                          </Parallelism>
                        </RelOp>
                      </Sort>
                    </RelOp>
                  </StreamAggregate>
                </RelOp>
              </ComputeScalar>
            </RelOp>
          </QueryPlan>
        </StmtSimple>
      </Statements>
    </Batch>
    <Batch>
      <Statements>
        <StmtSimple StatementCompId="7" StatementEstRows="31416.5" StatementId="7" StatementOptmLevel="FULL" StatementSubTreeCost="292.178" StatementText="select c_nation, s_nation, d_year,&#xD;&#xA;sum(lo_revenue)  as  revenue&#xD;&#xA;from customer, lineorder, supplier, [date]&#xD;&#xA;where lo_custkey = c_customerkey&#xD;&#xA;and lo_suppkey = s_suppkey&#xD;&#xA;and lo_orderdatekey = d_datekey&#xD;&#xA;and c_region = 'ASIA'&#xD;&#xA;and s_region = 'ASIA'&#xD;&#xA;and d_year &gt;= 1992 and d_year &lt;= 1997&#xD;&#xA;group by c_nation, s_nation, d_year&#xD;&#xA;order by d_year asc,  revenue desc;&#xD;&#xA;&#xD;&#xA;--Q3.2&#xD;" StatementType="SELECT" QueryHash="0xCD083DBAA07C70DF" QueryPlanHash="0xDE6D7D69045A44B8">
          <StatementSetOptions ANSI_NULLS="true" ANSI_PADDING="true" ANSI_WARNINGS="true" ARITHABORT="true" CONCAT_NULL_YIELDS_NULL="true" NUMERIC_ROUNDABORT="false" QUOTED_IDENTIFIER="true" />
          <QueryPlan DegreeOfParallelism="4" MemoryGrant="81920" CachedPlanSize="136" CompileTime="118" CompileCPU="118" CompileMemory="1648">
            <RelOp AvgRowSize="56" EstimateCPU="0.286548" EstimateIO="0" EstimateRebinds="0" EstimateRewinds="0" EstimateRows="31416.5" LogicalOp="Gather Streams" NodeId="0" Parallel="true" PhysicalOp="Parallelism" EstimatedTotalSubtreeCost="292.178">
              <OutputList>
                <ColumnReference Database="[Star_Schema_Benchmark]" Schema="[dbo]" Table="[Customer]" Column="C_Nation" />
                <ColumnReference Database="[Star_Schema_Benchmark]" Schema="[dbo]" Table="[Supplier]" Column="S_Nation" />
                <ColumnReference Database="[Star_Schema_Benchmark]" Schema="[dbo]" Table="[Date]" Column="D_Year" />
                <ColumnReference Column="Expr1012" />
              </OutputList>
              <RunTimeInformation>
                <RunTimeCountersPerThread Thread="0" ActualRows="150" ActualEndOfScans="1" ActualExecutions="1" />
              </RunTimeInformation>
              <Parallelism>
                <OrderBy>
                  <OrderByColumn Ascending="true">
                    <ColumnReference Database="[Star_Schema_Benchmark]" Schema="[dbo]" Table="[Date]" Column="D_Year" />
                  </OrderByColumn>
                  <OrderByColumn Ascending="false">
                    <ColumnReference Column="Expr1012" />
                  </OrderByColumn>
                </OrderBy>
                <RelOp AvgRowSize="56" EstimateCPU="1.07718" EstimateIO="0.00563063" EstimateRebinds="0" EstimateRewinds="0" EstimateRows="31416.5" LogicalOp="Sort" NodeId="1" Parallel="true" PhysicalOp="Sort" EstimatedTotalSubtreeCost="291.891">
                  <OutputList>
                    <ColumnReference Database="[Star_Schema_Benchmark]" Schema="[dbo]" Table="[Customer]" Column="C_Nation" />
                    <ColumnReference Database="[Star_Schema_Benchmark]" Schema="[dbo]" Table="[Supplier]" Column="S_Nation" />
                    <ColumnReference Database="[Star_Schema_Benchmark]" Schema="[dbo]" Table="[Date]" Column="D_Year" />
                    <ColumnReference Column="Expr1012" />
                  </OutputList>
                  <MemoryFractions Input="0.603589" Output="1" />
                  <RunTimeInformation>
                    <RunTimeCountersPerThread Thread="2" ActualRebinds="1" ActualRewinds="0" ActualRows="38" ActualEndOfScans="1" ActualExecutions="1" />
                    <RunTimeCountersPerThread Thread="4" ActualRebinds="1" ActualRewinds="0" ActualRows="35" ActualEndOfScans="1" ActualExecutions="1" />
                    <RunTimeCountersPerThread Thread="1" ActualRebinds="1" ActualRewinds="0" ActualRows="39" ActualEndOfScans="1" ActualExecutions="1" />
                    <RunTimeCountersPerThread Thread="3" ActualRebinds="1" ActualRewinds="0" ActualRows="38" ActualEndOfScans="1" ActualExecutions="1" />
                    <RunTimeCountersPerThread Thread="0" ActualRebinds="0" ActualRewinds="0" ActualRows="0" ActualEndOfScans="0" ActualExecutions="0" />
                  </RunTimeInformation>
                  <Sort Distinct="false">
                    <OrderBy>
                      <OrderByColumn Ascending="true">
                        <ColumnReference Database="[Star_Schema_Benchmark]" Schema="[dbo]" Table="[Date]" Column="D_Year" />
                      </OrderByColumn>
                      <OrderByColumn Ascending="false">
                        <ColumnReference Column="Expr1012" />
                      </OrderByColumn>
                    </OrderBy>
                    <RelOp AvgRowSize="56" EstimateCPU="0.00157083" EstimateIO="0" EstimateRebinds="0" EstimateRewinds="0" EstimateRows="31416.5" LogicalOp="Compute Scalar" NodeId="3" Parallel="true" PhysicalOp="Compute Scalar" EstimatedTotalSubtreeCost="290.808">
                      <OutputList>
                        <ColumnReference Database="[Star_Schema_Benchmark]" Schema="[dbo]" Table="[Customer]" Column="C_Nation" />
                        <ColumnReference Database="[Star_Schema_Benchmark]" Schema="[dbo]" Table="[Supplier]" Column="S_Nation" />
                        <ColumnReference Database="[Star_Schema_Benchmark]" Schema="[dbo]" Table="[Date]" Column="D_Year" />
                        <ColumnReference Column="Expr1012" />
                      </OutputList>
                      <ComputeScalar>
                        <DefinedValues>
                          <DefinedValue>
                            <ColumnReference Column="Expr1012" />
                            <ScalarOperator ScalarString="CASE WHEN [globalagg1014]=(0) THEN NULL ELSE [globalagg1016] END">
                              <IF>
                                <Condition>
                                  <ScalarOperator>
                                    <Compare CompareOp="EQ">
                                      <ScalarOperator>
                                        <Identifier>
                                          <ColumnReference Column="globalagg1014" />
                                        </Identifier>
                                      </ScalarOperator>
                                      <ScalarOperator>
                                        <Const ConstValue="(0)" />
                                      </ScalarOperator>
                                    </Compare>
                                  </ScalarOperator>
                                </Condition>
                                <Then>
                                  <ScalarOperator>
                                    <Const ConstValue="NULL" />
                                  </ScalarOperator>
                                </Then>
                                <Else>
                                  <ScalarOperator>
                                    <Identifier>
                                      <ColumnReference Column="globalagg1016" />
                                    </Identifier>
                                  </ScalarOperator>
                                </Else>
                              </IF>
                            </ScalarOperator>
                          </DefinedValue>
                        </DefinedValues>
                        <RelOp AvgRowSize="64" EstimateCPU="1.10593" EstimateIO="0" EstimateRebinds="0" EstimateRewinds="0" EstimateRows="31416.5" LogicalOp="Aggregate" NodeId="4" Parallel="true" PhysicalOp="Hash Match" EstimatedTotalSubtreeCost="290.807">
                          <OutputList>
                            <ColumnReference Database="[Star_Schema_Benchmark]" Schema="[dbo]" Table="[Customer]" Column="C_Nation" />
                            <ColumnReference Database="[Star_Schema_Benchmark]" Schema="[dbo]" Table="[Supplier]" Column="S_Nation" />
                            <ColumnReference Database="[Star_Schema_Benchmark]" Schema="[dbo]" Table="[Date]" Column="D_Year" />
                            <ColumnReference Column="globalagg1014" />
                            <ColumnReference Column="globalagg1016" />
                          </OutputList>
                          <MemoryFractions Input="0.0593407" Output="0.396411" />
                          <RunTimeInformation>
                            <RunTimeCountersPerThread Thread="2" ActualRows="38" ActualEndOfScans="1" ActualExecutions="1" />
                            <RunTimeCountersPerThread Thread="4" ActualRows="35" ActualEndOfScans="1" ActualExecutions="1" />
                            <RunTimeCountersPerThread Thread="1" ActualRows="39" ActualEndOfScans="1" ActualExecutions="1" />
                            <RunTimeCountersPerThread Thread="3" ActualRows="38" ActualEndOfScans="1" ActualExecutions="1" />
                            <RunTimeCountersPerThread Thread="0" ActualRows="0" ActualEndOfScans="0" ActualExecutions="0" />
                          </RunTimeInformation>
                          <Hash>
                            <DefinedValues>
                              <DefinedValue>
                                <ColumnReference Column="globalagg1014" />
                                <ScalarOperator ScalarString="SUM([partialagg1013])">
                                  <Aggregate AggType="SUM" Distinct="false">
                                    <ScalarOperator>
                                      <Identifier>
                                        <ColumnReference Column="partialagg1013" />
                                      </Identifier>
                                    </ScalarOperator>
                                  </Aggregate>
                                </ScalarOperator>
                              </DefinedValue>
                              <DefinedValue>
                                <ColumnReference Column="globalagg1016" />
                                <ScalarOperator ScalarString="SUM([partialagg1015])">
                                  <Aggregate AggType="SUM" Distinct="false">
                                    <ScalarOperator>
                                      <Identifier>
                                        <ColumnReference Column="partialagg1015" />
                                      </Identifier>
                                    </ScalarOperator>
                                  </Aggregate>
                                </ScalarOperator>
                              </DefinedValue>
                            </DefinedValues>
                            <HashKeysBuild>
                              <ColumnReference Database="[Star_Schema_Benchmark]" Schema="[dbo]" Table="[Customer]" Column="C_Nation" />
                              <ColumnReference Database="[Star_Schema_Benchmark]" Schema="[dbo]" Table="[Supplier]" Column="S_Nation" />
                              <ColumnReference Database="[Star_Schema_Benchmark]" Schema="[dbo]" Table="[Date]" Column="D_Year" />
                            </HashKeysBuild>
                            <BuildResidual>
                              <ScalarOperator ScalarString="[Star_Schema_Benchmark].[dbo].[Customer].[C_Nation] = [Star_Schema_Benchmark].[dbo].[Customer].[C_Nation] AND [Star_Schema_Benchmark].[dbo].[Supplier].[S_Nation] = [Star_Schema_Benchmark].[dbo].[Supplier].[S_Nation] AND [Star_Schema_Benchmark].[dbo].[Date].[D_Year] = [Star_Schema_Benchmark].[dbo].[Date].[D_Year]">
                                <Logical Operation="AND">
                                  <ScalarOperator>
                                    <Logical Operation="AND">
                                      <ScalarOperator>
                                        <Compare CompareOp="IS">
                                          <ScalarOperator>
                                            <Identifier>
                                              <ColumnReference Database="[Star_Schema_Benchmark]" Schema="[dbo]" Table="[Customer]" Column="C_Nation" />
                                            </Identifier>
                                          </ScalarOperator>
                                          <ScalarOperator>
                                            <Identifier>
                                              <ColumnReference Database="[Star_Schema_Benchmark]" Schema="[dbo]" Table="[Customer]" Column="C_Nation" />
                                            </Identifier>
                                          </ScalarOperator>
                                        </Compare>
                                      </ScalarOperator>
                                      <ScalarOperator>
                                        <Compare CompareOp="IS">
                                          <ScalarOperator>
                                            <Identifier>
                                              <ColumnReference Database="[Star_Schema_Benchmark]" Schema="[dbo]" Table="[Supplier]" Column="S_Nation" />
                                            </Identifier>
                                          </ScalarOperator>
                                          <ScalarOperator>
                                            <Identifier>
                                              <ColumnReference Database="[Star_Schema_Benchmark]" Schema="[dbo]" Table="[Supplier]" Column="S_Nation" />
                                            </Identifier>
                                          </ScalarOperator>
                                        </Compare>
                                      </ScalarOperator>
                                    </Logical>
                                  </ScalarOperator>
                                  <ScalarOperator>
                                    <Compare CompareOp="IS">
                                      <ScalarOperator>
                                        <Identifier>
                                          <ColumnReference Database="[Star_Schema_Benchmark]" Schema="[dbo]" Table="[Date]" Column="D_Year" />
                                        </Identifier>
                                      </ScalarOperator>
                                      <ScalarOperator>
                                        <Identifier>
                                          <ColumnReference Database="[Star_Schema_Benchmark]" Schema="[dbo]" Table="[Date]" Column="D_Year" />
                                        </Identifier>
                                      </ScalarOperator>
                                    </Compare>
                                  </ScalarOperator>
                                </Logical>
                              </ScalarOperator>
                            </BuildResidual>
                            <RelOp AvgRowSize="64" EstimateCPU="0.326211" EstimateIO="0" EstimateRebinds="0" EstimateRewinds="0" EstimateRows="62833.1" LogicalOp="Repartition Streams" NodeId="5" Parallel="true" PhysicalOp="Parallelism" EstimatedTotalSubtreeCost="289.701">
                              <OutputList>
                                <ColumnReference Database="[Star_Schema_Benchmark]" Schema="[dbo]" Table="[Customer]" Column="C_Nation" />
                                <ColumnReference Database="[Star_Schema_Benchmark]" Schema="[dbo]" Table="[Supplier]" Column="S_Nation" />
                                <ColumnReference Database="[Star_Schema_Benchmark]" Schema="[dbo]" Table="[Date]" Column="D_Year" />
                                <ColumnReference Column="partialagg1013" />
                                <ColumnReference Column="partialagg1015" />
                              </OutputList>
                              <RunTimeInformation>
                                <RunTimeCountersPerThread Thread="2" ActualRows="152" ActualEndOfScans="1" ActualExecutions="1" />
                                <RunTimeCountersPerThread Thread="4" ActualRows="140" ActualEndOfScans="1" ActualExecutions="1" />
                                <RunTimeCountersPerThread Thread="1" ActualRows="156" ActualEndOfScans="1" ActualExecutions="1" />
                                <RunTimeCountersPerThread Thread="3" ActualRows="152" ActualEndOfScans="1" ActualExecutions="1" />
                                <RunTimeCountersPerThread Thread="0" ActualRows="0" ActualEndOfScans="0" ActualExecutions="0" />
                              </RunTimeInformation>
                              <Parallelism PartitioningType="Hash">
                                <PartitionColumns>
                                  <ColumnReference Database="[Star_Schema_Benchmark]" Schema="[dbo]" Table="[Customer]" Column="C_Nation" />
                                  <ColumnReference Database="[Star_Schema_Benchmark]" Schema="[dbo]" Table="[Supplier]" Column="S_Nation" />
                                  <ColumnReference Database="[Star_Schema_Benchmark]" Schema="[dbo]" Table="[Date]" Column="D_Year" />
                                </PartitionColumns>
                                <RelOp AvgRowSize="64" EstimateCPU="13.2611" EstimateIO="0" EstimateRebinds="0" EstimateRewinds="0" EstimateRows="62833.1" LogicalOp="Partial Aggregate" NodeId="6" Parallel="true" PhysicalOp="Hash Match" EstimatedTotalSubtreeCost="289.375">
                                  <OutputList>
                                    <ColumnReference Database="[Star_Schema_Benchmark]" Schema="[dbo]" Table="[Customer]" Column="C_Nation" />
                                    <ColumnReference Database="[Star_Schema_Benchmark]" Schema="[dbo]" Table="[Supplier]" Column="S_Nation" />
                                    <ColumnReference Database="[Star_Schema_Benchmark]" Schema="[dbo]" Table="[Date]" Column="D_Year" />
                                    <ColumnReference Column="partialagg1013" />
                                    <ColumnReference Column="partialagg1015" />
                                  </OutputList>
                                  <MemoryFractions Input="0" Output="0" />
                                  <RunTimeInformation>
                                    <RunTimeCountersPerThread Thread="1" ActualRows="150" ActualEndOfScans="1" ActualExecutions="1" />
                                    <RunTimeCountersPerThread Thread="3" ActualRows="150" ActualEndOfScans="1" ActualExecutions="1" />
                                    <RunTimeCountersPerThread Thread="2" ActualRows="150" ActualEndOfScans="1" ActualExecutions="1" />
                                    <RunTimeCountersPerThread Thread="4" ActualRows="150" ActualEndOfScans="1" ActualExecutions="1" />
                                    <RunTimeCountersPerThread Thread="0" ActualRows="0" ActualEndOfScans="0" ActualExecutions="0" />
                                  </RunTimeInformation>
                                  <Hash>
                                    <DefinedValues>
                                      <DefinedValue>
                                        <ColumnReference Column="partialagg1013" />
                                        <ScalarOperator ScalarString="COUNT_BIG([Star_Schema_Benchmark].[dbo].[LineOrder].[LO_Revenue])">
                                          <Aggregate AggType="COUNT_BIG" Distinct="false">
                                            <ScalarOperator>
                                              <Identifier>
                                                <ColumnReference Database="[Star_Schema_Benchmark]" Schema="[dbo]" Table="[LineOrder]" Column="LO_Revenue" />
                                              </Identifier>
                                            </ScalarOperator>
                                          </Aggregate>
                                        </ScalarOperator>
                                      </DefinedValue>
                                      <DefinedValue>
                                        <ColumnReference Column="partialagg1015" />
                                        <ScalarOperator ScalarString="SUM([Star_Schema_Benchmark].[dbo].[LineOrder].[LO_Revenue])">
                                          <Aggregate AggType="SUM" Distinct="false">
                                            <ScalarOperator>
                                              <Identifier>
                                                <ColumnReference Database="[Star_Schema_Benchmark]" Schema="[dbo]" Table="[LineOrder]" Column="LO_Revenue" />
                                              </Identifier>
                                            </ScalarOperator>
                                          </Aggregate>
                                        </ScalarOperator>
                                      </DefinedValue>
                                    </DefinedValues>
                                    <HashKeysBuild>
                                      <ColumnReference Database="[Star_Schema_Benchmark]" Schema="[dbo]" Table="[Customer]" Column="C_Nation" />
                                      <ColumnReference Database="[Star_Schema_Benchmark]" Schema="[dbo]" Table="[Supplier]" Column="S_Nation" />
                                      <ColumnReference Database="[Star_Schema_Benchmark]" Schema="[dbo]" Table="[Date]" Column="D_Year" />
                                    </HashKeysBuild>
                                    <BuildResidual>
                                      <ScalarOperator ScalarString="[Star_Schema_Benchmark].[dbo].[Customer].[C_Nation] = [Star_Schema_Benchmark].[dbo].[Customer].[C_Nation] AND [Star_Schema_Benchmark].[dbo].[Supplier].[S_Nation] = [Star_Schema_Benchmark].[dbo].[Supplier].[S_Nation] AND [Star_Schema_Benchmark].[dbo].[Date].[D_Year] = [Star_Schema_Benchmark].[dbo].[Date].[D_Year]">
                                        <Logical Operation="AND">
                                          <ScalarOperator>
                                            <Logical Operation="AND">
                                              <ScalarOperator>
                                                <Compare CompareOp="IS">
                                                  <ScalarOperator>
                                                    <Identifier>
                                                      <ColumnReference Database="[Star_Schema_Benchmark]" Schema="[dbo]" Table="[Customer]" Column="C_Nation" />
                                                    </Identifier>
                                                  </ScalarOperator>
                                                  <ScalarOperator>
                                                    <Identifier>
                                                      <ColumnReference Database="[Star_Schema_Benchmark]" Schema="[dbo]" Table="[Customer]" Column="C_Nation" />
                                                    </Identifier>
                                                  </ScalarOperator>
                                                </Compare>
                                              </ScalarOperator>
                                              <ScalarOperator>
                                                <Compare CompareOp="IS">
                                                  <ScalarOperator>
                                                    <Identifier>
                                                      <ColumnReference Database="[Star_Schema_Benchmark]" Schema="[dbo]" Table="[Supplier]" Column="S_Nation" />
                                                    </Identifier>
                                                  </ScalarOperator>
                                                  <ScalarOperator>
                                                    <Identifier>
                                                      <ColumnReference Database="[Star_Schema_Benchmark]" Schema="[dbo]" Table="[Supplier]" Column="S_Nation" />
                                                    </Identifier>
                                                  </ScalarOperator>
                                                </Compare>
                                              </ScalarOperator>
                                            </Logical>
                                          </ScalarOperator>
                                          <ScalarOperator>
                                            <Compare CompareOp="IS">
                                              <ScalarOperator>
                                                <Identifier>
                                                  <ColumnReference Database="[Star_Schema_Benchmark]" Schema="[dbo]" Table="[Date]" Column="D_Year" />
                                                </Identifier>
                                              </ScalarOperator>
                                              <ScalarOperator>
                                                <Identifier>
                                                  <ColumnReference Database="[Star_Schema_Benchmark]" Schema="[dbo]" Table="[Date]" Column="D_Year" />
                                                </Identifier>
                                              </ScalarOperator>
                                            </Compare>
                                          </ScalarOperator>
                                        </Logical>
                                      </ScalarOperator>
                                    </BuildResidual>
                                    <RelOp AvgRowSize="48" EstimateCPU="36.7149" EstimateIO="0" EstimateRebinds="0" EstimateRewinds="0" EstimateRows="3469380" LogicalOp="Inner Join" NodeId="7" Parallel="true" PhysicalOp="Hash Match" EstimatedTotalSubtreeCost="276.114">
                                      <OutputList>
                                        <ColumnReference Database="[Star_Schema_Benchmark]" Schema="[dbo]" Table="[Customer]" Column="C_Nation" />
                                        <ColumnReference Database="[Star_Schema_Benchmark]" Schema="[dbo]" Table="[LineOrder]" Column="LO_Revenue" />
                                        <ColumnReference Database="[Star_Schema_Benchmark]" Schema="[dbo]" Table="[Supplier]" Column="S_Nation" />
                                        <ColumnReference Database="[Star_Schema_Benchmark]" Schema="[dbo]" Table="[Date]" Column="D_Year" />
                                      </OutputList>
                                      <MemoryFractions Input="0.88798" Output="0.835287" />
                                      <RunTimeInformation>
                                        <RunTimeCountersPerThread Thread="3" ActualRows="548953" ActualEndOfScans="1" ActualExecutions="1" />
                                        <RunTimeCountersPerThread Thread="1" ActualRows="548875" ActualEndOfScans="1" ActualExecutions="1" />
                                        <RunTimeCountersPerThread Thread="2" ActualRows="551924" ActualEndOfScans="1" ActualExecutions="1" />
                                        <RunTimeCountersPerThread Thread="4" ActualRows="549222" ActualEndOfScans="1" ActualExecutions="1" />
                                        <RunTimeCountersPerThread Thread="0" ActualRows="0" ActualEndOfScans="0" ActualExecutions="0" />
                                      </RunTimeInformation>
                                      <Hash>
                                        <DefinedValues />
                                        <HashKeysBuild>
                                          <ColumnReference Database="[Star_Schema_Benchmark]" Schema="[dbo]" Table="[Customer]" Column="C_CustomerKey" />
                                        </HashKeysBuild>
                                        <HashKeysProbe>
                                          <ColumnReference Database="[Star_Schema_Benchmark]" Schema="[dbo]" Table="[LineOrder]" Column="LO_CustKey" />
                                        </HashKeysProbe>
                                        <ProbeResidual>
                                          <ScalarOperator ScalarString="[Star_Schema_Benchmark].[dbo].[LineOrder].[LO_CustKey]=[Star_Schema_Benchmark].[dbo].[Customer].[C_CustomerKey]">
                                            <Compare CompareOp="EQ">
                                              <ScalarOperator>
                                                <Identifier>
                                                  <ColumnReference Database="[Star_Schema_Benchmark]" Schema="[dbo]" Table="[LineOrder]" Column="LO_CustKey" />
                                                </Identifier>
                                              </ScalarOperator>
                                              <ScalarOperator>
                                                <Identifier>
                                                  <ColumnReference Database="[Star_Schema_Benchmark]" Schema="[dbo]" Table="[Customer]" Column="C_CustomerKey" />
                                                </Identifier>
                                              </ScalarOperator>
                                            </Compare>
                                          </ScalarOperator>
                                        </ProbeResidual>
                                        <RelOp AvgRowSize="30" EstimateCPU="0.163522" EstimateIO="0" EstimateRebinds="0" EstimateRewinds="0" EstimateRows="61537.9" LogicalOp="Bitmap Create" NodeId="8" Parallel="true" PhysicalOp="Bitmap" EstimatedTotalSubtreeCost="3.66743">
                                          <OutputList>
                                            <ColumnReference Database="[Star_Schema_Benchmark]" Schema="[dbo]" Table="[Customer]" Column="C_CustomerKey" />
                                            <ColumnReference Database="[Star_Schema_Benchmark]" Schema="[dbo]" Table="[Customer]" Column="C_Nation" />
                                          </OutputList>
                                          <RunTimeInformation>
                                            <RunTimeCountersPerThread Thread="3" ActualRows="15135" ActualEndOfScans="1" ActualExecutions="1" />
                                            <RunTimeCountersPerThread Thread="1" ActualRows="15123" ActualEndOfScans="1" ActualExecutions="1" />
                                            <RunTimeCountersPerThread Thread="4" ActualRows="15049" ActualEndOfScans="1" ActualExecutions="1" />
                                            <RunTimeCountersPerThread Thread="2" ActualRows="15228" ActualEndOfScans="1" ActualExecutions="1" />
                                            <RunTimeCountersPerThread Thread="0" ActualRows="0" ActualEndOfScans="0" ActualExecutions="0" />
                                          </RunTimeInformation>
                                          <Bitmap>
                                            <DefinedValues>
                                              <DefinedValue>
                                                <ColumnReference Column="Bitmap1018" />
                                              </DefinedValue>
                                            </DefinedValues>
                                            <HashKeys>
                                              <ColumnReference Database="[Star_Schema_Benchmark]" Schema="[dbo]" Table="[Customer]" Column="C_CustomerKey" />
                                            </HashKeys>
                                            <RelOp AvgRowSize="30" EstimateCPU="0.163522" EstimateIO="0" EstimateRebinds="0" EstimateRewinds="0" EstimateRows="61537.9" LogicalOp="Repartition Streams" NodeId="9" Parallel="true" PhysicalOp="Parallelism" EstimatedTotalSubtreeCost="3.66743">
                                              <OutputList>
                                                <ColumnReference Database="[Star_Schema_Benchmark]" Schema="[dbo]" Table="[Customer]" Column="C_CustomerKey" />
                                                <ColumnReference Database="[Star_Schema_Benchmark]" Schema="[dbo]" Table="[Customer]" Column="C_Nation" />
                                              </OutputList>
                                              <RunTimeInformation>
                                                <RunTimeCountersPerThread Thread="3" ActualRows="15135" ActualEndOfScans="1" ActualExecutions="1" />
                                                <RunTimeCountersPerThread Thread="1" ActualRows="15123" ActualEndOfScans="1" ActualExecutions="1" />
                                                <RunTimeCountersPerThread Thread="4" ActualRows="15049" ActualEndOfScans="1" ActualExecutions="1" />
                                                <RunTimeCountersPerThread Thread="2" ActualRows="15228" ActualEndOfScans="1" ActualExecutions="1" />
                                                <RunTimeCountersPerThread Thread="0" ActualRows="0" ActualEndOfScans="0" ActualExecutions="0" />
                                              </RunTimeInformation>
                                              <Parallelism PartitioningType="Hash">
                                                <PartitionColumns>
                                                  <ColumnReference Database="[Star_Schema_Benchmark]" Schema="[dbo]" Table="[Customer]" Column="C_CustomerKey" />
                                                </PartitionColumns>
                                                <RelOp AvgRowSize="42" EstimateCPU="0.165079" EstimateIO="3.26683" EstimateRebinds="0" EstimateRewinds="0" EstimateRows="61537.9" LogicalOp="Clustered Index Scan" NodeId="10" Parallel="true" PhysicalOp="Clustered Index Scan" EstimatedTotalSubtreeCost="3.43191" TableCardinality="300000">
                                                  <OutputList>
                                                    <ColumnReference Database="[Star_Schema_Benchmark]" Schema="[dbo]" Table="[Customer]" Column="C_CustomerKey" />
                                                    <ColumnReference Database="[Star_Schema_Benchmark]" Schema="[dbo]" Table="[Customer]" Column="C_Nation" />
                                                  </OutputList>
                                                  <RunTimeInformation>
                                                    <RunTimeCountersPerThread Thread="1" ActualRows="15186" ActualEndOfScans="1" ActualExecutions="1" />
                                                    <RunTimeCountersPerThread Thread="4" ActualRows="14958" ActualEndOfScans="1" ActualExecutions="1" />
                                                    <RunTimeCountersPerThread Thread="3" ActualRows="15556" ActualEndOfScans="1" ActualExecutions="1" />
                                                    <RunTimeCountersPerThread Thread="2" ActualRows="14835" ActualEndOfScans="1" ActualExecutions="1" />
                                                    <RunTimeCountersPerThread Thread="0" ActualRows="0" ActualEndOfScans="0" ActualExecutions="0" />
                                                  </RunTimeInformation>
                                                  <IndexScan Ordered="false" ForcedIndex="false" NoExpandHint="false">
                                                    <DefinedValues>
                                                      <DefinedValue>
                                                        <ColumnReference Database="[Star_Schema_Benchmark]" Schema="[dbo]" Table="[Customer]" Column="C_CustomerKey" />
                                                      </DefinedValue>
                                                      <DefinedValue>
                                                        <ColumnReference Database="[Star_Schema_Benchmark]" Schema="[dbo]" Table="[Customer]" Column="C_Nation" />
                                                      </DefinedValue>
                                                    </DefinedValues>
                                                    <Object Database="[Star_Schema_Benchmark]" Schema="[dbo]" Table="[Customer]" Index="[PK_Customer]" IndexKind="Clustered" />
                                                    <Predicate>
                                                      <ScalarOperator ScalarString="[Star_Schema_Benchmark].[dbo].[Customer].[C_Region]='ASIA'">
                                                        <Compare CompareOp="EQ">
                                                          <ScalarOperator>
                                                            <Identifier>
                                                              <ColumnReference Database="[Star_Schema_Benchmark]" Schema="[dbo]" Table="[Customer]" Column="C_Region" />
                                                            </Identifier>
                                                          </ScalarOperator>
                                                          <ScalarOperator>
                                                            <Const ConstValue="'ASIA'" />
                                                          </ScalarOperator>
                                                        </Compare>
                                                      </ScalarOperator>
                                                    </Predicate>
                                                  </IndexScan>
                                                </RelOp>
                                              </Parallelism>
                                            </RelOp>
                                          </Bitmap>
                                        </RelOp>
                                        <RelOp AvgRowSize="41" EstimateCPU="30.0151" EstimateIO="0" EstimateRebinds="0" EstimateRewinds="0" EstimateRows="9810370" LogicalOp="Repartition Streams" NodeId="11" Parallel="true" PhysicalOp="Parallelism" EstimatedTotalSubtreeCost="235.731">
                                          <OutputList>
                                            <ColumnReference Database="[Star_Schema_Benchmark]" Schema="[dbo]" Table="[LineOrder]" Column="LO_CustKey" />
                                            <ColumnReference Database="[Star_Schema_Benchmark]" Schema="[dbo]" Table="[LineOrder]" Column="LO_Revenue" />
                                            <ColumnReference Database="[Star_Schema_Benchmark]" Schema="[dbo]" Table="[Supplier]" Column="S_Nation" />
                                            <ColumnReference Database="[Star_Schema_Benchmark]" Schema="[dbo]" Table="[Date]" Column="D_Year" />
                                          </OutputList>
                                          <RunTimeInformation>
                                            <RunTimeCountersPerThread Thread="3" ActualRows="553127" ActualEndOfScans="1" ActualExecutions="1" />
                                            <RunTimeCountersPerThread Thread="1" ActualRows="553634" ActualEndOfScans="1" ActualExecutions="1" />
                                            <RunTimeCountersPerThread Thread="4" ActualRows="553323" ActualEndOfScans="1" ActualExecutions="1" />
                                            <RunTimeCountersPerThread Thread="2" ActualRows="556868" ActualEndOfScans="1" ActualExecutions="1" />
                                            <RunTimeCountersPerThread Thread="0" ActualRows="0" ActualEndOfScans="0" ActualExecutions="0" />
                                          </RunTimeInformation>
                                          <Parallelism PartitioningType="Hash">
                                            <PartitionColumns>
                                              <ColumnReference Database="[Star_Schema_Benchmark]" Schema="[dbo]" Table="[LineOrder]" Column="LO_CustKey" />
                                            </PartitionColumns>
                                            <Predicate>
                                              <ScalarOperator ScalarString="PROBE([Bitmap1018],[Star_Schema_Benchmark].[dbo].[LineOrder].[LO_CustKey])">
                                                <Intrinsic FunctionName="PROBE">
                                                  <ScalarOperator>
                                                    <Identifier>
                                                      <ColumnReference Column="Bitmap1018" />
                                                    </Identifier>
                                                  </ScalarOperator>
                                                  <ScalarOperator>
                                                    <Identifier>
                                                      <ColumnReference Database="[Star_Schema_Benchmark]" Schema="[dbo]" Table="[LineOrder]" Column="LO_CustKey" />
                                                    </Identifier>
                                                  </ScalarOperator>
                                                </Intrinsic>
                                              </ScalarOperator>
                                            </Predicate>
                                            <RelOp AvgRowSize="41" EstimateCPU="49.993" EstimateIO="0" EstimateRebinds="0" EstimateRewinds="0" EstimateRows="9810370" LogicalOp="Inner Join" NodeId="12" Parallel="true" PhysicalOp="Hash Match" EstimatedTotalSubtreeCost="205.716">
                                              <OutputList>
                                                <ColumnReference Database="[Star_Schema_Benchmark]" Schema="[dbo]" Table="[LineOrder]" Column="LO_CustKey" />
                                                <ColumnReference Database="[Star_Schema_Benchmark]" Schema="[dbo]" Table="[LineOrder]" Column="LO_Revenue" />
                                                <ColumnReference Database="[Star_Schema_Benchmark]" Schema="[dbo]" Table="[Supplier]" Column="S_Nation" />
                                                <ColumnReference Database="[Star_Schema_Benchmark]" Schema="[dbo]" Table="[Date]" Column="D_Year" />
                                              </OutputList>
                                              <MemoryFractions Input="0.11202" Output="0.105372" />
                                              <RunTimeInformation>
                                                <RunTimeCountersPerThread Thread="4" ActualRows="2761484" ActualEndOfScans="1" ActualExecutions="1" />
                                                <RunTimeCountersPerThread Thread="2" ActualRows="2751307" ActualEndOfScans="1" ActualExecutions="1" />
                                                <RunTimeCountersPerThread Thread="1" ActualRows="2757331" ActualEndOfScans="1" ActualExecutions="1" />
                                                <RunTimeCountersPerThread Thread="3" ActualRows="2667261" ActualEndOfScans="1" ActualExecutions="1" />
                                                <RunTimeCountersPerThread Thread="0" ActualRows="0" ActualEndOfScans="0" ActualExecutions="0" />
                                              </RunTimeInformation>
                                              <Hash>
                                                <DefinedValues />
                                                <HashKeysBuild>
                                                  <ColumnReference Database="[Star_Schema_Benchmark]" Schema="[dbo]" Table="[Date]" Column="D_DateKey" />
                                                </HashKeysBuild>
                                                <HashKeysProbe>
                                                  <ColumnReference Database="[Star_Schema_Benchmark]" Schema="[dbo]" Table="[LineOrder]" Column="LO_OrderDateKey" />
                                                </HashKeysProbe>
                                                <ProbeResidual>
                                                  <ScalarOperator ScalarString="[Star_Schema_Benchmark].[dbo].[LineOrder].[LO_OrderDateKey]=[Star_Schema_Benchmark].[dbo].[Date].[D_DateKey]">
                                                    <Compare CompareOp="EQ">
                                                      <ScalarOperator>
                                                        <Identifier>
                                                          <ColumnReference Database="[Star_Schema_Benchmark]" Schema="[dbo]" Table="[LineOrder]" Column="LO_OrderDateKey" />
                                                        </Identifier>
                                                      </ScalarOperator>
                                                      <ScalarOperator>
                                                        <Identifier>
                                                          <ColumnReference Database="[Star_Schema_Benchmark]" Schema="[dbo]" Table="[Date]" Column="D_DateKey" />
                                                        </Identifier>
                                                      </ScalarOperator>
                                                    </Compare>
                                                  </ScalarOperator>
                                                </ProbeResidual>
                                                <RelOp AvgRowSize="17" EstimateCPU="0.0323264" EstimateIO="0" EstimateRebinds="0" EstimateRewinds="0" EstimateRows="2192" LogicalOp="Repartition Streams" NodeId="13" Parallel="true" PhysicalOp="Parallelism" EstimatedTotalSubtreeCost="0.0580604">
                                                  <OutputList>
                                                    <ColumnReference Database="[Star_Schema_Benchmark]" Schema="[dbo]" Table="[Date]" Column="D_DateKey" />
                                                    <ColumnReference Database="[Star_Schema_Benchmark]" Schema="[dbo]" Table="[Date]" Column="D_Year" />
                                                  </OutputList>
                                                  <RunTimeInformation>
                                                    <RunTimeCountersPerThread Thread="2" ActualRows="551" ActualEndOfScans="1" ActualExecutions="1" />
                                                    <RunTimeCountersPerThread Thread="4" ActualRows="553" ActualEndOfScans="1" ActualExecutions="1" />
                                                    <RunTimeCountersPerThread Thread="1" ActualRows="553" ActualEndOfScans="1" ActualExecutions="1" />
                                                    <RunTimeCountersPerThread Thread="3" ActualRows="535" ActualEndOfScans="1" ActualExecutions="1" />
                                                    <RunTimeCountersPerThread Thread="0" ActualRows="0" ActualEndOfScans="0" ActualExecutions="0" />
                                                  </RunTimeInformation>
                                                  <Parallelism PartitioningType="Hash">
                                                    <PartitionColumns>
                                                      <ColumnReference Database="[Star_Schema_Benchmark]" Schema="[dbo]" Table="[Date]" Column="D_DateKey" />
                                                    </PartitionColumns>
                                                    <RelOp AvgRowSize="17" EstimateCPU="0.0014843" EstimateIO="0.023125" EstimateRebinds="0" EstimateRewinds="0" EstimateRows="2192" LogicalOp="Clustered Index Scan" NodeId="14" Parallel="true" PhysicalOp="Clustered Index Scan" EstimatedTotalSubtreeCost="0.0246093" TableCardinality="2556">
                                                      <OutputList>
                                                        <ColumnReference Database="[Star_Schema_Benchmark]" Schema="[dbo]" Table="[Date]" Column="D_DateKey" />
                                                        <ColumnReference Database="[Star_Schema_Benchmark]" Schema="[dbo]" Table="[Date]" Column="D_Year" />
                                                      </OutputList>
                                                      <RunTimeInformation>
                                                        <RunTimeCountersPerThread Thread="4" ActualRows="559" ActualEndOfScans="1" ActualExecutions="1" />
                                                        <RunTimeCountersPerThread Thread="1" ActualRows="517" ActualEndOfScans="1" ActualExecutions="1" />
                                                        <RunTimeCountersPerThread Thread="3" ActualRows="558" ActualEndOfScans="1" ActualExecutions="1" />
                                                        <RunTimeCountersPerThread Thread="2" ActualRows="558" ActualEndOfScans="1" ActualExecutions="1" />
                                                        <RunTimeCountersPerThread Thread="0" ActualRows="0" ActualEndOfScans="0" ActualExecutions="0" />
                                                      </RunTimeInformation>
                                                      <IndexScan Ordered="false" ForcedIndex="false" NoExpandHint="false">
                                                        <DefinedValues>
                                                          <DefinedValue>
                                                            <ColumnReference Database="[Star_Schema_Benchmark]" Schema="[dbo]" Table="[Date]" Column="D_DateKey" />
                                                          </DefinedValue>
                                                          <DefinedValue>
                                                            <ColumnReference Database="[Star_Schema_Benchmark]" Schema="[dbo]" Table="[Date]" Column="D_Year" />
                                                          </DefinedValue>
                                                        </DefinedValues>
                                                        <Object Database="[Star_Schema_Benchmark]" Schema="[dbo]" Table="[Date]" Index="[PK_Date]" IndexKind="Clustered" />
                                                        <Predicate>
                                                          <ScalarOperator ScalarString="[Star_Schema_Benchmark].[dbo].[Date].[D_Year]&gt;=(1992) AND [Star_Schema_Benchmark].[dbo].[Date].[D_Year]&lt;=(1997)">
                                                            <Logical Operation="AND">
                                                              <ScalarOperator>
                                                                <Compare CompareOp="GE">
                                                                  <ScalarOperator>
                                                                    <Identifier>
                                                                      <ColumnReference Database="[Star_Schema_Benchmark]" Schema="[dbo]" Table="[Date]" Column="D_Year" />
                                                                    </Identifier>
                                                                  </ScalarOperator>
                                                                  <ScalarOperator>
                                                                    <Const ConstValue="(1992)" />
                                                                  </ScalarOperator>
                                                                </Compare>
                                                              </ScalarOperator>
                                                              <ScalarOperator>
                                                                <Compare CompareOp="LE">
                                                                  <ScalarOperator>
                                                                    <Identifier>
                                                                      <ColumnReference Database="[Star_Schema_Benchmark]" Schema="[dbo]" Table="[Date]" Column="D_Year" />
                                                                    </Identifier>
                                                                  </ScalarOperator>
                                                                  <ScalarOperator>
                                                                    <Const ConstValue="(1997)" />
                                                                  </ScalarOperator>
                                                                </Compare>
                                                              </ScalarOperator>
                                                            </Logical>
                                                          </ScalarOperator>
                                                        </Predicate>
                                                      </IndexScan>
                                                    </RelOp>
                                                  </Parallelism>
                                                </RelOp>
                                                <RelOp AvgRowSize="47" EstimateCPU="39.1928" EstimateIO="0" EstimateRebinds="0" EstimateRewinds="0" EstimateRows="12000200" LogicalOp="Repartition Streams" NodeId="15" Parallel="true" PhysicalOp="Parallelism" EstimatedTotalSubtreeCost="155.665">
                                                  <OutputList>
                                                    <ColumnReference Database="[Star_Schema_Benchmark]" Schema="[dbo]" Table="[LineOrder]" Column="LO_CustKey" />
                                                    <ColumnReference Database="[Star_Schema_Benchmark]" Schema="[dbo]" Table="[LineOrder]" Column="LO_OrderDateKey" />
                                                    <ColumnReference Database="[Star_Schema_Benchmark]" Schema="[dbo]" Table="[LineOrder]" Column="LO_Revenue" />
                                                    <ColumnReference Database="[Star_Schema_Benchmark]" Schema="[dbo]" Table="[Supplier]" Column="S_Nation" />
                                                  </OutputList>
                                                  <RunTimeInformation>
                                                    <RunTimeCountersPerThread Thread="2" ActualRows="2985619" ActualEndOfScans="1" ActualExecutions="1" />
                                                    <RunTimeCountersPerThread Thread="4" ActualRows="3031064" ActualEndOfScans="1" ActualExecutions="1" />
                                                    <RunTimeCountersPerThread Thread="1" ActualRows="3046800" ActualEndOfScans="1" ActualExecutions="1" />
                                                    <RunTimeCountersPerThread Thread="3" ActualRows="2941600" ActualEndOfScans="1" ActualExecutions="1" />
                                                    <RunTimeCountersPerThread Thread="0" ActualRows="0" ActualEndOfScans="0" ActualExecutions="0" />
                                                  </RunTimeInformation>
                                                  <Parallelism PartitioningType="Hash">
                                                    <PartitionColumns>
                                                      <ColumnReference Database="[Star_Schema_Benchmark]" Schema="[dbo]" Table="[LineOrder]" Column="LO_OrderDateKey" />
                                                    </PartitionColumns>
                                                    <RelOp AvgRowSize="47" EstimateCPU="25.0805" EstimateIO="0" EstimateRebinds="0" EstimateRewinds="0" EstimateRows="12000200" LogicalOp="Inner Join" NodeId="16" Parallel="true" PhysicalOp="Nested Loops" EstimatedTotalSubtreeCost="116.472">
                                                      <OutputList>
                                                        <ColumnReference Database="[Star_Schema_Benchmark]" Schema="[dbo]" Table="[LineOrder]" Column="LO_CustKey" />
                                                        <ColumnReference Database="[Star_Schema_Benchmark]" Schema="[dbo]" Table="[LineOrder]" Column="LO_OrderDateKey" />
                                                        <ColumnReference Database="[Star_Schema_Benchmark]" Schema="[dbo]" Table="[LineOrder]" Column="LO_Revenue" />
                                                        <ColumnReference Database="[Star_Schema_Benchmark]" Schema="[dbo]" Table="[Supplier]" Column="S_Nation" />
                                                      </OutputList>
                                                      <RunTimeInformation>
                                                        <RunTimeCountersPerThread Thread="1" ActualRows="2995840" ActualEndOfScans="1" ActualExecutions="1" />
                                                        <RunTimeCountersPerThread Thread="4" ActualRows="2907699" ActualEndOfScans="1" ActualExecutions="1" />
                                                        <RunTimeCountersPerThread Thread="2" ActualRows="3085512" ActualEndOfScans="1" ActualExecutions="1" />
                                                        <RunTimeCountersPerThread Thread="3" ActualRows="3016032" ActualEndOfScans="1" ActualExecutions="1" />
                                                        <RunTimeCountersPerThread Thread="0" ActualRows="0" ActualEndOfScans="0" ActualExecutions="0" />
                                                      </RunTimeInformation>
                                                      <NestedLoops Optimized="false" WithUnorderedPrefetch="true">
                                                        <OuterReferences>
                                                          <ColumnReference Database="[Star_Schema_Benchmark]" Schema="[dbo]" Table="[Supplier]" Column="S_SuppKey" />
                                                          <ColumnReference Column="Expr1017" />
                                                        </OuterReferences>
                                                        <RelOp AvgRowSize="38" EstimateCPU="0.0110785" EstimateIO="0.203125" EstimateRebinds="0" EstimateRewinds="0" EstimateRows="4001" LogicalOp="Clustered Index Scan" NodeId="18" Parallel="true" PhysicalOp="Clustered Index Scan" EstimatedTotalSubtreeCost="0.214203" TableCardinality="20000">
                                                          <OutputList>
                                                            <ColumnReference Database="[Star_Schema_Benchmark]" Schema="[dbo]" Table="[Supplier]" Column="S_SuppKey" />
                                                            <ColumnReference Database="[Star_Schema_Benchmark]" Schema="[dbo]" Table="[Supplier]" Column="S_Nation" />
                                                          </OutputList>
                                                          <RunTimeInformation>
                                                            <RunTimeCountersPerThread Thread="4" ActualRows="968" ActualEndOfScans="1" ActualExecutions="1" />
                                                            <RunTimeCountersPerThread Thread="2" ActualRows="1029" ActualEndOfScans="1" ActualExecutions="1" />
                                                            <RunTimeCountersPerThread Thread="1" ActualRows="998" ActualEndOfScans="1" ActualExecutions="1" />
                                                            <RunTimeCountersPerThread Thread="3" ActualRows="1006" ActualEndOfScans="1" ActualExecutions="1" />
                                                            <RunTimeCountersPerThread Thread="0" ActualRows="0" ActualEndOfScans="0" ActualExecutions="0" />
                                                          </RunTimeInformation>
                                                          <IndexScan Ordered="false" ForcedIndex="false" NoExpandHint="false">
                                                            <DefinedValues>
                                                              <DefinedValue>
                                                                <ColumnReference Database="[Star_Schema_Benchmark]" Schema="[dbo]" Table="[Supplier]" Column="S_SuppKey" />
                                                              </DefinedValue>
                                                              <DefinedValue>
                                                                <ColumnReference Database="[Star_Schema_Benchmark]" Schema="[dbo]" Table="[Supplier]" Column="S_Nation" />
                                                              </DefinedValue>
                                                            </DefinedValues>
                                                            <Object Database="[Star_Schema_Benchmark]" Schema="[dbo]" Table="[Supplier]" Index="[PK_Supplier]" IndexKind="Clustered" />
                                                            <Predicate>
                                                              <ScalarOperator ScalarString="[Star_Schema_Benchmark].[dbo].[Supplier].[S_Region]='ASIA'">
                                                                <Compare CompareOp="EQ">
                                                                  <ScalarOperator>
                                                                    <Identifier>
                                                                      <ColumnReference Database="[Star_Schema_Benchmark]" Schema="[dbo]" Table="[Supplier]" Column="S_Region" />
                                                                    </Identifier>
                                                                  </ScalarOperator>
                                                                  <ScalarOperator>
                                                                    <Const ConstValue="'ASIA'" />
                                                                  </ScalarOperator>
                                                                </Compare>
                                                              </ScalarOperator>
                                                            </Predicate>
                                                          </IndexScan>
                                                        </RelOp>
                                                        <RelOp AvgRowSize="32" EstimateCPU="0.00345624" EstimateIO="0.0194213" EstimateRebinds="4000" EstimateRewinds="0" EstimateRows="2999.31" LogicalOp="Index Seek" NodeId="19" Parallel="true" PhysicalOp="Index Seek" EstimatedTotalSubtreeCost="91.1728" TableCardinality="59986200">
                                                          <OutputList>
                                                            <ColumnReference Database="[Star_Schema_Benchmark]" Schema="[dbo]" Table="[LineOrder]" Column="LO_CustKey" />
                                                            <ColumnReference Database="[Star_Schema_Benchmark]" Schema="[dbo]" Table="[LineOrder]" Column="LO_OrderDateKey" />
                                                            <ColumnReference Database="[Star_Schema_Benchmark]" Schema="[dbo]" Table="[LineOrder]" Column="LO_Revenue" />
                                                          </OutputList>
                                                          <RunTimeInformation>
                                                            <RunTimeCountersPerThread Thread="1" ActualRows="2995840" ActualEndOfScans="998" ActualExecutions="998" />
                                                            <RunTimeCountersPerThread Thread="4" ActualRows="2907699" ActualEndOfScans="968" ActualExecutions="968" />
                                                            <RunTimeCountersPerThread Thread="2" ActualRows="3085512" ActualEndOfScans="1029" ActualExecutions="1029" />
                                                            <RunTimeCountersPerThread Thread="3" ActualRows="3016032" ActualEndOfScans="1006" ActualExecutions="1006" />
                                                            <RunTimeCountersPerThread Thread="0" ActualRows="0" ActualEndOfScans="0" ActualExecutions="0" />
                                                          </RunTimeInformation>
                                                          <IndexScan Ordered="true" ScanDirection="FORWARD" ForcedIndex="false" ForceSeek="false" NoExpandHint="false">
                                                            <DefinedValues>
                                                              <DefinedValue>
                                                                <ColumnReference Database="[Star_Schema_Benchmark]" Schema="[dbo]" Table="[LineOrder]" Column="LO_CustKey" />
                                                              </DefinedValue>
                                                              <DefinedValue>
                                                                <ColumnReference Database="[Star_Schema_Benchmark]" Schema="[dbo]" Table="[LineOrder]" Column="LO_OrderDateKey" />
                                                              </DefinedValue>
                                                              <DefinedValue>
                                                                <ColumnReference Database="[Star_Schema_Benchmark]" Schema="[dbo]" Table="[LineOrder]" Column="LO_Revenue" />
                                                              </DefinedValue>
                                                            </DefinedValues>
                                                            <Object Database="[Star_Schema_Benchmark]" Schema="[dbo]" Table="[LineOrder]" Index="[_dta_index_LineOrder_5_21575115__K5_K4_K3_K6_13_14]" IndexKind="NonClustered" />
                                                            <SeekPredicates>
                                                              <SeekPredicateNew>
                                                                <SeekKeys>
                                                                  <Prefix ScanType="EQ">
                                                                    <RangeColumns>
                                                                      <ColumnReference Database="[Star_Schema_Benchmark]" Schema="[dbo]" Table="[LineOrder]" Column="LO_SuppKey" />
                                                                    </RangeColumns>
                                                                    <RangeExpressions>
                                                                      <ScalarOperator ScalarString="[Star_Schema_Benchmark].[dbo].[Supplier].[S_SuppKey]">
                                                                        <Identifier>
                                                                          <ColumnReference Database="[Star_Schema_Benchmark]" Schema="[dbo]" Table="[Supplier]" Column="S_SuppKey" />
                                                                        </Identifier>
                                                                      </ScalarOperator>
                                                                    </RangeExpressions>
                                                                  </Prefix>
                                                                </SeekKeys>
                                                              </SeekPredicateNew>
                                                            </SeekPredicates>
                                                          </IndexScan>
                                                        </RelOp>
                                                      </NestedLoops>
                                                    </RelOp>
                                                  </Parallelism>
                                                </RelOp>
                                              </Hash>
                                            </RelOp>
                                          </Parallelism>
                                        </RelOp>
                                      </Hash>
                                    </RelOp>
                                  </Hash>
                                </RelOp>
                              </Parallelism>
                            </RelOp>
                          </Hash>
                        </RelOp>
                      </ComputeScalar>
                    </RelOp>
                  </Sort>
                </RelOp>
              </Parallelism>
            </RelOp>
          </QueryPlan>
        </StmtSimple>
      </Statements>
    </Batch>
    <Batch>
      <Statements>
        <StmtSimple StatementCompId="8" StatementEstRows="862372" StatementId="8" StatementOptmLevel="FULL" StatementSubTreeCost="125.83" StatementText="select c_city, s_city, d_year, sum(lo_revenue)&#xD;&#xA;as  revenue&#xD;&#xA;from customer, lineorder, supplier, [date]&#xD;&#xA;where lo_custkey = c_customerkey&#xD;&#xA;and lo_suppkey = s_suppkey&#xD;&#xA;and lo_orderdatekey = d_datekey&#xD;&#xA;and c_nation = 'UNITED STATES'&#xD;&#xA;and s_nation = 'UNITED STATES'&#xD;&#xA;and d_year &gt;= 1992 and d_year &lt;= 1997&#xD;&#xA;group by c_city, s_city, d_year&#xD;&#xA;order by d_year asc,  revenue desc;&#xD;&#xA;&#xD;&#xA;--Q3.3&#xD;" StatementType="SELECT" QueryHash="0xF8420E758E7A5A9A" QueryPlanHash="0xBF995B543F98B89C">
          <StatementSetOptions ANSI_NULLS="true" ANSI_PADDING="true" ANSI_WARNINGS="true" ARITHABORT="true" CONCAT_NULL_YIELDS_NULL="true" NUMERIC_ROUNDABORT="false" QUOTED_IDENTIFIER="true" />
          <QueryPlan DegreeOfParallelism="4" MemoryGrant="218528" CachedPlanSize="120" CompileTime="60" CompileCPU="60" CompileMemory="1888">
            <RelOp AvgRowSize="46" EstimateCPU="6.81429" EstimateIO="0" EstimateRebinds="0" EstimateRewinds="0" EstimateRows="862372" LogicalOp="Gather Streams" NodeId="0" Parallel="true" PhysicalOp="Parallelism" EstimatedTotalSubtreeCost="125.83">
              <OutputList>
                <ColumnReference Database="[Star_Schema_Benchmark]" Schema="[dbo]" Table="[Customer]" Column="C_City" />
                <ColumnReference Database="[Star_Schema_Benchmark]" Schema="[dbo]" Table="[Supplier]" Column="S_City" />
                <ColumnReference Database="[Star_Schema_Benchmark]" Schema="[dbo]" Table="[Date]" Column="D_Year" />
                <ColumnReference Column="Expr1012" />
              </OutputList>
              <RunTimeInformation>
                <RunTimeCountersPerThread Thread="0" ActualRows="600" ActualEndOfScans="1" ActualExecutions="1" />
              </RunTimeInformation>
              <Parallelism>
                <OrderBy>
                  <OrderByColumn Ascending="true">
                    <ColumnReference Database="[Star_Schema_Benchmark]" Schema="[dbo]" Table="[Date]" Column="D_Year" />
                  </OrderByColumn>
                  <OrderByColumn Ascending="false">
                    <ColumnReference Column="Expr1012" />
                  </OrderByColumn>
                </OrderBy>
                <RelOp AvgRowSize="46" EstimateCPU="39.0247" EstimateIO="0.00563063" EstimateRebinds="0" EstimateRewinds="0" EstimateRows="862372" LogicalOp="Sort" NodeId="1" Parallel="true" PhysicalOp="Sort" EstimatedTotalSubtreeCost="119.015">
                  <OutputList>
                    <ColumnReference Database="[Star_Schema_Benchmark]" Schema="[dbo]" Table="[Customer]" Column="C_City" />
                    <ColumnReference Database="[Star_Schema_Benchmark]" Schema="[dbo]" Table="[Supplier]" Column="S_City" />
                    <ColumnReference Database="[Star_Schema_Benchmark]" Schema="[dbo]" Table="[Date]" Column="D_Year" />
                    <ColumnReference Column="Expr1012" />
                  </OutputList>
                  <MemoryFractions Input="0.439832" Output="1" />
                  <RunTimeInformation>
                    <RunTimeCountersPerThread Thread="2" ActualRebinds="1" ActualRewinds="0" ActualRows="156" ActualEndOfScans="1" ActualExecutions="1" />
                    <RunTimeCountersPerThread Thread="4" ActualRebinds="1" ActualRewinds="0" ActualRows="145" ActualEndOfScans="1" ActualExecutions="1" />
                    <RunTimeCountersPerThread Thread="1" ActualRebinds="1" ActualRewinds="0" ActualRows="156" ActualEndOfScans="1" ActualExecutions="1" />
                    <RunTimeCountersPerThread Thread="3" ActualRebinds="1" ActualRewinds="0" ActualRows="143" ActualEndOfScans="1" ActualExecutions="1" />
                    <RunTimeCountersPerThread Thread="0" ActualRebinds="0" ActualRewinds="0" ActualRows="0" ActualEndOfScans="0" ActualExecutions="0" />
                  </RunTimeInformation>
                  <Sort Distinct="false">
                    <OrderBy>
                      <OrderByColumn Ascending="true">
                        <ColumnReference Database="[Star_Schema_Benchmark]" Schema="[dbo]" Table="[Date]" Column="D_Year" />
                      </OrderByColumn>
                      <OrderByColumn Ascending="false">
                        <ColumnReference Column="Expr1012" />
                      </OrderByColumn>
                    </OrderBy>
                    <RelOp AvgRowSize="46" EstimateCPU="19.9983" EstimateIO="0" EstimateRebinds="0" EstimateRewinds="0" EstimateRows="862372" LogicalOp="Compute Scalar" NodeId="2" Parallel="true" PhysicalOp="Compute Scalar" EstimatedTotalSubtreeCost="79.9851">
                      <OutputList>
                        <ColumnReference Database="[Star_Schema_Benchmark]" Schema="[dbo]" Table="[Customer]" Column="C_City" />
                        <ColumnReference Database="[Star_Schema_Benchmark]" Schema="[dbo]" Table="[Supplier]" Column="S_City" />
                        <ColumnReference Database="[Star_Schema_Benchmark]" Schema="[dbo]" Table="[Date]" Column="D_Year" />
                        <ColumnReference Column="Expr1012" />
                      </OutputList>
                      <ComputeScalar>
                        <DefinedValues>
                          <DefinedValue>
                            <ColumnReference Column="Expr1012" />
                            <ScalarOperator ScalarString="CASE WHEN [Expr1020]=(0) THEN NULL ELSE [Expr1021] END">
                              <IF>
                                <Condition>
                                  <ScalarOperator>
                                    <Compare CompareOp="EQ">
                                      <ScalarOperator>
                                        <Identifier>
                                          <ColumnReference Column="Expr1020" />
                                        </Identifier>
                                      </ScalarOperator>
                                      <ScalarOperator>
                                        <Const ConstValue="(0)" />
                                      </ScalarOperator>
                                    </Compare>
                                  </ScalarOperator>
                                </Condition>
                                <Then>
                                  <ScalarOperator>
                                    <Const ConstValue="NULL" />
                                  </ScalarOperator>
                                </Then>
                                <Else>
                                  <ScalarOperator>
                                    <Identifier>
                                      <ColumnReference Column="Expr1021" />
                                    </Identifier>
                                  </ScalarOperator>
                                </Else>
                              </IF>
                            </ScalarOperator>
                          </DefinedValue>
                        </DefinedValues>
                        <RelOp AvgRowSize="46" EstimateCPU="19.9983" EstimateIO="0" EstimateRebinds="0" EstimateRewinds="0" EstimateRows="862372" LogicalOp="Aggregate" NodeId="3" Parallel="true" PhysicalOp="Hash Match" EstimatedTotalSubtreeCost="79.9851">
                          <OutputList>
                            <ColumnReference Database="[Star_Schema_Benchmark]" Schema="[dbo]" Table="[Customer]" Column="C_City" />
                            <ColumnReference Database="[Star_Schema_Benchmark]" Schema="[dbo]" Table="[Supplier]" Column="S_City" />
                            <ColumnReference Database="[Star_Schema_Benchmark]" Schema="[dbo]" Table="[Date]" Column="D_Year" />
                            <ColumnReference Column="Expr1020" />
                            <ColumnReference Column="Expr1021" />
                          </OutputList>
                          <MemoryFractions Input="0.875258" Output="0.560168" />
                          <RunTimeInformation>
                            <RunTimeCountersPerThread Thread="2" ActualRows="156" ActualEndOfScans="1" ActualExecutions="1" />
                            <RunTimeCountersPerThread Thread="4" ActualRows="145" ActualEndOfScans="1" ActualExecutions="1" />
                            <RunTimeCountersPerThread Thread="1" ActualRows="156" ActualEndOfScans="1" ActualExecutions="1" />
                            <RunTimeCountersPerThread Thread="3" ActualRows="143" ActualEndOfScans="1" ActualExecutions="1" />
                            <RunTimeCountersPerThread Thread="0" ActualRows="0" ActualEndOfScans="0" ActualExecutions="0" />
                          </RunTimeInformation>
                          <Hash>
                            <DefinedValues>
                              <DefinedValue>
                                <ColumnReference Column="Expr1020" />
                                <ScalarOperator ScalarString="COUNT_BIG([Star_Schema_Benchmark].[dbo].[LineOrder].[LO_Revenue])">
                                  <Aggregate AggType="COUNT_BIG" Distinct="false">
                                    <ScalarOperator>
                                      <Identifier>
                                        <ColumnReference Database="[Star_Schema_Benchmark]" Schema="[dbo]" Table="[LineOrder]" Column="LO_Revenue" />
                                      </Identifier>
                                    </ScalarOperator>
                                  </Aggregate>
                                </ScalarOperator>
                              </DefinedValue>
                              <DefinedValue>
                                <ColumnReference Column="Expr1021" />
                                <ScalarOperator ScalarString="SUM([Star_Schema_Benchmark].[dbo].[LineOrder].[LO_Revenue])">
                                  <Aggregate AggType="SUM" Distinct="false">
                                    <ScalarOperator>
                                      <Identifier>
                                        <ColumnReference Database="[Star_Schema_Benchmark]" Schema="[dbo]" Table="[LineOrder]" Column="LO_Revenue" />
                                      </Identifier>
                                    </ScalarOperator>
                                  </Aggregate>
                                </ScalarOperator>
                              </DefinedValue>
                            </DefinedValues>
                            <HashKeysBuild>
                              <ColumnReference Database="[Star_Schema_Benchmark]" Schema="[dbo]" Table="[Customer]" Column="C_City" />
                              <ColumnReference Database="[Star_Schema_Benchmark]" Schema="[dbo]" Table="[Supplier]" Column="S_City" />
                              <ColumnReference Database="[Star_Schema_Benchmark]" Schema="[dbo]" Table="[Date]" Column="D_Year" />
                            </HashKeysBuild>
                            <BuildResidual>
                              <ScalarOperator ScalarString="[Star_Schema_Benchmark].[dbo].[Customer].[C_City] = [Star_Schema_Benchmark].[dbo].[Customer].[C_City] AND [Star_Schema_Benchmark].[dbo].[Supplier].[S_City] = [Star_Schema_Benchmark].[dbo].[Supplier].[S_City] AND [Star_Schema_Benchmark].[dbo].[Date].[D_Year] = [Star_Schema_Benchmark].[dbo].[Date].[D_Year]">
                                <Logical Operation="AND">
                                  <ScalarOperator>
                                    <Logical Operation="AND">
                                      <ScalarOperator>
                                        <Compare CompareOp="IS">
                                          <ScalarOperator>
                                            <Identifier>
                                              <ColumnReference Database="[Star_Schema_Benchmark]" Schema="[dbo]" Table="[Customer]" Column="C_City" />
                                            </Identifier>
                                          </ScalarOperator>
                                          <ScalarOperator>
                                            <Identifier>
                                              <ColumnReference Database="[Star_Schema_Benchmark]" Schema="[dbo]" Table="[Customer]" Column="C_City" />
                                            </Identifier>
                                          </ScalarOperator>
                                        </Compare>
                                      </ScalarOperator>
                                      <ScalarOperator>
                                        <Compare CompareOp="IS">
                                          <ScalarOperator>
                                            <Identifier>
                                              <ColumnReference Database="[Star_Schema_Benchmark]" Schema="[dbo]" Table="[Supplier]" Column="S_City" />
                                            </Identifier>
                                          </ScalarOperator>
                                          <ScalarOperator>
                                            <Identifier>
                                              <ColumnReference Database="[Star_Schema_Benchmark]" Schema="[dbo]" Table="[Supplier]" Column="S_City" />
                                            </Identifier>
                                          </ScalarOperator>
                                        </Compare>
                                      </ScalarOperator>
                                    </Logical>
                                  </ScalarOperator>
                                  <ScalarOperator>
                                    <Compare CompareOp="IS">
                                      <ScalarOperator>
                                        <Identifier>
                                          <ColumnReference Database="[Star_Schema_Benchmark]" Schema="[dbo]" Table="[Date]" Column="D_Year" />
                                        </Identifier>
                                      </ScalarOperator>
                                      <ScalarOperator>
                                        <Identifier>
                                          <ColumnReference Database="[Star_Schema_Benchmark]" Schema="[dbo]" Table="[Date]" Column="D_Year" />
                                        </Identifier>
                                      </ScalarOperator>
                                    </Compare>
                                  </ScalarOperator>
                                </Logical>
                              </ScalarOperator>
                            </BuildResidual>
                            <RelOp AvgRowSize="38" EstimateCPU="2.91928" EstimateIO="0" EstimateRebinds="0" EstimateRewinds="0" EstimateRows="862372" LogicalOp="Repartition Streams" NodeId="4" Parallel="true" PhysicalOp="Parallelism" EstimatedTotalSubtreeCost="59.9868">
                              <OutputList>
                                <ColumnReference Database="[Star_Schema_Benchmark]" Schema="[dbo]" Table="[Customer]" Column="C_City" />
                                <ColumnReference Database="[Star_Schema_Benchmark]" Schema="[dbo]" Table="[LineOrder]" Column="LO_Revenue" />
                                <ColumnReference Database="[Star_Schema_Benchmark]" Schema="[dbo]" Table="[Supplier]" Column="S_City" />
                                <ColumnReference Database="[Star_Schema_Benchmark]" Schema="[dbo]" Table="[Date]" Column="D_Year" />
                              </OutputList>
                              <RunTimeInformation>
                                <RunTimeCountersPerThread Thread="4" ActualRows="21001" ActualEndOfScans="1" ActualExecutions="1" />
                                <RunTimeCountersPerThread Thread="1" ActualRows="23125" ActualEndOfScans="1" ActualExecutions="1" />
                                <RunTimeCountersPerThread Thread="3" ActualRows="20971" ActualEndOfScans="1" ActualExecutions="1" />
                                <RunTimeCountersPerThread Thread="2" ActualRows="23034" ActualEndOfScans="1" ActualExecutions="1" />
                                <RunTimeCountersPerThread Thread="0" ActualRows="0" ActualEndOfScans="0" ActualExecutions="0" />
                              </RunTimeInformation>
                              <Parallelism PartitioningType="Hash">
                                <PartitionColumns>
                                  <ColumnReference Database="[Star_Schema_Benchmark]" Schema="[dbo]" Table="[Customer]" Column="C_City" />
                                  <ColumnReference Database="[Star_Schema_Benchmark]" Schema="[dbo]" Table="[Supplier]" Column="S_City" />
                                  <ColumnReference Database="[Star_Schema_Benchmark]" Schema="[dbo]" Table="[Date]" Column="D_Year" />
                                </PartitionColumns>
                                <RelOp AvgRowSize="38" EstimateCPU="6.98647" EstimateIO="0" EstimateRebinds="0" EstimateRewinds="0" EstimateRows="862372" LogicalOp="Inner Join" NodeId="5" Parallel="true" PhysicalOp="Hash Match" EstimatedTotalSubtreeCost="57.0675">
                                  <OutputList>
                                    <ColumnReference Database="[Star_Schema_Benchmark]" Schema="[dbo]" Table="[Customer]" Column="C_City" />
                                    <ColumnReference Database="[Star_Schema_Benchmark]" Schema="[dbo]" Table="[LineOrder]" Column="LO_Revenue" />
                                    <ColumnReference Database="[Star_Schema_Benchmark]" Schema="[dbo]" Table="[Supplier]" Column="S_City" />
                                    <ColumnReference Database="[Star_Schema_Benchmark]" Schema="[dbo]" Table="[Date]" Column="D_Year" />
                                  </OutputList>
                                  <MemoryFractions Input="0.773081" Output="0.0964359" />
                                  <RunTimeInformation>
                                    <RunTimeCountersPerThread Thread="3" ActualRows="22022" ActualEndOfScans="1" ActualExecutions="1" />
                                    <RunTimeCountersPerThread Thread="2" ActualRows="22207" ActualEndOfScans="1" ActualExecutions="1" />
                                    <RunTimeCountersPerThread Thread="1" ActualRows="21261" ActualEndOfScans="1" ActualExecutions="1" />
                                    <RunTimeCountersPerThread Thread="4" ActualRows="22641" ActualEndOfScans="1" ActualExecutions="1" />
                                    <RunTimeCountersPerThread Thread="0" ActualRows="0" ActualEndOfScans="0" ActualExecutions="0" />
                                  </RunTimeInformation>
                                  <Hash>
                                    <DefinedValues />
                                    <HashKeysBuild>
                                      <ColumnReference Database="[Star_Schema_Benchmark]" Schema="[dbo]" Table="[Customer]" Column="C_CustomerKey" />
                                    </HashKeysBuild>
                                    <HashKeysProbe>
                                      <ColumnReference Database="[Star_Schema_Benchmark]" Schema="[dbo]" Table="[LineOrder]" Column="LO_CustKey" />
                                    </HashKeysProbe>
                                    <ProbeResidual>
                                      <ScalarOperator ScalarString="[Star_Schema_Benchmark].[dbo].[LineOrder].[LO_CustKey]=[Star_Schema_Benchmark].[dbo].[Customer].[C_CustomerKey]">
                                        <Compare CompareOp="EQ">
                                          <ScalarOperator>
                                            <Identifier>
                                              <ColumnReference Database="[Star_Schema_Benchmark]" Schema="[dbo]" Table="[LineOrder]" Column="LO_CustKey" />
                                            </Identifier>
                                          </ScalarOperator>
                                          <ScalarOperator>
                                            <Identifier>
                                              <ColumnReference Database="[Star_Schema_Benchmark]" Schema="[dbo]" Table="[Customer]" Column="C_CustomerKey" />
                                            </Identifier>
                                          </ScalarOperator>
                                        </Compare>
                                      </ScalarOperator>
                                    </ProbeResidual>
                                    <RelOp AvgRowSize="25" EstimateCPU="0.0522296" EstimateIO="0" EstimateRebinds="0" EstimateRewinds="0" EstimateRows="11737.9" LogicalOp="Bitmap Create" NodeId="6" Parallel="true" PhysicalOp="Bitmap" EstimatedTotalSubtreeCost="3.55614">
                                      <OutputList>
                                        <ColumnReference Database="[Star_Schema_Benchmark]" Schema="[dbo]" Table="[Customer]" Column="C_CustomerKey" />
                                        <ColumnReference Database="[Star_Schema_Benchmark]" Schema="[dbo]" Table="[Customer]" Column="C_City" />
                                      </OutputList>
                                      <RunTimeInformation>
                                        <RunTimeCountersPerThread Thread="3" ActualRows="2878" ActualEndOfScans="1" ActualExecutions="1" />
                                        <RunTimeCountersPerThread Thread="4" ActualRows="3023" ActualEndOfScans="1" ActualExecutions="1" />
                                        <RunTimeCountersPerThread Thread="2" ActualRows="3014" ActualEndOfScans="1" ActualExecutions="1" />
                                        <RunTimeCountersPerThread Thread="1" ActualRows="2998" ActualEndOfScans="1" ActualExecutions="1" />
                                        <RunTimeCountersPerThread Thread="0" ActualRows="0" ActualEndOfScans="0" ActualExecutions="0" />
                                      </RunTimeInformation>
                                      <Bitmap>
                                        <DefinedValues>
                                          <DefinedValue>
                                            <ColumnReference Column="Bitmap1019" />
                                          </DefinedValue>
                                        </DefinedValues>
                                        <HashKeys>
                                          <ColumnReference Database="[Star_Schema_Benchmark]" Schema="[dbo]" Table="[Customer]" Column="C_CustomerKey" />
                                        </HashKeys>
                                        <RelOp AvgRowSize="25" EstimateCPU="0.0522296" EstimateIO="0" EstimateRebinds="0" EstimateRewinds="0" EstimateRows="11737.9" LogicalOp="Repartition Streams" NodeId="7" Parallel="true" PhysicalOp="Parallelism" EstimatedTotalSubtreeCost="3.55614">
                                          <OutputList>
                                            <ColumnReference Database="[Star_Schema_Benchmark]" Schema="[dbo]" Table="[Customer]" Column="C_CustomerKey" />
                                            <ColumnReference Database="[Star_Schema_Benchmark]" Schema="[dbo]" Table="[Customer]" Column="C_City" />
                                          </OutputList>
                                          <RunTimeInformation>
                                            <RunTimeCountersPerThread Thread="3" ActualRows="2878" ActualEndOfScans="1" ActualExecutions="1" />
                                            <RunTimeCountersPerThread Thread="4" ActualRows="3023" ActualEndOfScans="1" ActualExecutions="1" />
                                            <RunTimeCountersPerThread Thread="2" ActualRows="3014" ActualEndOfScans="1" ActualExecutions="1" />
                                            <RunTimeCountersPerThread Thread="1" ActualRows="2998" ActualEndOfScans="1" ActualExecutions="1" />
                                            <RunTimeCountersPerThread Thread="0" ActualRows="0" ActualEndOfScans="0" ActualExecutions="0" />
                                          </RunTimeInformation>
                                          <Parallelism PartitioningType="Hash">
                                            <PartitionColumns>
                                              <ColumnReference Database="[Star_Schema_Benchmark]" Schema="[dbo]" Table="[Customer]" Column="C_CustomerKey" />
                                            </PartitionColumns>
                                            <RelOp AvgRowSize="40" EstimateCPU="0.165079" EstimateIO="3.26683" EstimateRebinds="0" EstimateRewinds="0" EstimateRows="11737.9" LogicalOp="Clustered Index Scan" NodeId="8" Parallel="true" PhysicalOp="Clustered Index Scan" EstimatedTotalSubtreeCost="3.43191" TableCardinality="300000">
                                              <OutputList>
                                                <ColumnReference Database="[Star_Schema_Benchmark]" Schema="[dbo]" Table="[Customer]" Column="C_CustomerKey" />
                                                <ColumnReference Database="[Star_Schema_Benchmark]" Schema="[dbo]" Table="[Customer]" Column="C_City" />
                                              </OutputList>
                                              <RunTimeInformation>
                                                <RunTimeCountersPerThread Thread="1" ActualRows="2973" ActualEndOfScans="1" ActualExecutions="1" />
                                                <RunTimeCountersPerThread Thread="4" ActualRows="2623" ActualEndOfScans="1" ActualExecutions="1" />
                                                <RunTimeCountersPerThread Thread="3" ActualRows="3266" ActualEndOfScans="1" ActualExecutions="1" />
                                                <RunTimeCountersPerThread Thread="2" ActualRows="3051" ActualEndOfScans="1" ActualExecutions="1" />
                                                <RunTimeCountersPerThread Thread="0" ActualRows="0" ActualEndOfScans="0" ActualExecutions="0" />
                                              </RunTimeInformation>
                                              <IndexScan Ordered="false" ForcedIndex="false" NoExpandHint="false">
                                                <DefinedValues>
                                                  <DefinedValue>
                                                    <ColumnReference Database="[Star_Schema_Benchmark]" Schema="[dbo]" Table="[Customer]" Column="C_CustomerKey" />
                                                  </DefinedValue>
                                                  <DefinedValue>
                                                    <ColumnReference Database="[Star_Schema_Benchmark]" Schema="[dbo]" Table="[Customer]" Column="C_City" />
                                                  </DefinedValue>
                                                </DefinedValues>
                                                <Object Database="[Star_Schema_Benchmark]" Schema="[dbo]" Table="[Customer]" Index="[PK_Customer]" IndexKind="Clustered" />
                                                <Predicate>
                                                  <ScalarOperator ScalarString="[Star_Schema_Benchmark].[dbo].[Customer].[C_Nation]='UNITED STATES'">
                                                    <Compare CompareOp="EQ">
                                                      <ScalarOperator>
                                                        <Identifier>
                                                          <ColumnReference Database="[Star_Schema_Benchmark]" Schema="[dbo]" Table="[Customer]" Column="C_Nation" />
                                                        </Identifier>
                                                      </ScalarOperator>
                                                      <ScalarOperator>
                                                        <Const ConstValue="'UNITED STATES'" />
                                                      </ScalarOperator>
                                                    </Compare>
                                                  </ScalarOperator>
                                                </Predicate>
                                              </IndexScan>
                                            </RelOp>
                                          </Parallelism>
                                        </RelOp>
                                      </Bitmap>
                                    </RelOp>
                                    <RelOp AvgRowSize="36" EstimateCPU="5.23216" EstimateIO="0" EstimateRebinds="0" EstimateRewinds="0" EstimateRows="1804240" LogicalOp="Repartition Streams" NodeId="9" Parallel="true" PhysicalOp="Parallelism" EstimatedTotalSubtreeCost="46.5249">
                                      <OutputList>
                                        <ColumnReference Database="[Star_Schema_Benchmark]" Schema="[dbo]" Table="[LineOrder]" Column="LO_CustKey" />
                                        <ColumnReference Database="[Star_Schema_Benchmark]" Schema="[dbo]" Table="[LineOrder]" Column="LO_Revenue" />
                                        <ColumnReference Database="[Star_Schema_Benchmark]" Schema="[dbo]" Table="[Supplier]" Column="S_City" />
                                        <ColumnReference Database="[Star_Schema_Benchmark]" Schema="[dbo]" Table="[Date]" Column="D_Year" />
                                      </OutputList>
                                      <RunTimeInformation>
                                        <RunTimeCountersPerThread Thread="3" ActualRows="22522" ActualEndOfScans="1" ActualExecutions="1" />
                                        <RunTimeCountersPerThread Thread="4" ActualRows="23210" ActualEndOfScans="1" ActualExecutions="1" />
                                        <RunTimeCountersPerThread Thread="2" ActualRows="22651" ActualEndOfScans="1" ActualExecutions="1" />
                                        <RunTimeCountersPerThread Thread="1" ActualRows="21727" ActualEndOfScans="1" ActualExecutions="1" />
                                        <RunTimeCountersPerThread Thread="0" ActualRows="0" ActualEndOfScans="0" ActualExecutions="0" />
                                      </RunTimeInformation>
                                      <Parallelism PartitioningType="Hash">
                                        <PartitionColumns>
                                          <ColumnReference Database="[Star_Schema_Benchmark]" Schema="[dbo]" Table="[LineOrder]" Column="LO_CustKey" />
                                        </PartitionColumns>
                                        <Predicate>
                                          <ScalarOperator ScalarString="PROBE([Bitmap1019],[Star_Schema_Benchmark].[dbo].[LineOrder].[LO_CustKey])">
                                            <Intrinsic FunctionName="PROBE">
                                              <ScalarOperator>
                                                <Identifier>
                                                  <ColumnReference Column="Bitmap1019" />
                                                </Identifier>
                                              </ScalarOperator>
                                              <ScalarOperator>
                                                <Identifier>
                                                  <ColumnReference Database="[Star_Schema_Benchmark]" Schema="[dbo]" Table="[LineOrder]" Column="LO_CustKey" />
                                                </Identifier>
                                              </ScalarOperator>
                                            </Intrinsic>
                                          </ScalarOperator>
                                        </Predicate>
                                        <RelOp AvgRowSize="36" EstimateCPU="9.94092" EstimateIO="0" EstimateRebinds="0" EstimateRewinds="0" EstimateRows="1804240" LogicalOp="Inner Join" NodeId="10" Parallel="true" PhysicalOp="Hash Match" EstimatedTotalSubtreeCost="41.2928">
                                          <OutputList>
                                            <ColumnReference Database="[Star_Schema_Benchmark]" Schema="[dbo]" Table="[LineOrder]" Column="LO_CustKey" />
                                            <ColumnReference Database="[Star_Schema_Benchmark]" Schema="[dbo]" Table="[LineOrder]" Column="LO_Revenue" />
                                            <ColumnReference Database="[Star_Schema_Benchmark]" Schema="[dbo]" Table="[Supplier]" Column="S_City" />
                                            <ColumnReference Database="[Star_Schema_Benchmark]" Schema="[dbo]" Table="[Date]" Column="D_Year" />
                                          </OutputList>
                                          <MemoryFractions Input="0.226919" Output="0.0283065" />
                                          <RunTimeInformation>
                                            <RunTimeCountersPerThread Thread="1" ActualRows="557786" ActualEndOfScans="1" ActualExecutions="1" />
                                            <RunTimeCountersPerThread Thread="2" ActualRows="556253" ActualEndOfScans="1" ActualExecutions="1" />
                                            <RunTimeCountersPerThread Thread="4" ActualRows="558864" ActualEndOfScans="1" ActualExecutions="1" />
                                            <RunTimeCountersPerThread Thread="3" ActualRows="538630" ActualEndOfScans="1" ActualExecutions="1" />
                                            <RunTimeCountersPerThread Thread="0" ActualRows="0" ActualEndOfScans="0" ActualExecutions="0" />
                                          </RunTimeInformation>
                                          <Hash>
                                            <DefinedValues />
                                            <HashKeysBuild>
                                              <ColumnReference Database="[Star_Schema_Benchmark]" Schema="[dbo]" Table="[Date]" Column="D_DateKey" />
                                            </HashKeysBuild>
                                            <HashKeysProbe>
                                              <ColumnReference Database="[Star_Schema_Benchmark]" Schema="[dbo]" Table="[LineOrder]" Column="LO_OrderDateKey" />
                                            </HashKeysProbe>
                                            <ProbeResidual>
                                              <ScalarOperator ScalarString="[Star_Schema_Benchmark].[dbo].[LineOrder].[LO_OrderDateKey]=[Star_Schema_Benchmark].[dbo].[Date].[D_DateKey]">
                                                <Compare CompareOp="EQ">
                                                  <ScalarOperator>
                                                    <Identifier>
                                                      <ColumnReference Database="[Star_Schema_Benchmark]" Schema="[dbo]" Table="[LineOrder]" Column="LO_OrderDateKey" />
                                                    </Identifier>
                                                  </ScalarOperator>
                                                  <ScalarOperator>
                                                    <Identifier>
                                                      <ColumnReference Database="[Star_Schema_Benchmark]" Schema="[dbo]" Table="[Date]" Column="D_DateKey" />
                                                    </Identifier>
                                                  </ScalarOperator>
                                                </Compare>
                                              </ScalarOperator>
                                            </ProbeResidual>
                                            <RelOp AvgRowSize="17" EstimateCPU="0.0323264" EstimateIO="0" EstimateRebinds="0" EstimateRewinds="0" EstimateRows="2192" LogicalOp="Bitmap Create" NodeId="11" Parallel="true" PhysicalOp="Bitmap" EstimatedTotalSubtreeCost="0.0580604">
                                              <OutputList>
                                                <ColumnReference Database="[Star_Schema_Benchmark]" Schema="[dbo]" Table="[Date]" Column="D_DateKey" />
                                                <ColumnReference Database="[Star_Schema_Benchmark]" Schema="[dbo]" Table="[Date]" Column="D_Year" />
                                              </OutputList>
                                              <RunTimeInformation>
                                                <RunTimeCountersPerThread Thread="4" ActualRows="553" ActualEndOfScans="1" ActualExecutions="1" />
                                                <RunTimeCountersPerThread Thread="3" ActualRows="535" ActualEndOfScans="1" ActualExecutions="1" />
                                                <RunTimeCountersPerThread Thread="2" ActualRows="551" ActualEndOfScans="1" ActualExecutions="1" />
                                                <RunTimeCountersPerThread Thread="1" ActualRows="553" ActualEndOfScans="1" ActualExecutions="1" />
                                                <RunTimeCountersPerThread Thread="0" ActualRows="0" ActualEndOfScans="0" ActualExecutions="0" />
                                              </RunTimeInformation>
                                              <Bitmap>
                                                <DefinedValues>
                                                  <DefinedValue>
                                                    <ColumnReference Column="Bitmap1018" />
                                                  </DefinedValue>
                                                </DefinedValues>
                                                <HashKeys>
                                                  <ColumnReference Database="[Star_Schema_Benchmark]" Schema="[dbo]" Table="[Date]" Column="D_DateKey" />
                                                </HashKeys>
                                                <RelOp AvgRowSize="17" EstimateCPU="0.0323264" EstimateIO="0" EstimateRebinds="0" EstimateRewinds="0" EstimateRows="2192" LogicalOp="Repartition Streams" NodeId="12" Parallel="true" PhysicalOp="Parallelism" EstimatedTotalSubtreeCost="0.0580604">
                                                  <OutputList>
                                                    <ColumnReference Database="[Star_Schema_Benchmark]" Schema="[dbo]" Table="[Date]" Column="D_DateKey" />
                                                    <ColumnReference Database="[Star_Schema_Benchmark]" Schema="[dbo]" Table="[Date]" Column="D_Year" />
                                                  </OutputList>
                                                  <RunTimeInformation>
                                                    <RunTimeCountersPerThread Thread="4" ActualRows="553" ActualEndOfScans="1" ActualExecutions="1" />
                                                    <RunTimeCountersPerThread Thread="3" ActualRows="535" ActualEndOfScans="1" ActualExecutions="1" />
                                                    <RunTimeCountersPerThread Thread="2" ActualRows="551" ActualEndOfScans="1" ActualExecutions="1" />
                                                    <RunTimeCountersPerThread Thread="1" ActualRows="553" ActualEndOfScans="1" ActualExecutions="1" />
                                                    <RunTimeCountersPerThread Thread="0" ActualRows="0" ActualEndOfScans="0" ActualExecutions="0" />
                                                  </RunTimeInformation>
                                                  <Parallelism PartitioningType="Hash">
                                                    <PartitionColumns>
                                                      <ColumnReference Database="[Star_Schema_Benchmark]" Schema="[dbo]" Table="[Date]" Column="D_DateKey" />
                                                    </PartitionColumns>
                                                    <RelOp AvgRowSize="17" EstimateCPU="0.0014843" EstimateIO="0.023125" EstimateRebinds="0" EstimateRewinds="0" EstimateRows="2192" LogicalOp="Clustered Index Scan" NodeId="13" Parallel="true" PhysicalOp="Clustered Index Scan" EstimatedTotalSubtreeCost="0.0246093" TableCardinality="2556">
                                                      <OutputList>
                                                        <ColumnReference Database="[Star_Schema_Benchmark]" Schema="[dbo]" Table="[Date]" Column="D_DateKey" />
                                                        <ColumnReference Database="[Star_Schema_Benchmark]" Schema="[dbo]" Table="[Date]" Column="D_Year" />
                                                      </OutputList>
                                                      <RunTimeInformation>
                                                        <RunTimeCountersPerThread Thread="1" ActualRows="517" ActualEndOfScans="1" ActualExecutions="1" />
                                                        <RunTimeCountersPerThread Thread="4" ActualRows="558" ActualEndOfScans="1" ActualExecutions="1" />
                                                        <RunTimeCountersPerThread Thread="2" ActualRows="558" ActualEndOfScans="1" ActualExecutions="1" />
                                                        <RunTimeCountersPerThread Thread="3" ActualRows="559" ActualEndOfScans="1" ActualExecutions="1" />
                                                        <RunTimeCountersPerThread Thread="0" ActualRows="0" ActualEndOfScans="0" ActualExecutions="0" />
                                                      </RunTimeInformation>
                                                      <IndexScan Ordered="false" ForcedIndex="false" NoExpandHint="false">
                                                        <DefinedValues>
                                                          <DefinedValue>
                                                            <ColumnReference Database="[Star_Schema_Benchmark]" Schema="[dbo]" Table="[Date]" Column="D_DateKey" />
                                                          </DefinedValue>
                                                          <DefinedValue>
                                                            <ColumnReference Database="[Star_Schema_Benchmark]" Schema="[dbo]" Table="[Date]" Column="D_Year" />
                                                          </DefinedValue>
                                                        </DefinedValues>
                                                        <Object Database="[Star_Schema_Benchmark]" Schema="[dbo]" Table="[Date]" Index="[PK_Date]" IndexKind="Clustered" />
                                                        <Predicate>
                                                          <ScalarOperator ScalarString="[Star_Schema_Benchmark].[dbo].[Date].[D_Year]&gt;=(1992) AND [Star_Schema_Benchmark].[dbo].[Date].[D_Year]&lt;=(1997)">
                                                            <Logical Operation="AND">
                                                              <ScalarOperator>
                                                                <Compare CompareOp="GE">
                                                                  <ScalarOperator>
                                                                    <Identifier>
                                                                      <ColumnReference Database="[Star_Schema_Benchmark]" Schema="[dbo]" Table="[Date]" Column="D_Year" />
                                                                    </Identifier>
                                                                  </ScalarOperator>
                                                                  <ScalarOperator>
                                                                    <Const ConstValue="(1992)" />
                                                                  </ScalarOperator>
                                                                </Compare>
                                                              </ScalarOperator>
                                                              <ScalarOperator>
                                                                <Compare CompareOp="LE">
                                                                  <ScalarOperator>
                                                                    <Identifier>
                                                                      <ColumnReference Database="[Star_Schema_Benchmark]" Schema="[dbo]" Table="[Date]" Column="D_Year" />
                                                                    </Identifier>
                                                                  </ScalarOperator>
                                                                  <ScalarOperator>
                                                                    <Const ConstValue="(1997)" />
                                                                  </ScalarOperator>
                                                                </Compare>
                                                              </ScalarOperator>
                                                            </Logical>
                                                          </ScalarOperator>
                                                        </Predicate>
                                                      </IndexScan>
                                                    </RelOp>
                                                  </Parallelism>
                                                </RelOp>
                                              </Bitmap>
                                            </RelOp>
                                            <RelOp AvgRowSize="42" EstimateCPU="7.52894" EstimateIO="0" EstimateRebinds="0" EstimateRewinds="0" EstimateRows="2426440" LogicalOp="Repartition Streams" NodeId="14" Parallel="true" PhysicalOp="Parallelism" EstimatedTotalSubtreeCost="31.2938">
                                              <OutputList>
                                                <ColumnReference Database="[Star_Schema_Benchmark]" Schema="[dbo]" Table="[LineOrder]" Column="LO_CustKey" />
                                                <ColumnReference Database="[Star_Schema_Benchmark]" Schema="[dbo]" Table="[LineOrder]" Column="LO_OrderDateKey" />
                                                <ColumnReference Database="[Star_Schema_Benchmark]" Schema="[dbo]" Table="[LineOrder]" Column="LO_Revenue" />
                                                <ColumnReference Database="[Star_Schema_Benchmark]" Schema="[dbo]" Table="[Supplier]" Column="S_City" />
                                              </OutputList>
                                              <RunTimeInformation>
                                                <RunTimeCountersPerThread Thread="4" ActualRows="558864" ActualEndOfScans="1" ActualExecutions="1" />
                                                <RunTimeCountersPerThread Thread="3" ActualRows="538630" ActualEndOfScans="1" ActualExecutions="1" />
                                                <RunTimeCountersPerThread Thread="2" ActualRows="556253" ActualEndOfScans="1" ActualExecutions="1" />
                                                <RunTimeCountersPerThread Thread="1" ActualRows="557786" ActualEndOfScans="1" ActualExecutions="1" />
                                                <RunTimeCountersPerThread Thread="0" ActualRows="0" ActualEndOfScans="0" ActualExecutions="0" />
                                              </RunTimeInformation>
                                              <Parallelism PartitioningType="Hash">
                                                <PartitionColumns>
                                                  <ColumnReference Database="[Star_Schema_Benchmark]" Schema="[dbo]" Table="[LineOrder]" Column="LO_OrderDateKey" />
                                                </PartitionColumns>
                                                <Predicate>
                                                  <ScalarOperator ScalarString="PROBE([Bitmap1018],[Star_Schema_Benchmark].[dbo].[LineOrder].[LO_OrderDateKey])">
                                                    <Intrinsic FunctionName="PROBE">
                                                      <ScalarOperator>
                                                        <Identifier>
                                                          <ColumnReference Column="Bitmap1018" />
                                                        </Identifier>
                                                      </ScalarOperator>
                                                      <ScalarOperator>
                                                        <Identifier>
                                                          <ColumnReference Database="[Star_Schema_Benchmark]" Schema="[dbo]" Table="[LineOrder]" Column="LO_OrderDateKey" />
                                                        </Identifier>
                                                      </ScalarOperator>
                                                    </Intrinsic>
                                                  </ScalarOperator>
                                                </Predicate>
                                                <RelOp AvgRowSize="42" EstimateCPU="5.07126" EstimateIO="0" EstimateRebinds="0" EstimateRewinds="0" EstimateRows="2426440" LogicalOp="Inner Join" NodeId="15" Parallel="true" PhysicalOp="Nested Loops" EstimatedTotalSubtreeCost="23.7648">
                                                  <OutputList>
                                                    <ColumnReference Database="[Star_Schema_Benchmark]" Schema="[dbo]" Table="[LineOrder]" Column="LO_CustKey" />
                                                    <ColumnReference Database="[Star_Schema_Benchmark]" Schema="[dbo]" Table="[LineOrder]" Column="LO_OrderDateKey" />
                                                    <ColumnReference Database="[Star_Schema_Benchmark]" Schema="[dbo]" Table="[LineOrder]" Column="LO_Revenue" />
                                                    <ColumnReference Database="[Star_Schema_Benchmark]" Schema="[dbo]" Table="[Supplier]" Column="S_City" />
                                                  </OutputList>
                                                  <RunTimeInformation>
                                                    <RunTimeCountersPerThread Thread="1" ActualRows="609481" ActualEndOfScans="1" ActualExecutions="1" />
                                                    <RunTimeCountersPerThread Thread="2" ActualRows="609187" ActualEndOfScans="1" ActualExecutions="1" />
                                                    <RunTimeCountersPerThread Thread="4" ActualRows="606175" ActualEndOfScans="1" ActualExecutions="1" />
                                                    <RunTimeCountersPerThread Thread="3" ActualRows="602370" ActualEndOfScans="1" ActualExecutions="1" />
                                                    <RunTimeCountersPerThread Thread="0" ActualRows="0" ActualEndOfScans="0" ActualExecutions="0" />
                                                  </RunTimeInformation>
                                                  <NestedLoops Optimized="false" WithUnorderedPrefetch="true">
                                                    <OuterReferences>
                                                      <ColumnReference Database="[Star_Schema_Benchmark]" Schema="[dbo]" Table="[Supplier]" Column="S_SuppKey" />
                                                      <ColumnReference Column="Expr1017" />
                                                    </OuterReferences>
                                                    <RelOp AvgRowSize="21" EstimateCPU="0.0337773" EstimateIO="0" EstimateRebinds="0" EstimateRewinds="0" EstimateRows="809" LogicalOp="Repartition Streams" NodeId="17" Parallel="true" PhysicalOp="Parallelism" EstimatedTotalSubtreeCost="0.252781">
                                                      <OutputList>
                                                        <ColumnReference Database="[Star_Schema_Benchmark]" Schema="[dbo]" Table="[Supplier]" Column="S_SuppKey" />
                                                        <ColumnReference Database="[Star_Schema_Benchmark]" Schema="[dbo]" Table="[Supplier]" Column="S_City" />
                                                      </OutputList>
                                                      <RunTimeInformation>
                                                        <RunTimeCountersPerThread Thread="1" ActualRows="203" ActualEndOfScans="1" ActualExecutions="1" />
                                                        <RunTimeCountersPerThread Thread="4" ActualRows="202" ActualEndOfScans="1" ActualExecutions="1" />
                                                        <RunTimeCountersPerThread Thread="3" ActualRows="201" ActualEndOfScans="1" ActualExecutions="1" />
                                                        <RunTimeCountersPerThread Thread="2" ActualRows="203" ActualEndOfScans="1" ActualExecutions="1" />
                                                        <RunTimeCountersPerThread Thread="0" ActualRows="0" ActualEndOfScans="0" ActualExecutions="0" />
                                                      </RunTimeInformation>
                                                      <Parallelism PartitioningType="RoundRobin">
                                                        <RelOp AvgRowSize="36" EstimateCPU="0.0110785" EstimateIO="0.203125" EstimateRebinds="0" EstimateRewinds="0" EstimateRows="809" LogicalOp="Clustered Index Scan" NodeId="18" Parallel="true" PhysicalOp="Clustered Index Scan" EstimatedTotalSubtreeCost="0.214203" TableCardinality="20000">
                                                          <OutputList>
                                                            <ColumnReference Database="[Star_Schema_Benchmark]" Schema="[dbo]" Table="[Supplier]" Column="S_SuppKey" />
                                                            <ColumnReference Database="[Star_Schema_Benchmark]" Schema="[dbo]" Table="[Supplier]" Column="S_City" />
                                                          </OutputList>
                                                          <RunTimeInformation>
                                                            <RunTimeCountersPerThread Thread="1" ActualRows="193" ActualEndOfScans="1" ActualExecutions="1" />
                                                            <RunTimeCountersPerThread Thread="3" ActualRows="232" ActualEndOfScans="1" ActualExecutions="1" />
                                                            <RunTimeCountersPerThread Thread="4" ActualRows="163" ActualEndOfScans="1" ActualExecutions="1" />
                                                            <RunTimeCountersPerThread Thread="2" ActualRows="221" ActualEndOfScans="1" ActualExecutions="1" />
                                                            <RunTimeCountersPerThread Thread="0" ActualRows="0" ActualEndOfScans="0" ActualExecutions="0" />
                                                          </RunTimeInformation>
                                                          <IndexScan Ordered="false" ForcedIndex="false" NoExpandHint="false">
                                                            <DefinedValues>
                                                              <DefinedValue>
                                                                <ColumnReference Database="[Star_Schema_Benchmark]" Schema="[dbo]" Table="[Supplier]" Column="S_SuppKey" />
                                                              </DefinedValue>
                                                              <DefinedValue>
                                                                <ColumnReference Database="[Star_Schema_Benchmark]" Schema="[dbo]" Table="[Supplier]" Column="S_City" />
                                                              </DefinedValue>
                                                            </DefinedValues>
                                                            <Object Database="[Star_Schema_Benchmark]" Schema="[dbo]" Table="[Supplier]" Index="[PK_Supplier]" IndexKind="Clustered" />
                                                            <Predicate>
                                                              <ScalarOperator ScalarString="[Star_Schema_Benchmark].[dbo].[Supplier].[S_Nation]='UNITED STATES'">
                                                                <Compare CompareOp="EQ">
                                                                  <ScalarOperator>
                                                                    <Identifier>
                                                                      <ColumnReference Database="[Star_Schema_Benchmark]" Schema="[dbo]" Table="[Supplier]" Column="S_Nation" />
                                                                    </Identifier>
                                                                  </ScalarOperator>
                                                                  <ScalarOperator>
                                                                    <Const ConstValue="'UNITED STATES'" />
                                                                  </ScalarOperator>
                                                                </Compare>
                                                              </ScalarOperator>
                                                            </Predicate>
                                                          </IndexScan>
                                                        </RelOp>
                                                      </Parallelism>
                                                    </RelOp>
                                                    <RelOp AvgRowSize="32" EstimateCPU="0.00345624" EstimateIO="0.0194213" EstimateRebinds="808" EstimateRewinds="0" EstimateRows="2999.31" LogicalOp="Index Seek" NodeId="19" Parallel="true" PhysicalOp="Index Seek" EstimatedTotalSubtreeCost="18.4746" TableCardinality="59986200">
                                                      <OutputList>
                                                        <ColumnReference Database="[Star_Schema_Benchmark]" Schema="[dbo]" Table="[LineOrder]" Column="LO_CustKey" />
                                                        <ColumnReference Database="[Star_Schema_Benchmark]" Schema="[dbo]" Table="[LineOrder]" Column="LO_OrderDateKey" />
                                                        <ColumnReference Database="[Star_Schema_Benchmark]" Schema="[dbo]" Table="[LineOrder]" Column="LO_Revenue" />
                                                      </OutputList>
                                                      <RunTimeInformation>
                                                        <RunTimeCountersPerThread Thread="1" ActualRows="609481" ActualEndOfScans="203" ActualExecutions="203" />
                                                        <RunTimeCountersPerThread Thread="2" ActualRows="609187" ActualEndOfScans="203" ActualExecutions="203" />
                                                        <RunTimeCountersPerThread Thread="4" ActualRows="606175" ActualEndOfScans="202" ActualExecutions="202" />
                                                        <RunTimeCountersPerThread Thread="3" ActualRows="602370" ActualEndOfScans="201" ActualExecutions="201" />
                                                        <RunTimeCountersPerThread Thread="0" ActualRows="0" ActualEndOfScans="0" ActualExecutions="0" />
                                                      </RunTimeInformation>
                                                      <IndexScan Ordered="true" ScanDirection="FORWARD" ForcedIndex="false" ForceSeek="false" NoExpandHint="false">
                                                        <DefinedValues>
                                                          <DefinedValue>
                                                            <ColumnReference Database="[Star_Schema_Benchmark]" Schema="[dbo]" Table="[LineOrder]" Column="LO_CustKey" />
                                                          </DefinedValue>
                                                          <DefinedValue>
                                                            <ColumnReference Database="[Star_Schema_Benchmark]" Schema="[dbo]" Table="[LineOrder]" Column="LO_OrderDateKey" />
                                                          </DefinedValue>
                                                          <DefinedValue>
                                                            <ColumnReference Database="[Star_Schema_Benchmark]" Schema="[dbo]" Table="[LineOrder]" Column="LO_Revenue" />
                                                          </DefinedValue>
                                                        </DefinedValues>
                                                        <Object Database="[Star_Schema_Benchmark]" Schema="[dbo]" Table="[LineOrder]" Index="[_dta_index_LineOrder_5_21575115__K5_K4_K3_K6_13_14]" IndexKind="NonClustered" />
                                                        <SeekPredicates>
                                                          <SeekPredicateNew>
                                                            <SeekKeys>
                                                              <Prefix ScanType="EQ">
                                                                <RangeColumns>
                                                                  <ColumnReference Database="[Star_Schema_Benchmark]" Schema="[dbo]" Table="[LineOrder]" Column="LO_SuppKey" />
                                                                </RangeColumns>
                                                                <RangeExpressions>
                                                                  <ScalarOperator ScalarString="[Star_Schema_Benchmark].[dbo].[Supplier].[S_SuppKey]">
                                                                    <Identifier>
                                                                      <ColumnReference Database="[Star_Schema_Benchmark]" Schema="[dbo]" Table="[Supplier]" Column="S_SuppKey" />
                                                                    </Identifier>
                                                                  </ScalarOperator>
                                                                </RangeExpressions>
                                                              </Prefix>
                                                            </SeekKeys>
                                                          </SeekPredicateNew>
                                                        </SeekPredicates>
                                                      </IndexScan>
                                                    </RelOp>
                                                  </NestedLoops>
                                                </RelOp>
                                              </Parallelism>
                                            </RelOp>
                                          </Hash>
                                        </RelOp>
                                      </Parallelism>
                                    </RelOp>
                                  </Hash>
                                </RelOp>
                              </Parallelism>
                            </RelOp>
                          </Hash>
                        </RelOp>
                      </ComputeScalar>
                    </RelOp>
                  </Sort>
                </RelOp>
              </Parallelism>
            </RelOp>
          </QueryPlan>
        </StmtSimple>
      </Statements>
    </Batch>
    <Batch>
      <Statements>
        <StmtSimple StatementCompId="9" StatementEstRows="174539" StatementId="9" StatementOptmLevel="FULL" StatementSubTreeCost="27.8017" StatementText="select c_city, s_city, d_year, sum(lo_revenue)&#xD;&#xA;as  revenue&#xD;&#xA;from customer, lineorder, supplier, [date]&#xD;&#xA;where lo_custkey = c_customerkey&#xD;&#xA;and lo_suppkey = s_suppkey&#xD;&#xA;and lo_orderdatekey = d_datekey&#xD;&#xA;and  (c_city='UNITED KI1'&#xD;&#xA;or c_city='UNITED KI5')&#xD;&#xA;and (s_city='UNITED KI1'&#xD;&#xA;or s_city='UNITED KI5')&#xD;&#xA;and d_year &gt;= 1992 and d_year &lt;= 1997&#xD;&#xA;group by c_city, s_city, d_year&#xD;&#xA;order by d_year asc,  revenue desc;&#xD;&#xA;&#xD;&#xA;--Q3.4&#xD;" StatementType="SELECT" QueryHash="0x7C68743E49FA1081" QueryPlanHash="0xB76AE4A4AB45B45F">
          <StatementSetOptions ANSI_NULLS="true" ANSI_PADDING="true" ANSI_WARNINGS="true" ARITHABORT="true" CONCAT_NULL_YIELDS_NULL="true" NUMERIC_ROUNDABORT="false" QUOTED_IDENTIFIER="true" />
          <QueryPlan DegreeOfParallelism="4" MemoryGrant="53248" CachedPlanSize="120" CompileTime="56" CompileCPU="56" CompileMemory="1792">
            <MissingIndexes>
              <MissingIndexGroup Impact="11.83">
                <MissingIndex Database="[Star_Schema_Benchmark]" Schema="[dbo]" Table="[Customer]">
                  <ColumnGroup Usage="INEQUALITY">
                    <Column Name="[C_City]" ColumnId="4" />
                  </ColumnGroup>
                  <ColumnGroup Usage="INCLUDE">
                    <Column Name="[C_CustomerKey]" ColumnId="1" />
                  </ColumnGroup>
                </MissingIndex>
              </MissingIndexGroup>
            </MissingIndexes>
            <RelOp AvgRowSize="46" EstimateCPU="1.4019" EstimateIO="0" EstimateRebinds="0" EstimateRewinds="0" EstimateRows="174539" LogicalOp="Gather Streams" NodeId="0" Parallel="true" PhysicalOp="Parallelism" EstimatedTotalSubtreeCost="27.8017">
              <OutputList>
                <ColumnReference Database="[Star_Schema_Benchmark]" Schema="[dbo]" Table="[Customer]" Column="C_City" />
                <ColumnReference Database="[Star_Schema_Benchmark]" Schema="[dbo]" Table="[Supplier]" Column="S_City" />
                <ColumnReference Database="[Star_Schema_Benchmark]" Schema="[dbo]" Table="[Date]" Column="D_Year" />
                <ColumnReference Column="Expr1012" />
              </OutputList>
              <RunTimeInformation>
                <RunTimeCountersPerThread Thread="0" ActualRows="24" ActualEndOfScans="1" ActualExecutions="1" />
              </RunTimeInformation>
              <Parallelism>
                <OrderBy>
                  <OrderByColumn Ascending="true">
                    <ColumnReference Database="[Star_Schema_Benchmark]" Schema="[dbo]" Table="[Date]" Column="D_Year" />
                  </OrderByColumn>
                  <OrderByColumn Ascending="false">
                    <ColumnReference Column="Expr1012" />
                  </OrderByColumn>
                </OrderBy>
                <RelOp AvgRowSize="46" EstimateCPU="6.9752" EstimateIO="0.00563063" EstimateRebinds="0" EstimateRewinds="0" EstimateRows="174539" LogicalOp="Sort" NodeId="1" Parallel="true" PhysicalOp="Sort" EstimatedTotalSubtreeCost="26.3998">
                  <OutputList>
                    <ColumnReference Database="[Star_Schema_Benchmark]" Schema="[dbo]" Table="[Customer]" Column="C_City" />
                    <ColumnReference Database="[Star_Schema_Benchmark]" Schema="[dbo]" Table="[Supplier]" Column="S_City" />
                    <ColumnReference Database="[Star_Schema_Benchmark]" Schema="[dbo]" Table="[Date]" Column="D_Year" />
                    <ColumnReference Column="Expr1012" />
                  </OutputList>
                  <MemoryFractions Input="0.4487" Output="1" />
                  <RunTimeInformation>
                    <RunTimeCountersPerThread Thread="4" ActualRebinds="1" ActualRewinds="0" ActualRows="7" ActualEndOfScans="1" ActualExecutions="1" />
                    <RunTimeCountersPerThread Thread="1" ActualRebinds="1" ActualRewinds="0" ActualRows="6" ActualEndOfScans="1" ActualExecutions="1" />
                    <RunTimeCountersPerThread Thread="3" ActualRebinds="1" ActualRewinds="0" ActualRows="7" ActualEndOfScans="1" ActualExecutions="1" />
                    <RunTimeCountersPerThread Thread="2" ActualRebinds="1" ActualRewinds="0" ActualRows="4" ActualEndOfScans="1" ActualExecutions="1" />
                    <RunTimeCountersPerThread Thread="0" ActualRebinds="0" ActualRewinds="0" ActualRows="0" ActualEndOfScans="0" ActualExecutions="0" />
                  </RunTimeInformation>
                  <Sort Distinct="false">
                    <OrderBy>
                      <OrderByColumn Ascending="true">
                        <ColumnReference Database="[Star_Schema_Benchmark]" Schema="[dbo]" Table="[Date]" Column="D_Year" />
                      </OrderByColumn>
                      <OrderByColumn Ascending="false">
                        <ColumnReference Column="Expr1012" />
                      </OrderByColumn>
                    </OrderBy>
                    <RelOp AvgRowSize="46" EstimateCPU="4.06169" EstimateIO="0" EstimateRebinds="0" EstimateRewinds="0" EstimateRows="174539" LogicalOp="Compute Scalar" NodeId="2" Parallel="true" PhysicalOp="Compute Scalar" EstimatedTotalSubtreeCost="19.419">
                      <OutputList>
                        <ColumnReference Database="[Star_Schema_Benchmark]" Schema="[dbo]" Table="[Customer]" Column="C_City" />
                        <ColumnReference Database="[Star_Schema_Benchmark]" Schema="[dbo]" Table="[Supplier]" Column="S_City" />
                        <ColumnReference Database="[Star_Schema_Benchmark]" Schema="[dbo]" Table="[Date]" Column="D_Year" />
                        <ColumnReference Column="Expr1012" />
                      </OutputList>
                      <ComputeScalar>
                        <DefinedValues>
                          <DefinedValue>
                            <ColumnReference Column="Expr1012" />
                            <ScalarOperator ScalarString="CASE WHEN [Expr1020]=(0) THEN NULL ELSE [Expr1021] END">
                              <IF>
                                <Condition>
                                  <ScalarOperator>
                                    <Compare CompareOp="EQ">
                                      <ScalarOperator>
                                        <Identifier>
                                          <ColumnReference Column="Expr1020" />
                                        </Identifier>
                                      </ScalarOperator>
                                      <ScalarOperator>
                                        <Const ConstValue="(0)" />
                                      </ScalarOperator>
                                    </Compare>
                                  </ScalarOperator>
                                </Condition>
                                <Then>
                                  <ScalarOperator>
                                    <Const ConstValue="NULL" />
                                  </ScalarOperator>
                                </Then>
                                <Else>
                                  <ScalarOperator>
                                    <Identifier>
                                      <ColumnReference Column="Expr1021" />
                                    </Identifier>
                                  </ScalarOperator>
                                </Else>
                              </IF>
                            </ScalarOperator>
                          </DefinedValue>
                        </DefinedValues>
                        <RelOp AvgRowSize="46" EstimateCPU="4.06169" EstimateIO="0" EstimateRebinds="0" EstimateRewinds="0" EstimateRows="174539" LogicalOp="Aggregate" NodeId="3" Parallel="true" PhysicalOp="Hash Match" EstimatedTotalSubtreeCost="19.419">
                          <OutputList>
                            <ColumnReference Database="[Star_Schema_Benchmark]" Schema="[dbo]" Table="[Customer]" Column="C_City" />
                            <ColumnReference Database="[Star_Schema_Benchmark]" Schema="[dbo]" Table="[Supplier]" Column="S_City" />
                            <ColumnReference Database="[Star_Schema_Benchmark]" Schema="[dbo]" Table="[Date]" Column="D_Year" />
                            <ColumnReference Column="Expr1020" />
                            <ColumnReference Column="Expr1021" />
                          </OutputList>
                          <MemoryFractions Input="0.861374" Output="0.5513" />
                          <RunTimeInformation>
                            <RunTimeCountersPerThread Thread="4" ActualRows="7" ActualEndOfScans="1" ActualExecutions="1" />
                            <RunTimeCountersPerThread Thread="3" ActualRows="7" ActualEndOfScans="1" ActualExecutions="1" />
                            <RunTimeCountersPerThread Thread="2" ActualRows="4" ActualEndOfScans="1" ActualExecutions="1" />
                            <RunTimeCountersPerThread Thread="1" ActualRows="6" ActualEndOfScans="1" ActualExecutions="1" />
                            <RunTimeCountersPerThread Thread="0" ActualRows="0" ActualEndOfScans="0" ActualExecutions="0" />
                          </RunTimeInformation>
                          <Hash>
                            <DefinedValues>
                              <DefinedValue>
                                <ColumnReference Column="Expr1020" />
                                <ScalarOperator ScalarString="COUNT_BIG([Star_Schema_Benchmark].[dbo].[LineOrder].[LO_Revenue])">
                                  <Aggregate AggType="COUNT_BIG" Distinct="false">
                                    <ScalarOperator>
                                      <Identifier>
                                        <ColumnReference Database="[Star_Schema_Benchmark]" Schema="[dbo]" Table="[LineOrder]" Column="LO_Revenue" />
                                      </Identifier>
                                    </ScalarOperator>
                                  </Aggregate>
                                </ScalarOperator>
                              </DefinedValue>
                              <DefinedValue>
                                <ColumnReference Column="Expr1021" />
                                <ScalarOperator ScalarString="SUM([Star_Schema_Benchmark].[dbo].[LineOrder].[LO_Revenue])">
                                  <Aggregate AggType="SUM" Distinct="false">
                                    <ScalarOperator>
                                      <Identifier>
                                        <ColumnReference Database="[Star_Schema_Benchmark]" Schema="[dbo]" Table="[LineOrder]" Column="LO_Revenue" />
                                      </Identifier>
                                    </ScalarOperator>
                                  </Aggregate>
                                </ScalarOperator>
                              </DefinedValue>
                            </DefinedValues>
                            <HashKeysBuild>
                              <ColumnReference Database="[Star_Schema_Benchmark]" Schema="[dbo]" Table="[Customer]" Column="C_City" />
                              <ColumnReference Database="[Star_Schema_Benchmark]" Schema="[dbo]" Table="[Supplier]" Column="S_City" />
                              <ColumnReference Database="[Star_Schema_Benchmark]" Schema="[dbo]" Table="[Date]" Column="D_Year" />
                            </HashKeysBuild>
                            <BuildResidual>
                              <ScalarOperator ScalarString="[Star_Schema_Benchmark].[dbo].[Customer].[C_City] = [Star_Schema_Benchmark].[dbo].[Customer].[C_City] AND [Star_Schema_Benchmark].[dbo].[Supplier].[S_City] = [Star_Schema_Benchmark].[dbo].[Supplier].[S_City] AND [Star_Schema_Benchmark].[dbo].[Date].[D_Year] = [Star_Schema_Benchmark].[dbo].[Date].[D_Year]">
                                <Logical Operation="AND">
                                  <ScalarOperator>
                                    <Logical Operation="AND">
                                      <ScalarOperator>
                                        <Compare CompareOp="IS">
                                          <ScalarOperator>
                                            <Identifier>
                                              <ColumnReference Database="[Star_Schema_Benchmark]" Schema="[dbo]" Table="[Customer]" Column="C_City" />
                                            </Identifier>
                                          </ScalarOperator>
                                          <ScalarOperator>
                                            <Identifier>
                                              <ColumnReference Database="[Star_Schema_Benchmark]" Schema="[dbo]" Table="[Customer]" Column="C_City" />
                                            </Identifier>
                                          </ScalarOperator>
                                        </Compare>
                                      </ScalarOperator>
                                      <ScalarOperator>
                                        <Compare CompareOp="IS">
                                          <ScalarOperator>
                                            <Identifier>
                                              <ColumnReference Database="[Star_Schema_Benchmark]" Schema="[dbo]" Table="[Supplier]" Column="S_City" />
                                            </Identifier>
                                          </ScalarOperator>
                                          <ScalarOperator>
                                            <Identifier>
                                              <ColumnReference Database="[Star_Schema_Benchmark]" Schema="[dbo]" Table="[Supplier]" Column="S_City" />
                                            </Identifier>
                                          </ScalarOperator>
                                        </Compare>
                                      </ScalarOperator>
                                    </Logical>
                                  </ScalarOperator>
                                  <ScalarOperator>
                                    <Compare CompareOp="IS">
                                      <ScalarOperator>
                                        <Identifier>
                                          <ColumnReference Database="[Star_Schema_Benchmark]" Schema="[dbo]" Table="[Date]" Column="D_Year" />
                                        </Identifier>
                                      </ScalarOperator>
                                      <ScalarOperator>
                                        <Identifier>
                                          <ColumnReference Database="[Star_Schema_Benchmark]" Schema="[dbo]" Table="[Date]" Column="D_Year" />
                                        </Identifier>
                                      </ScalarOperator>
                                    </Compare>
                                  </ScalarOperator>
                                </Logical>
                              </ScalarOperator>
                            </BuildResidual>
                            <RelOp AvgRowSize="38" EstimateCPU="0.613576" EstimateIO="0" EstimateRebinds="0" EstimateRewinds="0" EstimateRows="174539" LogicalOp="Repartition Streams" NodeId="4" Parallel="true" PhysicalOp="Parallelism" EstimatedTotalSubtreeCost="15.3573">
                              <OutputList>
                                <ColumnReference Database="[Star_Schema_Benchmark]" Schema="[dbo]" Table="[Customer]" Column="C_City" />
                                <ColumnReference Database="[Star_Schema_Benchmark]" Schema="[dbo]" Table="[LineOrder]" Column="LO_Revenue" />
                                <ColumnReference Database="[Star_Schema_Benchmark]" Schema="[dbo]" Table="[Supplier]" Column="S_City" />
                                <ColumnReference Database="[Star_Schema_Benchmark]" Schema="[dbo]" Table="[Date]" Column="D_Year" />
                              </OutputList>
                              <RunTimeInformation>
                                <RunTimeCountersPerThread Thread="4" ActualRows="1006" ActualEndOfScans="1" ActualExecutions="1" />
                                <RunTimeCountersPerThread Thread="3" ActualRows="1040" ActualEndOfScans="1" ActualExecutions="1" />
                                <RunTimeCountersPerThread Thread="2" ActualRows="577" ActualEndOfScans="1" ActualExecutions="1" />
                                <RunTimeCountersPerThread Thread="1" ActualRows="903" ActualEndOfScans="1" ActualExecutions="1" />
                                <RunTimeCountersPerThread Thread="0" ActualRows="0" ActualEndOfScans="0" ActualExecutions="0" />
                              </RunTimeInformation>
                              <Parallelism PartitioningType="Hash">
                                <PartitionColumns>
                                  <ColumnReference Database="[Star_Schema_Benchmark]" Schema="[dbo]" Table="[Customer]" Column="C_City" />
                                  <ColumnReference Database="[Star_Schema_Benchmark]" Schema="[dbo]" Table="[Supplier]" Column="S_City" />
                                  <ColumnReference Database="[Star_Schema_Benchmark]" Schema="[dbo]" Table="[Date]" Column="D_Year" />
                                </PartitionColumns>
                                <RelOp AvgRowSize="38" EstimateCPU="1.42933" EstimateIO="0" EstimateRebinds="0" EstimateRewinds="0" EstimateRows="174539" LogicalOp="Inner Join" NodeId="5" Parallel="true" PhysicalOp="Hash Match" EstimatedTotalSubtreeCost="14.7437">
                                  <OutputList>
                                    <ColumnReference Database="[Star_Schema_Benchmark]" Schema="[dbo]" Table="[Customer]" Column="C_City" />
                                    <ColumnReference Database="[Star_Schema_Benchmark]" Schema="[dbo]" Table="[LineOrder]" Column="LO_Revenue" />
                                    <ColumnReference Database="[Star_Schema_Benchmark]" Schema="[dbo]" Table="[Supplier]" Column="S_City" />
                                    <ColumnReference Database="[Star_Schema_Benchmark]" Schema="[dbo]" Table="[Date]" Column="D_Year" />
                                  </OutputList>
                                  <MemoryFractions Input="0.488987" Output="0.0677863" />
                                  <RunTimeInformation>
                                    <RunTimeCountersPerThread Thread="3" ActualRows="877" ActualEndOfScans="1" ActualExecutions="1" />
                                    <RunTimeCountersPerThread Thread="2" ActualRows="882" ActualEndOfScans="1" ActualExecutions="1" />
                                    <RunTimeCountersPerThread Thread="1" ActualRows="839" ActualEndOfScans="1" ActualExecutions="1" />
                                    <RunTimeCountersPerThread Thread="4" ActualRows="928" ActualEndOfScans="1" ActualExecutions="1" />
                                    <RunTimeCountersPerThread Thread="0" ActualRows="0" ActualEndOfScans="0" ActualExecutions="0" />
                                  </RunTimeInformation>
                                  <Hash>
                                    <DefinedValues />
                                    <HashKeysBuild>
                                      <ColumnReference Database="[Star_Schema_Benchmark]" Schema="[dbo]" Table="[Customer]" Column="C_CustomerKey" />
                                    </HashKeysBuild>
                                    <HashKeysProbe>
                                      <ColumnReference Database="[Star_Schema_Benchmark]" Schema="[dbo]" Table="[LineOrder]" Column="LO_CustKey" />
                                    </HashKeysProbe>
                                    <ProbeResidual>
                                      <ScalarOperator ScalarString="[Star_Schema_Benchmark].[dbo].[LineOrder].[LO_CustKey]=[Star_Schema_Benchmark].[dbo].[Customer].[C_CustomerKey]">
                                        <Compare CompareOp="EQ">
                                          <ScalarOperator>
                                            <Identifier>
                                              <ColumnReference Database="[Star_Schema_Benchmark]" Schema="[dbo]" Table="[LineOrder]" Column="LO_CustKey" />
                                            </Identifier>
                                          </ScalarOperator>
                                          <ScalarOperator>
                                            <Identifier>
                                              <ColumnReference Database="[Star_Schema_Benchmark]" Schema="[dbo]" Table="[Customer]" Column="C_CustomerKey" />
                                            </Identifier>
                                          </ScalarOperator>
                                        </Compare>
                                      </ScalarOperator>
                                    </ProbeResidual>
                                    <RelOp AvgRowSize="25" EstimateCPU="0.033162" EstimateIO="0" EstimateRebinds="0" EstimateRewinds="0" EstimateRows="2306.07" LogicalOp="Bitmap Create" NodeId="6" Parallel="true" PhysicalOp="Bitmap" EstimatedTotalSubtreeCost="3.59707">
                                      <OutputList>
                                        <ColumnReference Database="[Star_Schema_Benchmark]" Schema="[dbo]" Table="[Customer]" Column="C_CustomerKey" />
                                        <ColumnReference Database="[Star_Schema_Benchmark]" Schema="[dbo]" Table="[Customer]" Column="C_City" />
                                      </OutputList>
                                      <RunTimeInformation>
                                        <RunTimeCountersPerThread Thread="3" ActualRows="605" ActualEndOfScans="1" ActualExecutions="1" />
                                        <RunTimeCountersPerThread Thread="4" ActualRows="577" ActualEndOfScans="1" ActualExecutions="1" />
                                        <RunTimeCountersPerThread Thread="1" ActualRows="589" ActualEndOfScans="1" ActualExecutions="1" />
                                        <RunTimeCountersPerThread Thread="2" ActualRows="599" ActualEndOfScans="1" ActualExecutions="1" />
                                        <RunTimeCountersPerThread Thread="0" ActualRows="0" ActualEndOfScans="0" ActualExecutions="0" />
                                      </RunTimeInformation>
                                      <Bitmap>
                                        <DefinedValues>
                                          <DefinedValue>
                                            <ColumnReference Column="Bitmap1019" />
                                          </DefinedValue>
                                        </DefinedValues>
                                        <HashKeys>
                                          <ColumnReference Database="[Star_Schema_Benchmark]" Schema="[dbo]" Table="[Customer]" Column="C_CustomerKey" />
                                        </HashKeys>
                                        <RelOp AvgRowSize="25" EstimateCPU="0.033162" EstimateIO="0" EstimateRebinds="0" EstimateRewinds="0" EstimateRows="2306.07" LogicalOp="Repartition Streams" NodeId="7" Parallel="true" PhysicalOp="Parallelism" EstimatedTotalSubtreeCost="3.59707">
                                          <OutputList>
                                            <ColumnReference Database="[Star_Schema_Benchmark]" Schema="[dbo]" Table="[Customer]" Column="C_CustomerKey" />
                                            <ColumnReference Database="[Star_Schema_Benchmark]" Schema="[dbo]" Table="[Customer]" Column="C_City" />
                                          </OutputList>
                                          <RunTimeInformation>
                                            <RunTimeCountersPerThread Thread="3" ActualRows="605" ActualEndOfScans="1" ActualExecutions="1" />
                                            <RunTimeCountersPerThread Thread="4" ActualRows="577" ActualEndOfScans="1" ActualExecutions="1" />
                                            <RunTimeCountersPerThread Thread="1" ActualRows="589" ActualEndOfScans="1" ActualExecutions="1" />
                                            <RunTimeCountersPerThread Thread="2" ActualRows="599" ActualEndOfScans="1" ActualExecutions="1" />
                                            <RunTimeCountersPerThread Thread="0" ActualRows="0" ActualEndOfScans="0" ActualExecutions="0" />
                                          </RunTimeInformation>
                                          <Parallelism PartitioningType="Hash">
                                            <PartitionColumns>
                                              <ColumnReference Database="[Star_Schema_Benchmark]" Schema="[dbo]" Table="[Customer]" Column="C_CustomerKey" />
                                            </PartitionColumns>
                                            <RelOp AvgRowSize="25" EstimateCPU="0.165079" EstimateIO="3.26683" EstimateRebinds="0" EstimateRewinds="0" EstimateRows="2306.07" LogicalOp="Clustered Index Scan" NodeId="8" Parallel="true" PhysicalOp="Clustered Index Scan" EstimatedTotalSubtreeCost="3.43191" TableCardinality="300000">
                                              <OutputList>
                                                <ColumnReference Database="[Star_Schema_Benchmark]" Schema="[dbo]" Table="[Customer]" Column="C_CustomerKey" />
                                                <ColumnReference Database="[Star_Schema_Benchmark]" Schema="[dbo]" Table="[Customer]" Column="C_City" />
                                              </OutputList>
                                              <RunTimeInformation>
                                                <RunTimeCountersPerThread Thread="4" ActualRows="567" ActualEndOfScans="1" ActualExecutions="1" />
                                                <RunTimeCountersPerThread Thread="1" ActualRows="590" ActualEndOfScans="1" ActualExecutions="1" />
                                                <RunTimeCountersPerThread Thread="3" ActualRows="609" ActualEndOfScans="1" ActualExecutions="1" />
                                                <RunTimeCountersPerThread Thread="2" ActualRows="604" ActualEndOfScans="1" ActualExecutions="1" />
                                                <RunTimeCountersPerThread Thread="0" ActualRows="0" ActualEndOfScans="0" ActualExecutions="0" />
                                              </RunTimeInformation>
                                              <IndexScan Ordered="false" ForcedIndex="false" NoExpandHint="false">
                                                <DefinedValues>
                                                  <DefinedValue>
                                                    <ColumnReference Database="[Star_Schema_Benchmark]" Schema="[dbo]" Table="[Customer]" Column="C_CustomerKey" />
                                                  </DefinedValue>
                                                  <DefinedValue>
                                                    <ColumnReference Database="[Star_Schema_Benchmark]" Schema="[dbo]" Table="[Customer]" Column="C_City" />
                                                  </DefinedValue>
                                                </DefinedValues>
                                                <Object Database="[Star_Schema_Benchmark]" Schema="[dbo]" Table="[Customer]" Index="[PK_Customer]" IndexKind="Clustered" />
                                                <Predicate>
                                                  <ScalarOperator ScalarString="[Star_Schema_Benchmark].[dbo].[Customer].[C_City]='UNITED KI1' OR [Star_Schema_Benchmark].[dbo].[Customer].[C_City]='UNITED KI5'">
                                                    <Logical Operation="OR">
                                                      <ScalarOperator>
                                                        <Compare CompareOp="EQ">
                                                          <ScalarOperator>
                                                            <Identifier>
                                                              <ColumnReference Database="[Star_Schema_Benchmark]" Schema="[dbo]" Table="[Customer]" Column="C_City" />
                                                            </Identifier>
                                                          </ScalarOperator>
                                                          <ScalarOperator>
                                                            <Const ConstValue="'UNITED KI1'" />
                                                          </ScalarOperator>
                                                        </Compare>
                                                      </ScalarOperator>
                                                      <ScalarOperator>
                                                        <Compare CompareOp="EQ">
                                                          <ScalarOperator>
                                                            <Identifier>
                                                              <ColumnReference Database="[Star_Schema_Benchmark]" Schema="[dbo]" Table="[Customer]" Column="C_City" />
                                                            </Identifier>
                                                          </ScalarOperator>
                                                          <ScalarOperator>
                                                            <Const ConstValue="'UNITED KI5'" />
                                                          </ScalarOperator>
                                                        </Compare>
                                                      </ScalarOperator>
                                                    </Logical>
                                                  </ScalarOperator>
                                                </Predicate>
                                              </IndexScan>
                                            </RelOp>
                                          </Parallelism>
                                        </RelOp>
                                      </Bitmap>
                                    </RelOp>
                                    <RelOp AvgRowSize="36" EstimateCPU="1.08338" EstimateIO="0" EstimateRebinds="0" EstimateRewinds="0" EstimateRows="365755" LogicalOp="Repartition Streams" NodeId="9" Parallel="true" PhysicalOp="Parallelism" EstimatedTotalSubtreeCost="9.7173">
                                      <OutputList>
                                        <ColumnReference Database="[Star_Schema_Benchmark]" Schema="[dbo]" Table="[LineOrder]" Column="LO_CustKey" />
                                        <ColumnReference Database="[Star_Schema_Benchmark]" Schema="[dbo]" Table="[LineOrder]" Column="LO_Revenue" />
                                        <ColumnReference Database="[Star_Schema_Benchmark]" Schema="[dbo]" Table="[Supplier]" Column="S_City" />
                                        <ColumnReference Database="[Star_Schema_Benchmark]" Schema="[dbo]" Table="[Date]" Column="D_Year" />
                                      </OutputList>
                                      <RunTimeInformation>
                                        <RunTimeCountersPerThread Thread="3" ActualRows="879" ActualEndOfScans="1" ActualExecutions="1" />
                                        <RunTimeCountersPerThread Thread="4" ActualRows="932" ActualEndOfScans="1" ActualExecutions="1" />
                                        <RunTimeCountersPerThread Thread="2" ActualRows="882" ActualEndOfScans="1" ActualExecutions="1" />
                                        <RunTimeCountersPerThread Thread="1" ActualRows="839" ActualEndOfScans="1" ActualExecutions="1" />
                                        <RunTimeCountersPerThread Thread="0" ActualRows="0" ActualEndOfScans="0" ActualExecutions="0" />
                                      </RunTimeInformation>
                                      <Parallelism PartitioningType="Hash">
                                        <PartitionColumns>
                                          <ColumnReference Database="[Star_Schema_Benchmark]" Schema="[dbo]" Table="[LineOrder]" Column="LO_CustKey" />
                                        </PartitionColumns>
                                        <Predicate>
                                          <ScalarOperator ScalarString="PROBE([Bitmap1019],[Star_Schema_Benchmark].[dbo].[LineOrder].[LO_CustKey])">
                                            <Intrinsic FunctionName="PROBE">
                                              <ScalarOperator>
                                                <Identifier>
                                                  <ColumnReference Column="Bitmap1019" />
                                                </Identifier>
                                              </ScalarOperator>
                                              <ScalarOperator>
                                                <Identifier>
                                                  <ColumnReference Database="[Star_Schema_Benchmark]" Schema="[dbo]" Table="[LineOrder]" Column="LO_CustKey" />
                                                </Identifier>
                                              </ScalarOperator>
                                            </Intrinsic>
                                          </ScalarOperator>
                                        </Predicate>
                                        <RelOp AvgRowSize="36" EstimateCPU="2.04389" EstimateIO="0" EstimateRebinds="0" EstimateRewinds="0" EstimateRows="365755" LogicalOp="Inner Join" NodeId="10" Parallel="true" PhysicalOp="Hash Match" EstimatedTotalSubtreeCost="8.63391">
                                          <OutputList>
                                            <ColumnReference Database="[Star_Schema_Benchmark]" Schema="[dbo]" Table="[LineOrder]" Column="LO_CustKey" />
                                            <ColumnReference Database="[Star_Schema_Benchmark]" Schema="[dbo]" Table="[LineOrder]" Column="LO_Revenue" />
                                            <ColumnReference Database="[Star_Schema_Benchmark]" Schema="[dbo]" Table="[Supplier]" Column="S_City" />
                                            <ColumnReference Database="[Star_Schema_Benchmark]" Schema="[dbo]" Table="[Date]" Column="D_Year" />
                                          </OutputList>
                                          <MemoryFractions Input="0.511013" Output="0.0708397" />
                                          <RunTimeInformation>
                                            <RunTimeCountersPerThread Thread="4" ActualRows="112946" ActualEndOfScans="1" ActualExecutions="1" />
                                            <RunTimeCountersPerThread Thread="2" ActualRows="112866" ActualEndOfScans="1" ActualExecutions="1" />
                                            <RunTimeCountersPerThread Thread="1" ActualRows="113236" ActualEndOfScans="1" ActualExecutions="1" />
                                            <RunTimeCountersPerThread Thread="3" ActualRows="109455" ActualEndOfScans="1" ActualExecutions="1" />
                                            <RunTimeCountersPerThread Thread="0" ActualRows="0" ActualEndOfScans="0" ActualExecutions="0" />
                                          </RunTimeInformation>
                                          <Hash>
                                            <DefinedValues />
                                            <HashKeysBuild>
                                              <ColumnReference Database="[Star_Schema_Benchmark]" Schema="[dbo]" Table="[Date]" Column="D_DateKey" />
                                            </HashKeysBuild>
                                            <HashKeysProbe>
                                              <ColumnReference Database="[Star_Schema_Benchmark]" Schema="[dbo]" Table="[LineOrder]" Column="LO_OrderDateKey" />
                                            </HashKeysProbe>
                                            <ProbeResidual>
                                              <ScalarOperator ScalarString="[Star_Schema_Benchmark].[dbo].[LineOrder].[LO_OrderDateKey]=[Star_Schema_Benchmark].[dbo].[Date].[D_DateKey]">
                                                <Compare CompareOp="EQ">
                                                  <ScalarOperator>
                                                    <Identifier>
                                                      <ColumnReference Database="[Star_Schema_Benchmark]" Schema="[dbo]" Table="[LineOrder]" Column="LO_OrderDateKey" />
                                                    </Identifier>
                                                  </ScalarOperator>
                                                  <ScalarOperator>
                                                    <Identifier>
                                                      <ColumnReference Database="[Star_Schema_Benchmark]" Schema="[dbo]" Table="[Date]" Column="D_DateKey" />
                                                    </Identifier>
                                                  </ScalarOperator>
                                                </Compare>
                                              </ScalarOperator>
                                            </ProbeResidual>
                                            <RelOp AvgRowSize="17" EstimateCPU="0.0323264" EstimateIO="0" EstimateRebinds="0" EstimateRewinds="0" EstimateRows="2192" LogicalOp="Bitmap Create" NodeId="11" Parallel="true" PhysicalOp="Bitmap" EstimatedTotalSubtreeCost="0.0580604">
                                              <OutputList>
                                                <ColumnReference Database="[Star_Schema_Benchmark]" Schema="[dbo]" Table="[Date]" Column="D_DateKey" />
                                                <ColumnReference Database="[Star_Schema_Benchmark]" Schema="[dbo]" Table="[Date]" Column="D_Year" />
                                              </OutputList>
                                              <RunTimeInformation>
                                                <RunTimeCountersPerThread Thread="4" ActualRows="553" ActualEndOfScans="1" ActualExecutions="1" />
                                                <RunTimeCountersPerThread Thread="3" ActualRows="535" ActualEndOfScans="1" ActualExecutions="1" />
                                                <RunTimeCountersPerThread Thread="2" ActualRows="551" ActualEndOfScans="1" ActualExecutions="1" />
                                                <RunTimeCountersPerThread Thread="1" ActualRows="553" ActualEndOfScans="1" ActualExecutions="1" />
                                                <RunTimeCountersPerThread Thread="0" ActualRows="0" ActualEndOfScans="0" ActualExecutions="0" />
                                              </RunTimeInformation>
                                              <Bitmap>
                                                <DefinedValues>
                                                  <DefinedValue>
                                                    <ColumnReference Column="Bitmap1018" />
                                                  </DefinedValue>
                                                </DefinedValues>
                                                <HashKeys>
                                                  <ColumnReference Database="[Star_Schema_Benchmark]" Schema="[dbo]" Table="[Date]" Column="D_DateKey" />
                                                </HashKeys>
                                                <RelOp AvgRowSize="17" EstimateCPU="0.0323264" EstimateIO="0" EstimateRebinds="0" EstimateRewinds="0" EstimateRows="2192" LogicalOp="Repartition Streams" NodeId="12" Parallel="true" PhysicalOp="Parallelism" EstimatedTotalSubtreeCost="0.0580604">
                                                  <OutputList>
                                                    <ColumnReference Database="[Star_Schema_Benchmark]" Schema="[dbo]" Table="[Date]" Column="D_DateKey" />
                                                    <ColumnReference Database="[Star_Schema_Benchmark]" Schema="[dbo]" Table="[Date]" Column="D_Year" />
                                                  </OutputList>
                                                  <RunTimeInformation>
                                                    <RunTimeCountersPerThread Thread="4" ActualRows="553" ActualEndOfScans="1" ActualExecutions="1" />
                                                    <RunTimeCountersPerThread Thread="3" ActualRows="535" ActualEndOfScans="1" ActualExecutions="1" />
                                                    <RunTimeCountersPerThread Thread="1" ActualRows="553" ActualEndOfScans="1" ActualExecutions="1" />
                                                    <RunTimeCountersPerThread Thread="2" ActualRows="551" ActualEndOfScans="1" ActualExecutions="1" />
                                                    <RunTimeCountersPerThread Thread="0" ActualRows="0" ActualEndOfScans="0" ActualExecutions="0" />
                                                  </RunTimeInformation>
                                                  <Parallelism PartitioningType="Hash">
                                                    <PartitionColumns>
                                                      <ColumnReference Database="[Star_Schema_Benchmark]" Schema="[dbo]" Table="[Date]" Column="D_DateKey" />
                                                    </PartitionColumns>
                                                    <RelOp AvgRowSize="17" EstimateCPU="0.0014843" EstimateIO="0.023125" EstimateRebinds="0" EstimateRewinds="0" EstimateRows="2192" LogicalOp="Clustered Index Scan" NodeId="13" Parallel="true" PhysicalOp="Clustered Index Scan" EstimatedTotalSubtreeCost="0.0246093" TableCardinality="2556">
                                                      <OutputList>
                                                        <ColumnReference Database="[Star_Schema_Benchmark]" Schema="[dbo]" Table="[Date]" Column="D_DateKey" />
                                                        <ColumnReference Database="[Star_Schema_Benchmark]" Schema="[dbo]" Table="[Date]" Column="D_Year" />
                                                      </OutputList>
                                                      <RunTimeInformation>
                                                        <RunTimeCountersPerThread Thread="1" ActualRows="517" ActualEndOfScans="1" ActualExecutions="1" />
                                                        <RunTimeCountersPerThread Thread="4" ActualRows="559" ActualEndOfScans="1" ActualExecutions="1" />
                                                        <RunTimeCountersPerThread Thread="2" ActualRows="558" ActualEndOfScans="1" ActualExecutions="1" />
                                                        <RunTimeCountersPerThread Thread="3" ActualRows="558" ActualEndOfScans="1" ActualExecutions="1" />
                                                        <RunTimeCountersPerThread Thread="0" ActualRows="0" ActualEndOfScans="0" ActualExecutions="0" />
                                                      </RunTimeInformation>
                                                      <IndexScan Ordered="false" ForcedIndex="false" NoExpandHint="false">
                                                        <DefinedValues>
                                                          <DefinedValue>
                                                            <ColumnReference Database="[Star_Schema_Benchmark]" Schema="[dbo]" Table="[Date]" Column="D_DateKey" />
                                                          </DefinedValue>
                                                          <DefinedValue>
                                                            <ColumnReference Database="[Star_Schema_Benchmark]" Schema="[dbo]" Table="[Date]" Column="D_Year" />
                                                          </DefinedValue>
                                                        </DefinedValues>
                                                        <Object Database="[Star_Schema_Benchmark]" Schema="[dbo]" Table="[Date]" Index="[PK_Date]" IndexKind="Clustered" />
                                                        <Predicate>
                                                          <ScalarOperator ScalarString="[Star_Schema_Benchmark].[dbo].[Date].[D_Year]&gt;=(1992) AND [Star_Schema_Benchmark].[dbo].[Date].[D_Year]&lt;=(1997)">
                                                            <Logical Operation="AND">
                                                              <ScalarOperator>
                                                                <Compare CompareOp="GE">
                                                                  <ScalarOperator>
                                                                    <Identifier>
                                                                      <ColumnReference Database="[Star_Schema_Benchmark]" Schema="[dbo]" Table="[Date]" Column="D_Year" />
                                                                    </Identifier>
                                                                  </ScalarOperator>
                                                                  <ScalarOperator>
                                                                    <Const ConstValue="(1992)" />
                                                                  </ScalarOperator>
                                                                </Compare>
                                                              </ScalarOperator>
                                                              <ScalarOperator>
                                                                <Compare CompareOp="LE">
                                                                  <ScalarOperator>
                                                                    <Identifier>
                                                                      <ColumnReference Database="[Star_Schema_Benchmark]" Schema="[dbo]" Table="[Date]" Column="D_Year" />
                                                                    </Identifier>
                                                                  </ScalarOperator>
                                                                  <ScalarOperator>
                                                                    <Const ConstValue="(1997)" />
                                                                  </ScalarOperator>
                                                                </Compare>
                                                              </ScalarOperator>
                                                            </Logical>
                                                          </ScalarOperator>
                                                        </Predicate>
                                                      </IndexScan>
                                                    </RelOp>
                                                  </Parallelism>
                                                </RelOp>
                                              </Bitmap>
                                            </RelOp>
                                            <RelOp AvgRowSize="42" EstimateCPU="1.54898" EstimateIO="0" EstimateRebinds="0" EstimateRewinds="0" EstimateRows="491887" LogicalOp="Repartition Streams" NodeId="14" Parallel="true" PhysicalOp="Parallelism" EstimatedTotalSubtreeCost="6.53196">
                                              <OutputList>
                                                <ColumnReference Database="[Star_Schema_Benchmark]" Schema="[dbo]" Table="[LineOrder]" Column="LO_CustKey" />
                                                <ColumnReference Database="[Star_Schema_Benchmark]" Schema="[dbo]" Table="[LineOrder]" Column="LO_OrderDateKey" />
                                                <ColumnReference Database="[Star_Schema_Benchmark]" Schema="[dbo]" Table="[LineOrder]" Column="LO_Revenue" />
                                                <ColumnReference Database="[Star_Schema_Benchmark]" Schema="[dbo]" Table="[Supplier]" Column="S_City" />
                                              </OutputList>
                                              <RunTimeInformation>
                                                <RunTimeCountersPerThread Thread="4" ActualRows="112946" ActualEndOfScans="1" ActualExecutions="1" />
                                                <RunTimeCountersPerThread Thread="3" ActualRows="109455" ActualEndOfScans="1" ActualExecutions="1" />
                                                <RunTimeCountersPerThread Thread="2" ActualRows="112866" ActualEndOfScans="1" ActualExecutions="1" />
                                                <RunTimeCountersPerThread Thread="1" ActualRows="113236" ActualEndOfScans="1" ActualExecutions="1" />
                                                <RunTimeCountersPerThread Thread="0" ActualRows="0" ActualEndOfScans="0" ActualExecutions="0" />
                                              </RunTimeInformation>
                                              <Parallelism PartitioningType="Hash">
                                                <PartitionColumns>
                                                  <ColumnReference Database="[Star_Schema_Benchmark]" Schema="[dbo]" Table="[LineOrder]" Column="LO_OrderDateKey" />
                                                </PartitionColumns>
                                                <Predicate>
                                                  <ScalarOperator ScalarString="PROBE([Bitmap1018],[Star_Schema_Benchmark].[dbo].[LineOrder].[LO_OrderDateKey])">
                                                    <Intrinsic FunctionName="PROBE">
                                                      <ScalarOperator>
                                                        <Identifier>
                                                          <ColumnReference Column="Bitmap1018" />
                                                        </Identifier>
                                                      </ScalarOperator>
                                                      <ScalarOperator>
                                                        <Identifier>
                                                          <ColumnReference Database="[Star_Schema_Benchmark]" Schema="[dbo]" Table="[LineOrder]" Column="LO_OrderDateKey" />
                                                        </Identifier>
                                                      </ScalarOperator>
                                                    </Intrinsic>
                                                  </ScalarOperator>
                                                </Predicate>
                                                <RelOp AvgRowSize="42" EstimateCPU="1.02804" EstimateIO="0" EstimateRebinds="0" EstimateRewinds="0" EstimateRows="491887" LogicalOp="Inner Join" NodeId="15" Parallel="true" PhysicalOp="Nested Loops" EstimatedTotalSubtreeCost="4.98298">
                                                  <OutputList>
                                                    <ColumnReference Database="[Star_Schema_Benchmark]" Schema="[dbo]" Table="[LineOrder]" Column="LO_CustKey" />
                                                    <ColumnReference Database="[Star_Schema_Benchmark]" Schema="[dbo]" Table="[LineOrder]" Column="LO_OrderDateKey" />
                                                    <ColumnReference Database="[Star_Schema_Benchmark]" Schema="[dbo]" Table="[LineOrder]" Column="LO_Revenue" />
                                                    <ColumnReference Database="[Star_Schema_Benchmark]" Schema="[dbo]" Table="[Supplier]" Column="S_City" />
                                                  </OutputList>
                                                  <RunTimeInformation>
                                                    <RunTimeCountersPerThread Thread="1" ActualRows="122924" ActualEndOfScans="1" ActualExecutions="1" />
                                                    <RunTimeCountersPerThread Thread="2" ActualRows="119984" ActualEndOfScans="1" ActualExecutions="1" />
                                                    <RunTimeCountersPerThread Thread="4" ActualRows="126164" ActualEndOfScans="1" ActualExecutions="1" />
                                                    <RunTimeCountersPerThread Thread="3" ActualRows="123261" ActualEndOfScans="1" ActualExecutions="1" />
                                                    <RunTimeCountersPerThread Thread="0" ActualRows="0" ActualEndOfScans="0" ActualExecutions="0" />
                                                  </RunTimeInformation>
                                                  <NestedLoops Optimized="false" WithUnorderedPrefetch="true">
                                                    <OuterReferences>
                                                      <ColumnReference Database="[Star_Schema_Benchmark]" Schema="[dbo]" Table="[Supplier]" Column="S_SuppKey" />
                                                      <ColumnReference Column="Expr1017" />
                                                    </OuterReferences>
                                                    <RelOp AvgRowSize="21" EstimateCPU="0.0295698" EstimateIO="0" EstimateRebinds="0" EstimateRewinds="0" EstimateRows="164" LogicalOp="Repartition Streams" NodeId="17" Parallel="true" PhysicalOp="Parallelism" EstimatedTotalSubtreeCost="0.252573">
                                                      <OutputList>
                                                        <ColumnReference Database="[Star_Schema_Benchmark]" Schema="[dbo]" Table="[Supplier]" Column="S_SuppKey" />
                                                        <ColumnReference Database="[Star_Schema_Benchmark]" Schema="[dbo]" Table="[Supplier]" Column="S_City" />
                                                      </OutputList>
                                                      <RunTimeInformation>
                                                        <RunTimeCountersPerThread Thread="4" ActualRows="42" ActualEndOfScans="1" ActualExecutions="1" />
                                                        <RunTimeCountersPerThread Thread="1" ActualRows="41" ActualEndOfScans="1" ActualExecutions="1" />
                                                        <RunTimeCountersPerThread Thread="3" ActualRows="41" ActualEndOfScans="1" ActualExecutions="1" />
                                                        <RunTimeCountersPerThread Thread="2" ActualRows="40" ActualEndOfScans="1" ActualExecutions="1" />
                                                        <RunTimeCountersPerThread Thread="0" ActualRows="0" ActualEndOfScans="0" ActualExecutions="0" />
                                                      </RunTimeInformation>
                                                      <Parallelism PartitioningType="RoundRobin">
                                                        <RelOp AvgRowSize="21" EstimateCPU="0.0110785" EstimateIO="0.203125" EstimateRebinds="0" EstimateRewinds="0" EstimateRows="164" LogicalOp="Clustered Index Scan" NodeId="18" Parallel="true" PhysicalOp="Clustered Index Scan" EstimatedTotalSubtreeCost="0.214203" TableCardinality="20000">
                                                          <OutputList>
                                                            <ColumnReference Database="[Star_Schema_Benchmark]" Schema="[dbo]" Table="[Supplier]" Column="S_SuppKey" />
                                                            <ColumnReference Database="[Star_Schema_Benchmark]" Schema="[dbo]" Table="[Supplier]" Column="S_City" />
                                                          </OutputList>
                                                          <RunTimeInformation>
                                                            <RunTimeCountersPerThread Thread="4" ActualRows="34" ActualEndOfScans="1" ActualExecutions="1" />
                                                            <RunTimeCountersPerThread Thread="1" ActualRows="45" ActualEndOfScans="1" ActualExecutions="1" />
                                                            <RunTimeCountersPerThread Thread="3" ActualRows="38" ActualEndOfScans="1" ActualExecutions="1" />
                                                            <RunTimeCountersPerThread Thread="2" ActualRows="47" ActualEndOfScans="1" ActualExecutions="1" />
                                                            <RunTimeCountersPerThread Thread="0" ActualRows="0" ActualEndOfScans="0" ActualExecutions="0" />
                                                          </RunTimeInformation>
                                                          <IndexScan Ordered="false" ForcedIndex="false" NoExpandHint="false">
                                                            <DefinedValues>
                                                              <DefinedValue>
                                                                <ColumnReference Database="[Star_Schema_Benchmark]" Schema="[dbo]" Table="[Supplier]" Column="S_SuppKey" />
                                                              </DefinedValue>
                                                              <DefinedValue>
                                                                <ColumnReference Database="[Star_Schema_Benchmark]" Schema="[dbo]" Table="[Supplier]" Column="S_City" />
                                                              </DefinedValue>
                                                            </DefinedValues>
                                                            <Object Database="[Star_Schema_Benchmark]" Schema="[dbo]" Table="[Supplier]" Index="[PK_Supplier]" IndexKind="Clustered" />
                                                            <Predicate>
                                                              <ScalarOperator ScalarString="[Star_Schema_Benchmark].[dbo].[Supplier].[S_City]='UNITED KI1' OR [Star_Schema_Benchmark].[dbo].[Supplier].[S_City]='UNITED KI5'">
                                                                <Logical Operation="OR">
                                                                  <ScalarOperator>
                                                                    <Compare CompareOp="EQ">
                                                                      <ScalarOperator>
                                                                        <Identifier>
                                                                          <ColumnReference Database="[Star_Schema_Benchmark]" Schema="[dbo]" Table="[Supplier]" Column="S_City" />
                                                                        </Identifier>
                                                                      </ScalarOperator>
                                                                      <ScalarOperator>
                                                                        <Const ConstValue="'UNITED KI1'" />
                                                                      </ScalarOperator>
                                                                    </Compare>
                                                                  </ScalarOperator>
                                                                  <ScalarOperator>
                                                                    <Compare CompareOp="EQ">
                                                                      <ScalarOperator>
                                                                        <Identifier>
                                                                          <ColumnReference Database="[Star_Schema_Benchmark]" Schema="[dbo]" Table="[Supplier]" Column="S_City" />
                                                                        </Identifier>
                                                                      </ScalarOperator>
                                                                      <ScalarOperator>
                                                                        <Const ConstValue="'UNITED KI5'" />
                                                                      </ScalarOperator>
                                                                    </Compare>
                                                                  </ScalarOperator>
                                                                </Logical>
                                                              </ScalarOperator>
                                                            </Predicate>
                                                          </IndexScan>
                                                        </RelOp>
                                                      </Parallelism>
                                                    </RelOp>
                                                    <RelOp AvgRowSize="32" EstimateCPU="0.00345624" EstimateIO="0.0194213" EstimateRebinds="163" EstimateRewinds="0" EstimateRows="2999.31" LogicalOp="Index Seek" NodeId="19" Parallel="true" PhysicalOp="Index Seek" EstimatedTotalSubtreeCost="3.73193" TableCardinality="59986200">
                                                      <OutputList>
                                                        <ColumnReference Database="[Star_Schema_Benchmark]" Schema="[dbo]" Table="[LineOrder]" Column="LO_CustKey" />
                                                        <ColumnReference Database="[Star_Schema_Benchmark]" Schema="[dbo]" Table="[LineOrder]" Column="LO_OrderDateKey" />
                                                        <ColumnReference Database="[Star_Schema_Benchmark]" Schema="[dbo]" Table="[LineOrder]" Column="LO_Revenue" />
                                                      </OutputList>
                                                      <RunTimeInformation>
                                                        <RunTimeCountersPerThread Thread="1" ActualRows="122924" ActualEndOfScans="41" ActualExecutions="41" />
                                                        <RunTimeCountersPerThread Thread="2" ActualRows="119984" ActualEndOfScans="40" ActualExecutions="40" />
                                                        <RunTimeCountersPerThread Thread="4" ActualRows="126164" ActualEndOfScans="42" ActualExecutions="42" />
                                                        <RunTimeCountersPerThread Thread="3" ActualRows="123261" ActualEndOfScans="41" ActualExecutions="41" />
                                                        <RunTimeCountersPerThread Thread="0" ActualRows="0" ActualEndOfScans="0" ActualExecutions="0" />
                                                      </RunTimeInformation>
                                                      <IndexScan Ordered="true" ScanDirection="FORWARD" ForcedIndex="false" ForceSeek="false" NoExpandHint="false">
                                                        <DefinedValues>
                                                          <DefinedValue>
                                                            <ColumnReference Database="[Star_Schema_Benchmark]" Schema="[dbo]" Table="[LineOrder]" Column="LO_CustKey" />
                                                          </DefinedValue>
                                                          <DefinedValue>
                                                            <ColumnReference Database="[Star_Schema_Benchmark]" Schema="[dbo]" Table="[LineOrder]" Column="LO_OrderDateKey" />
                                                          </DefinedValue>
                                                          <DefinedValue>
                                                            <ColumnReference Database="[Star_Schema_Benchmark]" Schema="[dbo]" Table="[LineOrder]" Column="LO_Revenue" />
                                                          </DefinedValue>
                                                        </DefinedValues>
                                                        <Object Database="[Star_Schema_Benchmark]" Schema="[dbo]" Table="[LineOrder]" Index="[_dta_index_LineOrder_5_21575115__K5_K4_K3_K6_13_14]" IndexKind="NonClustered" />
                                                        <SeekPredicates>
                                                          <SeekPredicateNew>
                                                            <SeekKeys>
                                                              <Prefix ScanType="EQ">
                                                                <RangeColumns>
                                                                  <ColumnReference Database="[Star_Schema_Benchmark]" Schema="[dbo]" Table="[LineOrder]" Column="LO_SuppKey" />
                                                                </RangeColumns>
                                                                <RangeExpressions>
                                                                  <ScalarOperator ScalarString="[Star_Schema_Benchmark].[dbo].[Supplier].[S_SuppKey]">
                                                                    <Identifier>
                                                                      <ColumnReference Database="[Star_Schema_Benchmark]" Schema="[dbo]" Table="[Supplier]" Column="S_SuppKey" />
                                                                    </Identifier>
                                                                  </ScalarOperator>
                                                                </RangeExpressions>
                                                              </Prefix>
                                                            </SeekKeys>
                                                          </SeekPredicateNew>
                                                        </SeekPredicates>
                                                      </IndexScan>
                                                    </RelOp>
                                                  </NestedLoops>
                                                </RelOp>
                                              </Parallelism>
                                            </RelOp>
                                          </Hash>
                                        </RelOp>
                                      </Parallelism>
                                    </RelOp>
                                  </Hash>
                                </RelOp>
                              </Parallelism>
                            </RelOp>
                          </Hash>
                        </RelOp>
                      </ComputeScalar>
                    </RelOp>
                  </Sort>
                </RelOp>
              </Parallelism>
            </RelOp>
          </QueryPlan>
        </StmtSimple>
      </Statements>
    </Batch>
    <Batch>
      <Statements>
        <StmtSimple StatementCompId="10" StatementEstRows="2468.39" StatementId="10" StatementOptmLevel="FULL" StatementSubTreeCost="9.63665" StatementText="select c_city, s_city, d_year, sum(lo_revenue)&#xD;&#xA;as  revenue&#xD;&#xA;from customer, lineorder, supplier, [date]&#xD;&#xA;where lo_custkey = c_customerkey&#xD;&#xA;and lo_suppkey = s_suppkey&#xD;&#xA;and lo_orderdatekey = d_datekey&#xD;&#xA;and  (c_city='UNITED KI1'&#xD;&#xA;or c_city='UNITED KI5')&#xD;&#xA;and (s_city='UNITED KI1'&#xD;&#xA;or s_city='UNITED KI5')&#xD;&#xA;and d_yearmonth = 'Dec1997'&#xD;&#xA;group by c_city, s_city, d_year&#xD;&#xA;order by d_year asc,  revenue desc;&#xD;&#xA;&#xD;&#xA;--Q4.1&#xD;" StatementType="SELECT" QueryHash="0x04DA4C93DC486CB6" QueryPlanHash="0x5FD661529794AE3B">
          <StatementSetOptions ANSI_NULLS="true" ANSI_PADDING="true" ANSI_WARNINGS="true" ARITHABORT="true" CONCAT_NULL_YIELDS_NULL="true" NUMERIC_ROUNDABORT="false" QUOTED_IDENTIFIER="true" />
          <QueryPlan DegreeOfParallelism="4" MemoryGrant="6976" CachedPlanSize="88" CompileTime="59" CompileCPU="59" CompileMemory="1920">
            <RelOp AvgRowSize="46" EstimateCPU="0.0479231" EstimateIO="0" EstimateRebinds="0" EstimateRewinds="0" EstimateRows="2468.39" LogicalOp="Gather Streams" NodeId="0" Parallel="true" PhysicalOp="Parallelism" EstimatedTotalSubtreeCost="9.63665">
              <OutputList>
                <ColumnReference Database="[Star_Schema_Benchmark]" Schema="[dbo]" Table="[Customer]" Column="C_City" />
                <ColumnReference Database="[Star_Schema_Benchmark]" Schema="[dbo]" Table="[Supplier]" Column="S_City" />
                <ColumnReference Database="[Star_Schema_Benchmark]" Schema="[dbo]" Table="[Date]" Column="D_Year" />
                <ColumnReference Column="Expr1012" />
              </OutputList>
              <RunTimeInformation>
                <RunTimeCountersPerThread Thread="0" ActualRows="4" ActualEndOfScans="1" ActualExecutions="1" />
              </RunTimeInformation>
              <Parallelism>
                <OrderBy>
                  <OrderByColumn Ascending="true">
                    <ColumnReference Database="[Star_Schema_Benchmark]" Schema="[dbo]" Table="[Date]" Column="D_Year" />
                  </OrderByColumn>
                  <OrderByColumn Ascending="false">
                    <ColumnReference Column="Expr1012" />
                  </OrderByColumn>
                </OrderBy>
                <RelOp AvgRowSize="46" EstimateCPU="0.0217474" EstimateIO="0.00563063" EstimateRebinds="0" EstimateRewinds="0" EstimateRows="2468.39" LogicalOp="Sort" NodeId="1" Parallel="true" PhysicalOp="Sort" EstimatedTotalSubtreeCost="9.58873">
                  <OutputList>
                    <ColumnReference Database="[Star_Schema_Benchmark]" Schema="[dbo]" Table="[Customer]" Column="C_City" />
                    <ColumnReference Database="[Star_Schema_Benchmark]" Schema="[dbo]" Table="[Supplier]" Column="S_City" />
                    <ColumnReference Database="[Star_Schema_Benchmark]" Schema="[dbo]" Table="[Date]" Column="D_Year" />
                    <ColumnReference Column="Expr1012" />
                  </OutputList>
                  <MemoryFractions Input="0.519231" Output="1" />
                  <RunTimeInformation>
                    <RunTimeCountersPerThread Thread="4" ActualRebinds="1" ActualRewinds="0" ActualRows="1" ActualEndOfScans="1" ActualExecutions="1" />
                    <RunTimeCountersPerThread Thread="3" ActualRebinds="1" ActualRewinds="0" ActualRows="0" ActualEndOfScans="1" ActualExecutions="1" />
                    <RunTimeCountersPerThread Thread="1" ActualRebinds="1" ActualRewinds="0" ActualRows="2" ActualEndOfScans="1" ActualExecutions="1" />
                    <RunTimeCountersPerThread Thread="2" ActualRebinds="1" ActualRewinds="0" ActualRows="1" ActualEndOfScans="1" ActualExecutions="1" />
                    <RunTimeCountersPerThread Thread="0" ActualRebinds="0" ActualRewinds="0" ActualRows="0" ActualEndOfScans="0" ActualExecutions="0" />
                  </RunTimeInformation>
                  <Sort Distinct="false">
                    <OrderBy>
                      <OrderByColumn Ascending="true">
                        <ColumnReference Database="[Star_Schema_Benchmark]" Schema="[dbo]" Table="[Date]" Column="D_Year" />
                      </OrderByColumn>
                      <OrderByColumn Ascending="false">
                        <ColumnReference Column="Expr1012" />
                      </OrderByColumn>
                    </OrderBy>
                    <RelOp AvgRowSize="46" EstimateCPU="0.00135761" EstimateIO="0" EstimateRebinds="0" EstimateRewinds="0" EstimateRows="2468.39" LogicalOp="Compute Scalar" NodeId="2" Parallel="true" PhysicalOp="Compute Scalar" EstimatedTotalSubtreeCost="9.56135">
                      <OutputList>
                        <ColumnReference Database="[Star_Schema_Benchmark]" Schema="[dbo]" Table="[Customer]" Column="C_City" />
                        <ColumnReference Database="[Star_Schema_Benchmark]" Schema="[dbo]" Table="[Supplier]" Column="S_City" />
                        <ColumnReference Database="[Star_Schema_Benchmark]" Schema="[dbo]" Table="[Date]" Column="D_Year" />
                        <ColumnReference Column="Expr1012" />
                      </OutputList>
                      <ComputeScalar>
                        <DefinedValues>
                          <DefinedValue>
                            <ColumnReference Column="Expr1012" />
                            <ScalarOperator ScalarString="CASE WHEN [Expr1020]=(0) THEN NULL ELSE [Expr1021] END">
                              <IF>
                                <Condition>
                                  <ScalarOperator>
                                    <Compare CompareOp="EQ">
                                      <ScalarOperator>
                                        <Identifier>
                                          <ColumnReference Column="Expr1020" />
                                        </Identifier>
                                      </ScalarOperator>
                                      <ScalarOperator>
                                        <Const ConstValue="(0)" />
                                      </ScalarOperator>
                                    </Compare>
                                  </ScalarOperator>
                                </Condition>
                                <Then>
                                  <ScalarOperator>
                                    <Const ConstValue="NULL" />
                                  </ScalarOperator>
                                </Then>
                                <Else>
                                  <ScalarOperator>
                                    <Identifier>
                                      <ColumnReference Column="Expr1021" />
                                    </Identifier>
                                  </ScalarOperator>
                                </Else>
                              </IF>
                            </ScalarOperator>
                          </DefinedValue>
                        </DefinedValues>
                        <RelOp AvgRowSize="46" EstimateCPU="0.00135761" EstimateIO="0" EstimateRebinds="0" EstimateRewinds="0" EstimateRows="2468.39" LogicalOp="Aggregate" NodeId="3" Parallel="true" PhysicalOp="Stream Aggregate" EstimatedTotalSubtreeCost="9.56135">
                          <OutputList>
                            <ColumnReference Database="[Star_Schema_Benchmark]" Schema="[dbo]" Table="[Customer]" Column="C_City" />
                            <ColumnReference Database="[Star_Schema_Benchmark]" Schema="[dbo]" Table="[Supplier]" Column="S_City" />
                            <ColumnReference Database="[Star_Schema_Benchmark]" Schema="[dbo]" Table="[Date]" Column="D_Year" />
                            <ColumnReference Column="Expr1020" />
                            <ColumnReference Column="Expr1021" />
                          </OutputList>
                          <RunTimeInformation>
                            <RunTimeCountersPerThread Thread="4" ActualRows="1" ActualEndOfScans="1" ActualExecutions="1" />
                            <RunTimeCountersPerThread Thread="2" ActualRows="1" ActualEndOfScans="1" ActualExecutions="1" />
                            <RunTimeCountersPerThread Thread="1" ActualRows="2" ActualEndOfScans="1" ActualExecutions="1" />
                            <RunTimeCountersPerThread Thread="3" ActualRows="0" ActualEndOfScans="1" ActualExecutions="1" />
                            <RunTimeCountersPerThread Thread="0" ActualRows="0" ActualEndOfScans="0" ActualExecutions="0" />
                          </RunTimeInformation>
                          <StreamAggregate>
                            <DefinedValues>
                              <DefinedValue>
                                <ColumnReference Column="Expr1020" />
                                <ScalarOperator ScalarString="COUNT_BIG([Star_Schema_Benchmark].[dbo].[LineOrder].[LO_Revenue])">
                                  <Aggregate AggType="COUNT_BIG" Distinct="false">
                                    <ScalarOperator>
                                      <Identifier>
                                        <ColumnReference Database="[Star_Schema_Benchmark]" Schema="[dbo]" Table="[LineOrder]" Column="LO_Revenue" />
                                      </Identifier>
                                    </ScalarOperator>
                                  </Aggregate>
                                </ScalarOperator>
                              </DefinedValue>
                              <DefinedValue>
                                <ColumnReference Column="Expr1021" />
                                <ScalarOperator ScalarString="SUM([Star_Schema_Benchmark].[dbo].[LineOrder].[LO_Revenue])">
                                  <Aggregate AggType="SUM" Distinct="false">
                                    <ScalarOperator>
                                      <Identifier>
                                        <ColumnReference Database="[Star_Schema_Benchmark]" Schema="[dbo]" Table="[LineOrder]" Column="LO_Revenue" />
                                      </Identifier>
                                    </ScalarOperator>
                                  </Aggregate>
                                </ScalarOperator>
                              </DefinedValue>
                            </DefinedValues>
                            <GroupBy>
                              <ColumnReference Database="[Star_Schema_Benchmark]" Schema="[dbo]" Table="[Customer]" Column="C_City" />
                              <ColumnReference Database="[Star_Schema_Benchmark]" Schema="[dbo]" Table="[Supplier]" Column="S_City" />
                              <ColumnReference Database="[Star_Schema_Benchmark]" Schema="[dbo]" Table="[Date]" Column="D_Year" />
                            </GroupBy>
                            <RelOp AvgRowSize="38" EstimateCPU="0.0217474" EstimateIO="0.00563063" EstimateRebinds="0" EstimateRewinds="0" EstimateRows="2468.39" LogicalOp="Sort" NodeId="4" Parallel="true" PhysicalOp="Sort" EstimatedTotalSubtreeCost="9.55999">
                              <OutputList>
                                <ColumnReference Database="[Star_Schema_Benchmark]" Schema="[dbo]" Table="[Customer]" Column="C_City" />
                                <ColumnReference Database="[Star_Schema_Benchmark]" Schema="[dbo]" Table="[LineOrder]" Column="LO_Revenue" />
                                <ColumnReference Database="[Star_Schema_Benchmark]" Schema="[dbo]" Table="[Supplier]" Column="S_City" />
                                <ColumnReference Database="[Star_Schema_Benchmark]" Schema="[dbo]" Table="[Date]" Column="D_Year" />
                              </OutputList>
                              <MemoryFractions Input="1" Output="0.480769" />
                              <RunTimeInformation>
                                <RunTimeCountersPerThread Thread="4" ActualRebinds="1" ActualRewinds="0" ActualRows="10" ActualEndOfScans="1" ActualExecutions="1" />
                                <RunTimeCountersPerThread Thread="2" ActualRebinds="1" ActualRewinds="0" ActualRows="12" ActualEndOfScans="1" ActualExecutions="1" />
                                <RunTimeCountersPerThread Thread="1" ActualRebinds="1" ActualRewinds="0" ActualRows="33" ActualEndOfScans="1" ActualExecutions="1" />
                                <RunTimeCountersPerThread Thread="3" ActualRebinds="1" ActualRewinds="0" ActualRows="0" ActualEndOfScans="1" ActualExecutions="1" />
                                <RunTimeCountersPerThread Thread="0" ActualRebinds="0" ActualRewinds="0" ActualRows="0" ActualEndOfScans="0" ActualExecutions="0" />
                              </RunTimeInformation>
                              <Sort Distinct="false">
                                <OrderBy>
                                  <OrderByColumn Ascending="true">
                                    <ColumnReference Database="[Star_Schema_Benchmark]" Schema="[dbo]" Table="[Customer]" Column="C_City" />
                                  </OrderByColumn>
                                  <OrderByColumn Ascending="true">
                                    <ColumnReference Database="[Star_Schema_Benchmark]" Schema="[dbo]" Table="[Supplier]" Column="S_City" />
                                  </OrderByColumn>
                                  <OrderByColumn Ascending="true">
                                    <ColumnReference Database="[Star_Schema_Benchmark]" Schema="[dbo]" Table="[Date]" Column="D_Year" />
                                  </OrderByColumn>
                                </OrderBy>
                                <RelOp AvgRowSize="38" EstimateCPU="0.0367743" EstimateIO="0" EstimateRebinds="0" EstimateRewinds="0" EstimateRows="2468.39" LogicalOp="Repartition Streams" NodeId="5" Parallel="true" PhysicalOp="Parallelism" EstimatedTotalSubtreeCost="9.53261">
                                  <OutputList>
                                    <ColumnReference Database="[Star_Schema_Benchmark]" Schema="[dbo]" Table="[Customer]" Column="C_City" />
                                    <ColumnReference Database="[Star_Schema_Benchmark]" Schema="[dbo]" Table="[LineOrder]" Column="LO_Revenue" />
                                    <ColumnReference Database="[Star_Schema_Benchmark]" Schema="[dbo]" Table="[Supplier]" Column="S_City" />
                                    <ColumnReference Database="[Star_Schema_Benchmark]" Schema="[dbo]" Table="[Date]" Column="D_Year" />
                                  </OutputList>
                                  <RunTimeInformation>
                                    <RunTimeCountersPerThread Thread="4" ActualRows="10" ActualEndOfScans="1" ActualExecutions="1" />
                                    <RunTimeCountersPerThread Thread="2" ActualRows="12" ActualEndOfScans="1" ActualExecutions="1" />
                                    <RunTimeCountersPerThread Thread="3" ActualRows="0" ActualEndOfScans="1" ActualExecutions="1" />
                                    <RunTimeCountersPerThread Thread="1" ActualRows="33" ActualEndOfScans="1" ActualExecutions="1" />
                                    <RunTimeCountersPerThread Thread="0" ActualRows="0" ActualEndOfScans="0" ActualExecutions="0" />
                                  </RunTimeInformation>
                                  <Parallelism PartitioningType="Hash">
                                    <PartitionColumns>
                                      <ColumnReference Database="[Star_Schema_Benchmark]" Schema="[dbo]" Table="[Customer]" Column="C_City" />
                                      <ColumnReference Database="[Star_Schema_Benchmark]" Schema="[dbo]" Table="[Supplier]" Column="S_City" />
                                      <ColumnReference Database="[Star_Schema_Benchmark]" Schema="[dbo]" Table="[Date]" Column="D_Year" />
                                    </PartitionColumns>
                                    <RelOp AvgRowSize="38" EstimateCPU="0.0132238" EstimateIO="0" EstimateRebinds="0" EstimateRewinds="0" EstimateRows="2468.39" LogicalOp="Inner Join" NodeId="6" Parallel="true" PhysicalOp="Nested Loops" EstimatedTotalSubtreeCost="9.49584">
                                      <OutputList>
                                        <ColumnReference Database="[Star_Schema_Benchmark]" Schema="[dbo]" Table="[Customer]" Column="C_City" />
                                        <ColumnReference Database="[Star_Schema_Benchmark]" Schema="[dbo]" Table="[LineOrder]" Column="LO_Revenue" />
                                        <ColumnReference Database="[Star_Schema_Benchmark]" Schema="[dbo]" Table="[Supplier]" Column="S_City" />
                                        <ColumnReference Database="[Star_Schema_Benchmark]" Schema="[dbo]" Table="[Date]" Column="D_Year" />
                                      </OutputList>
                                      <RunTimeInformation>
                                        <RunTimeCountersPerThread Thread="2" ActualRows="20" ActualEndOfScans="1" ActualExecutions="1" />
                                        <RunTimeCountersPerThread Thread="4" ActualRows="15" ActualEndOfScans="1" ActualExecutions="1" />
                                        <RunTimeCountersPerThread Thread="3" ActualRows="9" ActualEndOfScans="1" ActualExecutions="1" />
                                        <RunTimeCountersPerThread Thread="1" ActualRows="11" ActualEndOfScans="1" ActualExecutions="1" />
                                        <RunTimeCountersPerThread Thread="0" ActualRows="0" ActualEndOfScans="0" ActualExecutions="0" />
                                      </RunTimeInformation>
                                      <NestedLoops Optimized="false" WithUnorderedPrefetch="true">
                                        <OuterReferences>
                                          <ColumnReference Database="[Star_Schema_Benchmark]" Schema="[dbo]" Table="[LineOrder]" Column="LO_CustKey" />
                                          <ColumnReference Column="Expr1019" />
                                        </OuterReferences>
                                        <RelOp AvgRowSize="36" EstimateCPU="1.63262" EstimateIO="0" EstimateRebinds="0" EstimateRewinds="0" EstimateRows="6327.18" LogicalOp="Inner Join" NodeId="8" Parallel="true" PhysicalOp="Hash Match" EstimatedTotalSubtreeCost="6.67151">
                                          <OutputList>
                                            <ColumnReference Database="[Star_Schema_Benchmark]" Schema="[dbo]" Table="[LineOrder]" Column="LO_CustKey" />
                                            <ColumnReference Database="[Star_Schema_Benchmark]" Schema="[dbo]" Table="[LineOrder]" Column="LO_Revenue" />
                                            <ColumnReference Database="[Star_Schema_Benchmark]" Schema="[dbo]" Table="[Supplier]" Column="S_City" />
                                            <ColumnReference Database="[Star_Schema_Benchmark]" Schema="[dbo]" Table="[Date]" Column="D_Year" />
                                          </OutputList>
                                          <MemoryFractions Input="0" Output="0" />
                                          <RunTimeInformation>
                                            <RunTimeCountersPerThread Thread="2" ActualRows="1572" ActualEndOfScans="1" ActualExecutions="1" />
                                            <RunTimeCountersPerThread Thread="4" ActualRows="1563" ActualEndOfScans="1" ActualExecutions="1" />
                                            <RunTimeCountersPerThread Thread="3" ActualRows="1564" ActualEndOfScans="1" ActualExecutions="1" />
                                            <RunTimeCountersPerThread Thread="1" ActualRows="1626" ActualEndOfScans="1" ActualExecutions="1" />
                                            <RunTimeCountersPerThread Thread="0" ActualRows="0" ActualEndOfScans="0" ActualExecutions="0" />
                                          </RunTimeInformation>
                                          <Hash>
                                            <DefinedValues />
                                            <HashKeysBuild>
                                              <ColumnReference Database="[Star_Schema_Benchmark]" Schema="[dbo]" Table="[Date]" Column="D_DateKey" />
                                            </HashKeysBuild>
                                            <HashKeysProbe>
                                              <ColumnReference Database="[Star_Schema_Benchmark]" Schema="[dbo]" Table="[LineOrder]" Column="LO_OrderDateKey" />
                                            </HashKeysProbe>
                                            <ProbeResidual>
                                              <ScalarOperator ScalarString="[Star_Schema_Benchmark].[dbo].[LineOrder].[LO_OrderDateKey]=[Star_Schema_Benchmark].[dbo].[Date].[D_DateKey]">
                                                <Compare CompareOp="EQ">
                                                  <ScalarOperator>
                                                    <Identifier>
                                                      <ColumnReference Database="[Star_Schema_Benchmark]" Schema="[dbo]" Table="[LineOrder]" Column="LO_OrderDateKey" />
                                                    </Identifier>
                                                  </ScalarOperator>
                                                  <ScalarOperator>
                                                    <Identifier>
                                                      <ColumnReference Database="[Star_Schema_Benchmark]" Schema="[dbo]" Table="[Date]" Column="D_DateKey" />
                                                    </Identifier>
                                                  </ScalarOperator>
                                                </Compare>
                                              </ScalarOperator>
                                            </ProbeResidual>
                                            <RelOp AvgRowSize="17" EstimateCPU="0.0285859" EstimateIO="0" EstimateRebinds="0" EstimateRewinds="0" EstimateRows="31" LogicalOp="Distribute Streams" NodeId="10" Parallel="true" PhysicalOp="Parallelism" EstimatedTotalSubtreeCost="0.0559064">
                                              <OutputList>
                                                <ColumnReference Database="[Star_Schema_Benchmark]" Schema="[dbo]" Table="[Date]" Column="D_DateKey" />
                                                <ColumnReference Database="[Star_Schema_Benchmark]" Schema="[dbo]" Table="[Date]" Column="D_Year" />
                                              </OutputList>
                                              <RunTimeInformation>
                                                <RunTimeCountersPerThread Thread="3" ActualRows="31" ActualEndOfScans="1" ActualExecutions="1" />
                                                <RunTimeCountersPerThread Thread="4" ActualRows="31" ActualEndOfScans="1" ActualExecutions="1" />
                                                <RunTimeCountersPerThread Thread="2" ActualRows="31" ActualEndOfScans="1" ActualExecutions="1" />
                                                <RunTimeCountersPerThread Thread="1" ActualRows="31" ActualEndOfScans="1" ActualExecutions="1" />
                                                <RunTimeCountersPerThread Thread="0" ActualRows="0" ActualEndOfScans="0" ActualExecutions="0" />
                                              </RunTimeInformation>
                                              <Parallelism PartitioningType="Broadcast">
                                                <RelOp AvgRowSize="24" EstimateCPU="0.0029686" EstimateIO="0.023125" EstimateRebinds="0" EstimateRewinds="0" EstimateRows="31" LogicalOp="Clustered Index Scan" NodeId="11" Parallel="false" PhysicalOp="Clustered Index Scan" EstimatedTotalSubtreeCost="0.0260936" TableCardinality="2556">
                                                  <OutputList>
                                                    <ColumnReference Database="[Star_Schema_Benchmark]" Schema="[dbo]" Table="[Date]" Column="D_DateKey" />
                                                    <ColumnReference Database="[Star_Schema_Benchmark]" Schema="[dbo]" Table="[Date]" Column="D_Year" />
                                                  </OutputList>
                                                  <RunTimeInformation>
                                                    <RunTimeCountersPerThread Thread="1" ActualRows="31" ActualEndOfScans="1" ActualExecutions="1" />
                                                    <RunTimeCountersPerThread Thread="0" ActualRows="0" ActualEndOfScans="0" ActualExecutions="0" />
                                                  </RunTimeInformation>
                                                  <IndexScan Ordered="false" ForcedIndex="false" NoExpandHint="false">
                                                    <DefinedValues>
                                                      <DefinedValue>
                                                        <ColumnReference Database="[Star_Schema_Benchmark]" Schema="[dbo]" Table="[Date]" Column="D_DateKey" />
                                                      </DefinedValue>
                                                      <DefinedValue>
                                                        <ColumnReference Database="[Star_Schema_Benchmark]" Schema="[dbo]" Table="[Date]" Column="D_Year" />
                                                      </DefinedValue>
                                                    </DefinedValues>
                                                    <Object Database="[Star_Schema_Benchmark]" Schema="[dbo]" Table="[Date]" Index="[PK_Date]" IndexKind="Clustered" />
                                                    <Predicate>
                                                      <ScalarOperator ScalarString="[Star_Schema_Benchmark].[dbo].[Date].[D_YearMonth]='Dec1997'">
                                                        <Compare CompareOp="EQ">
                                                          <ScalarOperator>
                                                            <Identifier>
                                                              <ColumnReference Database="[Star_Schema_Benchmark]" Schema="[dbo]" Table="[Date]" Column="D_YearMonth" />
                                                            </Identifier>
                                                          </ScalarOperator>
                                                          <ScalarOperator>
                                                            <Const ConstValue="'Dec1997'" />
                                                          </ScalarOperator>
                                                        </Compare>
                                                      </ScalarOperator>
                                                    </Predicate>
                                                  </IndexScan>
                                                </RelOp>
                                              </Parallelism>
                                            </RelOp>
                                            <RelOp AvgRowSize="42" EstimateCPU="1.02804" EstimateIO="0" EstimateRebinds="0" EstimateRewinds="0" EstimateRows="491887" LogicalOp="Inner Join" NodeId="12" Parallel="true" PhysicalOp="Nested Loops" EstimatedTotalSubtreeCost="4.98298">
                                              <OutputList>
                                                <ColumnReference Database="[Star_Schema_Benchmark]" Schema="[dbo]" Table="[LineOrder]" Column="LO_CustKey" />
                                                <ColumnReference Database="[Star_Schema_Benchmark]" Schema="[dbo]" Table="[LineOrder]" Column="LO_OrderDateKey" />
                                                <ColumnReference Database="[Star_Schema_Benchmark]" Schema="[dbo]" Table="[LineOrder]" Column="LO_Revenue" />
                                                <ColumnReference Database="[Star_Schema_Benchmark]" Schema="[dbo]" Table="[Supplier]" Column="S_City" />
                                              </OutputList>
                                              <RunTimeInformation>
                                                <RunTimeCountersPerThread Thread="2" ActualRows="122867" ActualEndOfScans="1" ActualExecutions="1" />
                                                <RunTimeCountersPerThread Thread="4" ActualRows="123026" ActualEndOfScans="1" ActualExecutions="1" />
                                                <RunTimeCountersPerThread Thread="3" ActualRows="122972" ActualEndOfScans="1" ActualExecutions="1" />
                                                <RunTimeCountersPerThread Thread="1" ActualRows="123468" ActualEndOfScans="1" ActualExecutions="1" />
                                                <RunTimeCountersPerThread Thread="0" ActualRows="0" ActualEndOfScans="0" ActualExecutions="0" />
                                              </RunTimeInformation>
                                              <NestedLoops Optimized="false" WithUnorderedPrefetch="true">
                                                <OuterReferences>
                                                  <ColumnReference Database="[Star_Schema_Benchmark]" Schema="[dbo]" Table="[Supplier]" Column="S_SuppKey" />
                                                  <ColumnReference Column="Expr1017" />
                                                </OuterReferences>
                                                <RelOp AvgRowSize="21" EstimateCPU="0.0295698" EstimateIO="0" EstimateRebinds="0" EstimateRewinds="0" EstimateRows="164" LogicalOp="Repartition Streams" NodeId="14" Parallel="true" PhysicalOp="Parallelism" EstimatedTotalSubtreeCost="0.252573">
                                                  <OutputList>
                                                    <ColumnReference Database="[Star_Schema_Benchmark]" Schema="[dbo]" Table="[Supplier]" Column="S_SuppKey" />
                                                    <ColumnReference Database="[Star_Schema_Benchmark]" Schema="[dbo]" Table="[Supplier]" Column="S_City" />
                                                  </OutputList>
                                                  <RunTimeInformation>
                                                    <RunTimeCountersPerThread Thread="3" ActualRows="41" ActualEndOfScans="1" ActualExecutions="1" />
                                                    <RunTimeCountersPerThread Thread="4" ActualRows="41" ActualEndOfScans="1" ActualExecutions="1" />
                                                    <RunTimeCountersPerThread Thread="2" ActualRows="41" ActualEndOfScans="1" ActualExecutions="1" />
                                                    <RunTimeCountersPerThread Thread="1" ActualRows="41" ActualEndOfScans="1" ActualExecutions="1" />
                                                    <RunTimeCountersPerThread Thread="0" ActualRows="0" ActualEndOfScans="0" ActualExecutions="0" />
                                                  </RunTimeInformation>
                                                  <Parallelism PartitioningType="RoundRobin">
                                                    <RelOp AvgRowSize="21" EstimateCPU="0.0110785" EstimateIO="0.203125" EstimateRebinds="0" EstimateRewinds="0" EstimateRows="164" LogicalOp="Clustered Index Scan" NodeId="15" Parallel="true" PhysicalOp="Clustered Index Scan" EstimatedTotalSubtreeCost="0.214203" TableCardinality="20000">
                                                      <OutputList>
                                                        <ColumnReference Database="[Star_Schema_Benchmark]" Schema="[dbo]" Table="[Supplier]" Column="S_SuppKey" />
                                                        <ColumnReference Database="[Star_Schema_Benchmark]" Schema="[dbo]" Table="[Supplier]" Column="S_City" />
                                                      </OutputList>
                                                      <RunTimeInformation>
                                                        <RunTimeCountersPerThread Thread="4" ActualRows="41" ActualEndOfScans="1" ActualExecutions="1" />
                                                        <RunTimeCountersPerThread Thread="1" ActualRows="39" ActualEndOfScans="1" ActualExecutions="1" />
                                                        <RunTimeCountersPerThread Thread="3" ActualRows="48" ActualEndOfScans="1" ActualExecutions="1" />
                                                        <RunTimeCountersPerThread Thread="2" ActualRows="36" ActualEndOfScans="1" ActualExecutions="1" />
                                                        <RunTimeCountersPerThread Thread="0" ActualRows="0" ActualEndOfScans="0" ActualExecutions="0" />
                                                      </RunTimeInformation>
                                                      <IndexScan Ordered="false" ForcedIndex="false" NoExpandHint="false">
                                                        <DefinedValues>
                                                          <DefinedValue>
                                                            <ColumnReference Database="[Star_Schema_Benchmark]" Schema="[dbo]" Table="[Supplier]" Column="S_SuppKey" />
                                                          </DefinedValue>
                                                          <DefinedValue>
                                                            <ColumnReference Database="[Star_Schema_Benchmark]" Schema="[dbo]" Table="[Supplier]" Column="S_City" />
                                                          </DefinedValue>
                                                        </DefinedValues>
                                                        <Object Database="[Star_Schema_Benchmark]" Schema="[dbo]" Table="[Supplier]" Index="[PK_Supplier]" IndexKind="Clustered" />
                                                        <Predicate>
                                                          <ScalarOperator ScalarString="[Star_Schema_Benchmark].[dbo].[Supplier].[S_City]='UNITED KI1' OR [Star_Schema_Benchmark].[dbo].[Supplier].[S_City]='UNITED KI5'">
                                                            <Logical Operation="OR">
                                                              <ScalarOperator>
                                                                <Compare CompareOp="EQ">
                                                                  <ScalarOperator>
                                                                    <Identifier>
                                                                      <ColumnReference Database="[Star_Schema_Benchmark]" Schema="[dbo]" Table="[Supplier]" Column="S_City" />
                                                                    </Identifier>
                                                                  </ScalarOperator>
                                                                  <ScalarOperator>
                                                                    <Const ConstValue="'UNITED KI1'" />
                                                                  </ScalarOperator>
                                                                </Compare>
                                                              </ScalarOperator>
                                                              <ScalarOperator>
                                                                <Compare CompareOp="EQ">
                                                                  <ScalarOperator>
                                                                    <Identifier>
                                                                      <ColumnReference Database="[Star_Schema_Benchmark]" Schema="[dbo]" Table="[Supplier]" Column="S_City" />
                                                                    </Identifier>
                                                                  </ScalarOperator>
                                                                  <ScalarOperator>
                                                                    <Const ConstValue="'UNITED KI5'" />
                                                                  </ScalarOperator>
                                                                </Compare>
                                                              </ScalarOperator>
                                                            </Logical>
                                                          </ScalarOperator>
                                                        </Predicate>
                                                      </IndexScan>
                                                    </RelOp>
                                                  </Parallelism>
                                                </RelOp>
                                                <RelOp AvgRowSize="32" EstimateCPU="0.00345624" EstimateIO="0.0194213" EstimateRebinds="163" EstimateRewinds="0" EstimateRows="2999.31" LogicalOp="Index Seek" NodeId="16" Parallel="true" PhysicalOp="Index Seek" EstimatedTotalSubtreeCost="3.73193" TableCardinality="59986200">
                                                  <OutputList>
                                                    <ColumnReference Database="[Star_Schema_Benchmark]" Schema="[dbo]" Table="[LineOrder]" Column="LO_CustKey" />
                                                    <ColumnReference Database="[Star_Schema_Benchmark]" Schema="[dbo]" Table="[LineOrder]" Column="LO_OrderDateKey" />
                                                    <ColumnReference Database="[Star_Schema_Benchmark]" Schema="[dbo]" Table="[LineOrder]" Column="LO_Revenue" />
                                                  </OutputList>
                                                  <RunTimeInformation>
                                                    <RunTimeCountersPerThread Thread="2" ActualRows="122867" ActualEndOfScans="41" ActualExecutions="41" />
                                                    <RunTimeCountersPerThread Thread="4" ActualRows="123026" ActualEndOfScans="41" ActualExecutions="41" />
                                                    <RunTimeCountersPerThread Thread="3" ActualRows="122972" ActualEndOfScans="41" ActualExecutions="41" />
                                                    <RunTimeCountersPerThread Thread="1" ActualRows="123468" ActualEndOfScans="41" ActualExecutions="41" />
                                                    <RunTimeCountersPerThread Thread="0" ActualRows="0" ActualEndOfScans="0" ActualExecutions="0" />
                                                  </RunTimeInformation>
                                                  <IndexScan Ordered="true" ScanDirection="FORWARD" ForcedIndex="false" ForceSeek="false" NoExpandHint="false">
                                                    <DefinedValues>
                                                      <DefinedValue>
                                                        <ColumnReference Database="[Star_Schema_Benchmark]" Schema="[dbo]" Table="[LineOrder]" Column="LO_CustKey" />
                                                      </DefinedValue>
                                                      <DefinedValue>
                                                        <ColumnReference Database="[Star_Schema_Benchmark]" Schema="[dbo]" Table="[LineOrder]" Column="LO_OrderDateKey" />
                                                      </DefinedValue>
                                                      <DefinedValue>
                                                        <ColumnReference Database="[Star_Schema_Benchmark]" Schema="[dbo]" Table="[LineOrder]" Column="LO_Revenue" />
                                                      </DefinedValue>
                                                    </DefinedValues>
                                                    <Object Database="[Star_Schema_Benchmark]" Schema="[dbo]" Table="[LineOrder]" Index="[_dta_index_LineOrder_5_21575115__K5_K4_K3_K6_13_14]" IndexKind="NonClustered" />
                                                    <SeekPredicates>
                                                      <SeekPredicateNew>
                                                        <SeekKeys>
                                                          <Prefix ScanType="EQ">
                                                            <RangeColumns>
                                                              <ColumnReference Database="[Star_Schema_Benchmark]" Schema="[dbo]" Table="[LineOrder]" Column="LO_SuppKey" />
                                                            </RangeColumns>
                                                            <RangeExpressions>
                                                              <ScalarOperator ScalarString="[Star_Schema_Benchmark].[dbo].[Supplier].[S_SuppKey]">
                                                                <Identifier>
                                                                  <ColumnReference Database="[Star_Schema_Benchmark]" Schema="[dbo]" Table="[Supplier]" Column="S_SuppKey" />
                                                                </Identifier>
                                                              </ScalarOperator>
                                                            </RangeExpressions>
                                                          </Prefix>
                                                        </SeekKeys>
                                                      </SeekPredicateNew>
                                                    </SeekPredicates>
                                                  </IndexScan>
                                                </RelOp>
                                              </NestedLoops>
                                            </RelOp>
                                          </Hash>
                                        </RelOp>
                                        <RelOp AvgRowSize="17" EstimateCPU="0.0001581" EstimateIO="0.003125" EstimateRebinds="6316.68" EstimateRewinds="9.49983" EstimateRows="1" LogicalOp="Clustered Index Seek" NodeId="18" Parallel="true" PhysicalOp="Clustered Index Seek" EstimatedTotalSubtreeCost="2.80554" TableCardinality="300000">
                                          <OutputList>
                                            <ColumnReference Database="[Star_Schema_Benchmark]" Schema="[dbo]" Table="[Customer]" Column="C_City" />
                                          </OutputList>
                                          <RunTimeInformation>
                                            <RunTimeCountersPerThread Thread="2" ActualRows="20" ActualEndOfScans="1552" ActualExecutions="1572" />
                                            <RunTimeCountersPerThread Thread="4" ActualRows="15" ActualEndOfScans="1548" ActualExecutions="1563" />
                                            <RunTimeCountersPerThread Thread="3" ActualRows="9" ActualEndOfScans="1555" ActualExecutions="1564" />
                                            <RunTimeCountersPerThread Thread="1" ActualRows="11" ActualEndOfScans="1615" ActualExecutions="1626" />
                                            <RunTimeCountersPerThread Thread="0" ActualRows="0" ActualEndOfScans="0" ActualExecutions="0" />
                                          </RunTimeInformation>
                                          <IndexScan Ordered="true" ScanDirection="FORWARD" ForcedIndex="false" ForceSeek="false" NoExpandHint="false">
                                            <DefinedValues>
                                              <DefinedValue>
                                                <ColumnReference Database="[Star_Schema_Benchmark]" Schema="[dbo]" Table="[Customer]" Column="C_City" />
                                              </DefinedValue>
                                            </DefinedValues>
                                            <Object Database="[Star_Schema_Benchmark]" Schema="[dbo]" Table="[Customer]" Index="[PK_Customer]" IndexKind="Clustered" />
                                            <SeekPredicates>
                                              <SeekPredicateNew>
                                                <SeekKeys>
                                                  <Prefix ScanType="EQ">
                                                    <RangeColumns>
                                                      <ColumnReference Database="[Star_Schema_Benchmark]" Schema="[dbo]" Table="[Customer]" Column="C_CustomerKey" />
                                                    </RangeColumns>
                                                    <RangeExpressions>
                                                      <ScalarOperator ScalarString="[Star_Schema_Benchmark].[dbo].[LineOrder].[LO_CustKey]">
                                                        <Identifier>
                                                          <ColumnReference Database="[Star_Schema_Benchmark]" Schema="[dbo]" Table="[LineOrder]" Column="LO_CustKey" />
                                                        </Identifier>
                                                      </ScalarOperator>
                                                    </RangeExpressions>
                                                  </Prefix>
                                                </SeekKeys>
                                              </SeekPredicateNew>
                                            </SeekPredicates>
                                            <Predicate>
                                              <ScalarOperator ScalarString="[Star_Schema_Benchmark].[dbo].[Customer].[C_City]='UNITED KI1' OR [Star_Schema_Benchmark].[dbo].[Customer].[C_City]='UNITED KI5'">
                                                <Logical Operation="OR">
                                                  <ScalarOperator>
                                                    <Compare CompareOp="EQ">
                                                      <ScalarOperator>
                                                        <Identifier>
                                                          <ColumnReference Database="[Star_Schema_Benchmark]" Schema="[dbo]" Table="[Customer]" Column="C_City" />
                                                        </Identifier>
                                                      </ScalarOperator>
                                                      <ScalarOperator>
                                                        <Const ConstValue="'UNITED KI1'" />
                                                      </ScalarOperator>
                                                    </Compare>
                                                  </ScalarOperator>
                                                  <ScalarOperator>
                                                    <Compare CompareOp="EQ">
                                                      <ScalarOperator>
                                                        <Identifier>
                                                          <ColumnReference Database="[Star_Schema_Benchmark]" Schema="[dbo]" Table="[Customer]" Column="C_City" />
                                                        </Identifier>
                                                      </ScalarOperator>
                                                      <ScalarOperator>
                                                        <Const ConstValue="'UNITED KI5'" />
                                                      </ScalarOperator>
                                                    </Compare>
                                                  </ScalarOperator>
                                                </Logical>
                                              </ScalarOperator>
                                            </Predicate>
                                          </IndexScan>
                                        </RelOp>
                                      </NestedLoops>
                                    </RelOp>
                                  </Parallelism>
                                </RelOp>
                              </Sort>
                            </RelOp>
                          </StreamAggregate>
                        </RelOp>
                      </ComputeScalar>
                    </RelOp>
                  </Sort>
                </RelOp>
              </Parallelism>
            </RelOp>
          </QueryPlan>
        </StmtSimple>
      </Statements>
    </Batch>
    <Batch>
      <Statements>
        <StmtSimple StatementCompId="11" StatementEstRows="85738.1" StatementId="11" StatementOptmLevel="FULL" StatementSubTreeCost="379.583" StatementText="select d_year, c_nation,&#xD;&#xA;sum(lo_revenue - lo_supplycost) as profit&#xD;&#xA;from date, customer, supplier, part, lineorder&#xD;&#xA;where lo_custkey = c_customerkey&#xD;&#xA;and lo_suppkey = s_suppkey&#xD;&#xA;and lo_partkey = p_partkey&#xD;&#xA;and lo_orderdatekey = d_datekey&#xD;&#xA;and c_region = 'AMERICA'&#xD;&#xA;and s_region = 'AMERICA'&#xD;&#xA;and (p_mfgr = 'MFGR#1'&#xD;&#xA;or p_mfgr = 'MFGR#2')&#xD;&#xA;group by d_year, c_nation&#xD;&#xA;order by d_year, c_nation;&#xD;&#xA;&#xD;&#xA;--Q4.2&#xD;" StatementType="SELECT" QueryHash="0x5ECDF0705AF9D624" QueryPlanHash="0xEF6B136D08E0B663">
          <StatementSetOptions ANSI_NULLS="true" ANSI_PADDING="true" ANSI_WARNINGS="true" ARITHABORT="true" CONCAT_NULL_YIELDS_NULL="true" NUMERIC_ROUNDABORT="false" QUOTED_IDENTIFIER="true" />
          <QueryPlan DegreeOfParallelism="4" MemoryGrant="253248" CachedPlanSize="160" CompileTime="242" CompileCPU="242" CompileMemory="2912">
            <RelOp AvgRowSize="41" EstimateCPU="0.667656" EstimateIO="0" EstimateRebinds="0" EstimateRewinds="0" EstimateRows="85738.1" LogicalOp="Gather Streams" NodeId="0" Parallel="true" PhysicalOp="Parallelism" EstimatedTotalSubtreeCost="379.583">
              <OutputList>
                <ColumnReference Database="[Star_Schema_Benchmark]" Schema="[dbo]" Table="[Date]" Column="D_Year" />
                <ColumnReference Database="[Star_Schema_Benchmark]" Schema="[dbo]" Table="[Customer]" Column="C_Nation" />
                <ColumnReference Column="Expr1015" />
              </OutputList>
              <RunTimeInformation>
                <RunTimeCountersPerThread Thread="0" ActualRows="35" ActualEndOfScans="1" ActualExecutions="1" />
              </RunTimeInformation>
              <Parallelism>
                <OrderBy>
                  <OrderByColumn Ascending="true">
                    <ColumnReference Database="[Star_Schema_Benchmark]" Schema="[dbo]" Table="[Date]" Column="D_Year" />
                  </OrderByColumn>
                  <OrderByColumn Ascending="true">
                    <ColumnReference Database="[Star_Schema_Benchmark]" Schema="[dbo]" Table="[Customer]" Column="C_Nation" />
                  </OrderByColumn>
                </OrderBy>
                <RelOp AvgRowSize="41" EstimateCPU="3.22463" EstimateIO="0.00563063" EstimateRebinds="0" EstimateRewinds="0" EstimateRows="85738.1" LogicalOp="Sort" NodeId="1" Parallel="true" PhysicalOp="Sort" EstimatedTotalSubtreeCost="378.916">
                  <OutputList>
                    <ColumnReference Database="[Star_Schema_Benchmark]" Schema="[dbo]" Table="[Date]" Column="D_Year" />
                    <ColumnReference Database="[Star_Schema_Benchmark]" Schema="[dbo]" Table="[Customer]" Column="C_Nation" />
                    <ColumnReference Column="Expr1015" />
                  </OutputList>
                  <MemoryFractions Input="0.438531" Output="1" />
                  <RunTimeInformation>
                    <RunTimeCountersPerThread Thread="3" ActualRebinds="1" ActualRewinds="0" ActualRows="11" ActualEndOfScans="1" ActualExecutions="1" />
                    <RunTimeCountersPerThread Thread="4" ActualRebinds="1" ActualRewinds="0" ActualRows="10" ActualEndOfScans="1" ActualExecutions="1" />
                    <RunTimeCountersPerThread Thread="2" ActualRebinds="1" ActualRewinds="0" ActualRows="10" ActualEndOfScans="1" ActualExecutions="1" />
                    <RunTimeCountersPerThread Thread="1" ActualRebinds="1" ActualRewinds="0" ActualRows="4" ActualEndOfScans="1" ActualExecutions="1" />
                    <RunTimeCountersPerThread Thread="0" ActualRebinds="0" ActualRewinds="0" ActualRows="0" ActualEndOfScans="0" ActualExecutions="0" />
                  </RunTimeInformation>
                  <Sort Distinct="false">
                    <OrderBy>
                      <OrderByColumn Ascending="true">
                        <ColumnReference Database="[Star_Schema_Benchmark]" Schema="[dbo]" Table="[Date]" Column="D_Year" />
                      </OrderByColumn>
                      <OrderByColumn Ascending="true">
                        <ColumnReference Database="[Star_Schema_Benchmark]" Schema="[dbo]" Table="[Customer]" Column="C_Nation" />
                      </OrderByColumn>
                    </OrderBy>
                    <RelOp AvgRowSize="41" EstimateCPU="0.00428691" EstimateIO="0" EstimateRebinds="0" EstimateRewinds="0" EstimateRows="85738.1" LogicalOp="Compute Scalar" NodeId="3" Parallel="true" PhysicalOp="Compute Scalar" EstimatedTotalSubtreeCost="375.685">
                      <OutputList>
                        <ColumnReference Database="[Star_Schema_Benchmark]" Schema="[dbo]" Table="[Date]" Column="D_Year" />
                        <ColumnReference Database="[Star_Schema_Benchmark]" Schema="[dbo]" Table="[Customer]" Column="C_Nation" />
                        <ColumnReference Column="Expr1015" />
                      </OutputList>
                      <ComputeScalar>
                        <DefinedValues>
                          <DefinedValue>
                            <ColumnReference Column="Expr1015" />
                            <ScalarOperator ScalarString="CASE WHEN [globalagg1018]=(0) THEN NULL ELSE [globalagg1020] END">
                              <IF>
                                <Condition>
                                  <ScalarOperator>
                                    <Compare CompareOp="EQ">
                                      <ScalarOperator>
                                        <Identifier>
                                          <ColumnReference Column="globalagg1018" />
                                        </Identifier>
                                      </ScalarOperator>
                                      <ScalarOperator>
                                        <Const ConstValue="(0)" />
                                      </ScalarOperator>
                                    </Compare>
                                  </ScalarOperator>
                                </Condition>
                                <Then>
                                  <ScalarOperator>
                                    <Const ConstValue="NULL" />
                                  </ScalarOperator>
                                </Then>
                                <Else>
                                  <ScalarOperator>
                                    <Identifier>
                                      <ColumnReference Column="globalagg1020" />
                                    </Identifier>
                                  </ScalarOperator>
                                </Else>
                              </IF>
                            </ScalarOperator>
                          </DefinedValue>
                        </DefinedValues>
                        <RelOp AvgRowSize="49" EstimateCPU="2.54347" EstimateIO="0" EstimateRebinds="0" EstimateRewinds="0" EstimateRows="85738.1" LogicalOp="Aggregate" NodeId="4" Parallel="true" PhysicalOp="Hash Match" EstimatedTotalSubtreeCost="375.681">
                          <OutputList>
                            <ColumnReference Database="[Star_Schema_Benchmark]" Schema="[dbo]" Table="[Date]" Column="D_Year" />
                            <ColumnReference Database="[Star_Schema_Benchmark]" Schema="[dbo]" Table="[Customer]" Column="C_Nation" />
                            <ColumnReference Column="globalagg1018" />
                            <ColumnReference Column="globalagg1020" />
                          </OutputList>
                          <MemoryFractions Input="0.0467762" Output="0.561469" />
                          <RunTimeInformation>
                            <RunTimeCountersPerThread Thread="3" ActualRows="11" ActualEndOfScans="1" ActualExecutions="1" />
                            <RunTimeCountersPerThread Thread="4" ActualRows="10" ActualEndOfScans="1" ActualExecutions="1" />
                            <RunTimeCountersPerThread Thread="2" ActualRows="10" ActualEndOfScans="1" ActualExecutions="1" />
                            <RunTimeCountersPerThread Thread="1" ActualRows="4" ActualEndOfScans="1" ActualExecutions="1" />
                            <RunTimeCountersPerThread Thread="0" ActualRows="0" ActualEndOfScans="0" ActualExecutions="0" />
                          </RunTimeInformation>
                          <Hash>
                            <DefinedValues>
                              <DefinedValue>
                                <ColumnReference Column="globalagg1018" />
                                <ScalarOperator ScalarString="SUM([partialagg1017])">
                                  <Aggregate AggType="SUM" Distinct="false">
                                    <ScalarOperator>
                                      <Identifier>
                                        <ColumnReference Column="partialagg1017" />
                                      </Identifier>
                                    </ScalarOperator>
                                  </Aggregate>
                                </ScalarOperator>
                              </DefinedValue>
                              <DefinedValue>
                                <ColumnReference Column="globalagg1020" />
                                <ScalarOperator ScalarString="SUM([partialagg1019])">
                                  <Aggregate AggType="SUM" Distinct="false">
                                    <ScalarOperator>
                                      <Identifier>
                                        <ColumnReference Column="partialagg1019" />
                                      </Identifier>
                                    </ScalarOperator>
                                  </Aggregate>
                                </ScalarOperator>
                              </DefinedValue>
                            </DefinedValues>
                            <HashKeysBuild>
                              <ColumnReference Database="[Star_Schema_Benchmark]" Schema="[dbo]" Table="[Date]" Column="D_Year" />
                              <ColumnReference Database="[Star_Schema_Benchmark]" Schema="[dbo]" Table="[Customer]" Column="C_Nation" />
                            </HashKeysBuild>
                            <BuildResidual>
                              <ScalarOperator ScalarString="[Star_Schema_Benchmark].[dbo].[Date].[D_Year] = [Star_Schema_Benchmark].[dbo].[Date].[D_Year] AND [Star_Schema_Benchmark].[dbo].[Customer].[C_Nation] = [Star_Schema_Benchmark].[dbo].[Customer].[C_Nation]">
                                <Logical Operation="AND">
                                  <ScalarOperator>
                                    <Compare CompareOp="IS">
                                      <ScalarOperator>
                                        <Identifier>
                                          <ColumnReference Database="[Star_Schema_Benchmark]" Schema="[dbo]" Table="[Date]" Column="D_Year" />
                                        </Identifier>
                                      </ScalarOperator>
                                      <ScalarOperator>
                                        <Identifier>
                                          <ColumnReference Database="[Star_Schema_Benchmark]" Schema="[dbo]" Table="[Date]" Column="D_Year" />
                                        </Identifier>
                                      </ScalarOperator>
                                    </Compare>
                                  </ScalarOperator>
                                  <ScalarOperator>
                                    <Compare CompareOp="IS">
                                      <ScalarOperator>
                                        <Identifier>
                                          <ColumnReference Database="[Star_Schema_Benchmark]" Schema="[dbo]" Table="[Customer]" Column="C_Nation" />
                                        </Identifier>
                                      </ScalarOperator>
                                      <ScalarOperator>
                                        <Identifier>
                                          <ColumnReference Database="[Star_Schema_Benchmark]" Schema="[dbo]" Table="[Customer]" Column="C_Nation" />
                                        </Identifier>
                                      </ScalarOperator>
                                    </Compare>
                                  </ScalarOperator>
                                </Logical>
                              </ScalarOperator>
                            </BuildResidual>
                            <RelOp AvgRowSize="49" EstimateCPU="0.642663" EstimateIO="0" EstimateRebinds="0" EstimateRewinds="0" EstimateRows="171476" LogicalOp="Repartition Streams" NodeId="5" Parallel="true" PhysicalOp="Parallelism" EstimatedTotalSubtreeCost="373.138">
                              <OutputList>
                                <ColumnReference Database="[Star_Schema_Benchmark]" Schema="[dbo]" Table="[Date]" Column="D_Year" />
                                <ColumnReference Database="[Star_Schema_Benchmark]" Schema="[dbo]" Table="[Customer]" Column="C_Nation" />
                                <ColumnReference Column="partialagg1017" />
                                <ColumnReference Column="partialagg1019" />
                              </OutputList>
                              <RunTimeInformation>
                                <RunTimeCountersPerThread Thread="3" ActualRows="44" ActualEndOfScans="1" ActualExecutions="1" />
                                <RunTimeCountersPerThread Thread="4" ActualRows="40" ActualEndOfScans="1" ActualExecutions="1" />
                                <RunTimeCountersPerThread Thread="2" ActualRows="40" ActualEndOfScans="1" ActualExecutions="1" />
                                <RunTimeCountersPerThread Thread="1" ActualRows="16" ActualEndOfScans="1" ActualExecutions="1" />
                                <RunTimeCountersPerThread Thread="0" ActualRows="0" ActualEndOfScans="0" ActualExecutions="0" />
                              </RunTimeInformation>
                              <Parallelism PartitioningType="Hash">
                                <PartitionColumns>
                                  <ColumnReference Database="[Star_Schema_Benchmark]" Schema="[dbo]" Table="[Date]" Column="D_Year" />
                                  <ColumnReference Database="[Star_Schema_Benchmark]" Schema="[dbo]" Table="[Customer]" Column="C_Nation" />
                                </PartitionColumns>
                                <RelOp AvgRowSize="49" EstimateCPU="11.4644" EstimateIO="0" EstimateRebinds="0" EstimateRewinds="0" EstimateRows="171476" LogicalOp="Partial Aggregate" NodeId="6" Parallel="true" PhysicalOp="Hash Match" EstimatedTotalSubtreeCost="372.495">
                                  <OutputList>
                                    <ColumnReference Database="[Star_Schema_Benchmark]" Schema="[dbo]" Table="[Date]" Column="D_Year" />
                                    <ColumnReference Database="[Star_Schema_Benchmark]" Schema="[dbo]" Table="[Customer]" Column="C_Nation" />
                                    <ColumnReference Column="partialagg1017" />
                                    <ColumnReference Column="partialagg1019" />
                                  </OutputList>
                                  <MemoryFractions Input="0" Output="0" />
                                  <RunTimeInformation>
                                    <RunTimeCountersPerThread Thread="3" ActualRows="35" ActualEndOfScans="1" ActualExecutions="1" />
                                    <RunTimeCountersPerThread Thread="1" ActualRows="35" ActualEndOfScans="1" ActualExecutions="1" />
                                    <RunTimeCountersPerThread Thread="2" ActualRows="35" ActualEndOfScans="1" ActualExecutions="1" />
                                    <RunTimeCountersPerThread Thread="4" ActualRows="35" ActualEndOfScans="1" ActualExecutions="1" />
                                    <RunTimeCountersPerThread Thread="0" ActualRows="0" ActualEndOfScans="0" ActualExecutions="0" />
                                  </RunTimeInformation>
                                  <Hash>
                                    <DefinedValues>
                                      <DefinedValue>
                                        <ColumnReference Column="partialagg1017" />
                                        <ScalarOperator ScalarString="COUNT_BIG([Expr1016])">
                                          <Aggregate AggType="COUNT_BIG" Distinct="false">
                                            <ScalarOperator>
                                              <Identifier>
                                                <ColumnReference Column="Expr1016" />
                                              </Identifier>
                                            </ScalarOperator>
                                          </Aggregate>
                                        </ScalarOperator>
                                      </DefinedValue>
                                      <DefinedValue>
                                        <ColumnReference Column="partialagg1019" />
                                        <ScalarOperator ScalarString="SUM([Expr1016])">
                                          <Aggregate AggType="SUM" Distinct="false">
                                            <ScalarOperator>
                                              <Identifier>
                                                <ColumnReference Column="Expr1016" />
                                              </Identifier>
                                            </ScalarOperator>
                                          </Aggregate>
                                        </ScalarOperator>
                                      </DefinedValue>
                                    </DefinedValues>
                                    <HashKeysBuild>
                                      <ColumnReference Database="[Star_Schema_Benchmark]" Schema="[dbo]" Table="[Date]" Column="D_Year" />
                                      <ColumnReference Database="[Star_Schema_Benchmark]" Schema="[dbo]" Table="[Customer]" Column="C_Nation" />
                                    </HashKeysBuild>
                                    <BuildResidual>
                                      <ScalarOperator ScalarString="[Star_Schema_Benchmark].[dbo].[Date].[D_Year] = [Star_Schema_Benchmark].[dbo].[Date].[D_Year] AND [Star_Schema_Benchmark].[dbo].[Customer].[C_Nation] = [Star_Schema_Benchmark].[dbo].[Customer].[C_Nation]">
                                        <Logical Operation="AND">
                                          <ScalarOperator>
                                            <Compare CompareOp="IS">
                                              <ScalarOperator>
                                                <Identifier>
                                                  <ColumnReference Database="[Star_Schema_Benchmark]" Schema="[dbo]" Table="[Date]" Column="D_Year" />
                                                </Identifier>
                                              </ScalarOperator>
                                              <ScalarOperator>
                                                <Identifier>
                                                  <ColumnReference Database="[Star_Schema_Benchmark]" Schema="[dbo]" Table="[Date]" Column="D_Year" />
                                                </Identifier>
                                              </ScalarOperator>
                                            </Compare>
                                          </ScalarOperator>
                                          <ScalarOperator>
                                            <Compare CompareOp="IS">
                                              <ScalarOperator>
                                                <Identifier>
                                                  <ColumnReference Database="[Star_Schema_Benchmark]" Schema="[dbo]" Table="[Customer]" Column="C_Nation" />
                                                </Identifier>
                                              </ScalarOperator>
                                              <ScalarOperator>
                                                <Identifier>
                                                  <ColumnReference Database="[Star_Schema_Benchmark]" Schema="[dbo]" Table="[Customer]" Column="C_Nation" />
                                                </Identifier>
                                              </ScalarOperator>
                                            </Compare>
                                          </ScalarOperator>
                                        </Logical>
                                      </ScalarOperator>
                                    </BuildResidual>
                                    <RelOp AvgRowSize="33" EstimateCPU="27.5341" EstimateIO="0" EstimateRebinds="0" EstimateRewinds="0" EstimateRows="2555540" LogicalOp="Inner Join" NodeId="7" Parallel="true" PhysicalOp="Hash Match" EstimatedTotalSubtreeCost="361.031">
                                      <OutputList>
                                        <ColumnReference Database="[Star_Schema_Benchmark]" Schema="[dbo]" Table="[Date]" Column="D_Year" />
                                        <ColumnReference Database="[Star_Schema_Benchmark]" Schema="[dbo]" Table="[Customer]" Column="C_Nation" />
                                        <ColumnReference Column="Expr1016" />
                                      </OutputList>
                                      <MemoryFractions Input="0.0293492" Output="0.0279764" />
                                      <RunTimeInformation>
                                        <RunTimeCountersPerThread Thread="3" ActualRows="239558" ActualEndOfScans="1" ActualExecutions="1" />
                                        <RunTimeCountersPerThread Thread="1" ActualRows="248738" ActualEndOfScans="1" ActualExecutions="1" />
                                        <RunTimeCountersPerThread Thread="2" ActualRows="242707" ActualEndOfScans="1" ActualExecutions="1" />
                                        <RunTimeCountersPerThread Thread="4" ActualRows="248155" ActualEndOfScans="1" ActualExecutions="1" />
                                        <RunTimeCountersPerThread Thread="0" ActualRows="0" ActualEndOfScans="0" ActualExecutions="0" />
                                      </RunTimeInformation>
                                      <Hash>
                                        <DefinedValues />
                                        <HashKeysBuild>
                                          <ColumnReference Database="[Star_Schema_Benchmark]" Schema="[dbo]" Table="[Date]" Column="D_DateKey" />
                                        </HashKeysBuild>
                                        <HashKeysProbe>
                                          <ColumnReference Database="[Star_Schema_Benchmark]" Schema="[dbo]" Table="[LineOrder]" Column="LO_OrderDateKey" />
                                        </HashKeysProbe>
                                        <ProbeResidual>
                                          <ScalarOperator ScalarString="[Star_Schema_Benchmark].[dbo].[LineOrder].[LO_OrderDateKey]=[Star_Schema_Benchmark].[dbo].[Date].[D_DateKey]">
                                            <Compare CompareOp="EQ">
                                              <ScalarOperator>
                                                <Identifier>
                                                  <ColumnReference Database="[Star_Schema_Benchmark]" Schema="[dbo]" Table="[LineOrder]" Column="LO_OrderDateKey" />
                                                </Identifier>
                                              </ScalarOperator>
                                              <ScalarOperator>
                                                <Identifier>
                                                  <ColumnReference Database="[Star_Schema_Benchmark]" Schema="[dbo]" Table="[Date]" Column="D_DateKey" />
                                                </Identifier>
                                              </ScalarOperator>
                                            </Compare>
                                          </ScalarOperator>
                                        </ProbeResidual>
                                        <RelOp AvgRowSize="17" EstimateCPU="0.0329618" EstimateIO="0" EstimateRebinds="0" EstimateRewinds="0" EstimateRows="2556" LogicalOp="Bitmap Create" NodeId="8" Parallel="true" PhysicalOp="Bitmap" EstimatedTotalSubtreeCost="0.0575711">
                                          <OutputList>
                                            <ColumnReference Database="[Star_Schema_Benchmark]" Schema="[dbo]" Table="[Date]" Column="D_DateKey" />
                                            <ColumnReference Database="[Star_Schema_Benchmark]" Schema="[dbo]" Table="[Date]" Column="D_Year" />
                                          </OutputList>
                                          <RunTimeInformation>
                                            <RunTimeCountersPerThread Thread="3" ActualRows="622" ActualEndOfScans="1" ActualExecutions="1" />
                                            <RunTimeCountersPerThread Thread="4" ActualRows="646" ActualEndOfScans="1" ActualExecutions="1" />
                                            <RunTimeCountersPerThread Thread="1" ActualRows="654" ActualEndOfScans="1" ActualExecutions="1" />
                                            <RunTimeCountersPerThread Thread="2" ActualRows="634" ActualEndOfScans="1" ActualExecutions="1" />
                                            <RunTimeCountersPerThread Thread="0" ActualRows="0" ActualEndOfScans="0" ActualExecutions="0" />
                                          </RunTimeInformation>
                                          <Bitmap>
                                            <DefinedValues>
                                              <DefinedValue>
                                                <ColumnReference Column="Bitmap1024" />
                                              </DefinedValue>
                                            </DefinedValues>
                                            <HashKeys>
                                              <ColumnReference Database="[Star_Schema_Benchmark]" Schema="[dbo]" Table="[Date]" Column="D_DateKey" />
                                            </HashKeys>
                                            <RelOp AvgRowSize="17" EstimateCPU="0.0329618" EstimateIO="0" EstimateRebinds="0" EstimateRewinds="0" EstimateRows="2556" LogicalOp="Repartition Streams" NodeId="9" Parallel="true" PhysicalOp="Parallelism" EstimatedTotalSubtreeCost="0.0575711">
                                              <OutputList>
                                                <ColumnReference Database="[Star_Schema_Benchmark]" Schema="[dbo]" Table="[Date]" Column="D_DateKey" />
                                                <ColumnReference Database="[Star_Schema_Benchmark]" Schema="[dbo]" Table="[Date]" Column="D_Year" />
                                              </OutputList>
                                              <RunTimeInformation>
                                                <RunTimeCountersPerThread Thread="3" ActualRows="622" ActualEndOfScans="1" ActualExecutions="1" />
                                                <RunTimeCountersPerThread Thread="4" ActualRows="646" ActualEndOfScans="1" ActualExecutions="1" />
                                                <RunTimeCountersPerThread Thread="1" ActualRows="654" ActualEndOfScans="1" ActualExecutions="1" />
                                                <RunTimeCountersPerThread Thread="2" ActualRows="634" ActualEndOfScans="1" ActualExecutions="1" />
                                                <RunTimeCountersPerThread Thread="0" ActualRows="0" ActualEndOfScans="0" ActualExecutions="0" />
                                              </RunTimeInformation>
                                              <Parallelism PartitioningType="Hash">
                                                <PartitionColumns>
                                                  <ColumnReference Database="[Star_Schema_Benchmark]" Schema="[dbo]" Table="[Date]" Column="D_DateKey" />
                                                </PartitionColumns>
                                                <RelOp AvgRowSize="17" EstimateCPU="0.0014843" EstimateIO="0.023125" EstimateRebinds="0" EstimateRewinds="0" EstimateRows="2556" LogicalOp="Clustered Index Scan" NodeId="10" Parallel="true" PhysicalOp="Clustered Index Scan" EstimatedTotalSubtreeCost="0.0246093" TableCardinality="2556">
                                                  <OutputList>
                                                    <ColumnReference Database="[Star_Schema_Benchmark]" Schema="[dbo]" Table="[Date]" Column="D_DateKey" />
                                                    <ColumnReference Database="[Star_Schema_Benchmark]" Schema="[dbo]" Table="[Date]" Column="D_Year" />
                                                  </OutputList>
                                                  <RunTimeInformation>
                                                    <RunTimeCountersPerThread Thread="4" ActualRows="651" ActualEndOfScans="1" ActualExecutions="1" />
                                                    <RunTimeCountersPerThread Thread="1" ActualRows="602" ActualEndOfScans="1" ActualExecutions="1" />
                                                    <RunTimeCountersPerThread Thread="3" ActualRows="652" ActualEndOfScans="1" ActualExecutions="1" />
                                                    <RunTimeCountersPerThread Thread="2" ActualRows="651" ActualEndOfScans="1" ActualExecutions="1" />
                                                    <RunTimeCountersPerThread Thread="0" ActualRows="0" ActualEndOfScans="0" ActualExecutions="0" />
                                                  </RunTimeInformation>
                                                  <IndexScan Ordered="false" ForcedIndex="false" NoExpandHint="false">
                                                    <DefinedValues>
                                                      <DefinedValue>
                                                        <ColumnReference Database="[Star_Schema_Benchmark]" Schema="[dbo]" Table="[Date]" Column="D_DateKey" />
                                                      </DefinedValue>
                                                      <DefinedValue>
                                                        <ColumnReference Database="[Star_Schema_Benchmark]" Schema="[dbo]" Table="[Date]" Column="D_Year" />
                                                      </DefinedValue>
                                                    </DefinedValues>
                                                    <Object Database="[Star_Schema_Benchmark]" Schema="[dbo]" Table="[Date]" Index="[PK_Date]" IndexKind="Clustered" />
                                                  </IndexScan>
                                                </RelOp>
                                              </Parallelism>
                                            </RelOp>
                                          </Bitmap>
                                        </RelOp>
                                        <RelOp AvgRowSize="39" EstimateCPU="20.7803" EstimateIO="0" EstimateRebinds="0" EstimateRewinds="0" EstimateRows="7556770" LogicalOp="Repartition Streams" NodeId="11" Parallel="true" PhysicalOp="Parallelism" EstimatedTotalSubtreeCost="333.439">
                                          <OutputList>
                                            <ColumnReference Database="[Star_Schema_Benchmark]" Schema="[dbo]" Table="[Customer]" Column="C_Nation" />
                                            <ColumnReference Database="[Star_Schema_Benchmark]" Schema="[dbo]" Table="[LineOrder]" Column="LO_OrderDateKey" />
                                            <ColumnReference Column="Expr1016" />
                                          </OutputList>
                                          <RunTimeInformation>
                                            <RunTimeCountersPerThread Thread="3" ActualRows="239558" ActualEndOfScans="1" ActualExecutions="1" />
                                            <RunTimeCountersPerThread Thread="4" ActualRows="248155" ActualEndOfScans="1" ActualExecutions="1" />
                                            <RunTimeCountersPerThread Thread="1" ActualRows="248738" ActualEndOfScans="1" ActualExecutions="1" />
                                            <RunTimeCountersPerThread Thread="2" ActualRows="242707" ActualEndOfScans="1" ActualExecutions="1" />
                                            <RunTimeCountersPerThread Thread="0" ActualRows="0" ActualEndOfScans="0" ActualExecutions="0" />
                                          </RunTimeInformation>
                                          <Parallelism PartitioningType="Hash">
                                            <PartitionColumns>
                                              <ColumnReference Database="[Star_Schema_Benchmark]" Schema="[dbo]" Table="[LineOrder]" Column="LO_OrderDateKey" />
                                            </PartitionColumns>
                                            <Predicate>
                                              <ScalarOperator ScalarString="PROBE([Bitmap1024],[Star_Schema_Benchmark].[dbo].[LineOrder].[LO_OrderDateKey])">
                                                <Intrinsic FunctionName="PROBE">
                                                  <ScalarOperator>
                                                    <Identifier>
                                                      <ColumnReference Column="Bitmap1024" />
                                                    </Identifier>
                                                  </ScalarOperator>
                                                  <ScalarOperator>
                                                    <Identifier>
                                                      <ColumnReference Database="[Star_Schema_Benchmark]" Schema="[dbo]" Table="[LineOrder]" Column="LO_OrderDateKey" />
                                                    </Identifier>
                                                  </ScalarOperator>
                                                </Intrinsic>
                                              </ScalarOperator>
                                            </Predicate>
                                            <RelOp AvgRowSize="39" EstimateCPU="49.301" EstimateIO="0" EstimateRebinds="0" EstimateRewinds="0" EstimateRows="7556770" LogicalOp="Inner Join" NodeId="12" Parallel="true" PhysicalOp="Hash Match" EstimatedTotalSubtreeCost="312.659">
                                              <OutputList>
                                                <ColumnReference Database="[Star_Schema_Benchmark]" Schema="[dbo]" Table="[Customer]" Column="C_Nation" />
                                                <ColumnReference Database="[Star_Schema_Benchmark]" Schema="[dbo]" Table="[LineOrder]" Column="LO_OrderDateKey" />
                                                <ColumnReference Column="Expr1016" />
                                              </OutputList>
                                              <MemoryFractions Input="0.251091" Output="0.239346" />
                                              <RunTimeInformation>
                                                <RunTimeCountersPerThread Thread="4" ActualRows="247518" ActualEndOfScans="1" ActualExecutions="1" />
                                                <RunTimeCountersPerThread Thread="3" ActualRows="242968" ActualEndOfScans="1" ActualExecutions="1" />
                                                <RunTimeCountersPerThread Thread="1" ActualRows="242819" ActualEndOfScans="1" ActualExecutions="1" />
                                                <RunTimeCountersPerThread Thread="2" ActualRows="245853" ActualEndOfScans="1" ActualExecutions="1" />
                                                <RunTimeCountersPerThread Thread="0" ActualRows="0" ActualEndOfScans="0" ActualExecutions="0" />
                                              </RunTimeInformation>
                                              <Hash>
                                                <DefinedValues />
                                                <HashKeysBuild>
                                                  <ColumnReference Database="[Star_Schema_Benchmark]" Schema="[dbo]" Table="[Customer]" Column="C_CustomerKey" />
                                                </HashKeysBuild>
                                                <HashKeysProbe>
                                                  <ColumnReference Database="[Star_Schema_Benchmark]" Schema="[dbo]" Table="[LineOrder]" Column="LO_CustKey" />
                                                </HashKeysProbe>
                                                <ProbeResidual>
                                                  <ScalarOperator ScalarString="[Star_Schema_Benchmark].[dbo].[LineOrder].[LO_CustKey]=[Star_Schema_Benchmark].[dbo].[Customer].[C_CustomerKey]">
                                                    <Compare CompareOp="EQ">
                                                      <ScalarOperator>
                                                        <Identifier>
                                                          <ColumnReference Database="[Star_Schema_Benchmark]" Schema="[dbo]" Table="[LineOrder]" Column="LO_CustKey" />
                                                        </Identifier>
                                                      </ScalarOperator>
                                                      <ScalarOperator>
                                                        <Identifier>
                                                          <ColumnReference Database="[Star_Schema_Benchmark]" Schema="[dbo]" Table="[Customer]" Column="C_CustomerKey" />
                                                        </Identifier>
                                                      </ScalarOperator>
                                                    </Compare>
                                                  </ScalarOperator>
                                                </ProbeResidual>
                                                <RelOp AvgRowSize="30" EstimateCPU="0.158852" EstimateIO="0" EstimateRebinds="0" EstimateRewinds="0" EstimateRows="59409.5" LogicalOp="Bitmap Create" NodeId="13" Parallel="true" PhysicalOp="Bitmap" EstimatedTotalSubtreeCost="3.66276">
                                                  <OutputList>
                                                    <ColumnReference Database="[Star_Schema_Benchmark]" Schema="[dbo]" Table="[Customer]" Column="C_CustomerKey" />
                                                    <ColumnReference Database="[Star_Schema_Benchmark]" Schema="[dbo]" Table="[Customer]" Column="C_Nation" />
                                                  </OutputList>
                                                  <RunTimeInformation>
                                                    <RunTimeCountersPerThread Thread="4" ActualRows="15070" ActualEndOfScans="1" ActualExecutions="1" />
                                                    <RunTimeCountersPerThread Thread="3" ActualRows="14747" ActualEndOfScans="1" ActualExecutions="1" />
                                                    <RunTimeCountersPerThread Thread="1" ActualRows="15040" ActualEndOfScans="1" ActualExecutions="1" />
                                                    <RunTimeCountersPerThread Thread="2" ActualRows="14904" ActualEndOfScans="1" ActualExecutions="1" />
                                                    <RunTimeCountersPerThread Thread="0" ActualRows="0" ActualEndOfScans="0" ActualExecutions="0" />
                                                  </RunTimeInformation>
                                                  <Bitmap>
                                                    <DefinedValues>
                                                      <DefinedValue>
                                                        <ColumnReference Column="Bitmap1023" />
                                                      </DefinedValue>
                                                    </DefinedValues>
                                                    <HashKeys>
                                                      <ColumnReference Database="[Star_Schema_Benchmark]" Schema="[dbo]" Table="[Customer]" Column="C_CustomerKey" />
                                                    </HashKeys>
                                                    <RelOp AvgRowSize="30" EstimateCPU="0.158852" EstimateIO="0" EstimateRebinds="0" EstimateRewinds="0" EstimateRows="59409.5" LogicalOp="Repartition Streams" NodeId="14" Parallel="true" PhysicalOp="Parallelism" EstimatedTotalSubtreeCost="3.66276">
                                                      <OutputList>
                                                        <ColumnReference Database="[Star_Schema_Benchmark]" Schema="[dbo]" Table="[Customer]" Column="C_CustomerKey" />
                                                        <ColumnReference Database="[Star_Schema_Benchmark]" Schema="[dbo]" Table="[Customer]" Column="C_Nation" />
                                                      </OutputList>
                                                      <RunTimeInformation>
                                                        <RunTimeCountersPerThread Thread="4" ActualRows="15070" ActualEndOfScans="1" ActualExecutions="1" />
                                                        <RunTimeCountersPerThread Thread="3" ActualRows="14747" ActualEndOfScans="1" ActualExecutions="1" />
                                                        <RunTimeCountersPerThread Thread="1" ActualRows="15040" ActualEndOfScans="1" ActualExecutions="1" />
                                                        <RunTimeCountersPerThread Thread="2" ActualRows="14904" ActualEndOfScans="1" ActualExecutions="1" />
                                                        <RunTimeCountersPerThread Thread="0" ActualRows="0" ActualEndOfScans="0" ActualExecutions="0" />
                                                      </RunTimeInformation>
                                                      <Parallelism PartitioningType="Hash">
                                                        <PartitionColumns>
                                                          <ColumnReference Database="[Star_Schema_Benchmark]" Schema="[dbo]" Table="[Customer]" Column="C_CustomerKey" />
                                                        </PartitionColumns>
                                                        <RelOp AvgRowSize="42" EstimateCPU="0.165079" EstimateIO="3.26683" EstimateRebinds="0" EstimateRewinds="0" EstimateRows="59409.5" LogicalOp="Clustered Index Scan" NodeId="15" Parallel="true" PhysicalOp="Clustered Index Scan" EstimatedTotalSubtreeCost="3.43191" TableCardinality="300000">
                                                          <OutputList>
                                                            <ColumnReference Database="[Star_Schema_Benchmark]" Schema="[dbo]" Table="[Customer]" Column="C_CustomerKey" />
                                                            <ColumnReference Database="[Star_Schema_Benchmark]" Schema="[dbo]" Table="[Customer]" Column="C_Nation" />
                                                          </OutputList>
                                                          <RunTimeInformation>
                                                            <RunTimeCountersPerThread Thread="4" ActualRows="14701" ActualEndOfScans="1" ActualExecutions="1" />
                                                            <RunTimeCountersPerThread Thread="2" ActualRows="15532" ActualEndOfScans="1" ActualExecutions="1" />
                                                            <RunTimeCountersPerThread Thread="3" ActualRows="14712" ActualEndOfScans="1" ActualExecutions="1" />
                                                            <RunTimeCountersPerThread Thread="1" ActualRows="14816" ActualEndOfScans="1" ActualExecutions="1" />
                                                            <RunTimeCountersPerThread Thread="0" ActualRows="0" ActualEndOfScans="0" ActualExecutions="0" />
                                                          </RunTimeInformation>
                                                          <IndexScan Ordered="false" ForcedIndex="false" NoExpandHint="false">
                                                            <DefinedValues>
                                                              <DefinedValue>
                                                                <ColumnReference Database="[Star_Schema_Benchmark]" Schema="[dbo]" Table="[Customer]" Column="C_CustomerKey" />
                                                              </DefinedValue>
                                                              <DefinedValue>
                                                                <ColumnReference Database="[Star_Schema_Benchmark]" Schema="[dbo]" Table="[Customer]" Column="C_Nation" />
                                                              </DefinedValue>
                                                            </DefinedValues>
                                                            <Object Database="[Star_Schema_Benchmark]" Schema="[dbo]" Table="[Customer]" Index="[PK_Customer]" IndexKind="Clustered" />
                                                            <Predicate>
                                                              <ScalarOperator ScalarString="[Star_Schema_Benchmark].[dbo].[Customer].[C_Region]='AMERICA'">
                                                                <Compare CompareOp="EQ">
                                                                  <ScalarOperator>
                                                                    <Identifier>
                                                                      <ColumnReference Database="[Star_Schema_Benchmark]" Schema="[dbo]" Table="[Customer]" Column="C_Region" />
                                                                    </Identifier>
                                                                  </ScalarOperator>
                                                                  <ScalarOperator>
                                                                    <Const ConstValue="'AMERICA'" />
                                                                  </ScalarOperator>
                                                                </Compare>
                                                              </ScalarOperator>
                                                            </Predicate>
                                                          </IndexScan>
                                                        </RelOp>
                                                      </Parallelism>
                                                    </RelOp>
                                                  </Bitmap>
                                                </RelOp>
                                                <RelOp AvgRowSize="32" EstimateCPU="30.8406" EstimateIO="0" EstimateRebinds="0" EstimateRewinds="0" EstimateRows="12302100" LogicalOp="Repartition Streams" NodeId="16" Parallel="true" PhysicalOp="Parallelism" EstimatedTotalSubtreeCost="259.695">
                                                  <OutputList>
                                                    <ColumnReference Database="[Star_Schema_Benchmark]" Schema="[dbo]" Table="[LineOrder]" Column="LO_CustKey" />
                                                    <ColumnReference Database="[Star_Schema_Benchmark]" Schema="[dbo]" Table="[LineOrder]" Column="LO_OrderDateKey" />
                                                    <ColumnReference Column="Expr1016" />
                                                  </OutputList>
                                                  <RunTimeInformation>
                                                    <RunTimeCountersPerThread Thread="4" ActualRows="249432" ActualEndOfScans="1" ActualExecutions="1" />
                                                    <RunTimeCountersPerThread Thread="3" ActualRows="244758" ActualEndOfScans="1" ActualExecutions="1" />
                                                    <RunTimeCountersPerThread Thread="1" ActualRows="244741" ActualEndOfScans="1" ActualExecutions="1" />
                                                    <RunTimeCountersPerThread Thread="2" ActualRows="247936" ActualEndOfScans="1" ActualExecutions="1" />
                                                    <RunTimeCountersPerThread Thread="0" ActualRows="0" ActualEndOfScans="0" ActualExecutions="0" />
                                                  </RunTimeInformation>
                                                  <Parallelism PartitioningType="Hash">
                                                    <PartitionColumns>
                                                      <ColumnReference Database="[Star_Schema_Benchmark]" Schema="[dbo]" Table="[LineOrder]" Column="LO_CustKey" />
                                                    </PartitionColumns>
                                                    <Predicate>
                                                      <ScalarOperator ScalarString="PROBE([Bitmap1023],[Star_Schema_Benchmark].[dbo].[LineOrder].[LO_CustKey])">
                                                        <Intrinsic FunctionName="PROBE">
                                                          <ScalarOperator>
                                                            <Identifier>
                                                              <ColumnReference Column="Bitmap1023" />
                                                            </Identifier>
                                                          </ScalarOperator>
                                                          <ScalarOperator>
                                                            <Identifier>
                                                              <ColumnReference Database="[Star_Schema_Benchmark]" Schema="[dbo]" Table="[LineOrder]" Column="LO_CustKey" />
                                                            </Identifier>
                                                          </ScalarOperator>
                                                        </Intrinsic>
                                                      </ScalarOperator>
                                                    </Predicate>
                                                    <RelOp AvgRowSize="32" EstimateCPU="56.3345" EstimateIO="0" EstimateRebinds="0" EstimateRewinds="0" EstimateRows="12302100" LogicalOp="Inner Join" NodeId="17" Parallel="true" PhysicalOp="Hash Match" EstimatedTotalSubtreeCost="228.854">
                                                      <OutputList>
                                                        <ColumnReference Database="[Star_Schema_Benchmark]" Schema="[dbo]" Table="[LineOrder]" Column="LO_CustKey" />
                                                        <ColumnReference Database="[Star_Schema_Benchmark]" Schema="[dbo]" Table="[LineOrder]" Column="LO_OrderDateKey" />
                                                        <ColumnReference Column="Expr1016" />
                                                      </OutputList>
                                                      <MemoryFractions Input="0.71956" Output="0.685902" />
                                                      <RunTimeInformation>
                                                        <RunTimeCountersPerThread Thread="2" ActualRows="1230866" ActualEndOfScans="1" ActualExecutions="1" />
                                                        <RunTimeCountersPerThread Thread="3" ActualRows="1235338" ActualEndOfScans="1" ActualExecutions="1" />
                                                        <RunTimeCountersPerThread Thread="4" ActualRows="1220520" ActualEndOfScans="1" ActualExecutions="1" />
                                                        <RunTimeCountersPerThread Thread="1" ActualRows="1231563" ActualEndOfScans="1" ActualExecutions="1" />
                                                        <RunTimeCountersPerThread Thread="0" ActualRows="0" ActualEndOfScans="0" ActualExecutions="0" />
                                                      </RunTimeInformation>
                                                      <Hash>
                                                        <DefinedValues />
                                                        <HashKeysBuild>
                                                          <ColumnReference Database="[Star_Schema_Benchmark]" Schema="[dbo]" Table="[Part]" Column="P_PartKey" />
                                                        </HashKeysBuild>
                                                        <HashKeysProbe>
                                                          <ColumnReference Database="[Star_Schema_Benchmark]" Schema="[dbo]" Table="[LineOrder]" Column="LO_PartKey" />
                                                        </HashKeysProbe>
                                                        <ProbeResidual>
                                                          <ScalarOperator ScalarString="[Star_Schema_Benchmark].[dbo].[LineOrder].[LO_PartKey]=[Star_Schema_Benchmark].[dbo].[Part].[P_PartKey]">
                                                            <Compare CompareOp="EQ">
                                                              <ScalarOperator>
                                                                <Identifier>
                                                                  <ColumnReference Database="[Star_Schema_Benchmark]" Schema="[dbo]" Table="[LineOrder]" Column="LO_PartKey" />
                                                                </Identifier>
                                                              </ScalarOperator>
                                                              <ScalarOperator>
                                                                <Identifier>
                                                                  <ColumnReference Database="[Star_Schema_Benchmark]" Schema="[dbo]" Table="[Part]" Column="P_PartKey" />
                                                                </Identifier>
                                                              </ScalarOperator>
                                                            </Compare>
                                                          </ScalarOperator>
                                                        </ProbeResidual>
                                                        <RelOp AvgRowSize="15" EstimateCPU="0.486269" EstimateIO="0" EstimateRebinds="0" EstimateRewinds="0" EstimateRows="318975" LogicalOp="Repartition Streams" NodeId="18" Parallel="true" PhysicalOp="Parallelism" EstimatedTotalSubtreeCost="8.50444">
                                                          <OutputList>
                                                            <ColumnReference Database="[Star_Schema_Benchmark]" Schema="[dbo]" Table="[Part]" Column="P_PartKey" />
                                                          </OutputList>
                                                          <RunTimeInformation>
                                                            <RunTimeCountersPerThread Thread="4" ActualRows="79447" ActualEndOfScans="1" ActualExecutions="1" />
                                                            <RunTimeCountersPerThread Thread="1" ActualRows="80066" ActualEndOfScans="1" ActualExecutions="1" />
                                                            <RunTimeCountersPerThread Thread="3" ActualRows="80336" ActualEndOfScans="1" ActualExecutions="1" />
                                                            <RunTimeCountersPerThread Thread="2" ActualRows="79922" ActualEndOfScans="1" ActualExecutions="1" />
                                                            <RunTimeCountersPerThread Thread="0" ActualRows="0" ActualEndOfScans="0" ActualExecutions="0" />
                                                          </RunTimeInformation>
                                                          <Parallelism PartitioningType="Hash">
                                                            <PartitionColumns>
                                                              <ColumnReference Database="[Star_Schema_Benchmark]" Schema="[dbo]" Table="[Part]" Column="P_PartKey" />
                                                            </PartitionColumns>
                                                            <RelOp AvgRowSize="21" EstimateCPU="0.440078" EstimateIO="7.22609" EstimateRebinds="0" EstimateRewinds="0" EstimateRows="318975" LogicalOp="Clustered Index Scan" NodeId="19" Parallel="true" PhysicalOp="Clustered Index Scan" EstimatedTotalSubtreeCost="7.66617" TableCardinality="800000">
                                                              <OutputList>
                                                                <ColumnReference Database="[Star_Schema_Benchmark]" Schema="[dbo]" Table="[Part]" Column="P_PartKey" />
                                                              </OutputList>
                                                              <RunTimeInformation>
                                                                <RunTimeCountersPerThread Thread="1" ActualRows="80548" ActualEndOfScans="1" ActualExecutions="1" />
                                                                <RunTimeCountersPerThread Thread="2" ActualRows="80688" ActualEndOfScans="1" ActualExecutions="1" />
                                                                <RunTimeCountersPerThread Thread="4" ActualRows="82355" ActualEndOfScans="1" ActualExecutions="1" />
                                                                <RunTimeCountersPerThread Thread="3" ActualRows="76180" ActualEndOfScans="1" ActualExecutions="1" />
                                                                <RunTimeCountersPerThread Thread="0" ActualRows="0" ActualEndOfScans="0" ActualExecutions="0" />
                                                              </RunTimeInformation>
                                                              <IndexScan Ordered="false" ForcedIndex="false" NoExpandHint="false">
                                                                <DefinedValues>
                                                                  <DefinedValue>
                                                                    <ColumnReference Database="[Star_Schema_Benchmark]" Schema="[dbo]" Table="[Part]" Column="P_PartKey" />
                                                                  </DefinedValue>
                                                                </DefinedValues>
                                                                <Object Database="[Star_Schema_Benchmark]" Schema="[dbo]" Table="[Part]" Index="[PK_Part]" IndexKind="Clustered" />
                                                                <Predicate>
                                                                  <ScalarOperator ScalarString="[Star_Schema_Benchmark].[dbo].[Part].[P_MFGR]='MFGR#1' OR [Star_Schema_Benchmark].[dbo].[Part].[P_MFGR]='MFGR#2'">
                                                                    <Logical Operation="OR">
                                                                      <ScalarOperator>
                                                                        <Compare CompareOp="EQ">
                                                                          <ScalarOperator>
                                                                            <Identifier>
                                                                              <ColumnReference Database="[Star_Schema_Benchmark]" Schema="[dbo]" Table="[Part]" Column="P_MFGR" />
                                                                            </Identifier>
                                                                          </ScalarOperator>
                                                                          <ScalarOperator>
                                                                            <Const ConstValue="'MFGR#1'" />
                                                                          </ScalarOperator>
                                                                        </Compare>
                                                                      </ScalarOperator>
                                                                      <ScalarOperator>
                                                                        <Compare CompareOp="EQ">
                                                                          <ScalarOperator>
                                                                            <Identifier>
                                                                              <ColumnReference Database="[Star_Schema_Benchmark]" Schema="[dbo]" Table="[Part]" Column="P_MFGR" />
                                                                            </Identifier>
                                                                          </ScalarOperator>
                                                                          <ScalarOperator>
                                                                            <Const ConstValue="'MFGR#2'" />
                                                                          </ScalarOperator>
                                                                        </Compare>
                                                                      </ScalarOperator>
                                                                    </Logical>
                                                                  </ScalarOperator>
                                                                </Predicate>
                                                              </IndexScan>
                                                            </RelOp>
                                                          </Parallelism>
                                                        </RelOp>
                                                        <RelOp AvgRowSize="40" EstimateCPU="0.615159" EstimateIO="0" EstimateRebinds="0" EstimateRewinds="0" EstimateRows="12303200" LogicalOp="Compute Scalar" NodeId="20" Parallel="true" PhysicalOp="Compute Scalar" EstimatedTotalSubtreeCost="164.015">
                                                          <OutputList>
                                                            <ColumnReference Database="[Star_Schema_Benchmark]" Schema="[dbo]" Table="[LineOrder]" Column="LO_CustKey" />
                                                            <ColumnReference Database="[Star_Schema_Benchmark]" Schema="[dbo]" Table="[LineOrder]" Column="LO_PartKey" />
                                                            <ColumnReference Database="[Star_Schema_Benchmark]" Schema="[dbo]" Table="[LineOrder]" Column="LO_OrderDateKey" />
                                                            <ColumnReference Column="Expr1016" />
                                                          </OutputList>
                                                          <ComputeScalar>
                                                            <DefinedValues>
                                                              <DefinedValue>
                                                                <ColumnReference Column="Expr1016" />
                                                                <ScalarOperator ScalarString="[Star_Schema_Benchmark].[dbo].[LineOrder].[LO_Revenue]-[Star_Schema_Benchmark].[dbo].[LineOrder].[LO_SupplyCost]">
                                                                  <Arithmetic Operation="SUB">
                                                                    <ScalarOperator>
                                                                      <Identifier>
                                                                        <ColumnReference Database="[Star_Schema_Benchmark]" Schema="[dbo]" Table="[LineOrder]" Column="LO_Revenue" />
                                                                      </Identifier>
                                                                    </ScalarOperator>
                                                                    <ScalarOperator>
                                                                      <Identifier>
                                                                        <ColumnReference Database="[Star_Schema_Benchmark]" Schema="[dbo]" Table="[LineOrder]" Column="LO_SupplyCost" />
                                                                      </Identifier>
                                                                    </ScalarOperator>
                                                                  </Arithmetic>
                                                                </ScalarOperator>
                                                              </DefinedValue>
                                                            </DefinedValues>
                                                            <RelOp AvgRowSize="49" EstimateCPU="44.0016" EstimateIO="0" EstimateRebinds="0" EstimateRewinds="0" EstimateRows="12303200" LogicalOp="Repartition Streams" NodeId="21" Parallel="true" PhysicalOp="Parallelism" EstimatedTotalSubtreeCost="163.4">
                                                              <OutputList>
                                                                <ColumnReference Database="[Star_Schema_Benchmark]" Schema="[dbo]" Table="[LineOrder]" Column="LO_CustKey" />
                                                                <ColumnReference Database="[Star_Schema_Benchmark]" Schema="[dbo]" Table="[LineOrder]" Column="LO_PartKey" />
                                                                <ColumnReference Database="[Star_Schema_Benchmark]" Schema="[dbo]" Table="[LineOrder]" Column="LO_OrderDateKey" />
                                                                <ColumnReference Database="[Star_Schema_Benchmark]" Schema="[dbo]" Table="[LineOrder]" Column="LO_Revenue" />
                                                                <ColumnReference Database="[Star_Schema_Benchmark]" Schema="[dbo]" Table="[LineOrder]" Column="LO_SupplyCost" />
                                                              </OutputList>
                                                              <RunTimeInformation>
                                                                <RunTimeCountersPerThread Thread="4" ActualRows="3076238" ActualEndOfScans="1" ActualExecutions="1" />
                                                                <RunTimeCountersPerThread Thread="1" ActualRows="3074893" ActualEndOfScans="1" ActualExecutions="1" />
                                                                <RunTimeCountersPerThread Thread="3" ActualRows="3076633" ActualEndOfScans="1" ActualExecutions="1" />
                                                                <RunTimeCountersPerThread Thread="2" ActualRows="3074893" ActualEndOfScans="1" ActualExecutions="1" />
                                                                <RunTimeCountersPerThread Thread="0" ActualRows="0" ActualEndOfScans="0" ActualExecutions="0" />
                                                              </RunTimeInformation>
                                                              <Parallelism PartitioningType="Hash">
                                                                <PartitionColumns>
                                                                  <ColumnReference Database="[Star_Schema_Benchmark]" Schema="[dbo]" Table="[LineOrder]" Column="LO_PartKey" />
                                                                </PartitionColumns>
                                                                <RelOp AvgRowSize="49" EstimateCPU="25.7136" EstimateIO="0" EstimateRebinds="0" EstimateRewinds="0" EstimateRows="12303200" LogicalOp="Inner Join" NodeId="22" Parallel="true" PhysicalOp="Nested Loops" EstimatedTotalSubtreeCost="119.399">
                                                                  <OutputList>
                                                                    <ColumnReference Database="[Star_Schema_Benchmark]" Schema="[dbo]" Table="[LineOrder]" Column="LO_CustKey" />
                                                                    <ColumnReference Database="[Star_Schema_Benchmark]" Schema="[dbo]" Table="[LineOrder]" Column="LO_PartKey" />
                                                                    <ColumnReference Database="[Star_Schema_Benchmark]" Schema="[dbo]" Table="[LineOrder]" Column="LO_OrderDateKey" />
                                                                    <ColumnReference Database="[Star_Schema_Benchmark]" Schema="[dbo]" Table="[LineOrder]" Column="LO_Revenue" />
                                                                    <ColumnReference Database="[Star_Schema_Benchmark]" Schema="[dbo]" Table="[LineOrder]" Column="LO_SupplyCost" />
                                                                  </OutputList>
                                                                  <RunTimeInformation>
                                                                    <RunTimeCountersPerThread Thread="1" ActualRows="3107739" ActualEndOfScans="1" ActualExecutions="1" />
                                                                    <RunTimeCountersPerThread Thread="3" ActualRows="3039780" ActualEndOfScans="1" ActualExecutions="1" />
                                                                    <RunTimeCountersPerThread Thread="4" ActualRows="3015579" ActualEndOfScans="1" ActualExecutions="1" />
                                                                    <RunTimeCountersPerThread Thread="2" ActualRows="3139559" ActualEndOfScans="1" ActualExecutions="1" />
                                                                    <RunTimeCountersPerThread Thread="0" ActualRows="0" ActualEndOfScans="0" ActualExecutions="0" />
                                                                  </RunTimeInformation>
                                                                  <NestedLoops Optimized="false" WithUnorderedPrefetch="true">
                                                                    <OuterReferences>
                                                                      <ColumnReference Database="[Star_Schema_Benchmark]" Schema="[dbo]" Table="[Supplier]" Column="S_SuppKey" />
                                                                      <ColumnReference Column="Expr1022" />
                                                                    </OuterReferences>
                                                                    <RelOp AvgRowSize="23" EstimateCPU="0.0110785" EstimateIO="0.203125" EstimateRebinds="0" EstimateRewinds="0" EstimateRows="4102" LogicalOp="Clustered Index Scan" NodeId="24" Parallel="true" PhysicalOp="Clustered Index Scan" EstimatedTotalSubtreeCost="0.214203" TableCardinality="20000">
                                                                      <OutputList>
                                                                        <ColumnReference Database="[Star_Schema_Benchmark]" Schema="[dbo]" Table="[Supplier]" Column="S_SuppKey" />
                                                                      </OutputList>
                                                                      <RunTimeInformation>
                                                                        <RunTimeCountersPerThread Thread="1" ActualRows="1036" ActualEndOfScans="1" ActualExecutions="1" />
                                                                        <RunTimeCountersPerThread Thread="3" ActualRows="1014" ActualEndOfScans="1" ActualExecutions="1" />
                                                                        <RunTimeCountersPerThread Thread="2" ActualRows="1047" ActualEndOfScans="1" ActualExecutions="1" />
                                                                        <RunTimeCountersPerThread Thread="4" ActualRows="1005" ActualEndOfScans="1" ActualExecutions="1" />
                                                                        <RunTimeCountersPerThread Thread="0" ActualRows="0" ActualEndOfScans="0" ActualExecutions="0" />
                                                                      </RunTimeInformation>
                                                                      <IndexScan Ordered="false" ForcedIndex="false" NoExpandHint="false">
                                                                        <DefinedValues>
                                                                          <DefinedValue>
                                                                            <ColumnReference Database="[Star_Schema_Benchmark]" Schema="[dbo]" Table="[Supplier]" Column="S_SuppKey" />
                                                                          </DefinedValue>
                                                                        </DefinedValues>
                                                                        <Object Database="[Star_Schema_Benchmark]" Schema="[dbo]" Table="[Supplier]" Index="[PK_Supplier]" IndexKind="Clustered" />
                                                                        <Predicate>
                                                                          <ScalarOperator ScalarString="[Star_Schema_Benchmark].[dbo].[Supplier].[S_Region]='AMERICA'">
                                                                            <Compare CompareOp="EQ">
                                                                              <ScalarOperator>
                                                                                <Identifier>
                                                                                  <ColumnReference Database="[Star_Schema_Benchmark]" Schema="[dbo]" Table="[Supplier]" Column="S_Region" />
                                                                                </Identifier>
                                                                              </ScalarOperator>
                                                                              <ScalarOperator>
                                                                                <Const ConstValue="'AMERICA'" />
                                                                              </ScalarOperator>
                                                                            </Compare>
                                                                          </ScalarOperator>
                                                                        </Predicate>
                                                                      </IndexScan>
                                                                    </RelOp>
                                                                    <RelOp AvgRowSize="49" EstimateCPU="0.00345624" EstimateIO="0.0194213" EstimateRebinds="4101" EstimateRewinds="0" EstimateRows="2999.31" LogicalOp="Index Seek" NodeId="25" Parallel="true" PhysicalOp="Index Seek" EstimatedTotalSubtreeCost="93.466" TableCardinality="59986200">
                                                                      <OutputList>
                                                                        <ColumnReference Database="[Star_Schema_Benchmark]" Schema="[dbo]" Table="[LineOrder]" Column="LO_CustKey" />
                                                                        <ColumnReference Database="[Star_Schema_Benchmark]" Schema="[dbo]" Table="[LineOrder]" Column="LO_PartKey" />
                                                                        <ColumnReference Database="[Star_Schema_Benchmark]" Schema="[dbo]" Table="[LineOrder]" Column="LO_OrderDateKey" />
                                                                        <ColumnReference Database="[Star_Schema_Benchmark]" Schema="[dbo]" Table="[LineOrder]" Column="LO_Revenue" />
                                                                        <ColumnReference Database="[Star_Schema_Benchmark]" Schema="[dbo]" Table="[LineOrder]" Column="LO_SupplyCost" />
                                                                      </OutputList>
                                                                      <RunTimeInformation>
                                                                        <RunTimeCountersPerThread Thread="1" ActualRows="3107739" ActualEndOfScans="1036" ActualExecutions="1036" />
                                                                        <RunTimeCountersPerThread Thread="3" ActualRows="3039780" ActualEndOfScans="1014" ActualExecutions="1014" />
                                                                        <RunTimeCountersPerThread Thread="4" ActualRows="3015579" ActualEndOfScans="1005" ActualExecutions="1005" />
                                                                        <RunTimeCountersPerThread Thread="2" ActualRows="3139559" ActualEndOfScans="1047" ActualExecutions="1047" />
                                                                        <RunTimeCountersPerThread Thread="0" ActualRows="0" ActualEndOfScans="0" ActualExecutions="0" />
                                                                      </RunTimeInformation>
                                                                      <IndexScan Ordered="true" ScanDirection="FORWARD" ForcedIndex="false" ForceSeek="false" NoExpandHint="false">
                                                                        <DefinedValues>
                                                                          <DefinedValue>
                                                                            <ColumnReference Database="[Star_Schema_Benchmark]" Schema="[dbo]" Table="[LineOrder]" Column="LO_CustKey" />
                                                                          </DefinedValue>
                                                                          <DefinedValue>
                                                                            <ColumnReference Database="[Star_Schema_Benchmark]" Schema="[dbo]" Table="[LineOrder]" Column="LO_PartKey" />
                                                                          </DefinedValue>
                                                                          <DefinedValue>
                                                                            <ColumnReference Database="[Star_Schema_Benchmark]" Schema="[dbo]" Table="[LineOrder]" Column="LO_OrderDateKey" />
                                                                          </DefinedValue>
                                                                          <DefinedValue>
                                                                            <ColumnReference Database="[Star_Schema_Benchmark]" Schema="[dbo]" Table="[LineOrder]" Column="LO_Revenue" />
                                                                          </DefinedValue>
                                                                          <DefinedValue>
                                                                            <ColumnReference Database="[Star_Schema_Benchmark]" Schema="[dbo]" Table="[LineOrder]" Column="LO_SupplyCost" />
                                                                          </DefinedValue>
                                                                        </DefinedValues>
                                                                        <Object Database="[Star_Schema_Benchmark]" Schema="[dbo]" Table="[LineOrder]" Index="[_dta_index_LineOrder_5_21575115__K5_K4_K3_K6_13_14]" IndexKind="NonClustered" />
                                                                        <SeekPredicates>
                                                                          <SeekPredicateNew>
                                                                            <SeekKeys>
                                                                              <Prefix ScanType="EQ">
                                                                                <RangeColumns>
                                                                                  <ColumnReference Database="[Star_Schema_Benchmark]" Schema="[dbo]" Table="[LineOrder]" Column="LO_SuppKey" />
                                                                                </RangeColumns>
                                                                                <RangeExpressions>
                                                                                  <ScalarOperator ScalarString="[Star_Schema_Benchmark].[dbo].[Supplier].[S_SuppKey]">
                                                                                    <Identifier>
                                                                                      <ColumnReference Database="[Star_Schema_Benchmark]" Schema="[dbo]" Table="[Supplier]" Column="S_SuppKey" />
                                                                                    </Identifier>
                                                                                  </ScalarOperator>
                                                                                </RangeExpressions>
                                                                              </Prefix>
                                                                            </SeekKeys>
                                                                          </SeekPredicateNew>
                                                                        </SeekPredicates>
                                                                      </IndexScan>
                                                                    </RelOp>
                                                                  </NestedLoops>
                                                                </RelOp>
                                                              </Parallelism>
                                                            </RelOp>
                                                          </ComputeScalar>
                                                        </RelOp>
                                                      </Hash>
                                                    </RelOp>
                                                  </Parallelism>
                                                </RelOp>
                                              </Hash>
                                            </RelOp>
                                          </Parallelism>
                                        </RelOp>
                                      </Hash>
                                    </RelOp>
                                  </Hash>
                                </RelOp>
                              </Parallelism>
                            </RelOp>
                          </Hash>
                        </RelOp>
                      </ComputeScalar>
                    </RelOp>
                  </Sort>
                </RelOp>
              </Parallelism>
            </RelOp>
          </QueryPlan>
        </StmtSimple>
      </Statements>
    </Batch>
    <Batch>
      <Statements>
        <StmtSimple StatementCompId="12" StatementEstRows="757970" StatementId="12" StatementOptmLevel="FULL" StatementSubTreeCost="331.681" StatementText="select d_year, s_nation, p_category,&#xD;&#xA;sum(lo_revenue - lo_supplycost) as profit&#xD;&#xA;from date, customer, supplier, part, lineorder&#xD;&#xA;where lo_custkey = c_customerkey&#xD;&#xA;and lo_suppkey = s_suppkey&#xD;&#xA;and lo_partkey = p_partkey&#xD;&#xA;and lo_orderdatekey = d_datekey&#xD;&#xA;and c_region = 'AMERICA'&#xD;&#xA;and s_region = 'AMERICA'&#xD;&#xA;and (d_year = 1997 or d_year = 1998)&#xD;&#xA;and (p_mfgr = 'MFGR#1'&#xD;&#xA;or p_mfgr = 'MFGR#2')&#xD;&#xA;group by d_year, s_nation, p_category&#xD;&#xA;order by d_year, s_nation, p_category;&#xD;&#xA;&#xD;&#xA;--Q4.3&#xD;" StatementType="SELECT" QueryHash="0xA56C180A7F9B12C3" QueryPlanHash="0xE16B044208A25CFE">
          <StatementSetOptions ANSI_NULLS="true" ANSI_PADDING="true" ANSI_WARNINGS="true" ARITHABORT="true" CONCAT_NULL_YIELDS_NULL="true" NUMERIC_ROUNDABORT="false" QUOTED_IDENTIFIER="true" />
          <QueryPlan DegreeOfParallelism="4" MemoryGrant="249152" CachedPlanSize="144" CompileTime="256" CompileCPU="256" CompileMemory="3024">
            <RelOp AvgRowSize="48" EstimateCPU="6.04508" EstimateIO="0" EstimateRebinds="0" EstimateRewinds="0" EstimateRows="757970" LogicalOp="Gather Streams" NodeId="0" Parallel="true" PhysicalOp="Parallelism" EstimatedTotalSubtreeCost="331.681">
              <OutputList>
                <ColumnReference Database="[Star_Schema_Benchmark]" Schema="[dbo]" Table="[Date]" Column="D_Year" />
                <ColumnReference Database="[Star_Schema_Benchmark]" Schema="[dbo]" Table="[Supplier]" Column="S_Nation" />
                <ColumnReference Database="[Star_Schema_Benchmark]" Schema="[dbo]" Table="[Part]" Column="P_Category" />
                <ColumnReference Column="Expr1015" />
              </OutputList>
              <RunTimeInformation>
                <RunTimeCountersPerThread Thread="0" ActualRows="100" ActualEndOfScans="1" ActualExecutions="1" />
              </RunTimeInformation>
              <Parallelism>
                <OrderBy>
                  <OrderByColumn Ascending="true">
                    <ColumnReference Database="[Star_Schema_Benchmark]" Schema="[dbo]" Table="[Date]" Column="D_Year" />
                  </OrderByColumn>
                  <OrderByColumn Ascending="true">
                    <ColumnReference Database="[Star_Schema_Benchmark]" Schema="[dbo]" Table="[Supplier]" Column="S_Nation" />
                  </OrderByColumn>
                  <OrderByColumn Ascending="true">
                    <ColumnReference Database="[Star_Schema_Benchmark]" Schema="[dbo]" Table="[Part]" Column="P_Category" />
                  </OrderByColumn>
                </OrderBy>
                <RelOp AvgRowSize="48" EstimateCPU="0.433075" EstimateIO="0" EstimateRebinds="0" EstimateRewinds="0" EstimateRows="757970" LogicalOp="Compute Scalar" NodeId="1" Parallel="true" PhysicalOp="Compute Scalar" EstimatedTotalSubtreeCost="325.635">
                  <OutputList>
                    <ColumnReference Database="[Star_Schema_Benchmark]" Schema="[dbo]" Table="[Date]" Column="D_Year" />
                    <ColumnReference Database="[Star_Schema_Benchmark]" Schema="[dbo]" Table="[Supplier]" Column="S_Nation" />
                    <ColumnReference Database="[Star_Schema_Benchmark]" Schema="[dbo]" Table="[Part]" Column="P_Category" />
                    <ColumnReference Column="Expr1015" />
                  </OutputList>
                  <ComputeScalar>
                    <DefinedValues>
                      <DefinedValue>
                        <ColumnReference Column="Expr1015" />
                        <ScalarOperator ScalarString="CASE WHEN [Expr1024]=(0) THEN NULL ELSE [Expr1025] END">
                          <IF>
                            <Condition>
                              <ScalarOperator>
                                <Compare CompareOp="EQ">
                                  <ScalarOperator>
                                    <Identifier>
                                      <ColumnReference Column="Expr1024" />
                                    </Identifier>
                                  </ScalarOperator>
                                  <ScalarOperator>
                                    <Const ConstValue="(0)" />
                                  </ScalarOperator>
                                </Compare>
                              </ScalarOperator>
                            </Condition>
                            <Then>
                              <ScalarOperator>
                                <Const ConstValue="NULL" />
                              </ScalarOperator>
                            </Then>
                            <Else>
                              <ScalarOperator>
                                <Identifier>
                                  <ColumnReference Column="Expr1025" />
                                </Identifier>
                              </ScalarOperator>
                            </Else>
                          </IF>
                        </ScalarOperator>
                      </DefinedValue>
                    </DefinedValues>
                    <RelOp AvgRowSize="48" EstimateCPU="0.433075" EstimateIO="0" EstimateRebinds="0" EstimateRewinds="0" EstimateRows="757970" LogicalOp="Aggregate" NodeId="2" Parallel="true" PhysicalOp="Stream Aggregate" EstimatedTotalSubtreeCost="325.635">
                      <OutputList>
                        <ColumnReference Database="[Star_Schema_Benchmark]" Schema="[dbo]" Table="[Date]" Column="D_Year" />
                        <ColumnReference Database="[Star_Schema_Benchmark]" Schema="[dbo]" Table="[Supplier]" Column="S_Nation" />
                        <ColumnReference Database="[Star_Schema_Benchmark]" Schema="[dbo]" Table="[Part]" Column="P_Category" />
                        <ColumnReference Column="Expr1024" />
                        <ColumnReference Column="Expr1025" />
                      </OutputList>
                      <RunTimeInformation>
                        <RunTimeCountersPerThread Thread="2" ActualRows="27" ActualEndOfScans="1" ActualExecutions="1" />
                        <RunTimeCountersPerThread Thread="3" ActualRows="20" ActualEndOfScans="1" ActualExecutions="1" />
                        <RunTimeCountersPerThread Thread="1" ActualRows="27" ActualEndOfScans="1" ActualExecutions="1" />
                        <RunTimeCountersPerThread Thread="4" ActualRows="26" ActualEndOfScans="1" ActualExecutions="1" />
                        <RunTimeCountersPerThread Thread="0" ActualRows="0" ActualEndOfScans="0" ActualExecutions="0" />
                      </RunTimeInformation>
                      <StreamAggregate>
                        <DefinedValues>
                          <DefinedValue>
                            <ColumnReference Column="Expr1024" />
                            <ScalarOperator ScalarString="COUNT_BIG([Expr1016])">
                              <Aggregate AggType="COUNT_BIG" Distinct="false">
                                <ScalarOperator>
                                  <Identifier>
                                    <ColumnReference Column="Expr1016" />
                                  </Identifier>
                                </ScalarOperator>
                              </Aggregate>
                            </ScalarOperator>
                          </DefinedValue>
                          <DefinedValue>
                            <ColumnReference Column="Expr1025" />
                            <ScalarOperator ScalarString="SUM([Expr1016])">
                              <Aggregate AggType="SUM" Distinct="false">
                                <ScalarOperator>
                                  <Identifier>
                                    <ColumnReference Column="Expr1016" />
                                  </Identifier>
                                </ScalarOperator>
                              </Aggregate>
                            </ScalarOperator>
                          </DefinedValue>
                        </DefinedValues>
                        <GroupBy>
                          <ColumnReference Database="[Star_Schema_Benchmark]" Schema="[dbo]" Table="[Date]" Column="D_Year" />
                          <ColumnReference Database="[Star_Schema_Benchmark]" Schema="[dbo]" Table="[Supplier]" Column="S_Nation" />
                          <ColumnReference Database="[Star_Schema_Benchmark]" Schema="[dbo]" Table="[Part]" Column="P_Category" />
                        </GroupBy>
                        <RelOp AvgRowSize="40" EstimateCPU="36.5807" EstimateIO="0.00563063" EstimateRebinds="0" EstimateRewinds="0" EstimateRows="811943" LogicalOp="Sort" NodeId="3" Parallel="true" PhysicalOp="Sort" EstimatedTotalSubtreeCost="325.202">
                          <OutputList>
                            <ColumnReference Database="[Star_Schema_Benchmark]" Schema="[dbo]" Table="[Date]" Column="D_Year" />
                            <ColumnReference Database="[Star_Schema_Benchmark]" Schema="[dbo]" Table="[Supplier]" Column="S_Nation" />
                            <ColumnReference Database="[Star_Schema_Benchmark]" Schema="[dbo]" Table="[Part]" Column="P_Category" />
                            <ColumnReference Column="Expr1016" />
                          </OutputList>
                          <MemoryFractions Input="0.338376" Output="1" />
                          <RunTimeInformation>
                            <RunTimeCountersPerThread Thread="2" ActualRebinds="1" ActualRewinds="0" ActualRows="64331" ActualEndOfScans="1" ActualExecutions="1" />
                            <RunTimeCountersPerThread Thread="3" ActualRebinds="1" ActualRewinds="0" ActualRows="47424" ActualEndOfScans="1" ActualExecutions="1" />
                            <RunTimeCountersPerThread Thread="1" ActualRebinds="1" ActualRewinds="0" ActualRows="62048" ActualEndOfScans="1" ActualExecutions="1" />
                            <RunTimeCountersPerThread Thread="4" ActualRebinds="1" ActualRewinds="0" ActualRows="61970" ActualEndOfScans="1" ActualExecutions="1" />
                            <RunTimeCountersPerThread Thread="0" ActualRebinds="0" ActualRewinds="0" ActualRows="0" ActualEndOfScans="0" ActualExecutions="0" />
                          </RunTimeInformation>
                          <Sort Distinct="false">
                            <OrderBy>
                              <OrderByColumn Ascending="true">
                                <ColumnReference Database="[Star_Schema_Benchmark]" Schema="[dbo]" Table="[Date]" Column="D_Year" />
                              </OrderByColumn>
                              <OrderByColumn Ascending="true">
                                <ColumnReference Database="[Star_Schema_Benchmark]" Schema="[dbo]" Table="[Supplier]" Column="S_Nation" />
                              </OrderByColumn>
                              <OrderByColumn Ascending="true">
                                <ColumnReference Database="[Star_Schema_Benchmark]" Schema="[dbo]" Table="[Part]" Column="P_Category" />
                              </OrderByColumn>
                            </OrderBy>
                            <RelOp AvgRowSize="40" EstimateCPU="2.84645" EstimateIO="0" EstimateRebinds="0" EstimateRewinds="0" EstimateRows="811943" LogicalOp="Repartition Streams" NodeId="4" Parallel="true" PhysicalOp="Parallelism" EstimatedTotalSubtreeCost="288.616">
                              <OutputList>
                                <ColumnReference Database="[Star_Schema_Benchmark]" Schema="[dbo]" Table="[Date]" Column="D_Year" />
                                <ColumnReference Database="[Star_Schema_Benchmark]" Schema="[dbo]" Table="[Supplier]" Column="S_Nation" />
                                <ColumnReference Database="[Star_Schema_Benchmark]" Schema="[dbo]" Table="[Part]" Column="P_Category" />
                                <ColumnReference Column="Expr1016" />
                              </OutputList>
                              <RunTimeInformation>
                                <RunTimeCountersPerThread Thread="2" ActualRows="64331" ActualEndOfScans="1" ActualExecutions="1" />
                                <RunTimeCountersPerThread Thread="3" ActualRows="47424" ActualEndOfScans="1" ActualExecutions="1" />
                                <RunTimeCountersPerThread Thread="1" ActualRows="62048" ActualEndOfScans="1" ActualExecutions="1" />
                                <RunTimeCountersPerThread Thread="4" ActualRows="61970" ActualEndOfScans="1" ActualExecutions="1" />
                                <RunTimeCountersPerThread Thread="0" ActualRows="0" ActualEndOfScans="0" ActualExecutions="0" />
                              </RunTimeInformation>
                              <Parallelism PartitioningType="Hash">
                                <PartitionColumns>
                                  <ColumnReference Database="[Star_Schema_Benchmark]" Schema="[dbo]" Table="[Date]" Column="D_Year" />
                                  <ColumnReference Database="[Star_Schema_Benchmark]" Schema="[dbo]" Table="[Supplier]" Column="S_Nation" />
                                  <ColumnReference Database="[Star_Schema_Benchmark]" Schema="[dbo]" Table="[Part]" Column="P_Category" />
                                </PartitionColumns>
                                <RelOp AvgRowSize="40" EstimateCPU="11.8764" EstimateIO="0" EstimateRebinds="0" EstimateRewinds="0" EstimateRows="811943" LogicalOp="Inner Join" NodeId="5" Parallel="true" PhysicalOp="Hash Match" EstimatedTotalSubtreeCost="285.77">
                                  <OutputList>
                                    <ColumnReference Database="[Star_Schema_Benchmark]" Schema="[dbo]" Table="[Date]" Column="D_Year" />
                                    <ColumnReference Database="[Star_Schema_Benchmark]" Schema="[dbo]" Table="[Supplier]" Column="S_Nation" />
                                    <ColumnReference Database="[Star_Schema_Benchmark]" Schema="[dbo]" Table="[Part]" Column="P_Category" />
                                    <ColumnReference Column="Expr1016" />
                                  </OutputList>
                                  <MemoryFractions Input="0.215551" Output="0.142614" />
                                  <RunTimeInformation>
                                    <RunTimeCountersPerThread Thread="3" ActualRows="58328" ActualEndOfScans="1" ActualExecutions="1" />
                                    <RunTimeCountersPerThread Thread="2" ActualRows="59193" ActualEndOfScans="1" ActualExecutions="1" />
                                    <RunTimeCountersPerThread Thread="1" ActualRows="58740" ActualEndOfScans="1" ActualExecutions="1" />
                                    <RunTimeCountersPerThread Thread="4" ActualRows="59512" ActualEndOfScans="1" ActualExecutions="1" />
                                    <RunTimeCountersPerThread Thread="0" ActualRows="0" ActualEndOfScans="0" ActualExecutions="0" />
                                  </RunTimeInformation>
                                  <Hash>
                                    <DefinedValues />
                                    <HashKeysBuild>
                                      <ColumnReference Database="[Star_Schema_Benchmark]" Schema="[dbo]" Table="[Customer]" Column="C_CustomerKey" />
                                    </HashKeysBuild>
                                    <HashKeysProbe>
                                      <ColumnReference Database="[Star_Schema_Benchmark]" Schema="[dbo]" Table="[LineOrder]" Column="LO_CustKey" />
                                    </HashKeysProbe>
                                    <ProbeResidual>
                                      <ScalarOperator ScalarString="[Star_Schema_Benchmark].[dbo].[LineOrder].[LO_CustKey]=[Star_Schema_Benchmark].[dbo].[Customer].[C_CustomerKey]">
                                        <Compare CompareOp="EQ">
                                          <ScalarOperator>
                                            <Identifier>
                                              <ColumnReference Database="[Star_Schema_Benchmark]" Schema="[dbo]" Table="[LineOrder]" Column="LO_CustKey" />
                                            </Identifier>
                                          </ScalarOperator>
                                          <ScalarOperator>
                                            <Identifier>
                                              <ColumnReference Database="[Star_Schema_Benchmark]" Schema="[dbo]" Table="[Customer]" Column="C_CustomerKey" />
                                            </Identifier>
                                          </ScalarOperator>
                                        </Compare>
                                      </ScalarOperator>
                                    </ProbeResidual>
                                    <RelOp AvgRowSize="15" EstimateCPU="0.11376" EstimateIO="0" EstimateRebinds="0" EstimateRewinds="0" EstimateRows="59409.5" LogicalOp="Bitmap Create" NodeId="6" Parallel="true" PhysicalOp="Bitmap" EstimatedTotalSubtreeCost="3.61767">
                                      <OutputList>
                                        <ColumnReference Database="[Star_Schema_Benchmark]" Schema="[dbo]" Table="[Customer]" Column="C_CustomerKey" />
                                      </OutputList>
                                      <RunTimeInformation>
                                        <RunTimeCountersPerThread Thread="3" ActualRows="14747" ActualEndOfScans="1" ActualExecutions="1" />
                                        <RunTimeCountersPerThread Thread="4" ActualRows="15070" ActualEndOfScans="1" ActualExecutions="1" />
                                        <RunTimeCountersPerThread Thread="2" ActualRows="14904" ActualEndOfScans="1" ActualExecutions="1" />
                                        <RunTimeCountersPerThread Thread="1" ActualRows="15040" ActualEndOfScans="1" ActualExecutions="1" />
                                        <RunTimeCountersPerThread Thread="0" ActualRows="0" ActualEndOfScans="0" ActualExecutions="0" />
                                      </RunTimeInformation>
                                      <Bitmap>
                                        <DefinedValues>
                                          <DefinedValue>
                                            <ColumnReference Column="Bitmap1023" />
                                          </DefinedValue>
                                        </DefinedValues>
                                        <HashKeys>
                                          <ColumnReference Database="[Star_Schema_Benchmark]" Schema="[dbo]" Table="[Customer]" Column="C_CustomerKey" />
                                        </HashKeys>
                                        <RelOp AvgRowSize="15" EstimateCPU="0.11376" EstimateIO="0" EstimateRebinds="0" EstimateRewinds="0" EstimateRows="59409.5" LogicalOp="Repartition Streams" NodeId="7" Parallel="true" PhysicalOp="Parallelism" EstimatedTotalSubtreeCost="3.61767">
                                          <OutputList>
                                            <ColumnReference Database="[Star_Schema_Benchmark]" Schema="[dbo]" Table="[Customer]" Column="C_CustomerKey" />
                                          </OutputList>
                                          <RunTimeInformation>
                                            <RunTimeCountersPerThread Thread="3" ActualRows="14747" ActualEndOfScans="1" ActualExecutions="1" />
                                            <RunTimeCountersPerThread Thread="4" ActualRows="15070" ActualEndOfScans="1" ActualExecutions="1" />
                                            <RunTimeCountersPerThread Thread="2" ActualRows="14904" ActualEndOfScans="1" ActualExecutions="1" />
                                            <RunTimeCountersPerThread Thread="1" ActualRows="15040" ActualEndOfScans="1" ActualExecutions="1" />
                                            <RunTimeCountersPerThread Thread="0" ActualRows="0" ActualEndOfScans="0" ActualExecutions="0" />
                                          </RunTimeInformation>
                                          <Parallelism PartitioningType="Hash">
                                            <PartitionColumns>
                                              <ColumnReference Database="[Star_Schema_Benchmark]" Schema="[dbo]" Table="[Customer]" Column="C_CustomerKey" />
                                            </PartitionColumns>
                                            <RelOp AvgRowSize="27" EstimateCPU="0.165079" EstimateIO="3.26683" EstimateRebinds="0" EstimateRewinds="0" EstimateRows="59409.5" LogicalOp="Clustered Index Scan" NodeId="8" Parallel="true" PhysicalOp="Clustered Index Scan" EstimatedTotalSubtreeCost="3.43191" TableCardinality="300000">
                                              <OutputList>
                                                <ColumnReference Database="[Star_Schema_Benchmark]" Schema="[dbo]" Table="[Customer]" Column="C_CustomerKey" />
                                              </OutputList>
                                              <RunTimeInformation>
                                                <RunTimeCountersPerThread Thread="3" ActualRows="14463" ActualEndOfScans="1" ActualExecutions="1" />
                                                <RunTimeCountersPerThread Thread="1" ActualRows="14512" ActualEndOfScans="1" ActualExecutions="1" />
                                                <RunTimeCountersPerThread Thread="4" ActualRows="14304" ActualEndOfScans="1" ActualExecutions="1" />
                                                <RunTimeCountersPerThread Thread="2" ActualRows="16482" ActualEndOfScans="1" ActualExecutions="1" />
                                                <RunTimeCountersPerThread Thread="0" ActualRows="0" ActualEndOfScans="0" ActualExecutions="0" />
                                              </RunTimeInformation>
                                              <IndexScan Ordered="false" ForcedIndex="false" NoExpandHint="false">
                                                <DefinedValues>
                                                  <DefinedValue>
                                                    <ColumnReference Database="[Star_Schema_Benchmark]" Schema="[dbo]" Table="[Customer]" Column="C_CustomerKey" />
                                                  </DefinedValue>
                                                </DefinedValues>
                                                <Object Database="[Star_Schema_Benchmark]" Schema="[dbo]" Table="[Customer]" Index="[PK_Customer]" IndexKind="Clustered" />
                                                <Predicate>
                                                  <ScalarOperator ScalarString="[Star_Schema_Benchmark].[dbo].[Customer].[C_Region]='AMERICA'">
                                                    <Compare CompareOp="EQ">
                                                      <ScalarOperator>
                                                        <Identifier>
                                                          <ColumnReference Database="[Star_Schema_Benchmark]" Schema="[dbo]" Table="[Customer]" Column="C_Region" />
                                                        </Identifier>
                                                      </ScalarOperator>
                                                      <ScalarOperator>
                                                        <Const ConstValue="'AMERICA'" />
                                                      </ScalarOperator>
                                                    </Compare>
                                                  </ScalarOperator>
                                                </Predicate>
                                              </IndexScan>
                                            </RelOp>
                                          </Parallelism>
                                        </RelOp>
                                      </Bitmap>
                                    </RelOp>
                                    <RelOp AvgRowSize="48" EstimateCPU="11.3764" EstimateIO="0" EstimateRebinds="0" EstimateRewinds="0" EstimateRows="3205960" LogicalOp="Repartition Streams" NodeId="9" Parallel="true" PhysicalOp="Parallelism" EstimatedTotalSubtreeCost="270.276">
                                      <OutputList>
                                        <ColumnReference Database="[Star_Schema_Benchmark]" Schema="[dbo]" Table="[Date]" Column="D_Year" />
                                        <ColumnReference Database="[Star_Schema_Benchmark]" Schema="[dbo]" Table="[Supplier]" Column="S_Nation" />
                                        <ColumnReference Database="[Star_Schema_Benchmark]" Schema="[dbo]" Table="[Part]" Column="P_Category" />
                                        <ColumnReference Database="[Star_Schema_Benchmark]" Schema="[dbo]" Table="[LineOrder]" Column="LO_CustKey" />
                                        <ColumnReference Column="Expr1016" />
                                      </OutputList>
                                      <RunTimeInformation>
                                        <RunTimeCountersPerThread Thread="3" ActualRows="58779" ActualEndOfScans="1" ActualExecutions="1" />
                                        <RunTimeCountersPerThread Thread="4" ActualRows="60030" ActualEndOfScans="1" ActualExecutions="1" />
                                        <RunTimeCountersPerThread Thread="2" ActualRows="59714" ActualEndOfScans="1" ActualExecutions="1" />
                                        <RunTimeCountersPerThread Thread="1" ActualRows="59175" ActualEndOfScans="1" ActualExecutions="1" />
                                        <RunTimeCountersPerThread Thread="0" ActualRows="0" ActualEndOfScans="0" ActualExecutions="0" />
                                      </RunTimeInformation>
                                      <Parallelism PartitioningType="Hash">
                                        <PartitionColumns>
                                          <ColumnReference Database="[Star_Schema_Benchmark]" Schema="[dbo]" Table="[LineOrder]" Column="LO_CustKey" />
                                        </PartitionColumns>
                                        <Predicate>
                                          <ScalarOperator ScalarString="PROBE([Bitmap1023],[Star_Schema_Benchmark].[dbo].[LineOrder].[LO_CustKey])">
                                            <Intrinsic FunctionName="PROBE">
                                              <ScalarOperator>
                                                <Identifier>
                                                  <ColumnReference Column="Bitmap1023" />
                                                </Identifier>
                                              </ScalarOperator>
                                              <ScalarOperator>
                                                <Identifier>
                                                  <ColumnReference Database="[Star_Schema_Benchmark]" Schema="[dbo]" Table="[LineOrder]" Column="LO_CustKey" />
                                                </Identifier>
                                              </ScalarOperator>
                                            </Intrinsic>
                                          </ScalarOperator>
                                        </Predicate>
                                        <RelOp AvgRowSize="48" EstimateCPU="19.1939" EstimateIO="0" EstimateRebinds="0" EstimateRewinds="0" EstimateRows="3205960" LogicalOp="Inner Join" NodeId="10" Parallel="true" PhysicalOp="Hash Match" EstimatedTotalSubtreeCost="258.899">
                                          <OutputList>
                                            <ColumnReference Database="[Star_Schema_Benchmark]" Schema="[dbo]" Table="[Date]" Column="D_Year" />
                                            <ColumnReference Database="[Star_Schema_Benchmark]" Schema="[dbo]" Table="[Supplier]" Column="S_Nation" />
                                            <ColumnReference Database="[Star_Schema_Benchmark]" Schema="[dbo]" Table="[Part]" Column="P_Category" />
                                            <ColumnReference Database="[Star_Schema_Benchmark]" Schema="[dbo]" Table="[LineOrder]" Column="LO_CustKey" />
                                            <ColumnReference Column="Expr1016" />
                                          </OutputList>
                                          <MemoryFractions Input="0.764006" Output="0.505485" />
                                          <RunTimeInformation>
                                            <RunTimeCountersPerThread Thread="4" ActualRows="293470" ActualEndOfScans="1" ActualExecutions="1" />
                                            <RunTimeCountersPerThread Thread="2" ActualRows="295333" ActualEndOfScans="1" ActualExecutions="1" />
                                            <RunTimeCountersPerThread Thread="1" ActualRows="295809" ActualEndOfScans="1" ActualExecutions="1" />
                                            <RunTimeCountersPerThread Thread="3" ActualRows="297155" ActualEndOfScans="1" ActualExecutions="1" />
                                            <RunTimeCountersPerThread Thread="0" ActualRows="0" ActualEndOfScans="0" ActualExecutions="0" />
                                          </RunTimeInformation>
                                          <Hash>
                                            <DefinedValues />
                                            <HashKeysBuild>
                                              <ColumnReference Database="[Star_Schema_Benchmark]" Schema="[dbo]" Table="[Part]" Column="P_PartKey" />
                                            </HashKeysBuild>
                                            <HashKeysProbe>
                                              <ColumnReference Database="[Star_Schema_Benchmark]" Schema="[dbo]" Table="[LineOrder]" Column="LO_PartKey" />
                                            </HashKeysProbe>
                                            <ProbeResidual>
                                              <ScalarOperator ScalarString="[Star_Schema_Benchmark].[dbo].[LineOrder].[LO_PartKey]=[Star_Schema_Benchmark].[dbo].[Part].[P_PartKey]">
                                                <Compare CompareOp="EQ">
                                                  <ScalarOperator>
                                                    <Identifier>
                                                      <ColumnReference Database="[Star_Schema_Benchmark]" Schema="[dbo]" Table="[LineOrder]" Column="LO_PartKey" />
                                                    </Identifier>
                                                  </ScalarOperator>
                                                  <ScalarOperator>
                                                    <Identifier>
                                                      <ColumnReference Database="[Star_Schema_Benchmark]" Schema="[dbo]" Table="[Part]" Column="P_PartKey" />
                                                    </Identifier>
                                                  </ScalarOperator>
                                                </Compare>
                                              </ScalarOperator>
                                            </ProbeResidual>
                                            <RelOp AvgRowSize="22" EstimateCPU="0.640334" EstimateIO="0" EstimateRebinds="0" EstimateRewinds="0" EstimateRows="318975" LogicalOp="Repartition Streams" NodeId="11" Parallel="true" PhysicalOp="Parallelism" EstimatedTotalSubtreeCost="8.6585">
                                              <OutputList>
                                                <ColumnReference Database="[Star_Schema_Benchmark]" Schema="[dbo]" Table="[Part]" Column="P_PartKey" />
                                                <ColumnReference Database="[Star_Schema_Benchmark]" Schema="[dbo]" Table="[Part]" Column="P_Category" />
                                              </OutputList>
                                              <RunTimeInformation>
                                                <RunTimeCountersPerThread Thread="1" ActualRows="80066" ActualEndOfScans="1" ActualExecutions="1" />
                                                <RunTimeCountersPerThread Thread="2" ActualRows="79922" ActualEndOfScans="1" ActualExecutions="1" />
                                                <RunTimeCountersPerThread Thread="4" ActualRows="79447" ActualEndOfScans="1" ActualExecutions="1" />
                                                <RunTimeCountersPerThread Thread="3" ActualRows="80336" ActualEndOfScans="1" ActualExecutions="1" />
                                                <RunTimeCountersPerThread Thread="0" ActualRows="0" ActualEndOfScans="0" ActualExecutions="0" />
                                              </RunTimeInformation>
                                              <Parallelism PartitioningType="Hash">
                                                <PartitionColumns>
                                                  <ColumnReference Database="[Star_Schema_Benchmark]" Schema="[dbo]" Table="[Part]" Column="P_PartKey" />
                                                </PartitionColumns>
                                                <RelOp AvgRowSize="28" EstimateCPU="0.440078" EstimateIO="7.22609" EstimateRebinds="0" EstimateRewinds="0" EstimateRows="318975" LogicalOp="Clustered Index Scan" NodeId="12" Parallel="true" PhysicalOp="Clustered Index Scan" EstimatedTotalSubtreeCost="7.66617" TableCardinality="800000">
                                                  <OutputList>
                                                    <ColumnReference Database="[Star_Schema_Benchmark]" Schema="[dbo]" Table="[Part]" Column="P_PartKey" />
                                                    <ColumnReference Database="[Star_Schema_Benchmark]" Schema="[dbo]" Table="[Part]" Column="P_Category" />
                                                  </OutputList>
                                                  <RunTimeInformation>
                                                    <RunTimeCountersPerThread Thread="1" ActualRows="77086" ActualEndOfScans="1" ActualExecutions="1" />
                                                    <RunTimeCountersPerThread Thread="2" ActualRows="81605" ActualEndOfScans="1" ActualExecutions="1" />
                                                    <RunTimeCountersPerThread Thread="3" ActualRows="78532" ActualEndOfScans="1" ActualExecutions="1" />
                                                    <RunTimeCountersPerThread Thread="4" ActualRows="82548" ActualEndOfScans="1" ActualExecutions="1" />
                                                    <RunTimeCountersPerThread Thread="0" ActualRows="0" ActualEndOfScans="0" ActualExecutions="0" />
                                                  </RunTimeInformation>
                                                  <IndexScan Ordered="false" ForcedIndex="false" NoExpandHint="false">
                                                    <DefinedValues>
                                                      <DefinedValue>
                                                        <ColumnReference Database="[Star_Schema_Benchmark]" Schema="[dbo]" Table="[Part]" Column="P_PartKey" />
                                                      </DefinedValue>
                                                      <DefinedValue>
                                                        <ColumnReference Database="[Star_Schema_Benchmark]" Schema="[dbo]" Table="[Part]" Column="P_Category" />
                                                      </DefinedValue>
                                                    </DefinedValues>
                                                    <Object Database="[Star_Schema_Benchmark]" Schema="[dbo]" Table="[Part]" Index="[PK_Part]" IndexKind="Clustered" />
                                                    <Predicate>
                                                      <ScalarOperator ScalarString="[Star_Schema_Benchmark].[dbo].[Part].[P_MFGR]='MFGR#1' OR [Star_Schema_Benchmark].[dbo].[Part].[P_MFGR]='MFGR#2'">
                                                        <Logical Operation="OR">
                                                          <ScalarOperator>
                                                            <Compare CompareOp="EQ">
                                                              <ScalarOperator>
                                                                <Identifier>
                                                                  <ColumnReference Database="[Star_Schema_Benchmark]" Schema="[dbo]" Table="[Part]" Column="P_MFGR" />
                                                                </Identifier>
                                                              </ScalarOperator>
                                                              <ScalarOperator>
                                                                <Const ConstValue="'MFGR#1'" />
                                                              </ScalarOperator>
                                                            </Compare>
                                                          </ScalarOperator>
                                                          <ScalarOperator>
                                                            <Compare CompareOp="EQ">
                                                              <ScalarOperator>
                                                                <Identifier>
                                                                  <ColumnReference Database="[Star_Schema_Benchmark]" Schema="[dbo]" Table="[Part]" Column="P_MFGR" />
                                                                </Identifier>
                                                              </ScalarOperator>
                                                              <ScalarOperator>
                                                                <Const ConstValue="'MFGR#2'" />
                                                              </ScalarOperator>
                                                            </Compare>
                                                          </ScalarOperator>
                                                        </Logical>
                                                      </ScalarOperator>
                                                    </Predicate>
                                                  </IndexScan>
                                                </RelOp>
                                              </Parallelism>
                                            </RelOp>
                                            <RelOp AvgRowSize="49" EstimateCPU="13.3297" EstimateIO="0" EstimateRebinds="0" EstimateRewinds="0" EstimateRows="3721530" LogicalOp="Repartition Streams" NodeId="13" Parallel="true" PhysicalOp="Parallelism" EstimatedTotalSubtreeCost="231.047">
                                              <OutputList>
                                                <ColumnReference Database="[Star_Schema_Benchmark]" Schema="[dbo]" Table="[Date]" Column="D_Year" />
                                                <ColumnReference Database="[Star_Schema_Benchmark]" Schema="[dbo]" Table="[Supplier]" Column="S_Nation" />
                                                <ColumnReference Database="[Star_Schema_Benchmark]" Schema="[dbo]" Table="[LineOrder]" Column="LO_CustKey" />
                                                <ColumnReference Database="[Star_Schema_Benchmark]" Schema="[dbo]" Table="[LineOrder]" Column="LO_PartKey" />
                                                <ColumnReference Column="Expr1016" />
                                              </OutputList>
                                              <RunTimeInformation>
                                                <RunTimeCountersPerThread Thread="1" ActualRows="739806" ActualEndOfScans="1" ActualExecutions="1" />
                                                <RunTimeCountersPerThread Thread="2" ActualRows="738856" ActualEndOfScans="1" ActualExecutions="1" />
                                                <RunTimeCountersPerThread Thread="4" ActualRows="740231" ActualEndOfScans="1" ActualExecutions="1" />
                                                <RunTimeCountersPerThread Thread="3" ActualRows="740156" ActualEndOfScans="1" ActualExecutions="1" />
                                                <RunTimeCountersPerThread Thread="0" ActualRows="0" ActualEndOfScans="0" ActualExecutions="0" />
                                              </RunTimeInformation>
                                              <Parallelism PartitioningType="Hash">
                                                <PartitionColumns>
                                                  <ColumnReference Database="[Star_Schema_Benchmark]" Schema="[dbo]" Table="[LineOrder]" Column="LO_PartKey" />
                                                </PartitionColumns>
                                                <RelOp AvgRowSize="49" EstimateCPU="44.308" EstimateIO="0" EstimateRebinds="0" EstimateRewinds="0" EstimateRows="3721530" LogicalOp="Inner Join" NodeId="14" Parallel="true" PhysicalOp="Hash Match" EstimatedTotalSubtreeCost="217.717">
                                                  <OutputList>
                                                    <ColumnReference Database="[Star_Schema_Benchmark]" Schema="[dbo]" Table="[Date]" Column="D_Year" />
                                                    <ColumnReference Database="[Star_Schema_Benchmark]" Schema="[dbo]" Table="[Supplier]" Column="S_Nation" />
                                                    <ColumnReference Database="[Star_Schema_Benchmark]" Schema="[dbo]" Table="[LineOrder]" Column="LO_CustKey" />
                                                    <ColumnReference Database="[Star_Schema_Benchmark]" Schema="[dbo]" Table="[LineOrder]" Column="LO_PartKey" />
                                                    <ColumnReference Column="Expr1016" />
                                                  </OutputList>
                                                  <MemoryFractions Input="0.0204428" Output="0.0135255" />
                                                  <RunTimeInformation>
                                                    <RunTimeCountersPerThread Thread="2" ActualRows="689503" ActualEndOfScans="1" ActualExecutions="1" />
                                                    <RunTimeCountersPerThread Thread="4" ActualRows="711209" ActualEndOfScans="1" ActualExecutions="1" />
                                                    <RunTimeCountersPerThread Thread="3" ActualRows="739505" ActualEndOfScans="1" ActualExecutions="1" />
                                                    <RunTimeCountersPerThread Thread="1" ActualRows="818832" ActualEndOfScans="1" ActualExecutions="1" />
                                                    <RunTimeCountersPerThread Thread="0" ActualRows="0" ActualEndOfScans="0" ActualExecutions="0" />
                                                  </RunTimeInformation>
                                                  <Hash>
                                                    <DefinedValues />
                                                    <HashKeysBuild>
                                                      <ColumnReference Database="[Star_Schema_Benchmark]" Schema="[dbo]" Table="[Date]" Column="D_DateKey" />
                                                    </HashKeysBuild>
                                                    <HashKeysProbe>
                                                      <ColumnReference Database="[Star_Schema_Benchmark]" Schema="[dbo]" Table="[LineOrder]" Column="LO_OrderDateKey" />
                                                    </HashKeysProbe>
                                                    <ProbeResidual>
                                                      <ScalarOperator ScalarString="[Star_Schema_Benchmark].[dbo].[LineOrder].[LO_OrderDateKey]=[Star_Schema_Benchmark].[dbo].[Date].[D_DateKey]">
                                                        <Compare CompareOp="EQ">
                                                          <ScalarOperator>
                                                            <Identifier>
                                                              <ColumnReference Database="[Star_Schema_Benchmark]" Schema="[dbo]" Table="[LineOrder]" Column="LO_OrderDateKey" />
                                                            </Identifier>
                                                          </ScalarOperator>
                                                          <ScalarOperator>
                                                            <Identifier>
                                                              <ColumnReference Database="[Star_Schema_Benchmark]" Schema="[dbo]" Table="[Date]" Column="D_DateKey" />
                                                            </Identifier>
                                                          </ScalarOperator>
                                                        </Compare>
                                                      </ScalarOperator>
                                                    </ProbeResidual>
                                                    <RelOp AvgRowSize="17" EstimateCPU="0.0297726" EstimateIO="0" EstimateRebinds="0" EstimateRewinds="0" EstimateRows="729" LogicalOp="Bitmap Create" NodeId="15" Parallel="true" PhysicalOp="Bitmap" EstimatedTotalSubtreeCost="0.0555065">
                                                      <OutputList>
                                                        <ColumnReference Database="[Star_Schema_Benchmark]" Schema="[dbo]" Table="[Date]" Column="D_DateKey" />
                                                        <ColumnReference Database="[Star_Schema_Benchmark]" Schema="[dbo]" Table="[Date]" Column="D_Year" />
                                                      </OutputList>
                                                      <RunTimeInformation>
                                                        <RunTimeCountersPerThread Thread="1" ActualRows="203" ActualEndOfScans="1" ActualExecutions="1" />
                                                        <RunTimeCountersPerThread Thread="2" ActualRows="171" ActualEndOfScans="1" ActualExecutions="1" />
                                                        <RunTimeCountersPerThread Thread="4" ActualRows="178" ActualEndOfScans="1" ActualExecutions="1" />
                                                        <RunTimeCountersPerThread Thread="3" ActualRows="177" ActualEndOfScans="1" ActualExecutions="1" />
                                                        <RunTimeCountersPerThread Thread="0" ActualRows="0" ActualEndOfScans="0" ActualExecutions="0" />
                                                      </RunTimeInformation>
                                                      <Bitmap>
                                                        <DefinedValues>
                                                          <DefinedValue>
                                                            <ColumnReference Column="Bitmap1022" />
                                                          </DefinedValue>
                                                        </DefinedValues>
                                                        <HashKeys>
                                                          <ColumnReference Database="[Star_Schema_Benchmark]" Schema="[dbo]" Table="[Date]" Column="D_DateKey" />
                                                        </HashKeys>
                                                        <RelOp AvgRowSize="17" EstimateCPU="0.0297726" EstimateIO="0" EstimateRebinds="0" EstimateRewinds="0" EstimateRows="729" LogicalOp="Repartition Streams" NodeId="16" Parallel="true" PhysicalOp="Parallelism" EstimatedTotalSubtreeCost="0.0555065">
                                                          <OutputList>
                                                            <ColumnReference Database="[Star_Schema_Benchmark]" Schema="[dbo]" Table="[Date]" Column="D_DateKey" />
                                                            <ColumnReference Database="[Star_Schema_Benchmark]" Schema="[dbo]" Table="[Date]" Column="D_Year" />
                                                          </OutputList>
                                                          <RunTimeInformation>
                                                            <RunTimeCountersPerThread Thread="1" ActualRows="203" ActualEndOfScans="1" ActualExecutions="1" />
                                                            <RunTimeCountersPerThread Thread="4" ActualRows="178" ActualEndOfScans="1" ActualExecutions="1" />
                                                            <RunTimeCountersPerThread Thread="2" ActualRows="171" ActualEndOfScans="1" ActualExecutions="1" />
                                                            <RunTimeCountersPerThread Thread="3" ActualRows="177" ActualEndOfScans="1" ActualExecutions="1" />
                                                            <RunTimeCountersPerThread Thread="0" ActualRows="0" ActualEndOfScans="0" ActualExecutions="0" />
                                                          </RunTimeInformation>
                                                          <Parallelism PartitioningType="Hash">
                                                            <PartitionColumns>
                                                              <ColumnReference Database="[Star_Schema_Benchmark]" Schema="[dbo]" Table="[Date]" Column="D_DateKey" />
                                                            </PartitionColumns>
                                                            <RelOp AvgRowSize="17" EstimateCPU="0.0014843" EstimateIO="0.023125" EstimateRebinds="0" EstimateRewinds="0" EstimateRows="729" LogicalOp="Clustered Index Scan" NodeId="17" Parallel="true" PhysicalOp="Clustered Index Scan" EstimatedTotalSubtreeCost="0.0246093" TableCardinality="2556">
                                                              <OutputList>
                                                                <ColumnReference Database="[Star_Schema_Benchmark]" Schema="[dbo]" Table="[Date]" Column="D_DateKey" />
                                                                <ColumnReference Database="[Star_Schema_Benchmark]" Schema="[dbo]" Table="[Date]" Column="D_Year" />
                                                              </OutputList>
                                                              <RunTimeInformation>
                                                                <RunTimeCountersPerThread Thread="1" ActualRows="171" ActualEndOfScans="1" ActualExecutions="1" />
                                                                <RunTimeCountersPerThread Thread="4" ActualRows="186" ActualEndOfScans="1" ActualExecutions="1" />
                                                                <RunTimeCountersPerThread Thread="3" ActualRows="186" ActualEndOfScans="1" ActualExecutions="1" />
                                                                <RunTimeCountersPerThread Thread="2" ActualRows="186" ActualEndOfScans="1" ActualExecutions="1" />
                                                                <RunTimeCountersPerThread Thread="0" ActualRows="0" ActualEndOfScans="0" ActualExecutions="0" />
                                                              </RunTimeInformation>
                                                              <IndexScan Ordered="false" ForcedIndex="false" NoExpandHint="false">
                                                                <DefinedValues>
                                                                  <DefinedValue>
                                                                    <ColumnReference Database="[Star_Schema_Benchmark]" Schema="[dbo]" Table="[Date]" Column="D_DateKey" />
                                                                  </DefinedValue>
                                                                  <DefinedValue>
                                                                    <ColumnReference Database="[Star_Schema_Benchmark]" Schema="[dbo]" Table="[Date]" Column="D_Year" />
                                                                  </DefinedValue>
                                                                </DefinedValues>
                                                                <Object Database="[Star_Schema_Benchmark]" Schema="[dbo]" Table="[Date]" Index="[PK_Date]" IndexKind="Clustered" />
                                                                <Predicate>
                                                                  <ScalarOperator ScalarString="[Star_Schema_Benchmark].[dbo].[Date].[D_Year]=(1997) OR [Star_Schema_Benchmark].[dbo].[Date].[D_Year]=(1998)">
                                                                    <Logical Operation="OR">
                                                                      <ScalarOperator>
                                                                        <Compare CompareOp="EQ">
                                                                          <ScalarOperator>
                                                                            <Identifier>
                                                                              <ColumnReference Database="[Star_Schema_Benchmark]" Schema="[dbo]" Table="[Date]" Column="D_Year" />
                                                                            </Identifier>
                                                                          </ScalarOperator>
                                                                          <ScalarOperator>
                                                                            <Const ConstValue="(1997)" />
                                                                          </ScalarOperator>
                                                                        </Compare>
                                                                      </ScalarOperator>
                                                                      <ScalarOperator>
                                                                        <Compare CompareOp="EQ">
                                                                          <ScalarOperator>
                                                                            <Identifier>
                                                                              <ColumnReference Database="[Star_Schema_Benchmark]" Schema="[dbo]" Table="[Date]" Column="D_Year" />
                                                                            </Identifier>
                                                                          </ScalarOperator>
                                                                          <ScalarOperator>
                                                                            <Const ConstValue="(1998)" />
                                                                          </ScalarOperator>
                                                                        </Compare>
                                                                      </ScalarOperator>
                                                                    </Logical>
                                                                  </ScalarOperator>
                                                                </Predicate>
                                                              </IndexScan>
                                                            </RelOp>
                                                          </Parallelism>
                                                        </RelOp>
                                                      </Bitmap>
                                                    </RelOp>
                                                    <RelOp AvgRowSize="55" EstimateCPU="0.615159" EstimateIO="0" EstimateRebinds="0" EstimateRewinds="0" EstimateRows="12303200" LogicalOp="Compute Scalar" NodeId="18" Parallel="true" PhysicalOp="Compute Scalar" EstimatedTotalSubtreeCost="173.354">
                                                      <OutputList>
                                                        <ColumnReference Database="[Star_Schema_Benchmark]" Schema="[dbo]" Table="[Supplier]" Column="S_Nation" />
                                                        <ColumnReference Database="[Star_Schema_Benchmark]" Schema="[dbo]" Table="[LineOrder]" Column="LO_CustKey" />
                                                        <ColumnReference Database="[Star_Schema_Benchmark]" Schema="[dbo]" Table="[LineOrder]" Column="LO_PartKey" />
                                                        <ColumnReference Database="[Star_Schema_Benchmark]" Schema="[dbo]" Table="[LineOrder]" Column="LO_OrderDateKey" />
                                                        <ColumnReference Column="Expr1016" />
                                                      </OutputList>
                                                      <ComputeScalar>
                                                        <DefinedValues>
                                                          <DefinedValue>
                                                            <ColumnReference Column="Expr1016" />
                                                            <ScalarOperator ScalarString="[Star_Schema_Benchmark].[dbo].[LineOrder].[LO_Revenue]-[Star_Schema_Benchmark].[dbo].[LineOrder].[LO_SupplyCost]">
                                                              <Arithmetic Operation="SUB">
                                                                <ScalarOperator>
                                                                  <Identifier>
                                                                    <ColumnReference Database="[Star_Schema_Benchmark]" Schema="[dbo]" Table="[LineOrder]" Column="LO_Revenue" />
                                                                  </Identifier>
                                                                </ScalarOperator>
                                                                <ScalarOperator>
                                                                  <Identifier>
                                                                    <ColumnReference Database="[Star_Schema_Benchmark]" Schema="[dbo]" Table="[LineOrder]" Column="LO_SupplyCost" />
                                                                  </Identifier>
                                                                </ScalarOperator>
                                                              </Arithmetic>
                                                            </ScalarOperator>
                                                          </DefinedValue>
                                                        </DefinedValues>
                                                        <RelOp AvgRowSize="64" EstimateCPU="53.3397" EstimateIO="0" EstimateRebinds="0" EstimateRewinds="0" EstimateRows="12303200" LogicalOp="Repartition Streams" NodeId="19" Parallel="true" PhysicalOp="Parallelism" EstimatedTotalSubtreeCost="172.738">
                                                          <OutputList>
                                                            <ColumnReference Database="[Star_Schema_Benchmark]" Schema="[dbo]" Table="[Supplier]" Column="S_Nation" />
                                                            <ColumnReference Database="[Star_Schema_Benchmark]" Schema="[dbo]" Table="[LineOrder]" Column="LO_CustKey" />
                                                            <ColumnReference Database="[Star_Schema_Benchmark]" Schema="[dbo]" Table="[LineOrder]" Column="LO_PartKey" />
                                                            <ColumnReference Database="[Star_Schema_Benchmark]" Schema="[dbo]" Table="[LineOrder]" Column="LO_OrderDateKey" />
                                                            <ColumnReference Database="[Star_Schema_Benchmark]" Schema="[dbo]" Table="[LineOrder]" Column="LO_Revenue" />
                                                            <ColumnReference Database="[Star_Schema_Benchmark]" Schema="[dbo]" Table="[LineOrder]" Column="LO_SupplyCost" />
                                                          </OutputList>
                                                          <RunTimeInformation>
                                                            <RunTimeCountersPerThread Thread="1" ActualRows="818832" ActualEndOfScans="1" ActualExecutions="1" />
                                                            <RunTimeCountersPerThread Thread="2" ActualRows="689503" ActualEndOfScans="1" ActualExecutions="1" />
                                                            <RunTimeCountersPerThread Thread="4" ActualRows="711209" ActualEndOfScans="1" ActualExecutions="1" />
                                                            <RunTimeCountersPerThread Thread="3" ActualRows="739505" ActualEndOfScans="1" ActualExecutions="1" />
                                                            <RunTimeCountersPerThread Thread="0" ActualRows="0" ActualEndOfScans="0" ActualExecutions="0" />
                                                          </RunTimeInformation>
                                                          <Parallelism PartitioningType="Hash">
                                                            <PartitionColumns>
                                                              <ColumnReference Database="[Star_Schema_Benchmark]" Schema="[dbo]" Table="[LineOrder]" Column="LO_OrderDateKey" />
                                                            </PartitionColumns>
                                                            <Predicate>
                                                              <ScalarOperator ScalarString="PROBE([Bitmap1022],[Star_Schema_Benchmark].[dbo].[LineOrder].[LO_OrderDateKey])">
                                                                <Intrinsic FunctionName="PROBE">
                                                                  <ScalarOperator>
                                                                    <Identifier>
                                                                      <ColumnReference Column="Bitmap1022" />
                                                                    </Identifier>
                                                                  </ScalarOperator>
                                                                  <ScalarOperator>
                                                                    <Identifier>
                                                                      <ColumnReference Database="[Star_Schema_Benchmark]" Schema="[dbo]" Table="[LineOrder]" Column="LO_OrderDateKey" />
                                                                    </Identifier>
                                                                  </ScalarOperator>
                                                                </Intrinsic>
                                                              </ScalarOperator>
                                                            </Predicate>
                                                            <RelOp AvgRowSize="64" EstimateCPU="25.7136" EstimateIO="0" EstimateRebinds="0" EstimateRewinds="0" EstimateRows="12303200" LogicalOp="Inner Join" NodeId="20" Parallel="true" PhysicalOp="Nested Loops" EstimatedTotalSubtreeCost="119.399">
                                                              <OutputList>
                                                                <ColumnReference Database="[Star_Schema_Benchmark]" Schema="[dbo]" Table="[Supplier]" Column="S_Nation" />
                                                                <ColumnReference Database="[Star_Schema_Benchmark]" Schema="[dbo]" Table="[LineOrder]" Column="LO_CustKey" />
                                                                <ColumnReference Database="[Star_Schema_Benchmark]" Schema="[dbo]" Table="[LineOrder]" Column="LO_PartKey" />
                                                                <ColumnReference Database="[Star_Schema_Benchmark]" Schema="[dbo]" Table="[LineOrder]" Column="LO_OrderDateKey" />
                                                                <ColumnReference Database="[Star_Schema_Benchmark]" Schema="[dbo]" Table="[LineOrder]" Column="LO_Revenue" />
                                                                <ColumnReference Database="[Star_Schema_Benchmark]" Schema="[dbo]" Table="[LineOrder]" Column="LO_SupplyCost" />
                                                              </OutputList>
                                                              <RunTimeInformation>
                                                                <RunTimeCountersPerThread Thread="2" ActualRows="3151253" ActualEndOfScans="1" ActualExecutions="1" />
                                                                <RunTimeCountersPerThread Thread="4" ActualRows="2987119" ActualEndOfScans="1" ActualExecutions="1" />
                                                                <RunTimeCountersPerThread Thread="3" ActualRows="3054038" ActualEndOfScans="1" ActualExecutions="1" />
                                                                <RunTimeCountersPerThread Thread="1" ActualRows="3110247" ActualEndOfScans="1" ActualExecutions="1" />
                                                                <RunTimeCountersPerThread Thread="0" ActualRows="0" ActualEndOfScans="0" ActualExecutions="0" />
                                                              </RunTimeInformation>
                                                              <NestedLoops Optimized="false" WithUnorderedPrefetch="true">
                                                                <OuterReferences>
                                                                  <ColumnReference Database="[Star_Schema_Benchmark]" Schema="[dbo]" Table="[Supplier]" Column="S_SuppKey" />
                                                                  <ColumnReference Column="Expr1021" />
                                                                </OuterReferences>
                                                                <RelOp AvgRowSize="38" EstimateCPU="0.0110785" EstimateIO="0.203125" EstimateRebinds="0" EstimateRewinds="0" EstimateRows="4102" LogicalOp="Clustered Index Scan" NodeId="22" Parallel="true" PhysicalOp="Clustered Index Scan" EstimatedTotalSubtreeCost="0.214203" TableCardinality="20000">
                                                                  <OutputList>
                                                                    <ColumnReference Database="[Star_Schema_Benchmark]" Schema="[dbo]" Table="[Supplier]" Column="S_SuppKey" />
                                                                    <ColumnReference Database="[Star_Schema_Benchmark]" Schema="[dbo]" Table="[Supplier]" Column="S_Nation" />
                                                                  </OutputList>
                                                                  <RunTimeInformation>
                                                                    <RunTimeCountersPerThread Thread="4" ActualRows="996" ActualEndOfScans="1" ActualExecutions="1" />
                                                                    <RunTimeCountersPerThread Thread="1" ActualRows="1037" ActualEndOfScans="1" ActualExecutions="1" />
                                                                    <RunTimeCountersPerThread Thread="3" ActualRows="1019" ActualEndOfScans="1" ActualExecutions="1" />
                                                                    <RunTimeCountersPerThread Thread="2" ActualRows="1050" ActualEndOfScans="1" ActualExecutions="1" />
                                                                    <RunTimeCountersPerThread Thread="0" ActualRows="0" ActualEndOfScans="0" ActualExecutions="0" />
                                                                  </RunTimeInformation>
                                                                  <IndexScan Ordered="false" ForcedIndex="false" NoExpandHint="false">
                                                                    <DefinedValues>
                                                                      <DefinedValue>
                                                                        <ColumnReference Database="[Star_Schema_Benchmark]" Schema="[dbo]" Table="[Supplier]" Column="S_SuppKey" />
                                                                      </DefinedValue>
                                                                      <DefinedValue>
                                                                        <ColumnReference Database="[Star_Schema_Benchmark]" Schema="[dbo]" Table="[Supplier]" Column="S_Nation" />
                                                                      </DefinedValue>
                                                                    </DefinedValues>
                                                                    <Object Database="[Star_Schema_Benchmark]" Schema="[dbo]" Table="[Supplier]" Index="[PK_Supplier]" IndexKind="Clustered" />
                                                                    <Predicate>
                                                                      <ScalarOperator ScalarString="[Star_Schema_Benchmark].[dbo].[Supplier].[S_Region]='AMERICA'">
                                                                        <Compare CompareOp="EQ">
                                                                          <ScalarOperator>
                                                                            <Identifier>
                                                                              <ColumnReference Database="[Star_Schema_Benchmark]" Schema="[dbo]" Table="[Supplier]" Column="S_Region" />
                                                                            </Identifier>
                                                                          </ScalarOperator>
                                                                          <ScalarOperator>
                                                                            <Const ConstValue="'AMERICA'" />
                                                                          </ScalarOperator>
                                                                        </Compare>
                                                                      </ScalarOperator>
                                                                    </Predicate>
                                                                  </IndexScan>
                                                                </RelOp>
                                                                <RelOp AvgRowSize="49" EstimateCPU="0.00345624" EstimateIO="0.0194213" EstimateRebinds="4101" EstimateRewinds="0" EstimateRows="2999.31" LogicalOp="Index Seek" NodeId="23" Parallel="true" PhysicalOp="Index Seek" EstimatedTotalSubtreeCost="93.466" TableCardinality="59986200">
                                                                  <OutputList>
                                                                    <ColumnReference Database="[Star_Schema_Benchmark]" Schema="[dbo]" Table="[LineOrder]" Column="LO_CustKey" />
                                                                    <ColumnReference Database="[Star_Schema_Benchmark]" Schema="[dbo]" Table="[LineOrder]" Column="LO_PartKey" />
                                                                    <ColumnReference Database="[Star_Schema_Benchmark]" Schema="[dbo]" Table="[LineOrder]" Column="LO_OrderDateKey" />
                                                                    <ColumnReference Database="[Star_Schema_Benchmark]" Schema="[dbo]" Table="[LineOrder]" Column="LO_Revenue" />
                                                                    <ColumnReference Database="[Star_Schema_Benchmark]" Schema="[dbo]" Table="[LineOrder]" Column="LO_SupplyCost" />
                                                                  </OutputList>
                                                                  <RunTimeInformation>
                                                                    <RunTimeCountersPerThread Thread="2" ActualRows="3151253" ActualEndOfScans="1050" ActualExecutions="1050" />
                                                                    <RunTimeCountersPerThread Thread="4" ActualRows="2987119" ActualEndOfScans="996" ActualExecutions="996" />
                                                                    <RunTimeCountersPerThread Thread="3" ActualRows="3054038" ActualEndOfScans="1019" ActualExecutions="1019" />
                                                                    <RunTimeCountersPerThread Thread="1" ActualRows="3110247" ActualEndOfScans="1037" ActualExecutions="1037" />
                                                                    <RunTimeCountersPerThread Thread="0" ActualRows="0" ActualEndOfScans="0" ActualExecutions="0" />
                                                                  </RunTimeInformation>
                                                                  <IndexScan Ordered="true" ScanDirection="FORWARD" ForcedIndex="false" ForceSeek="false" NoExpandHint="false">
                                                                    <DefinedValues>
                                                                      <DefinedValue>
                                                                        <ColumnReference Database="[Star_Schema_Benchmark]" Schema="[dbo]" Table="[LineOrder]" Column="LO_CustKey" />
                                                                      </DefinedValue>
                                                                      <DefinedValue>
                                                                        <ColumnReference Database="[Star_Schema_Benchmark]" Schema="[dbo]" Table="[LineOrder]" Column="LO_PartKey" />
                                                                      </DefinedValue>
                                                                      <DefinedValue>
                                                                        <ColumnReference Database="[Star_Schema_Benchmark]" Schema="[dbo]" Table="[LineOrder]" Column="LO_OrderDateKey" />
                                                                      </DefinedValue>
                                                                      <DefinedValue>
                                                                        <ColumnReference Database="[Star_Schema_Benchmark]" Schema="[dbo]" Table="[LineOrder]" Column="LO_Revenue" />
                                                                      </DefinedValue>
                                                                      <DefinedValue>
                                                                        <ColumnReference Database="[Star_Schema_Benchmark]" Schema="[dbo]" Table="[LineOrder]" Column="LO_SupplyCost" />
                                                                      </DefinedValue>
                                                                    </DefinedValues>
                                                                    <Object Database="[Star_Schema_Benchmark]" Schema="[dbo]" Table="[LineOrder]" Index="[_dta_index_LineOrder_5_21575115__K5_K4_K3_K6_13_14]" IndexKind="NonClustered" />
                                                                    <SeekPredicates>
                                                                      <SeekPredicateNew>
                                                                        <SeekKeys>
                                                                          <Prefix ScanType="EQ">
                                                                            <RangeColumns>
                                                                              <ColumnReference Database="[Star_Schema_Benchmark]" Schema="[dbo]" Table="[LineOrder]" Column="LO_SuppKey" />
                                                                            </RangeColumns>
                                                                            <RangeExpressions>
                                                                              <ScalarOperator ScalarString="[Star_Schema_Benchmark].[dbo].[Supplier].[S_SuppKey]">
                                                                                <Identifier>
                                                                                  <ColumnReference Database="[Star_Schema_Benchmark]" Schema="[dbo]" Table="[Supplier]" Column="S_SuppKey" />
                                                                                </Identifier>
                                                                              </ScalarOperator>
                                                                            </RangeExpressions>
                                                                          </Prefix>
                                                                        </SeekKeys>
                                                                      </SeekPredicateNew>
                                                                    </SeekPredicates>
                                                                  </IndexScan>
                                                                </RelOp>
                                                              </NestedLoops>
                                                            </RelOp>
                                                          </Parallelism>
                                                        </RelOp>
                                                      </ComputeScalar>
                                                    </RelOp>
                                                  </Hash>
                                                </RelOp>
                                              </Parallelism>
                                            </RelOp>
                                          </Hash>
                                        </RelOp>
                                      </Parallelism>
                                    </RelOp>
                                  </Hash>
                                </RelOp>
                              </Parallelism>
                            </RelOp>
                          </Sort>
                        </RelOp>
                      </StreamAggregate>
                    </RelOp>
                  </ComputeScalar>
                </RelOp>
              </Parallelism>
            </RelOp>
          </QueryPlan>
        </StmtSimple>
      </Statements>
    </Batch>
    <Batch>
      <Statements>
        <StmtSimple StatementCompId="13" StatementEstRows="580820" StatementId="13" StatementOptmLevel="FULL" StatementSubTreeCost="100.119" StatementText="select d_year, s_city, p_brand,&#xD;&#xA;sum(lo_revenue - lo_supplycost) as profit&#xD;&#xA;from [date], customer, supplier, part, lineorder&#xD;&#xA;where lo_custkey = C_CustomerKey&#xD;&#xA;and lo_suppkey = s_suppkey&#xD;&#xA;and lo_partkey = p_partkey&#xD;&#xA;and lo_orderdatekey = d_datekey&#xD;&#xA;and s_nation = 'UNITED STATES'&#xD;&#xA;and (d_year = 1997 or d_year = 1998)&#xD;&#xA;and p_category = 'MFGR#14'&#xD;&#xA;group by d_year, s_city, p_brand&#xD;&#xA;order by d_year, s_city, p_brand;" StatementType="SELECT" QueryHash="0xC05BB57D09CB172D" QueryPlanHash="0xFF3B995CD8A8A3CA">
          <StatementSetOptions ANSI_NULLS="true" ANSI_PADDING="true" ANSI_WARNINGS="true" ARITHABORT="true" CONCAT_NULL_YIELDS_NULL="true" NUMERIC_ROUNDABORT="false" QUOTED_IDENTIFIER="true" />
          <QueryPlan DegreeOfParallelism="4" MemoryGrant="144672" CachedPlanSize="144" CompileTime="229" CompileCPU="229" CompileMemory="3040">
            <RelOp AvgRowSize="45" EstimateCPU="4.57879" EstimateIO="0" EstimateRebinds="0" EstimateRewinds="0" EstimateRows="580820" LogicalOp="Gather Streams" NodeId="0" Parallel="true" PhysicalOp="Parallelism" EstimatedTotalSubtreeCost="100.119">
              <OutputList>
                <ColumnReference Database="[Star_Schema_Benchmark]" Schema="[dbo]" Table="[Date]" Column="D_Year" />
                <ColumnReference Database="[Star_Schema_Benchmark]" Schema="[dbo]" Table="[Supplier]" Column="S_City" />
                <ColumnReference Database="[Star_Schema_Benchmark]" Schema="[dbo]" Table="[Part]" Column="P_Brand" />
                <ColumnReference Column="Expr1015" />
              </OutputList>
              <RunTimeInformation>
                <RunTimeCountersPerThread Thread="0" ActualRows="800" ActualEndOfScans="1" ActualExecutions="1" />
              </RunTimeInformation>
              <Parallelism>
                <OrderBy>
                  <OrderByColumn Ascending="true">
                    <ColumnReference Database="[Star_Schema_Benchmark]" Schema="[dbo]" Table="[Date]" Column="D_Year" />
                  </OrderByColumn>
                  <OrderByColumn Ascending="true">
                    <ColumnReference Database="[Star_Schema_Benchmark]" Schema="[dbo]" Table="[Supplier]" Column="S_City" />
                  </OrderByColumn>
                  <OrderByColumn Ascending="true">
                    <ColumnReference Database="[Star_Schema_Benchmark]" Schema="[dbo]" Table="[Part]" Column="P_Brand" />
                  </OrderByColumn>
                </OrderBy>
                <RelOp AvgRowSize="45" EstimateCPU="0.319451" EstimateIO="0" EstimateRebinds="0" EstimateRewinds="0" EstimateRows="580820" LogicalOp="Compute Scalar" NodeId="1" Parallel="true" PhysicalOp="Compute Scalar" EstimatedTotalSubtreeCost="95.5404">
                  <OutputList>
                    <ColumnReference Database="[Star_Schema_Benchmark]" Schema="[dbo]" Table="[Date]" Column="D_Year" />
                    <ColumnReference Database="[Star_Schema_Benchmark]" Schema="[dbo]" Table="[Supplier]" Column="S_City" />
                    <ColumnReference Database="[Star_Schema_Benchmark]" Schema="[dbo]" Table="[Part]" Column="P_Brand" />
                    <ColumnReference Column="Expr1015" />
                  </OutputList>
                  <ComputeScalar>
                    <DefinedValues>
                      <DefinedValue>
                        <ColumnReference Column="Expr1015" />
                        <ScalarOperator ScalarString="CASE WHEN [Expr1023]=(0) THEN NULL ELSE [Expr1024] END">
                          <IF>
                            <Condition>
                              <ScalarOperator>
                                <Compare CompareOp="EQ">
                                  <ScalarOperator>
                                    <Identifier>
                                      <ColumnReference Column="Expr1023" />
                                    </Identifier>
                                  </ScalarOperator>
                                  <ScalarOperator>
                                    <Const ConstValue="(0)" />
                                  </ScalarOperator>
                                </Compare>
                              </ScalarOperator>
                            </Condition>
                            <Then>
                              <ScalarOperator>
                                <Const ConstValue="NULL" />
                              </ScalarOperator>
                            </Then>
                            <Else>
                              <ScalarOperator>
                                <Identifier>
                                  <ColumnReference Column="Expr1024" />
                                </Identifier>
                              </ScalarOperator>
                            </Else>
                          </IF>
                        </ScalarOperator>
                      </DefinedValue>
                    </DefinedValues>
                    <RelOp AvgRowSize="45" EstimateCPU="0.319451" EstimateIO="0" EstimateRebinds="0" EstimateRewinds="0" EstimateRows="580820" LogicalOp="Aggregate" NodeId="2" Parallel="true" PhysicalOp="Stream Aggregate" EstimatedTotalSubtreeCost="95.5404">
                      <OutputList>
                        <ColumnReference Database="[Star_Schema_Benchmark]" Schema="[dbo]" Table="[Date]" Column="D_Year" />
                        <ColumnReference Database="[Star_Schema_Benchmark]" Schema="[dbo]" Table="[Supplier]" Column="S_City" />
                        <ColumnReference Database="[Star_Schema_Benchmark]" Schema="[dbo]" Table="[Part]" Column="P_Brand" />
                        <ColumnReference Column="Expr1023" />
                        <ColumnReference Column="Expr1024" />
                      </OutputList>
                      <RunTimeInformation>
                        <RunTimeCountersPerThread Thread="4" ActualRows="195" ActualEndOfScans="1" ActualExecutions="1" />
                        <RunTimeCountersPerThread Thread="2" ActualRows="202" ActualEndOfScans="1" ActualExecutions="1" />
                        <RunTimeCountersPerThread Thread="3" ActualRows="201" ActualEndOfScans="1" ActualExecutions="1" />
                        <RunTimeCountersPerThread Thread="1" ActualRows="202" ActualEndOfScans="1" ActualExecutions="1" />
                        <RunTimeCountersPerThread Thread="0" ActualRows="0" ActualEndOfScans="0" ActualExecutions="0" />
                      </RunTimeInformation>
                      <StreamAggregate>
                        <DefinedValues>
                          <DefinedValue>
                            <ColumnReference Column="Expr1023" />
                            <ScalarOperator ScalarString="COUNT_BIG([Expr1016])">
                              <Aggregate AggType="COUNT_BIG" Distinct="false">
                                <ScalarOperator>
                                  <Identifier>
                                    <ColumnReference Column="Expr1016" />
                                  </Identifier>
                                </ScalarOperator>
                              </Aggregate>
                            </ScalarOperator>
                          </DefinedValue>
                          <DefinedValue>
                            <ColumnReference Column="Expr1024" />
                            <ScalarOperator ScalarString="SUM([Expr1016])">
                              <Aggregate AggType="SUM" Distinct="false">
                                <ScalarOperator>
                                  <Identifier>
                                    <ColumnReference Column="Expr1016" />
                                  </Identifier>
                                </ScalarOperator>
                              </Aggregate>
                            </ScalarOperator>
                          </DefinedValue>
                        </DefinedValues>
                        <GroupBy>
                          <ColumnReference Database="[Star_Schema_Benchmark]" Schema="[dbo]" Table="[Date]" Column="D_Year" />
                          <ColumnReference Database="[Star_Schema_Benchmark]" Schema="[dbo]" Table="[Supplier]" Column="S_City" />
                          <ColumnReference Database="[Star_Schema_Benchmark]" Schema="[dbo]" Table="[Part]" Column="P_Brand" />
                        </GroupBy>
                        <RelOp AvgRowSize="37" EstimateCPU="25.5236" EstimateIO="0.00563063" EstimateRebinds="0" EstimateRewinds="0" EstimateRows="580820" LogicalOp="Sort" NodeId="3" Parallel="true" PhysicalOp="Sort" EstimatedTotalSubtreeCost="95.221">
                          <OutputList>
                            <ColumnReference Database="[Star_Schema_Benchmark]" Schema="[dbo]" Table="[Date]" Column="D_Year" />
                            <ColumnReference Database="[Star_Schema_Benchmark]" Schema="[dbo]" Table="[Supplier]" Column="S_City" />
                            <ColumnReference Database="[Star_Schema_Benchmark]" Schema="[dbo]" Table="[Part]" Column="P_Brand" />
                            <ColumnReference Column="Expr1016" />
                          </OutputList>
                          <MemoryFractions Input="0.419838" Output="1" />
                          <RunTimeInformation>
                            <RunTimeCountersPerThread Thread="4" ActualRebinds="1" ActualRewinds="0" ActualRows="5697" ActualEndOfScans="1" ActualExecutions="1" />
                            <RunTimeCountersPerThread Thread="2" ActualRebinds="1" ActualRewinds="0" ActualRows="5918" ActualEndOfScans="1" ActualExecutions="1" />
                            <RunTimeCountersPerThread Thread="3" ActualRebinds="1" ActualRewinds="0" ActualRows="6030" ActualEndOfScans="1" ActualExecutions="1" />
                            <RunTimeCountersPerThread Thread="1" ActualRebinds="1" ActualRewinds="0" ActualRows="5677" ActualEndOfScans="1" ActualExecutions="1" />
                            <RunTimeCountersPerThread Thread="0" ActualRebinds="0" ActualRewinds="0" ActualRows="0" ActualEndOfScans="0" ActualExecutions="0" />
                          </RunTimeInformation>
                          <Sort Distinct="false">
                            <OrderBy>
                              <OrderByColumn Ascending="true">
                                <ColumnReference Database="[Star_Schema_Benchmark]" Schema="[dbo]" Table="[Date]" Column="D_Year" />
                              </OrderByColumn>
                              <OrderByColumn Ascending="true">
                                <ColumnReference Database="[Star_Schema_Benchmark]" Schema="[dbo]" Table="[Supplier]" Column="S_City" />
                              </OrderByColumn>
                              <OrderByColumn Ascending="true">
                                <ColumnReference Database="[Star_Schema_Benchmark]" Schema="[dbo]" Table="[Part]" Column="P_Brand" />
                              </OrderByColumn>
                            </OrderBy>
                            <RelOp AvgRowSize="37" EstimateCPU="1.94107" EstimateIO="0" EstimateRebinds="0" EstimateRewinds="0" EstimateRows="580820" LogicalOp="Repartition Streams" NodeId="4" Parallel="true" PhysicalOp="Parallelism" EstimatedTotalSubtreeCost="69.6917">
                              <OutputList>
                                <ColumnReference Database="[Star_Schema_Benchmark]" Schema="[dbo]" Table="[Date]" Column="D_Year" />
                                <ColumnReference Database="[Star_Schema_Benchmark]" Schema="[dbo]" Table="[Supplier]" Column="S_City" />
                                <ColumnReference Database="[Star_Schema_Benchmark]" Schema="[dbo]" Table="[Part]" Column="P_Brand" />
                                <ColumnReference Column="Expr1016" />
                              </OutputList>
                              <RunTimeInformation>
                                <RunTimeCountersPerThread Thread="4" ActualRows="5697" ActualEndOfScans="1" ActualExecutions="1" />
                                <RunTimeCountersPerThread Thread="3" ActualRows="6030" ActualEndOfScans="1" ActualExecutions="1" />
                                <RunTimeCountersPerThread Thread="2" ActualRows="5918" ActualEndOfScans="1" ActualExecutions="1" />
                                <RunTimeCountersPerThread Thread="1" ActualRows="5677" ActualEndOfScans="1" ActualExecutions="1" />
                                <RunTimeCountersPerThread Thread="0" ActualRows="0" ActualEndOfScans="0" ActualExecutions="0" />
                              </RunTimeInformation>
                              <Parallelism PartitioningType="Hash">
                                <PartitionColumns>
                                  <ColumnReference Database="[Star_Schema_Benchmark]" Schema="[dbo]" Table="[Date]" Column="D_Year" />
                                  <ColumnReference Database="[Star_Schema_Benchmark]" Schema="[dbo]" Table="[Supplier]" Column="S_City" />
                                  <ColumnReference Database="[Star_Schema_Benchmark]" Schema="[dbo]" Table="[Part]" Column="P_Brand" />
                                </PartitionColumns>
                                <RelOp AvgRowSize="37" EstimateCPU="3.08713" EstimateIO="0" EstimateRebinds="0" EstimateRewinds="0" EstimateRows="580820" LogicalOp="Inner Join" NodeId="5" Parallel="true" PhysicalOp="Hash Match" EstimatedTotalSubtreeCost="67.7507">
                                  <OutputList>
                                    <ColumnReference Database="[Star_Schema_Benchmark]" Schema="[dbo]" Table="[Date]" Column="D_Year" />
                                    <ColumnReference Database="[Star_Schema_Benchmark]" Schema="[dbo]" Table="[Supplier]" Column="S_City" />
                                    <ColumnReference Database="[Star_Schema_Benchmark]" Schema="[dbo]" Table="[Part]" Column="P_Brand" />
                                    <ColumnReference Column="Expr1016" />
                                  </OutputList>
                                  <MemoryFractions Input="0.238256" Output="0.138227" />
                                  <RunTimeInformation>
                                    <RunTimeCountersPerThread Thread="3" ActualRows="5925" ActualEndOfScans="1" ActualExecutions="1" />
                                    <RunTimeCountersPerThread Thread="2" ActualRows="5773" ActualEndOfScans="1" ActualExecutions="1" />
                                    <RunTimeCountersPerThread Thread="1" ActualRows="5875" ActualEndOfScans="1" ActualExecutions="1" />
                                    <RunTimeCountersPerThread Thread="4" ActualRows="5749" ActualEndOfScans="1" ActualExecutions="1" />
                                    <RunTimeCountersPerThread Thread="0" ActualRows="0" ActualEndOfScans="0" ActualExecutions="0" />
                                  </RunTimeInformation>
                                  <Hash>
                                    <DefinedValues />
                                    <HashKeysBuild>
                                      <ColumnReference Database="[Star_Schema_Benchmark]" Schema="[dbo]" Table="[Part]" Column="P_PartKey" />
                                    </HashKeysBuild>
                                    <HashKeysProbe>
                                      <ColumnReference Database="[Star_Schema_Benchmark]" Schema="[dbo]" Table="[LineOrder]" Column="LO_PartKey" />
                                    </HashKeysProbe>
                                    <ProbeResidual>
                                      <ScalarOperator ScalarString="[Star_Schema_Benchmark].[dbo].[LineOrder].[LO_PartKey]=[Star_Schema_Benchmark].[dbo].[Part].[P_PartKey]">
                                        <Compare CompareOp="EQ">
                                          <ScalarOperator>
                                            <Identifier>
                                              <ColumnReference Database="[Star_Schema_Benchmark]" Schema="[dbo]" Table="[LineOrder]" Column="LO_PartKey" />
                                            </Identifier>
                                          </ScalarOperator>
                                          <ScalarOperator>
                                            <Identifier>
                                              <ColumnReference Database="[Star_Schema_Benchmark]" Schema="[dbo]" Table="[Part]" Column="P_PartKey" />
                                            </Identifier>
                                          </ScalarOperator>
                                        </Compare>
                                      </ScalarOperator>
                                    </ProbeResidual>
                                    <RelOp AvgRowSize="24" EstimateCPU="0.091694" EstimateIO="0" EstimateRebinds="0" EstimateRewinds="0" EstimateRows="31801.7" LogicalOp="Repartition Streams" NodeId="6" Parallel="true" PhysicalOp="Parallelism" EstimatedTotalSubtreeCost="7.94986">
                                      <OutputList>
                                        <ColumnReference Database="[Star_Schema_Benchmark]" Schema="[dbo]" Table="[Part]" Column="P_PartKey" />
                                        <ColumnReference Database="[Star_Schema_Benchmark]" Schema="[dbo]" Table="[Part]" Column="P_Brand" />
                                      </OutputList>
                                      <RunTimeInformation>
                                        <RunTimeCountersPerThread Thread="3" ActualRows="8110" ActualEndOfScans="1" ActualExecutions="1" />
                                        <RunTimeCountersPerThread Thread="2" ActualRows="8003" ActualEndOfScans="1" ActualExecutions="1" />
                                        <RunTimeCountersPerThread Thread="1" ActualRows="7913" ActualEndOfScans="1" ActualExecutions="1" />
                                        <RunTimeCountersPerThread Thread="4" ActualRows="7875" ActualEndOfScans="1" ActualExecutions="1" />
                                        <RunTimeCountersPerThread Thread="0" ActualRows="0" ActualEndOfScans="0" ActualExecutions="0" />
                                      </RunTimeInformation>
                                      <Parallelism PartitioningType="Hash">
                                        <PartitionColumns>
                                          <ColumnReference Database="[Star_Schema_Benchmark]" Schema="[dbo]" Table="[Part]" Column="P_PartKey" />
                                        </PartitionColumns>
                                        <RelOp AvgRowSize="31" EstimateCPU="0.440078" EstimateIO="7.22609" EstimateRebinds="0" EstimateRewinds="0" EstimateRows="31801.7" LogicalOp="Clustered Index Scan" NodeId="7" Parallel="true" PhysicalOp="Clustered Index Scan" EstimatedTotalSubtreeCost="7.66617" TableCardinality="800000">
                                          <OutputList>
                                            <ColumnReference Database="[Star_Schema_Benchmark]" Schema="[dbo]" Table="[Part]" Column="P_PartKey" />
                                            <ColumnReference Database="[Star_Schema_Benchmark]" Schema="[dbo]" Table="[Part]" Column="P_Brand" />
                                          </OutputList>
                                          <RunTimeInformation>
                                            <RunTimeCountersPerThread Thread="1" ActualRows="7767" ActualEndOfScans="1" ActualExecutions="1" />
                                            <RunTimeCountersPerThread Thread="2" ActualRows="8039" ActualEndOfScans="1" ActualExecutions="1" />
                                            <RunTimeCountersPerThread Thread="4" ActualRows="8073" ActualEndOfScans="1" ActualExecutions="1" />
                                            <RunTimeCountersPerThread Thread="3" ActualRows="8022" ActualEndOfScans="1" ActualExecutions="1" />
                                            <RunTimeCountersPerThread Thread="0" ActualRows="0" ActualEndOfScans="0" ActualExecutions="0" />
                                          </RunTimeInformation>
                                          <IndexScan Ordered="false" ForcedIndex="false" NoExpandHint="false">
                                            <DefinedValues>
                                              <DefinedValue>
                                                <ColumnReference Database="[Star_Schema_Benchmark]" Schema="[dbo]" Table="[Part]" Column="P_PartKey" />
                                              </DefinedValue>
                                              <DefinedValue>
                                                <ColumnReference Database="[Star_Schema_Benchmark]" Schema="[dbo]" Table="[Part]" Column="P_Brand" />
                                              </DefinedValue>
                                            </DefinedValues>
                                            <Object Database="[Star_Schema_Benchmark]" Schema="[dbo]" Table="[Part]" Index="[PK_Part]" IndexKind="Clustered" />
                                            <Predicate>
                                              <ScalarOperator ScalarString="[Star_Schema_Benchmark].[dbo].[Part].[P_Category]='MFGR#14'">
                                                <Compare CompareOp="EQ">
                                                  <ScalarOperator>
                                                    <Identifier>
                                                      <ColumnReference Database="[Star_Schema_Benchmark]" Schema="[dbo]" Table="[Part]" Column="P_Category" />
                                                    </Identifier>
                                                  </ScalarOperator>
                                                  <ScalarOperator>
                                                    <Const ConstValue="'MFGR#14'" />
                                                  </ScalarOperator>
                                                </Compare>
                                              </ScalarOperator>
                                            </Predicate>
                                          </IndexScan>
                                        </RelOp>
                                      </Parallelism>
                                    </RelOp>
                                    <RelOp AvgRowSize="36" EstimateCPU="1.86796" EstimateIO="0" EstimateRebinds="0" EstimateRewinds="0" EstimateRows="637789" LogicalOp="Repartition Streams" NodeId="8" Parallel="true" PhysicalOp="Parallelism" EstimatedTotalSubtreeCost="56.7137">
                                      <OutputList>
                                        <ColumnReference Database="[Star_Schema_Benchmark]" Schema="[dbo]" Table="[Date]" Column="D_Year" />
                                        <ColumnReference Database="[Star_Schema_Benchmark]" Schema="[dbo]" Table="[Supplier]" Column="S_City" />
                                        <ColumnReference Database="[Star_Schema_Benchmark]" Schema="[dbo]" Table="[LineOrder]" Column="LO_PartKey" />
                                        <ColumnReference Column="Expr1016" />
                                      </OutputList>
                                      <RunTimeInformation>
                                        <RunTimeCountersPerThread Thread="3" ActualRows="146394" ActualEndOfScans="1" ActualExecutions="1" />
                                        <RunTimeCountersPerThread Thread="2" ActualRows="146405" ActualEndOfScans="1" ActualExecutions="1" />
                                        <RunTimeCountersPerThread Thread="1" ActualRows="145487" ActualEndOfScans="1" ActualExecutions="1" />
                                        <RunTimeCountersPerThread Thread="4" ActualRows="146330" ActualEndOfScans="1" ActualExecutions="1" />
                                        <RunTimeCountersPerThread Thread="0" ActualRows="0" ActualEndOfScans="0" ActualExecutions="0" />
                                      </RunTimeInformation>
                                      <Parallelism PartitioningType="Hash">
                                        <PartitionColumns>
                                          <ColumnReference Database="[Star_Schema_Benchmark]" Schema="[dbo]" Table="[LineOrder]" Column="LO_PartKey" />
                                        </PartitionColumns>
                                        <RelOp AvgRowSize="36" EstimateCPU="5.6063" EstimateIO="0" EstimateRebinds="0" EstimateRewinds="0" EstimateRows="637789" LogicalOp="Inner Join" NodeId="9" Parallel="true" PhysicalOp="Hash Match" EstimatedTotalSubtreeCost="54.8457">
                                          <OutputList>
                                            <ColumnReference Database="[Star_Schema_Benchmark]" Schema="[dbo]" Table="[Date]" Column="D_Year" />
                                            <ColumnReference Database="[Star_Schema_Benchmark]" Schema="[dbo]" Table="[Supplier]" Column="S_City" />
                                            <ColumnReference Database="[Star_Schema_Benchmark]" Schema="[dbo]" Table="[LineOrder]" Column="LO_PartKey" />
                                            <ColumnReference Column="Expr1016" />
                                          </OutputList>
                                          <MemoryFractions Input="0.742383" Output="0.430702" />
                                          <RunTimeInformation>
                                            <RunTimeCountersPerThread Thread="3" ActualRows="146518" ActualEndOfScans="1" ActualExecutions="1" />
                                            <RunTimeCountersPerThread Thread="4" ActualRows="145900" ActualEndOfScans="1" ActualExecutions="1" />
                                            <RunTimeCountersPerThread Thread="2" ActualRows="146332" ActualEndOfScans="1" ActualExecutions="1" />
                                            <RunTimeCountersPerThread Thread="1" ActualRows="145866" ActualEndOfScans="1" ActualExecutions="1" />
                                            <RunTimeCountersPerThread Thread="0" ActualRows="0" ActualEndOfScans="0" ActualExecutions="0" />
                                          </RunTimeInformation>
                                          <Hash>
                                            <DefinedValues />
                                            <HashKeysBuild>
                                              <ColumnReference Database="[Star_Schema_Benchmark]" Schema="[dbo]" Table="[Customer]" Column="C_CustomerKey" />
                                            </HashKeysBuild>
                                            <HashKeysProbe>
                                              <ColumnReference Database="[Star_Schema_Benchmark]" Schema="[dbo]" Table="[LineOrder]" Column="LO_CustKey" />
                                            </HashKeysProbe>
                                            <ProbeResidual>
                                              <ScalarOperator ScalarString="[Star_Schema_Benchmark].[dbo].[LineOrder].[LO_CustKey]=[Star_Schema_Benchmark].[dbo].[Customer].[C_CustomerKey]">
                                                <Compare CompareOp="EQ">
                                                  <ScalarOperator>
                                                    <Identifier>
                                                      <ColumnReference Database="[Star_Schema_Benchmark]" Schema="[dbo]" Table="[LineOrder]" Column="LO_CustKey" />
                                                    </Identifier>
                                                  </ScalarOperator>
                                                  <ScalarOperator>
                                                    <Identifier>
                                                      <ColumnReference Database="[Star_Schema_Benchmark]" Schema="[dbo]" Table="[Customer]" Column="C_CustomerKey" />
                                                    </Identifier>
                                                  </ScalarOperator>
                                                </Compare>
                                              </ScalarOperator>
                                            </ProbeResidual>
                                            <RelOp AvgRowSize="15" EstimateCPU="0.459038" EstimateIO="0" EstimateRebinds="0" EstimateRewinds="0" EstimateRows="300000" LogicalOp="Repartition Streams" NodeId="10" Parallel="true" PhysicalOp="Parallelism" EstimatedTotalSubtreeCost="3.89094">
                                              <OutputList>
                                                <ColumnReference Database="[Star_Schema_Benchmark]" Schema="[dbo]" Table="[Customer]" Column="C_CustomerKey" />
                                              </OutputList>
                                              <RunTimeInformation>
                                                <RunTimeCountersPerThread Thread="2" ActualRows="75001" ActualEndOfScans="1" ActualExecutions="1" />
                                                <RunTimeCountersPerThread Thread="4" ActualRows="74999" ActualEndOfScans="1" ActualExecutions="1" />
                                                <RunTimeCountersPerThread Thread="3" ActualRows="75003" ActualEndOfScans="1" ActualExecutions="1" />
                                                <RunTimeCountersPerThread Thread="1" ActualRows="74997" ActualEndOfScans="1" ActualExecutions="1" />
                                                <RunTimeCountersPerThread Thread="0" ActualRows="0" ActualEndOfScans="0" ActualExecutions="0" />
                                              </RunTimeInformation>
                                              <Parallelism PartitioningType="Hash">
                                                <PartitionColumns>
                                                  <ColumnReference Database="[Star_Schema_Benchmark]" Schema="[dbo]" Table="[Customer]" Column="C_CustomerKey" />
                                                </PartitionColumns>
                                                <RelOp AvgRowSize="15" EstimateCPU="0.165079" EstimateIO="3.26683" EstimateRebinds="0" EstimateRewinds="0" EstimateRows="300000" LogicalOp="Clustered Index Scan" NodeId="11" Parallel="true" PhysicalOp="Clustered Index Scan" EstimatedTotalSubtreeCost="3.43191" TableCardinality="300000">
                                                  <OutputList>
                                                    <ColumnReference Database="[Star_Schema_Benchmark]" Schema="[dbo]" Table="[Customer]" Column="C_CustomerKey" />
                                                  </OutputList>
                                                  <RunTimeInformation>
                                                    <RunTimeCountersPerThread Thread="2" ActualRows="82186" ActualEndOfScans="1" ActualExecutions="1" />
                                                    <RunTimeCountersPerThread Thread="1" ActualRows="85474" ActualEndOfScans="1" ActualExecutions="1" />
                                                    <RunTimeCountersPerThread Thread="4" ActualRows="56416" ActualEndOfScans="1" ActualExecutions="1" />
                                                    <RunTimeCountersPerThread Thread="3" ActualRows="75924" ActualEndOfScans="1" ActualExecutions="1" />
                                                    <RunTimeCountersPerThread Thread="0" ActualRows="0" ActualEndOfScans="0" ActualExecutions="0" />
                                                  </RunTimeInformation>
                                                  <IndexScan Ordered="false" ForcedIndex="false" NoExpandHint="false">
                                                    <DefinedValues>
                                                      <DefinedValue>
                                                        <ColumnReference Database="[Star_Schema_Benchmark]" Schema="[dbo]" Table="[Customer]" Column="C_CustomerKey" />
                                                      </DefinedValue>
                                                    </DefinedValues>
                                                    <Object Database="[Star_Schema_Benchmark]" Schema="[dbo]" Table="[Customer]" Index="[PK_Customer]" IndexKind="Clustered" />
                                                  </IndexScan>
                                                </RelOp>
                                              </Parallelism>
                                            </RelOp>
                                            <RelOp AvgRowSize="44" EstimateCPU="2.52517" EstimateIO="0" EstimateRebinds="0" EstimateRewinds="0" EstimateRows="733963" LogicalOp="Repartition Streams" NodeId="12" Parallel="true" PhysicalOp="Parallelism" EstimatedTotalSubtreeCost="45.3484">
                                              <OutputList>
                                                <ColumnReference Database="[Star_Schema_Benchmark]" Schema="[dbo]" Table="[Date]" Column="D_Year" />
                                                <ColumnReference Database="[Star_Schema_Benchmark]" Schema="[dbo]" Table="[Supplier]" Column="S_City" />
                                                <ColumnReference Database="[Star_Schema_Benchmark]" Schema="[dbo]" Table="[LineOrder]" Column="LO_CustKey" />
                                                <ColumnReference Database="[Star_Schema_Benchmark]" Schema="[dbo]" Table="[LineOrder]" Column="LO_PartKey" />
                                                <ColumnReference Column="Expr1016" />
                                              </OutputList>
                                              <RunTimeInformation>
                                                <RunTimeCountersPerThread Thread="2" ActualRows="146332" ActualEndOfScans="1" ActualExecutions="1" />
                                                <RunTimeCountersPerThread Thread="4" ActualRows="145900" ActualEndOfScans="1" ActualExecutions="1" />
                                                <RunTimeCountersPerThread Thread="3" ActualRows="146518" ActualEndOfScans="1" ActualExecutions="1" />
                                                <RunTimeCountersPerThread Thread="1" ActualRows="145866" ActualEndOfScans="1" ActualExecutions="1" />
                                                <RunTimeCountersPerThread Thread="0" ActualRows="0" ActualEndOfScans="0" ActualExecutions="0" />
                                              </RunTimeInformation>
                                              <Parallelism PartitioningType="Hash">
                                                <PartitionColumns>
                                                  <ColumnReference Database="[Star_Schema_Benchmark]" Schema="[dbo]" Table="[LineOrder]" Column="LO_CustKey" />
                                                </PartitionColumns>
                                                <RelOp AvgRowSize="44" EstimateCPU="8.75758" EstimateIO="0" EstimateRebinds="0" EstimateRewinds="0" EstimateRows="733963" LogicalOp="Inner Join" NodeId="13" Parallel="true" PhysicalOp="Hash Match" EstimatedTotalSubtreeCost="42.8233">
                                                  <OutputList>
                                                    <ColumnReference Database="[Star_Schema_Benchmark]" Schema="[dbo]" Table="[Date]" Column="D_Year" />
                                                    <ColumnReference Database="[Star_Schema_Benchmark]" Schema="[dbo]" Table="[Supplier]" Column="S_City" />
                                                    <ColumnReference Database="[Star_Schema_Benchmark]" Schema="[dbo]" Table="[LineOrder]" Column="LO_CustKey" />
                                                    <ColumnReference Database="[Star_Schema_Benchmark]" Schema="[dbo]" Table="[LineOrder]" Column="LO_PartKey" />
                                                    <ColumnReference Column="Expr1016" />
                                                  </OutputList>
                                                  <MemoryFractions Input="0.019361" Output="0.0112325" />
                                                  <RunTimeInformation>
                                                    <RunTimeCountersPerThread Thread="2" ActualRows="136594" ActualEndOfScans="1" ActualExecutions="1" />
                                                    <RunTimeCountersPerThread Thread="4" ActualRows="140244" ActualEndOfScans="1" ActualExecutions="1" />
                                                    <RunTimeCountersPerThread Thread="3" ActualRows="145735" ActualEndOfScans="1" ActualExecutions="1" />
                                                    <RunTimeCountersPerThread Thread="1" ActualRows="162043" ActualEndOfScans="1" ActualExecutions="1" />
                                                    <RunTimeCountersPerThread Thread="0" ActualRows="0" ActualEndOfScans="0" ActualExecutions="0" />
                                                  </RunTimeInformation>
                                                  <Hash>
                                                    <DefinedValues />
                                                    <HashKeysBuild>
                                                      <ColumnReference Database="[Star_Schema_Benchmark]" Schema="[dbo]" Table="[Date]" Column="D_DateKey" />
                                                    </HashKeysBuild>
                                                    <HashKeysProbe>
                                                      <ColumnReference Database="[Star_Schema_Benchmark]" Schema="[dbo]" Table="[LineOrder]" Column="LO_OrderDateKey" />
                                                    </HashKeysProbe>
                                                    <ProbeResidual>
                                                      <ScalarOperator ScalarString="[Star_Schema_Benchmark].[dbo].[LineOrder].[LO_OrderDateKey]=[Star_Schema_Benchmark].[dbo].[Date].[D_DateKey]">
                                                        <Compare CompareOp="EQ">
                                                          <ScalarOperator>
                                                            <Identifier>
                                                              <ColumnReference Database="[Star_Schema_Benchmark]" Schema="[dbo]" Table="[LineOrder]" Column="LO_OrderDateKey" />
                                                            </Identifier>
                                                          </ScalarOperator>
                                                          <ScalarOperator>
                                                            <Identifier>
                                                              <ColumnReference Database="[Star_Schema_Benchmark]" Schema="[dbo]" Table="[Date]" Column="D_DateKey" />
                                                            </Identifier>
                                                          </ScalarOperator>
                                                        </Compare>
                                                      </ScalarOperator>
                                                    </ProbeResidual>
                                                    <RelOp AvgRowSize="17" EstimateCPU="0.0297726" EstimateIO="0" EstimateRebinds="0" EstimateRewinds="0" EstimateRows="729" LogicalOp="Bitmap Create" NodeId="14" Parallel="true" PhysicalOp="Bitmap" EstimatedTotalSubtreeCost="0.0555065">
                                                      <OutputList>
                                                        <ColumnReference Database="[Star_Schema_Benchmark]" Schema="[dbo]" Table="[Date]" Column="D_DateKey" />
                                                        <ColumnReference Database="[Star_Schema_Benchmark]" Schema="[dbo]" Table="[Date]" Column="D_Year" />
                                                      </OutputList>
                                                      <RunTimeInformation>
                                                        <RunTimeCountersPerThread Thread="1" ActualRows="203" ActualEndOfScans="1" ActualExecutions="1" />
                                                        <RunTimeCountersPerThread Thread="4" ActualRows="178" ActualEndOfScans="1" ActualExecutions="1" />
                                                        <RunTimeCountersPerThread Thread="2" ActualRows="171" ActualEndOfScans="1" ActualExecutions="1" />
                                                        <RunTimeCountersPerThread Thread="3" ActualRows="177" ActualEndOfScans="1" ActualExecutions="1" />
                                                        <RunTimeCountersPerThread Thread="0" ActualRows="0" ActualEndOfScans="0" ActualExecutions="0" />
                                                      </RunTimeInformation>
                                                      <Bitmap>
                                                        <DefinedValues>
                                                          <DefinedValue>
                                                            <ColumnReference Column="Bitmap1022" />
                                                          </DefinedValue>
                                                        </DefinedValues>
                                                        <HashKeys>
                                                          <ColumnReference Database="[Star_Schema_Benchmark]" Schema="[dbo]" Table="[Date]" Column="D_DateKey" />
                                                        </HashKeys>
                                                        <RelOp AvgRowSize="17" EstimateCPU="0.0297726" EstimateIO="0" EstimateRebinds="0" EstimateRewinds="0" EstimateRows="729" LogicalOp="Repartition Streams" NodeId="15" Parallel="true" PhysicalOp="Parallelism" EstimatedTotalSubtreeCost="0.0555065">
                                                          <OutputList>
                                                            <ColumnReference Database="[Star_Schema_Benchmark]" Schema="[dbo]" Table="[Date]" Column="D_DateKey" />
                                                            <ColumnReference Database="[Star_Schema_Benchmark]" Schema="[dbo]" Table="[Date]" Column="D_Year" />
                                                          </OutputList>
                                                          <RunTimeInformation>
                                                            <RunTimeCountersPerThread Thread="3" ActualRows="177" ActualEndOfScans="1" ActualExecutions="1" />
                                                            <RunTimeCountersPerThread Thread="2" ActualRows="171" ActualEndOfScans="1" ActualExecutions="1" />
                                                            <RunTimeCountersPerThread Thread="4" ActualRows="178" ActualEndOfScans="1" ActualExecutions="1" />
                                                            <RunTimeCountersPerThread Thread="1" ActualRows="203" ActualEndOfScans="1" ActualExecutions="1" />
                                                            <RunTimeCountersPerThread Thread="0" ActualRows="0" ActualEndOfScans="0" ActualExecutions="0" />
                                                          </RunTimeInformation>
                                                          <Parallelism PartitioningType="Hash">
                                                            <PartitionColumns>
                                                              <ColumnReference Database="[Star_Schema_Benchmark]" Schema="[dbo]" Table="[Date]" Column="D_DateKey" />
                                                            </PartitionColumns>
                                                            <RelOp AvgRowSize="17" EstimateCPU="0.0014843" EstimateIO="0.023125" EstimateRebinds="0" EstimateRewinds="0" EstimateRows="729" LogicalOp="Clustered Index Scan" NodeId="16" Parallel="true" PhysicalOp="Clustered Index Scan" EstimatedTotalSubtreeCost="0.0246093" TableCardinality="2556">
                                                              <OutputList>
                                                                <ColumnReference Database="[Star_Schema_Benchmark]" Schema="[dbo]" Table="[Date]" Column="D_DateKey" />
                                                                <ColumnReference Database="[Star_Schema_Benchmark]" Schema="[dbo]" Table="[Date]" Column="D_Year" />
                                                              </OutputList>
                                                              <RunTimeInformation>
                                                                <RunTimeCountersPerThread Thread="1" ActualRows="171" ActualEndOfScans="1" ActualExecutions="1" />
                                                                <RunTimeCountersPerThread Thread="3" ActualRows="186" ActualEndOfScans="1" ActualExecutions="1" />
                                                                <RunTimeCountersPerThread Thread="4" ActualRows="186" ActualEndOfScans="1" ActualExecutions="1" />
                                                                <RunTimeCountersPerThread Thread="2" ActualRows="186" ActualEndOfScans="1" ActualExecutions="1" />
                                                                <RunTimeCountersPerThread Thread="0" ActualRows="0" ActualEndOfScans="0" ActualExecutions="0" />
                                                              </RunTimeInformation>
                                                              <IndexScan Ordered="false" ForcedIndex="false" NoExpandHint="false">
                                                                <DefinedValues>
                                                                  <DefinedValue>
                                                                    <ColumnReference Database="[Star_Schema_Benchmark]" Schema="[dbo]" Table="[Date]" Column="D_DateKey" />
                                                                  </DefinedValue>
                                                                  <DefinedValue>
                                                                    <ColumnReference Database="[Star_Schema_Benchmark]" Schema="[dbo]" Table="[Date]" Column="D_Year" />
                                                                  </DefinedValue>
                                                                </DefinedValues>
                                                                <Object Database="[Star_Schema_Benchmark]" Schema="[dbo]" Table="[Date]" Index="[PK_Date]" IndexKind="Clustered" />
                                                                <Predicate>
                                                                  <ScalarOperator ScalarString="[Star_Schema_Benchmark].[dbo].[Date].[D_Year]=(1997) OR [Star_Schema_Benchmark].[dbo].[Date].[D_Year]=(1998)">
                                                                    <Logical Operation="OR">
                                                                      <ScalarOperator>
                                                                        <Compare CompareOp="EQ">
                                                                          <ScalarOperator>
                                                                            <Identifier>
                                                                              <ColumnReference Database="[Star_Schema_Benchmark]" Schema="[dbo]" Table="[Date]" Column="D_Year" />
                                                                            </Identifier>
                                                                          </ScalarOperator>
                                                                          <ScalarOperator>
                                                                            <Const ConstValue="(1997)" />
                                                                          </ScalarOperator>
                                                                        </Compare>
                                                                      </ScalarOperator>
                                                                      <ScalarOperator>
                                                                        <Compare CompareOp="EQ">
                                                                          <ScalarOperator>
                                                                            <Identifier>
                                                                              <ColumnReference Database="[Star_Schema_Benchmark]" Schema="[dbo]" Table="[Date]" Column="D_Year" />
                                                                            </Identifier>
                                                                          </ScalarOperator>
                                                                          <ScalarOperator>
                                                                            <Const ConstValue="(1998)" />
                                                                          </ScalarOperator>
                                                                        </Compare>
                                                                      </ScalarOperator>
                                                                    </Logical>
                                                                  </ScalarOperator>
                                                                </Predicate>
                                                              </IndexScan>
                                                            </RelOp>
                                                          </Parallelism>
                                                        </RelOp>
                                                      </Bitmap>
                                                    </RelOp>
                                                    <RelOp AvgRowSize="50" EstimateCPU="0.121322" EstimateIO="0" EstimateRebinds="0" EstimateRewinds="0" EstimateRows="2426440" LogicalOp="Compute Scalar" NodeId="17" Parallel="true" PhysicalOp="Compute Scalar" EstimatedTotalSubtreeCost="34.0102">
                                                      <OutputList>
                                                        <ColumnReference Database="[Star_Schema_Benchmark]" Schema="[dbo]" Table="[Supplier]" Column="S_City" />
                                                        <ColumnReference Database="[Star_Schema_Benchmark]" Schema="[dbo]" Table="[LineOrder]" Column="LO_CustKey" />
                                                        <ColumnReference Database="[Star_Schema_Benchmark]" Schema="[dbo]" Table="[LineOrder]" Column="LO_PartKey" />
                                                        <ColumnReference Database="[Star_Schema_Benchmark]" Schema="[dbo]" Table="[LineOrder]" Column="LO_OrderDateKey" />
                                                        <ColumnReference Column="Expr1016" />
                                                      </OutputList>
                                                      <ComputeScalar>
                                                        <DefinedValues>
                                                          <DefinedValue>
                                                            <ColumnReference Column="Expr1016" />
                                                            <ScalarOperator ScalarString="[Star_Schema_Benchmark].[dbo].[LineOrder].[LO_Revenue]-[Star_Schema_Benchmark].[dbo].[LineOrder].[LO_SupplyCost]">
                                                              <Arithmetic Operation="SUB">
                                                                <ScalarOperator>
                                                                  <Identifier>
                                                                    <ColumnReference Database="[Star_Schema_Benchmark]" Schema="[dbo]" Table="[LineOrder]" Column="LO_Revenue" />
                                                                  </Identifier>
                                                                </ScalarOperator>
                                                                <ScalarOperator>
                                                                  <Identifier>
                                                                    <ColumnReference Database="[Star_Schema_Benchmark]" Schema="[dbo]" Table="[LineOrder]" Column="LO_SupplyCost" />
                                                                  </Identifier>
                                                                </ScalarOperator>
                                                              </Arithmetic>
                                                            </ScalarOperator>
                                                          </DefinedValue>
                                                        </DefinedValues>
                                                        <RelOp AvgRowSize="59" EstimateCPU="10.124" EstimateIO="0" EstimateRebinds="0" EstimateRewinds="0" EstimateRows="2426440" LogicalOp="Repartition Streams" NodeId="18" Parallel="true" PhysicalOp="Parallelism" EstimatedTotalSubtreeCost="33.8889">
                                                          <OutputList>
                                                            <ColumnReference Database="[Star_Schema_Benchmark]" Schema="[dbo]" Table="[Supplier]" Column="S_City" />
                                                            <ColumnReference Database="[Star_Schema_Benchmark]" Schema="[dbo]" Table="[LineOrder]" Column="LO_CustKey" />
                                                            <ColumnReference Database="[Star_Schema_Benchmark]" Schema="[dbo]" Table="[LineOrder]" Column="LO_PartKey" />
                                                            <ColumnReference Database="[Star_Schema_Benchmark]" Schema="[dbo]" Table="[LineOrder]" Column="LO_OrderDateKey" />
                                                            <ColumnReference Database="[Star_Schema_Benchmark]" Schema="[dbo]" Table="[LineOrder]" Column="LO_Revenue" />
                                                            <ColumnReference Database="[Star_Schema_Benchmark]" Schema="[dbo]" Table="[LineOrder]" Column="LO_SupplyCost" />
                                                          </OutputList>
                                                          <RunTimeInformation>
                                                            <RunTimeCountersPerThread Thread="2" ActualRows="136594" ActualEndOfScans="1" ActualExecutions="1" />
                                                            <RunTimeCountersPerThread Thread="4" ActualRows="140244" ActualEndOfScans="1" ActualExecutions="1" />
                                                            <RunTimeCountersPerThread Thread="1" ActualRows="162043" ActualEndOfScans="1" ActualExecutions="1" />
                                                            <RunTimeCountersPerThread Thread="3" ActualRows="145735" ActualEndOfScans="1" ActualExecutions="1" />
                                                            <RunTimeCountersPerThread Thread="0" ActualRows="0" ActualEndOfScans="0" ActualExecutions="0" />
                                                          </RunTimeInformation>
                                                          <Parallelism PartitioningType="Hash">
                                                            <PartitionColumns>
                                                              <ColumnReference Database="[Star_Schema_Benchmark]" Schema="[dbo]" Table="[LineOrder]" Column="LO_OrderDateKey" />
                                                            </PartitionColumns>
                                                            <Predicate>
                                                              <ScalarOperator ScalarString="PROBE([Bitmap1022],[Star_Schema_Benchmark].[dbo].[LineOrder].[LO_OrderDateKey])">
                                                                <Intrinsic FunctionName="PROBE">
                                                                  <ScalarOperator>
                                                                    <Identifier>
                                                                      <ColumnReference Column="Bitmap1022" />
                                                                    </Identifier>
                                                                  </ScalarOperator>
                                                                  <ScalarOperator>
                                                                    <Identifier>
                                                                      <ColumnReference Database="[Star_Schema_Benchmark]" Schema="[dbo]" Table="[LineOrder]" Column="LO_OrderDateKey" />
                                                                    </Identifier>
                                                                  </ScalarOperator>
                                                                </Intrinsic>
                                                              </ScalarOperator>
                                                            </Predicate>
                                                            <RelOp AvgRowSize="59" EstimateCPU="5.07126" EstimateIO="0" EstimateRebinds="0" EstimateRewinds="0" EstimateRows="2426440" LogicalOp="Inner Join" NodeId="19" Parallel="true" PhysicalOp="Nested Loops" EstimatedTotalSubtreeCost="23.7648">
                                                              <OutputList>
                                                                <ColumnReference Database="[Star_Schema_Benchmark]" Schema="[dbo]" Table="[Supplier]" Column="S_City" />
                                                                <ColumnReference Database="[Star_Schema_Benchmark]" Schema="[dbo]" Table="[LineOrder]" Column="LO_CustKey" />
                                                                <ColumnReference Database="[Star_Schema_Benchmark]" Schema="[dbo]" Table="[LineOrder]" Column="LO_PartKey" />
                                                                <ColumnReference Database="[Star_Schema_Benchmark]" Schema="[dbo]" Table="[LineOrder]" Column="LO_OrderDateKey" />
                                                                <ColumnReference Database="[Star_Schema_Benchmark]" Schema="[dbo]" Table="[LineOrder]" Column="LO_Revenue" />
                                                                <ColumnReference Database="[Star_Schema_Benchmark]" Schema="[dbo]" Table="[LineOrder]" Column="LO_SupplyCost" />
                                                              </OutputList>
                                                              <RunTimeInformation>
                                                                <RunTimeCountersPerThread Thread="2" ActualRows="606229" ActualEndOfScans="1" ActualExecutions="1" />
                                                                <RunTimeCountersPerThread Thread="4" ActualRows="605450" ActualEndOfScans="1" ActualExecutions="1" />
                                                                <RunTimeCountersPerThread Thread="1" ActualRows="607599" ActualEndOfScans="1" ActualExecutions="1" />
                                                                <RunTimeCountersPerThread Thread="3" ActualRows="607935" ActualEndOfScans="1" ActualExecutions="1" />
                                                                <RunTimeCountersPerThread Thread="0" ActualRows="0" ActualEndOfScans="0" ActualExecutions="0" />
                                                              </RunTimeInformation>
                                                              <NestedLoops Optimized="false" WithUnorderedPrefetch="true">
                                                                <OuterReferences>
                                                                  <ColumnReference Database="[Star_Schema_Benchmark]" Schema="[dbo]" Table="[Supplier]" Column="S_SuppKey" />
                                                                  <ColumnReference Column="Expr1021" />
                                                                </OuterReferences>
                                                                <RelOp AvgRowSize="21" EstimateCPU="0.0337773" EstimateIO="0" EstimateRebinds="0" EstimateRewinds="0" EstimateRows="809" LogicalOp="Repartition Streams" NodeId="21" Parallel="true" PhysicalOp="Parallelism" EstimatedTotalSubtreeCost="0.252781">
                                                                  <OutputList>
                                                                    <ColumnReference Database="[Star_Schema_Benchmark]" Schema="[dbo]" Table="[Supplier]" Column="S_SuppKey" />
                                                                    <ColumnReference Database="[Star_Schema_Benchmark]" Schema="[dbo]" Table="[Supplier]" Column="S_City" />
                                                                  </OutputList>
                                                                  <RunTimeInformation>
                                                                    <RunTimeCountersPerThread Thread="4" ActualRows="202" ActualEndOfScans="1" ActualExecutions="1" />
                                                                    <RunTimeCountersPerThread Thread="1" ActualRows="202" ActualEndOfScans="1" ActualExecutions="1" />
                                                                    <RunTimeCountersPerThread Thread="3" ActualRows="203" ActualEndOfScans="1" ActualExecutions="1" />
                                                                    <RunTimeCountersPerThread Thread="2" ActualRows="202" ActualEndOfScans="1" ActualExecutions="1" />
                                                                    <RunTimeCountersPerThread Thread="0" ActualRows="0" ActualEndOfScans="0" ActualExecutions="0" />
                                                                  </RunTimeInformation>
                                                                  <Parallelism PartitioningType="RoundRobin">
                                                                    <RelOp AvgRowSize="36" EstimateCPU="0.0110785" EstimateIO="0.203125" EstimateRebinds="0" EstimateRewinds="0" EstimateRows="809" LogicalOp="Clustered Index Scan" NodeId="22" Parallel="true" PhysicalOp="Clustered Index Scan" EstimatedTotalSubtreeCost="0.214203" TableCardinality="20000">
                                                                      <OutputList>
                                                                        <ColumnReference Database="[Star_Schema_Benchmark]" Schema="[dbo]" Table="[Supplier]" Column="S_SuppKey" />
                                                                        <ColumnReference Database="[Star_Schema_Benchmark]" Schema="[dbo]" Table="[Supplier]" Column="S_City" />
                                                                      </OutputList>
                                                                      <RunTimeInformation>
                                                                        <RunTimeCountersPerThread Thread="2" ActualRows="192" ActualEndOfScans="1" ActualExecutions="1" />
                                                                        <RunTimeCountersPerThread Thread="4" ActualRows="192" ActualEndOfScans="1" ActualExecutions="1" />
                                                                        <RunTimeCountersPerThread Thread="1" ActualRows="276" ActualEndOfScans="1" ActualExecutions="1" />
                                                                        <RunTimeCountersPerThread Thread="3" ActualRows="149" ActualEndOfScans="1" ActualExecutions="1" />
                                                                        <RunTimeCountersPerThread Thread="0" ActualRows="0" ActualEndOfScans="0" ActualExecutions="0" />
                                                                      </RunTimeInformation>
                                                                      <IndexScan Ordered="false" ForcedIndex="false" NoExpandHint="false">
                                                                        <DefinedValues>
                                                                          <DefinedValue>
                                                                            <ColumnReference Database="[Star_Schema_Benchmark]" Schema="[dbo]" Table="[Supplier]" Column="S_SuppKey" />
                                                                          </DefinedValue>
                                                                          <DefinedValue>
                                                                            <ColumnReference Database="[Star_Schema_Benchmark]" Schema="[dbo]" Table="[Supplier]" Column="S_City" />
                                                                          </DefinedValue>
                                                                        </DefinedValues>
                                                                        <Object Database="[Star_Schema_Benchmark]" Schema="[dbo]" Table="[Supplier]" Index="[PK_Supplier]" IndexKind="Clustered" />
                                                                        <Predicate>
                                                                          <ScalarOperator ScalarString="[Star_Schema_Benchmark].[dbo].[Supplier].[S_Nation]='UNITED STATES'">
                                                                            <Compare CompareOp="EQ">
                                                                              <ScalarOperator>
                                                                                <Identifier>
                                                                                  <ColumnReference Database="[Star_Schema_Benchmark]" Schema="[dbo]" Table="[Supplier]" Column="S_Nation" />
                                                                                </Identifier>
                                                                              </ScalarOperator>
                                                                              <ScalarOperator>
                                                                                <Const ConstValue="'UNITED STATES'" />
                                                                              </ScalarOperator>
                                                                            </Compare>
                                                                          </ScalarOperator>
                                                                        </Predicate>
                                                                      </IndexScan>
                                                                    </RelOp>
                                                                  </Parallelism>
                                                                </RelOp>
                                                                <RelOp AvgRowSize="49" EstimateCPU="0.00345624" EstimateIO="0.0194213" EstimateRebinds="808" EstimateRewinds="0" EstimateRows="2999.31" LogicalOp="Index Seek" NodeId="23" Parallel="true" PhysicalOp="Index Seek" EstimatedTotalSubtreeCost="18.4746" TableCardinality="59986200">
                                                                  <OutputList>
                                                                    <ColumnReference Database="[Star_Schema_Benchmark]" Schema="[dbo]" Table="[LineOrder]" Column="LO_CustKey" />
                                                                    <ColumnReference Database="[Star_Schema_Benchmark]" Schema="[dbo]" Table="[LineOrder]" Column="LO_PartKey" />
                                                                    <ColumnReference Database="[Star_Schema_Benchmark]" Schema="[dbo]" Table="[LineOrder]" Column="LO_OrderDateKey" />
                                                                    <ColumnReference Database="[Star_Schema_Benchmark]" Schema="[dbo]" Table="[LineOrder]" Column="LO_Revenue" />
                                                                    <ColumnReference Database="[Star_Schema_Benchmark]" Schema="[dbo]" Table="[LineOrder]" Column="LO_SupplyCost" />
                                                                  </OutputList>
                                                                  <RunTimeInformation>
                                                                    <RunTimeCountersPerThread Thread="2" ActualRows="606229" ActualEndOfScans="202" ActualExecutions="202" />
                                                                    <RunTimeCountersPerThread Thread="4" ActualRows="605450" ActualEndOfScans="202" ActualExecutions="202" />
                                                                    <RunTimeCountersPerThread Thread="1" ActualRows="607599" ActualEndOfScans="202" ActualExecutions="202" />
                                                                    <RunTimeCountersPerThread Thread="3" ActualRows="607935" ActualEndOfScans="203" ActualExecutions="203" />
                                                                    <RunTimeCountersPerThread Thread="0" ActualRows="0" ActualEndOfScans="0" ActualExecutions="0" />
                                                                  </RunTimeInformation>
                                                                  <IndexScan Ordered="true" ScanDirection="FORWARD" ForcedIndex="false" ForceSeek="false" NoExpandHint="false">
                                                                    <DefinedValues>
                                                                      <DefinedValue>
                                                                        <ColumnReference Database="[Star_Schema_Benchmark]" Schema="[dbo]" Table="[LineOrder]" Column="LO_CustKey" />
                                                                      </DefinedValue>
                                                                      <DefinedValue>
                                                                        <ColumnReference Database="[Star_Schema_Benchmark]" Schema="[dbo]" Table="[LineOrder]" Column="LO_PartKey" />
                                                                      </DefinedValue>
                                                                      <DefinedValue>
                                                                        <ColumnReference Database="[Star_Schema_Benchmark]" Schema="[dbo]" Table="[LineOrder]" Column="LO_OrderDateKey" />
                                                                      </DefinedValue>
                                                                      <DefinedValue>
                                                                        <ColumnReference Database="[Star_Schema_Benchmark]" Schema="[dbo]" Table="[LineOrder]" Column="LO_Revenue" />
                                                                      </DefinedValue>
                                                                      <DefinedValue>
                                                                        <ColumnReference Database="[Star_Schema_Benchmark]" Schema="[dbo]" Table="[LineOrder]" Column="LO_SupplyCost" />
                                                                      </DefinedValue>
                                                                    </DefinedValues>
                                                                    <Object Database="[Star_Schema_Benchmark]" Schema="[dbo]" Table="[LineOrder]" Index="[_dta_index_LineOrder_5_21575115__K5_K4_K3_K6_13_14]" IndexKind="NonClustered" />
                                                                    <SeekPredicates>
                                                                      <SeekPredicateNew>
                                                                        <SeekKeys>
                                                                          <Prefix ScanType="EQ">
                                                                            <RangeColumns>
                                                                              <ColumnReference Database="[Star_Schema_Benchmark]" Schema="[dbo]" Table="[LineOrder]" Column="LO_SuppKey" />
                                                                            </RangeColumns>
                                                                            <RangeExpressions>
                                                                              <ScalarOperator ScalarString="[Star_Schema_Benchmark].[dbo].[Supplier].[S_SuppKey]">
                                                                                <Identifier>
                                                                                  <ColumnReference Database="[Star_Schema_Benchmark]" Schema="[dbo]" Table="[Supplier]" Column="S_SuppKey" />
                                                                                </Identifier>
                                                                              </ScalarOperator>
                                                                            </RangeExpressions>
                                                                          </Prefix>
                                                                        </SeekKeys>
                                                                      </SeekPredicateNew>
                                                                    </SeekPredicates>
                                                                  </IndexScan>
                                                                </RelOp>
                                                              </NestedLoops>
                                                            </RelOp>
                                                          </Parallelism>
                                                        </RelOp>
                                                      </ComputeScalar>
                                                    </RelOp>
                                                  </Hash>
                                                </RelOp>
                                              </Parallelism>
                                            </RelOp>
                                          </Hash>
                                        </RelOp>
                                      </Parallelism>
                                    </RelOp>
                                  </Hash>
                                </RelOp>
                              </Parallelism>
                            </RelOp>
                          </Sort>
                        </RelOp>
                      </StreamAggregate>
                    </RelOp>
                  </ComputeScalar>
                </RelOp>
              </Parallelism>
            </RelOp>
          </QueryPlan>
        </StmtSimple>
      </Statements>
    </Batch>
  </BatchSequence>
</ShowPlanXML>