<?xml version="1.0" encoding="utf-16"?>
<ShowPlanXML xmlns:xsi="http://www.w3.org/2001/XMLSchema-instance" xmlns:xsd="http://www.w3.org/2001/XMLSchema" Version="1.1" Build="10.50.1600.1" xmlns="http://schemas.microsoft.com/sqlserver/2004/07/showplan">
  <BatchSequence>
    <Batch>
      <Statements>
        <StmtSimple StatementCompId="1" StatementEstRows="1" StatementId="1" StatementOptmLevel="FULL" StatementSubTreeCost="842.402" StatementText="select sum(lo_extendedprice*lo_discount) as revenue&#xD;&#xA;from lineorder, [date]&#xD;&#xA;where lo_orderdatekey =  D_DateKey&#xD;&#xA;and d_year = 1993&#xD;&#xA;and lo_discount between 1 and 3&#xD;&#xA;and lo_quantity &lt; 25;&#xD;&#xA;&#xD;&#xA;   &#xD;&#xA;--Q1.2&#xD;&#xA;&#xD;" StatementType="SELECT" QueryHash="0x4F584E3E042C5109" QueryPlanHash="0xC6DB4A3C0428FD3F">
          <StatementSetOptions ANSI_NULLS="true" ANSI_PADDING="true" ANSI_WARNINGS="true" ARITHABORT="true" CONCAT_NULL_YIELDS_NULL="true" NUMERIC_ROUNDABORT="false" QUOTED_IDENTIFIER="true" />
          <QueryPlan DegreeOfParallelism="4" MemoryGrant="8192" CachedPlanSize="64" CompileTime="80" CompileCPU="80" CompileMemory="1056">
            <MissingIndexes>
              <MissingIndexGroup Impact="84.7928">
                <MissingIndex Database="[Star_Schema_Benchmark]" Schema="[dbo]" Table="[LineOrder]">
                  <ColumnGroup Usage="INEQUALITY">
                    <Column Name="[LO_Quantity]" ColumnId="9" />
                    <Column Name="[LO_Discount]" ColumnId="12" />
                  </ColumnGroup>
                  <ColumnGroup Usage="INCLUDE">
                    <Column Name="[LO_OrderDateKey]" ColumnId="6" />
                    <Column Name="[LO_ExtendedPrice]" ColumnId="10" />
                  </ColumnGroup>
                </MissingIndex>
              </MissingIndexGroup>
            </MissingIndexes>
            <RelOp AvgRowSize="24" EstimateCPU="1E-07" EstimateIO="0" EstimateRebinds="0" EstimateRewinds="0" EstimateRows="1" LogicalOp="Compute Scalar" NodeId="1" Parallel="false" PhysicalOp="Compute Scalar" EstimatedTotalSubtreeCost="842.402">
              <OutputList>
                <ColumnReference Column="Expr1006" />
              </OutputList>
              <ComputeScalar>
                <DefinedValues>
                  <DefinedValue>
                    <ColumnReference Column="Expr1006" />
                    <ScalarOperator ScalarString="CASE WHEN [globalagg1009]=(0) THEN NULL ELSE [globalagg1011] END">
                      <IF>
                        <Condition>
                          <ScalarOperator>
                            <Compare CompareOp="EQ">
                              <ScalarOperator>
                                <Identifier>
                                  <ColumnReference Column="globalagg1009" />
                                </Identifier>
                              </ScalarOperator>
                              <ScalarOperator>
                                <Const ConstValue="(0)" />
                              </ScalarOperator>
                            </Compare>
                          </ScalarOperator>
                        </Condition>
                        <Then>
                          <ScalarOperator>
                            <Const ConstValue="NULL" />
                          </ScalarOperator>
                        </Then>
                        <Else>
                          <ScalarOperator>
                            <Identifier>
                              <ColumnReference Column="globalagg1011" />
                            </Identifier>
                          </ScalarOperator>
                        </Else>
                      </IF>
                    </ScalarOperator>
                  </DefinedValue>
                </DefinedValues>
                <RelOp AvgRowSize="32" EstimateCPU="0.0002195" EstimateIO="0" EstimateRebinds="0" EstimateRewinds="0" EstimateRows="1" LogicalOp="Aggregate" NodeId="2" Parallel="false" PhysicalOp="Stream Aggregate" EstimatedTotalSubtreeCost="842.402">
                  <OutputList>
                    <ColumnReference Column="globalagg1009" />
                    <ColumnReference Column="globalagg1011" />
                  </OutputList>
                  <RunTimeInformation>
                    <RunTimeCountersPerThread Thread="0" ActualRows="1" ActualEndOfScans="1" ActualExecutions="1" />
                  </RunTimeInformation>
                  <StreamAggregate>
                    <DefinedValues>
                      <DefinedValue>
                        <ColumnReference Column="globalagg1009" />
                        <ScalarOperator ScalarString="SUM([partialagg1008])">
                          <Aggregate AggType="SUM" Distinct="false">
                            <ScalarOperator>
                              <Identifier>
                                <ColumnReference Column="partialagg1008" />
                              </Identifier>
                            </ScalarOperator>
                          </Aggregate>
                        </ScalarOperator>
                      </DefinedValue>
                      <DefinedValue>
                        <ColumnReference Column="globalagg1011" />
                        <ScalarOperator ScalarString="SUM([partialagg1010])">
                          <Aggregate AggType="SUM" Distinct="false">
                            <ScalarOperator>
                              <Identifier>
                                <ColumnReference Column="partialagg1010" />
                              </Identifier>
                            </ScalarOperator>
                          </Aggregate>
                        </ScalarOperator>
                      </DefinedValue>
                    </DefinedValues>
                    <RelOp AvgRowSize="32" EstimateCPU="0.0291945" EstimateIO="0" EstimateRebinds="0" EstimateRewinds="0" EstimateRows="365" LogicalOp="Gather Streams" NodeId="3" Parallel="true" PhysicalOp="Parallelism" EstimatedTotalSubtreeCost="842.402">
                      <OutputList>
                        <ColumnReference Column="partialagg1008" />
                        <ColumnReference Column="partialagg1010" />
                      </OutputList>
                      <RunTimeInformation>
                        <RunTimeCountersPerThread Thread="0" ActualRows="365" ActualEndOfScans="1" ActualExecutions="1" />
                      </RunTimeInformation>
                      <Parallelism>
                        <RelOp AvgRowSize="32" EstimateCPU="0.0369308" EstimateIO="0" EstimateRebinds="0" EstimateRewinds="0" EstimateRows="365" LogicalOp="Inner Join" NodeId="4" Parallel="true" PhysicalOp="Hash Match" EstimatedTotalSubtreeCost="842.373">
                          <OutputList>
                            <ColumnReference Column="partialagg1008" />
                            <ColumnReference Column="partialagg1010" />
                          </OutputList>
                          <MemoryFractions Input="0" Output="0" />
                          <RunTimeInformation>
                            <RunTimeCountersPerThread Thread="2" ActualRows="92" ActualEndOfScans="1" ActualExecutions="1" />
                            <RunTimeCountersPerThread Thread="1" ActualRows="81" ActualEndOfScans="1" ActualExecutions="1" />
                            <RunTimeCountersPerThread Thread="3" ActualRows="100" ActualEndOfScans="1" ActualExecutions="1" />
                            <RunTimeCountersPerThread Thread="4" ActualRows="92" ActualEndOfScans="1" ActualExecutions="1" />
                            <RunTimeCountersPerThread Thread="0" ActualRows="0" ActualEndOfScans="0" ActualExecutions="0" />
                          </RunTimeInformation>
                          <Hash>
                            <DefinedValues />
                            <HashKeysBuild>
                              <ColumnReference Database="[Star_Schema_Benchmark]" Schema="[dbo]" Table="[Date]" Column="D_DateKey" />
                            </HashKeysBuild>
                            <HashKeysProbe>
                              <ColumnReference Database="[Star_Schema_Benchmark]" Schema="[dbo]" Table="[LineOrder]" Column="LO_OrderDateKey" />
                            </HashKeysProbe>
                            <ProbeResidual>
                              <ScalarOperator ScalarString="[Star_Schema_Benchmark].[dbo].[LineOrder].[LO_OrderDateKey]=[Star_Schema_Benchmark].[dbo].[Date].[D_DateKey]">
                                <Compare CompareOp="EQ">
                                  <ScalarOperator>
                                    <Identifier>
                                      <ColumnReference Database="[Star_Schema_Benchmark]" Schema="[dbo]" Table="[LineOrder]" Column="LO_OrderDateKey" />
                                    </Identifier>
                                  </ScalarOperator>
                                  <ScalarOperator>
                                    <Identifier>
                                      <ColumnReference Database="[Star_Schema_Benchmark]" Schema="[dbo]" Table="[Date]" Column="D_DateKey" />
                                    </Identifier>
                                  </ScalarOperator>
                                </Compare>
                              </ScalarOperator>
                            </ProbeResidual>
                            <RelOp AvgRowSize="15" EstimateCPU="0.0290238" EstimateIO="0" EstimateRebinds="0" EstimateRewinds="0" EstimateRows="365" LogicalOp="Repartition Streams" NodeId="6" Parallel="true" PhysicalOp="Parallelism" EstimatedTotalSubtreeCost="0.0542466">
                              <OutputList>
                                <ColumnReference Database="[Star_Schema_Benchmark]" Schema="[dbo]" Table="[Date]" Column="D_DateKey" />
                              </OutputList>
                              <RunTimeInformation>
                                <RunTimeCountersPerThread Thread="4" ActualRows="92" ActualEndOfScans="1" ActualExecutions="1" />
                                <RunTimeCountersPerThread Thread="2" ActualRows="92" ActualEndOfScans="1" ActualExecutions="1" />
                                <RunTimeCountersPerThread Thread="1" ActualRows="81" ActualEndOfScans="1" ActualExecutions="1" />
                                <RunTimeCountersPerThread Thread="3" ActualRows="100" ActualEndOfScans="1" ActualExecutions="1" />
                                <RunTimeCountersPerThread Thread="0" ActualRows="0" ActualEndOfScans="0" ActualExecutions="0" />
                              </RunTimeInformation>
                              <Parallelism PartitioningType="Hash">
                                <PartitionColumns>
                                  <ColumnReference Database="[Star_Schema_Benchmark]" Schema="[dbo]" Table="[Date]" Column="D_DateKey" />
                                </PartitionColumns>
                                <RelOp AvgRowSize="17" EstimateCPU="0.0014843" EstimateIO="0.023125" EstimateRebinds="0" EstimateRewinds="0" EstimateRows="365" LogicalOp="Clustered Index Scan" NodeId="7" Parallel="true" PhysicalOp="Clustered Index Scan" EstimatedTotalSubtreeCost="0.0246093" TableCardinality="2556">
                                  <OutputList>
                                    <ColumnReference Database="[Star_Schema_Benchmark]" Schema="[dbo]" Table="[Date]" Column="D_DateKey" />
                                  </OutputList>
                                  <RunTimeInformation>
                                    <RunTimeCountersPerThread Thread="4" ActualRows="93" ActualEndOfScans="1" ActualExecutions="1" />
                                    <RunTimeCountersPerThread Thread="3" ActualRows="93" ActualEndOfScans="1" ActualExecutions="1" />
                                    <RunTimeCountersPerThread Thread="1" ActualRows="86" ActualEndOfScans="1" ActualExecutions="1" />
                                    <RunTimeCountersPerThread Thread="2" ActualRows="93" ActualEndOfScans="1" ActualExecutions="1" />
                                    <RunTimeCountersPerThread Thread="0" ActualRows="0" ActualEndOfScans="0" ActualExecutions="0" />
                                  </RunTimeInformation>
                                  <IndexScan Ordered="false" ForcedIndex="false" NoExpandHint="false">
                                    <DefinedValues>
                                      <DefinedValue>
                                        <ColumnReference Database="[Star_Schema_Benchmark]" Schema="[dbo]" Table="[Date]" Column="D_DateKey" />
                                      </DefinedValue>
                                    </DefinedValues>
                                    <Object Database="[Star_Schema_Benchmark]" Schema="[dbo]" Table="[Date]" Index="[PK_Date]" IndexKind="Clustered" />
                                    <Predicate>
                                      <ScalarOperator ScalarString="[Star_Schema_Benchmark].[dbo].[Date].[D_Year]=(1993)">
                                        <Compare CompareOp="EQ">
                                          <ScalarOperator>
                                            <Identifier>
                                              <ColumnReference Database="[Star_Schema_Benchmark]" Schema="[dbo]" Table="[Date]" Column="D_Year" />
                                            </Identifier>
                                          </ScalarOperator>
                                          <ScalarOperator>
                                            <Const ConstValue="(1993)" />
                                          </ScalarOperator>
                                        </Compare>
                                      </ScalarOperator>
                                    </Predicate>
                                  </IndexScan>
                                </RelOp>
                              </Parallelism>
                            </RelOp>
                            <RelOp AvgRowSize="40" EstimateCPU="32.5939" EstimateIO="0" EstimateRebinds="0" EstimateRewinds="0" EstimateRows="4819.46" LogicalOp="Aggregate" NodeId="8" Parallel="true" PhysicalOp="Hash Match" EstimatedTotalSubtreeCost="842.282">
                              <OutputList>
                                <ColumnReference Database="[Star_Schema_Benchmark]" Schema="[dbo]" Table="[LineOrder]" Column="LO_OrderDateKey" />
                                <ColumnReference Column="partialagg1008" />
                                <ColumnReference Column="partialagg1010" />
                              </OutputList>
                              <MemoryFractions Input="0" Output="0" />
                              <RunTimeInformation>
                                <RunTimeCountersPerThread Thread="2" ActualRows="598" ActualEndOfScans="1" ActualExecutions="1" />
                                <RunTimeCountersPerThread Thread="3" ActualRows="590" ActualEndOfScans="1" ActualExecutions="1" />
                                <RunTimeCountersPerThread Thread="1" ActualRows="611" ActualEndOfScans="1" ActualExecutions="1" />
                                <RunTimeCountersPerThread Thread="4" ActualRows="607" ActualEndOfScans="1" ActualExecutions="1" />
                                <RunTimeCountersPerThread Thread="0" ActualRows="0" ActualEndOfScans="0" ActualExecutions="0" />
                              </RunTimeInformation>
                              <Hash>
                                <DefinedValues>
                                  <DefinedValue>
                                    <ColumnReference Column="partialagg1008" />
                                    <ScalarOperator ScalarString="COUNT_BIG([Expr1007])">
                                      <Aggregate AggType="COUNT_BIG" Distinct="false">
                                        <ScalarOperator>
                                          <Identifier>
                                            <ColumnReference Column="Expr1007" />
                                          </Identifier>
                                        </ScalarOperator>
                                      </Aggregate>
                                    </ScalarOperator>
                                  </DefinedValue>
                                  <DefinedValue>
                                    <ColumnReference Column="partialagg1010" />
                                    <ScalarOperator ScalarString="SUM([Expr1007])">
                                      <Aggregate AggType="SUM" Distinct="false">
                                        <ScalarOperator>
                                          <Identifier>
                                            <ColumnReference Column="Expr1007" />
                                          </Identifier>
                                        </ScalarOperator>
                                      </Aggregate>
                                    </ScalarOperator>
                                  </DefinedValue>
                                </DefinedValues>
                                <HashKeysBuild>
                                  <ColumnReference Database="[Star_Schema_Benchmark]" Schema="[dbo]" Table="[LineOrder]" Column="LO_OrderDateKey" />
                                </HashKeysBuild>
                                <BuildResidual>
                                  <ScalarOperator ScalarString="[Star_Schema_Benchmark].[dbo].[LineOrder].[LO_OrderDateKey] = [Star_Schema_Benchmark].[dbo].[LineOrder].[LO_OrderDateKey]">
                                    <Compare CompareOp="IS">
                                      <ScalarOperator>
                                        <Identifier>
                                          <ColumnReference Database="[Star_Schema_Benchmark]" Schema="[dbo]" Table="[LineOrder]" Column="LO_OrderDateKey" />
                                        </Identifier>
                                      </ScalarOperator>
                                      <ScalarOperator>
                                        <Identifier>
                                          <ColumnReference Database="[Star_Schema_Benchmark]" Schema="[dbo]" Table="[LineOrder]" Column="LO_OrderDateKey" />
                                        </Identifier>
                                      </ScalarOperator>
                                    </Compare>
                                  </ScalarOperator>
                                </BuildResidual>
                                <RelOp AvgRowSize="32" EstimateCPU="21.6201" EstimateIO="0" EstimateRebinds="0" EstimateRewinds="0" EstimateRows="9540620" LogicalOp="Repartition Streams" NodeId="9" Parallel="true" PhysicalOp="Parallelism" EstimatedTotalSubtreeCost="809.688">
                                  <OutputList>
                                    <ColumnReference Database="[Star_Schema_Benchmark]" Schema="[dbo]" Table="[LineOrder]" Column="LO_OrderDateKey" />
                                    <ColumnReference Column="Expr1007" />
                                  </OutputList>
                                  <RunTimeInformation>
                                    <RunTimeCountersPerThread Thread="2" ActualRows="2373276" ActualEndOfScans="1" ActualExecutions="1" />
                                    <RunTimeCountersPerThread Thread="4" ActualRows="2412095" ActualEndOfScans="1" ActualExecutions="1" />
                                    <RunTimeCountersPerThread Thread="1" ActualRows="2426682" ActualEndOfScans="1" ActualExecutions="1" />
                                    <RunTimeCountersPerThread Thread="3" ActualRows="2343770" ActualEndOfScans="1" ActualExecutions="1" />
                                    <RunTimeCountersPerThread Thread="0" ActualRows="0" ActualEndOfScans="0" ActualExecutions="0" />
                                  </RunTimeInformation>
                                  <Parallelism PartitioningType="Hash">
                                    <PartitionColumns>
                                      <ColumnReference Database="[Star_Schema_Benchmark]" Schema="[dbo]" Table="[LineOrder]" Column="LO_OrderDateKey" />
                                    </PartitionColumns>
                                    <RelOp AvgRowSize="42" EstimateCPU="2.99931" EstimateIO="0" EstimateRebinds="0" EstimateRewinds="0" EstimateRows="9540620" LogicalOp="Compute Scalar" NodeId="10" Parallel="true" PhysicalOp="Compute Scalar" EstimatedTotalSubtreeCost="752.676">
                                      <OutputList>
                                        <ColumnReference Database="[Star_Schema_Benchmark]" Schema="[dbo]" Table="[LineOrder]" Column="LO_OrderDateKey" />
                                        <ColumnReference Column="Expr1007" />
                                      </OutputList>
                                      <ComputeScalar>
                                        <DefinedValues>
                                          <DefinedValue>
                                            <ColumnReference Column="Expr1007" />
                                            <ScalarOperator ScalarString="[Star_Schema_Benchmark].[dbo].[LineOrder].[LO_ExtendedPrice]*[Star_Schema_Benchmark].[dbo].[LineOrder].[LO_Discount]">
                                              <Arithmetic Operation="MULT">
                                                <ScalarOperator>
                                                  <Identifier>
                                                    <ColumnReference Database="[Star_Schema_Benchmark]" Schema="[dbo]" Table="[LineOrder]" Column="LO_ExtendedPrice" />
                                                  </Identifier>
                                                </ScalarOperator>
                                                <ScalarOperator>
                                                  <Identifier>
                                                    <ColumnReference Database="[Star_Schema_Benchmark]" Schema="[dbo]" Table="[LineOrder]" Column="LO_Discount" />
                                                  </Identifier>
                                                </ScalarOperator>
                                              </Arithmetic>
                                            </ScalarOperator>
                                          </DefinedValue>
                                        </DefinedValues>
                                        <RelOp AvgRowSize="34" EstimateCPU="32.9925" EstimateIO="716.684" EstimateRebinds="0" EstimateRewinds="0" EstimateRows="9540620" LogicalOp="Clustered Index Scan" NodeId="11" Parallel="true" PhysicalOp="Clustered Index Scan" EstimatedTotalSubtreeCost="749.676" TableCardinality="59986200">
                                          <OutputList>
                                            <ColumnReference Database="[Star_Schema_Benchmark]" Schema="[dbo]" Table="[LineOrder]" Column="LO_OrderDateKey" />
                                            <ColumnReference Database="[Star_Schema_Benchmark]" Schema="[dbo]" Table="[LineOrder]" Column="LO_ExtendedPrice" />
                                            <ColumnReference Database="[Star_Schema_Benchmark]" Schema="[dbo]" Table="[LineOrder]" Column="LO_Discount" />
                                          </OutputList>
                                          <RunTimeInformation>
                                            <RunTimeCountersPerThread Thread="4" ActualRows="2391169" ActualEndOfScans="1" ActualExecutions="1" />
                                            <RunTimeCountersPerThread Thread="1" ActualRows="2388619" ActualEndOfScans="1" ActualExecutions="1" />
                                            <RunTimeCountersPerThread Thread="3" ActualRows="2340243" ActualEndOfScans="1" ActualExecutions="1" />
                                            <RunTimeCountersPerThread Thread="2" ActualRows="2435792" ActualEndOfScans="1" ActualExecutions="1" />
                                            <RunTimeCountersPerThread Thread="0" ActualRows="0" ActualEndOfScans="0" ActualExecutions="0" />
                                          </RunTimeInformation>
                                          <IndexScan Ordered="false" ForcedIndex="false" NoExpandHint="false">
                                            <DefinedValues>
                                              <DefinedValue>
                                                <ColumnReference Database="[Star_Schema_Benchmark]" Schema="[dbo]" Table="[LineOrder]" Column="LO_OrderDateKey" />
                                              </DefinedValue>
                                              <DefinedValue>
                                                <ColumnReference Database="[Star_Schema_Benchmark]" Schema="[dbo]" Table="[LineOrder]" Column="LO_ExtendedPrice" />
                                              </DefinedValue>
                                              <DefinedValue>
                                                <ColumnReference Database="[Star_Schema_Benchmark]" Schema="[dbo]" Table="[LineOrder]" Column="LO_Discount" />
                                              </DefinedValue>
                                            </DefinedValues>
                                            <Object Database="[Star_Schema_Benchmark]" Schema="[dbo]" Table="[LineOrder]" Index="[PK_LineOrder]" IndexKind="Clustered" />
                                            <Predicate>
                                              <ScalarOperator ScalarString="[Star_Schema_Benchmark].[dbo].[LineOrder].[LO_Discount]&gt;=(1.) AND [Star_Schema_Benchmark].[dbo].[LineOrder].[LO_Discount]&lt;=(3.) AND [Star_Schema_Benchmark].[dbo].[LineOrder].[LO_Quantity]&lt;(25)">
                                                <Logical Operation="AND">
                                                  <ScalarOperator>
                                                    <Compare CompareOp="GE">
                                                      <ScalarOperator>
                                                        <Identifier>
                                                          <ColumnReference Database="[Star_Schema_Benchmark]" Schema="[dbo]" Table="[LineOrder]" Column="LO_Discount" />
                                                        </Identifier>
                                                      </ScalarOperator>
                                                      <ScalarOperator>
                                                        <Const ConstValue="(1.)" />
                                                      </ScalarOperator>
                                                    </Compare>
                                                  </ScalarOperator>
                                                  <ScalarOperator>
                                                    <Compare CompareOp="LE">
                                                      <ScalarOperator>
                                                        <Identifier>
                                                          <ColumnReference Database="[Star_Schema_Benchmark]" Schema="[dbo]" Table="[LineOrder]" Column="LO_Discount" />
                                                        </Identifier>
                                                      </ScalarOperator>
                                                      <ScalarOperator>
                                                        <Const ConstValue="(3.)" />
                                                      </ScalarOperator>
                                                    </Compare>
                                                  </ScalarOperator>
                                                  <ScalarOperator>
                                                    <Compare CompareOp="LT">
                                                      <ScalarOperator>
                                                        <Identifier>
                                                          <ColumnReference Database="[Star_Schema_Benchmark]" Schema="[dbo]" Table="[LineOrder]" Column="LO_Quantity" />
                                                        </Identifier>
                                                      </ScalarOperator>
                                                      <ScalarOperator>
                                                        <Const ConstValue="(25)" />
                                                      </ScalarOperator>
                                                    </Compare>
                                                  </ScalarOperator>
                                                </Logical>
                                              </ScalarOperator>
                                            </Predicate>
                                          </IndexScan>
                                        </RelOp>
                                      </ComputeScalar>
                                    </RelOp>
                                  </Parallelism>
                                </RelOp>
                              </Hash>
                            </RelOp>
                          </Hash>
                        </RelOp>
                      </Parallelism>
                    </RelOp>
                  </StreamAggregate>
                </RelOp>
              </ComputeScalar>
            </RelOp>
          </QueryPlan>
        </StmtSimple>
      </Statements>
    </Batch>
    <Batch>
      <Statements>
        <StmtSimple StatementCompId="2" StatementEstRows="1" StatementId="2" StatementOptmLevel="FULL" StatementSubTreeCost="802.945" StatementText="select sum(lo_extendedprice*lo_discount) as&#xD;&#xA;revenue&#xD;&#xA;from lineorder, [date]&#xD;&#xA;where lo_orderdatekey =  d_datekey&#xD;&#xA;and d_yearmonthnum = 199401&#xD;&#xA;and lo_discount between 4 and 6&#xD;&#xA;and lo_quantity between 26 and 35;&#xD;&#xA;&#xD;&#xA;--Q1.3&#xD;" StatementType="SELECT" QueryHash="0x5645487F872EBAAE" QueryPlanHash="0x93E8D25F2157854A">
          <StatementSetOptions ANSI_NULLS="true" ANSI_PADDING="true" ANSI_WARNINGS="true" ARITHABORT="true" CONCAT_NULL_YIELDS_NULL="true" NUMERIC_ROUNDABORT="false" QUOTED_IDENTIFIER="true" />
          <QueryPlan DegreeOfParallelism="4" MemoryGrant="4448" CachedPlanSize="56" CompileTime="20" CompileCPU="19" CompileMemory="976">
            <MissingIndexes>
              <MissingIndexGroup Impact="89.723">
                <MissingIndex Database="[Star_Schema_Benchmark]" Schema="[dbo]" Table="[LineOrder]">
                  <ColumnGroup Usage="INEQUALITY">
                    <Column Name="[LO_Quantity]" ColumnId="9" />
                    <Column Name="[LO_Discount]" ColumnId="12" />
                  </ColumnGroup>
                  <ColumnGroup Usage="INCLUDE">
                    <Column Name="[LO_OrderDateKey]" ColumnId="6" />
                    <Column Name="[LO_ExtendedPrice]" ColumnId="10" />
                  </ColumnGroup>
                </MissingIndex>
              </MissingIndexGroup>
              <MissingIndexGroup Impact="99.6251">
                <MissingIndex Database="[Star_Schema_Benchmark]" Schema="[dbo]" Table="[LineOrder]">
                  <ColumnGroup Usage="EQUALITY">
                    <Column Name="[LO_OrderDateKey]" ColumnId="6" />
                  </ColumnGroup>
                  <ColumnGroup Usage="INEQUALITY">
                    <Column Name="[LO_Quantity]" ColumnId="9" />
                    <Column Name="[LO_Discount]" ColumnId="12" />
                  </ColumnGroup>
                  <ColumnGroup Usage="INCLUDE">
                    <Column Name="[LO_ExtendedPrice]" ColumnId="10" />
                  </ColumnGroup>
                </MissingIndex>
              </MissingIndexGroup>
            </MissingIndexes>
            <RelOp AvgRowSize="24" EstimateCPU="1E-07" EstimateIO="0" EstimateRebinds="0" EstimateRewinds="0" EstimateRows="1" LogicalOp="Compute Scalar" NodeId="1" Parallel="false" PhysicalOp="Compute Scalar" EstimatedTotalSubtreeCost="802.945">
              <OutputList>
                <ColumnReference Column="Expr1006" />
              </OutputList>
              <ComputeScalar>
                <DefinedValues>
                  <DefinedValue>
                    <ColumnReference Column="Expr1006" />
                    <ScalarOperator ScalarString="CASE WHEN [globalagg1009]=(0) THEN NULL ELSE [globalagg1011] END">
                      <IF>
                        <Condition>
                          <ScalarOperator>
                            <Compare CompareOp="EQ">
                              <ScalarOperator>
                                <Identifier>
                                  <ColumnReference Column="globalagg1009" />
                                </Identifier>
                              </ScalarOperator>
                              <ScalarOperator>
                                <Const ConstValue="(0)" />
                              </ScalarOperator>
                            </Compare>
                          </ScalarOperator>
                        </Condition>
                        <Then>
                          <ScalarOperator>
                            <Const ConstValue="NULL" />
                          </ScalarOperator>
                        </Then>
                        <Else>
                          <ScalarOperator>
                            <Identifier>
                              <ColumnReference Column="globalagg1011" />
                            </Identifier>
                          </ScalarOperator>
                        </Else>
                      </IF>
                    </ScalarOperator>
                  </DefinedValue>
                </DefinedValues>
                <RelOp AvgRowSize="32" EstimateCPU="1.7E-06" EstimateIO="0" EstimateRebinds="0" EstimateRewinds="0" EstimateRows="1" LogicalOp="Aggregate" NodeId="2" Parallel="false" PhysicalOp="Stream Aggregate" EstimatedTotalSubtreeCost="802.945">
                  <OutputList>
                    <ColumnReference Column="globalagg1009" />
                    <ColumnReference Column="globalagg1011" />
                  </OutputList>
                  <RunTimeInformation>
                    <RunTimeCountersPerThread Thread="0" ActualRows="1" ActualEndOfScans="1" ActualExecutions="1" />
                  </RunTimeInformation>
                  <StreamAggregate>
                    <DefinedValues>
                      <DefinedValue>
                        <ColumnReference Column="globalagg1009" />
                        <ScalarOperator ScalarString="SUM([partialagg1008])">
                          <Aggregate AggType="SUM" Distinct="false">
                            <ScalarOperator>
                              <Identifier>
                                <ColumnReference Column="partialagg1008" />
                              </Identifier>
                            </ScalarOperator>
                          </Aggregate>
                        </ScalarOperator>
                      </DefinedValue>
                      <DefinedValue>
                        <ColumnReference Column="globalagg1011" />
                        <ScalarOperator ScalarString="SUM([partialagg1010])">
                          <Aggregate AggType="SUM" Distinct="false">
                            <ScalarOperator>
                              <Identifier>
                                <ColumnReference Column="partialagg1010" />
                              </Identifier>
                            </ScalarOperator>
                          </Aggregate>
                        </ScalarOperator>
                      </DefinedValue>
                    </DefinedValues>
                    <RelOp AvgRowSize="32" EstimateCPU="0.0285038" EstimateIO="0" EstimateRebinds="0" EstimateRewinds="0" EstimateRows="2" LogicalOp="Gather Streams" NodeId="3" Parallel="true" PhysicalOp="Parallelism" EstimatedTotalSubtreeCost="802.945">
                      <OutputList>
                        <ColumnReference Column="partialagg1008" />
                        <ColumnReference Column="partialagg1010" />
                      </OutputList>
                      <RunTimeInformation>
                        <RunTimeCountersPerThread Thread="0" ActualRows="4" ActualEndOfScans="1" ActualExecutions="1" />
                      </RunTimeInformation>
                      <Parallelism>
                        <RelOp AvgRowSize="32" EstimateCPU="0.0101327" EstimateIO="0" EstimateRebinds="0" EstimateRewinds="0" EstimateRows="2" LogicalOp="Aggregate" NodeId="4" Parallel="true" PhysicalOp="Stream Aggregate" EstimatedTotalSubtreeCost="802.916">
                          <OutputList>
                            <ColumnReference Column="partialagg1008" />
                            <ColumnReference Column="partialagg1010" />
                          </OutputList>
                          <RunTimeInformation>
                            <RunTimeCountersPerThread Thread="4" ActualRows="1" ActualEndOfScans="1" ActualExecutions="1" />
                            <RunTimeCountersPerThread Thread="2" ActualRows="1" ActualEndOfScans="1" ActualExecutions="1" />
                            <RunTimeCountersPerThread Thread="1" ActualRows="1" ActualEndOfScans="1" ActualExecutions="1" />
                            <RunTimeCountersPerThread Thread="3" ActualRows="1" ActualEndOfScans="1" ActualExecutions="1" />
                            <RunTimeCountersPerThread Thread="0" ActualRows="0" ActualEndOfScans="0" ActualExecutions="0" />
                          </RunTimeInformation>
                          <StreamAggregate>
                            <DefinedValues>
                              <DefinedValue>
                                <ColumnReference Column="partialagg1008" />
                                <ScalarOperator ScalarString="COUNT_BIG([Expr1007])">
                                  <Aggregate AggType="COUNT_BIG" Distinct="false">
                                    <ScalarOperator>
                                      <Identifier>
                                        <ColumnReference Column="Expr1007" />
                                      </Identifier>
                                    </ScalarOperator>
                                  </Aggregate>
                                </ScalarOperator>
                              </DefinedValue>
                              <DefinedValue>
                                <ColumnReference Column="partialagg1010" />
                                <ScalarOperator ScalarString="SUM([Expr1007])">
                                  <Aggregate AggType="SUM" Distinct="false">
                                    <ScalarOperator>
                                      <Identifier>
                                        <ColumnReference Column="Expr1007" />
                                      </Identifier>
                                    </ScalarOperator>
                                  </Aggregate>
                                </ScalarOperator>
                              </DefinedValue>
                            </DefinedValues>
                            <RelOp AvgRowSize="24" EstimateCPU="8.6528" EstimateIO="0" EstimateRebinds="0" EstimateRewinds="0" EstimateRows="33774.1" LogicalOp="Inner Join" NodeId="5" Parallel="true" PhysicalOp="Hash Match" EstimatedTotalSubtreeCost="802.906">
                              <OutputList>
                                <ColumnReference Column="Expr1007" />
                              </OutputList>
                              <MemoryFractions Input="1" Output="1" />
                              <RunTimeInformation>
                                <RunTimeCountersPerThread Thread="4" ActualRows="8601" ActualEndOfScans="1" ActualExecutions="1" />
                                <RunTimeCountersPerThread Thread="2" ActualRows="10518" ActualEndOfScans="1" ActualExecutions="1" />
                                <RunTimeCountersPerThread Thread="1" ActualRows="10438" ActualEndOfScans="1" ActualExecutions="1" />
                                <RunTimeCountersPerThread Thread="3" ActualRows="4408" ActualEndOfScans="1" ActualExecutions="1" />
                                <RunTimeCountersPerThread Thread="0" ActualRows="0" ActualEndOfScans="0" ActualExecutions="0" />
                              </RunTimeInformation>
                              <Hash>
                                <DefinedValues />
                                <HashKeysBuild>
                                  <ColumnReference Database="[Star_Schema_Benchmark]" Schema="[dbo]" Table="[Date]" Column="D_DateKey" />
                                </HashKeysBuild>
                                <HashKeysProbe>
                                  <ColumnReference Database="[Star_Schema_Benchmark]" Schema="[dbo]" Table="[LineOrder]" Column="LO_OrderDateKey" />
                                </HashKeysProbe>
                                <ProbeResidual>
                                  <ScalarOperator ScalarString="[Star_Schema_Benchmark].[dbo].[LineOrder].[LO_OrderDateKey]=[Star_Schema_Benchmark].[dbo].[Date].[D_DateKey]">
                                    <Compare CompareOp="EQ">
                                      <ScalarOperator>
                                        <Identifier>
                                          <ColumnReference Database="[Star_Schema_Benchmark]" Schema="[dbo]" Table="[LineOrder]" Column="LO_OrderDateKey" />
                                        </Identifier>
                                      </ScalarOperator>
                                      <ScalarOperator>
                                        <Identifier>
                                          <ColumnReference Database="[Star_Schema_Benchmark]" Schema="[dbo]" Table="[Date]" Column="D_DateKey" />
                                        </Identifier>
                                      </ScalarOperator>
                                    </Compare>
                                  </ScalarOperator>
                                </ProbeResidual>
                                <RelOp AvgRowSize="15" EstimateCPU="0.0285666" EstimateIO="0" EstimateRebinds="0" EstimateRewinds="0" EstimateRows="31" LogicalOp="Bitmap Create" NodeId="6" Parallel="true" PhysicalOp="Bitmap" EstimatedTotalSubtreeCost="0.0558871">
                                  <OutputList>
                                    <ColumnReference Database="[Star_Schema_Benchmark]" Schema="[dbo]" Table="[Date]" Column="D_DateKey" />
                                  </OutputList>
                                  <RunTimeInformation>
                                    <RunTimeCountersPerThread Thread="4" ActualRows="31" ActualEndOfScans="1" ActualExecutions="1" />
                                    <RunTimeCountersPerThread Thread="3" ActualRows="31" ActualEndOfScans="1" ActualExecutions="1" />
                                    <RunTimeCountersPerThread Thread="1" ActualRows="31" ActualEndOfScans="1" ActualExecutions="1" />
                                    <RunTimeCountersPerThread Thread="2" ActualRows="31" ActualEndOfScans="1" ActualExecutions="1" />
                                    <RunTimeCountersPerThread Thread="0" ActualRows="0" ActualEndOfScans="0" ActualExecutions="0" />
                                  </RunTimeInformation>
                                  <Bitmap>
                                    <DefinedValues>
                                      <DefinedValue>
                                        <ColumnReference Column="Bitmap1013" />
                                      </DefinedValue>
                                    </DefinedValues>
                                    <HashKeys>
                                      <ColumnReference Database="[Star_Schema_Benchmark]" Schema="[dbo]" Table="[Date]" Column="D_DateKey" />
                                    </HashKeys>
                                    <RelOp AvgRowSize="15" EstimateCPU="0.0285666" EstimateIO="0" EstimateRebinds="0" EstimateRewinds="0" EstimateRows="31" LogicalOp="Distribute Streams" NodeId="7" Parallel="true" PhysicalOp="Parallelism" EstimatedTotalSubtreeCost="0.0558871">
                                      <OutputList>
                                        <ColumnReference Database="[Star_Schema_Benchmark]" Schema="[dbo]" Table="[Date]" Column="D_DateKey" />
                                      </OutputList>
                                      <RunTimeInformation>
                                        <RunTimeCountersPerThread Thread="4" ActualRows="31" ActualEndOfScans="1" ActualExecutions="1" />
                                        <RunTimeCountersPerThread Thread="3" ActualRows="31" ActualEndOfScans="1" ActualExecutions="1" />
                                        <RunTimeCountersPerThread Thread="1" ActualRows="31" ActualEndOfScans="1" ActualExecutions="1" />
                                        <RunTimeCountersPerThread Thread="2" ActualRows="31" ActualEndOfScans="1" ActualExecutions="1" />
                                        <RunTimeCountersPerThread Thread="0" ActualRows="0" ActualEndOfScans="0" ActualExecutions="0" />
                                      </RunTimeInformation>
                                      <Parallelism PartitioningType="Broadcast">
                                        <RelOp AvgRowSize="19" EstimateCPU="0.0029686" EstimateIO="0.023125" EstimateRebinds="0" EstimateRewinds="0" EstimateRows="31" LogicalOp="Clustered Index Scan" NodeId="8" Parallel="false" PhysicalOp="Clustered Index Scan" EstimatedTotalSubtreeCost="0.0260936" TableCardinality="2556">
                                          <OutputList>
                                            <ColumnReference Database="[Star_Schema_Benchmark]" Schema="[dbo]" Table="[Date]" Column="D_DateKey" />
                                          </OutputList>
                                          <RunTimeInformation>
                                            <RunTimeCountersPerThread Thread="1" ActualRows="31" ActualEndOfScans="1" ActualExecutions="1" />
                                            <RunTimeCountersPerThread Thread="0" ActualRows="0" ActualEndOfScans="0" ActualExecutions="0" />
                                          </RunTimeInformation>
                                          <IndexScan Ordered="false" ForcedIndex="false" NoExpandHint="false">
                                            <DefinedValues>
                                              <DefinedValue>
                                                <ColumnReference Database="[Star_Schema_Benchmark]" Schema="[dbo]" Table="[Date]" Column="D_DateKey" />
                                              </DefinedValue>
                                            </DefinedValues>
                                            <Object Database="[Star_Schema_Benchmark]" Schema="[dbo]" Table="[Date]" Index="[PK_Date]" IndexKind="Clustered" />
                                            <Predicate>
                                              <ScalarOperator ScalarString="[Star_Schema_Benchmark].[dbo].[Date].[D_YearMonthNum]=(199401)">
                                                <Compare CompareOp="EQ">
                                                  <ScalarOperator>
                                                    <Identifier>
                                                      <ColumnReference Database="[Star_Schema_Benchmark]" Schema="[dbo]" Table="[Date]" Column="D_YearMonthNum" />
                                                    </Identifier>
                                                  </ScalarOperator>
                                                  <ScalarOperator>
                                                    <Const ConstValue="(199401)" />
                                                  </ScalarOperator>
                                                </Compare>
                                              </ScalarOperator>
                                            </Predicate>
                                          </IndexScan>
                                        </RelOp>
                                      </Parallelism>
                                    </RelOp>
                                  </Bitmap>
                                </RelOp>
                                <RelOp AvgRowSize="32" EstimateCPU="0.131283" EstimateIO="0" EstimateRebinds="0" EstimateRewinds="0" EstimateRows="2625670" LogicalOp="Compute Scalar" NodeId="9" Parallel="true" PhysicalOp="Compute Scalar" EstimatedTotalSubtreeCost="794.197">
                                  <OutputList>
                                    <ColumnReference Database="[Star_Schema_Benchmark]" Schema="[dbo]" Table="[LineOrder]" Column="LO_OrderDateKey" />
                                    <ColumnReference Column="Expr1007" />
                                  </OutputList>
                                  <ComputeScalar>
                                    <DefinedValues>
                                      <DefinedValue>
                                        <ColumnReference Column="Expr1007" />
                                        <ScalarOperator ScalarString="[Star_Schema_Benchmark].[dbo].[LineOrder].[LO_ExtendedPrice]*[Star_Schema_Benchmark].[dbo].[LineOrder].[LO_Discount]">
                                          <Arithmetic Operation="MULT">
                                            <ScalarOperator>
                                              <Identifier>
                                                <ColumnReference Database="[Star_Schema_Benchmark]" Schema="[dbo]" Table="[LineOrder]" Column="LO_ExtendedPrice" />
                                              </Identifier>
                                            </ScalarOperator>
                                            <ScalarOperator>
                                              <Identifier>
                                                <ColumnReference Database="[Star_Schema_Benchmark]" Schema="[dbo]" Table="[LineOrder]" Column="LO_Discount" />
                                              </Identifier>
                                            </ScalarOperator>
                                          </Arithmetic>
                                        </ScalarOperator>
                                      </DefinedValue>
                                    </DefinedValues>
                                    <RelOp AvgRowSize="34" EstimateCPU="32.9925" EstimateIO="716.684" EstimateRebinds="0" EstimateRewinds="0" EstimateRows="2625670" LogicalOp="Clustered Index Scan" NodeId="10" Parallel="true" PhysicalOp="Clustered Index Scan" EstimatedTotalSubtreeCost="749.676" TableCardinality="59986200">
                                      <OutputList>
                                        <ColumnReference Database="[Star_Schema_Benchmark]" Schema="[dbo]" Table="[LineOrder]" Column="LO_OrderDateKey" />
                                        <ColumnReference Database="[Star_Schema_Benchmark]" Schema="[dbo]" Table="[LineOrder]" Column="LO_ExtendedPrice" />
                                        <ColumnReference Database="[Star_Schema_Benchmark]" Schema="[dbo]" Table="[LineOrder]" Column="LO_Discount" />
                                      </OutputList>
                                      <RunTimeInformation>
                                        <RunTimeCountersPerThread Thread="4" ActualRows="8602" ActualEndOfScans="1" ActualExecutions="1" />
                                        <RunTimeCountersPerThread Thread="2" ActualRows="10519" ActualEndOfScans="1" ActualExecutions="1" />
                                        <RunTimeCountersPerThread Thread="3" ActualRows="4409" ActualEndOfScans="1" ActualExecutions="1" />
                                        <RunTimeCountersPerThread Thread="1" ActualRows="10439" ActualEndOfScans="1" ActualExecutions="1" />
                                        <RunTimeCountersPerThread Thread="0" ActualRows="0" ActualEndOfScans="0" ActualExecutions="0" />
                                      </RunTimeInformation>
                                      <IndexScan Ordered="false" ForcedIndex="false" NoExpandHint="false">
                                        <DefinedValues>
                                          <DefinedValue>
                                            <ColumnReference Database="[Star_Schema_Benchmark]" Schema="[dbo]" Table="[LineOrder]" Column="LO_OrderDateKey" />
                                          </DefinedValue>
                                          <DefinedValue>
                                            <ColumnReference Database="[Star_Schema_Benchmark]" Schema="[dbo]" Table="[LineOrder]" Column="LO_ExtendedPrice" />
                                          </DefinedValue>
                                          <DefinedValue>
                                            <ColumnReference Database="[Star_Schema_Benchmark]" Schema="[dbo]" Table="[LineOrder]" Column="LO_Discount" />
                                          </DefinedValue>
                                        </DefinedValues>
                                        <Object Database="[Star_Schema_Benchmark]" Schema="[dbo]" Table="[LineOrder]" Index="[PK_LineOrder]" IndexKind="Clustered" />
                                        <Predicate>
                                          <ScalarOperator ScalarString="[Star_Schema_Benchmark].[dbo].[LineOrder].[LO_Discount]&gt;=(4.) AND [Star_Schema_Benchmark].[dbo].[LineOrder].[LO_Discount]&lt;=(6.) AND [Star_Schema_Benchmark].[dbo].[LineOrder].[LO_Quantity]&gt;=(26) AND [Star_Schema_Benchmark].[dbo].[LineOrder].[LO_Quantity]&lt;=(35) AND PROBE([Bitmap1013],[Star_Schema_Benchmark].[dbo].[LineOrder].[LO_OrderDateKey],N'[IN ROW]')">
                                            <Logical Operation="AND">
                                              <ScalarOperator>
                                                <Logical Operation="AND">
                                                  <ScalarOperator>
                                                    <Compare CompareOp="GE">
                                                      <ScalarOperator>
                                                        <Identifier>
                                                          <ColumnReference Database="[Star_Schema_Benchmark]" Schema="[dbo]" Table="[LineOrder]" Column="LO_Discount" />
                                                        </Identifier>
                                                      </ScalarOperator>
                                                      <ScalarOperator>
                                                        <Const ConstValue="(4.)" />
                                                      </ScalarOperator>
                                                    </Compare>
                                                  </ScalarOperator>
                                                  <ScalarOperator>
                                                    <Compare CompareOp="LE">
                                                      <ScalarOperator>
                                                        <Identifier>
                                                          <ColumnReference Database="[Star_Schema_Benchmark]" Schema="[dbo]" Table="[LineOrder]" Column="LO_Discount" />
                                                        </Identifier>
                                                      </ScalarOperator>
                                                      <ScalarOperator>
                                                        <Const ConstValue="(6.)" />
                                                      </ScalarOperator>
                                                    </Compare>
                                                  </ScalarOperator>
                                                  <ScalarOperator>
                                                    <Compare CompareOp="GE">
                                                      <ScalarOperator>
                                                        <Identifier>
                                                          <ColumnReference Database="[Star_Schema_Benchmark]" Schema="[dbo]" Table="[LineOrder]" Column="LO_Quantity" />
                                                        </Identifier>
                                                      </ScalarOperator>
                                                      <ScalarOperator>
                                                        <Const ConstValue="(26)" />
                                                      </ScalarOperator>
                                                    </Compare>
                                                  </ScalarOperator>
                                                  <ScalarOperator>
                                                    <Compare CompareOp="LE">
                                                      <ScalarOperator>
                                                        <Identifier>
                                                          <ColumnReference Database="[Star_Schema_Benchmark]" Schema="[dbo]" Table="[LineOrder]" Column="LO_Quantity" />
                                                        </Identifier>
                                                      </ScalarOperator>
                                                      <ScalarOperator>
                                                        <Const ConstValue="(35)" />
                                                      </ScalarOperator>
                                                    </Compare>
                                                  </ScalarOperator>
                                                </Logical>
                                              </ScalarOperator>
                                              <ScalarOperator>
                                                <Intrinsic FunctionName="PROBE">
                                                  <ScalarOperator>
                                                    <Identifier>
                                                      <ColumnReference Column="Bitmap1013" />
                                                    </Identifier>
                                                  </ScalarOperator>
                                                  <ScalarOperator>
                                                    <Identifier>
                                                      <ColumnReference Database="[Star_Schema_Benchmark]" Schema="[dbo]" Table="[LineOrder]" Column="LO_OrderDateKey" />
                                                    </Identifier>
                                                  </ScalarOperator>
                                                  <ScalarOperator>
                                                    <Const ConstValue="N'[IN ROW]'" />
                                                  </ScalarOperator>
                                                </Intrinsic>
                                              </ScalarOperator>
                                            </Logical>
                                          </ScalarOperator>
                                        </Predicate>
                                      </IndexScan>
                                    </RelOp>
                                  </ComputeScalar>
                                </RelOp>
                              </Hash>
                            </RelOp>
                          </StreamAggregate>
                        </RelOp>
                      </Parallelism>
                    </RelOp>
                  </StreamAggregate>
                </RelOp>
              </ComputeScalar>
            </RelOp>
          </QueryPlan>
        </StmtSimple>
      </Statements>
    </Batch>
    <Batch>
      <Statements>
        <StmtSimple StatementCompId="3" StatementEstRows="1" StatementId="3" StatementOptmLevel="FULL" StatementSubTreeCost="802.882" StatementText="select sum(lo_extendedprice*lo_discount) as&#xD;&#xA;revenue&#xD;&#xA;from lineorder, [date]&#xD;&#xA;where lo_orderdatekey =  d_datekey&#xD;&#xA;and d_weeknuminyear = 6&#xD;&#xA;and d_year = 1994&#xD;&#xA;and lo_discount between 5 and 7&#xD;&#xA;and lo_quantity between 26 and 35;&#xD;&#xA;&#xD;&#xA;--Q2.1&#xD;" StatementType="SELECT" QueryHash="0xEE7B13A02D479C81" QueryPlanHash="0x8A94CD587AB51B52">
          <StatementSetOptions ANSI_NULLS="true" ANSI_PADDING="true" ANSI_WARNINGS="true" ARITHABORT="true" CONCAT_NULL_YIELDS_NULL="true" NUMERIC_ROUNDABORT="false" QUOTED_IDENTIFIER="true" />
          <QueryPlan DegreeOfParallelism="4" MemoryGrant="4448" CachedPlanSize="56" CompileTime="16" CompileCPU="16" CompileMemory="984">
            <MissingIndexes>
              <MissingIndexGroup Impact="89.73">
                <MissingIndex Database="[Star_Schema_Benchmark]" Schema="[dbo]" Table="[LineOrder]">
                  <ColumnGroup Usage="INEQUALITY">
                    <Column Name="[LO_Quantity]" ColumnId="9" />
                    <Column Name="[LO_Discount]" ColumnId="12" />
                  </ColumnGroup>
                  <ColumnGroup Usage="INCLUDE">
                    <Column Name="[LO_OrderDateKey]" ColumnId="6" />
                    <Column Name="[LO_ExtendedPrice]" ColumnId="10" />
                  </ColumnGroup>
                </MissingIndex>
              </MissingIndexGroup>
              <MissingIndexGroup Impact="99.9099">
                <MissingIndex Database="[Star_Schema_Benchmark]" Schema="[dbo]" Table="[LineOrder]">
                  <ColumnGroup Usage="EQUALITY">
                    <Column Name="[LO_OrderDateKey]" ColumnId="6" />
                  </ColumnGroup>
                  <ColumnGroup Usage="INEQUALITY">
                    <Column Name="[LO_Quantity]" ColumnId="9" />
                    <Column Name="[LO_Discount]" ColumnId="12" />
                  </ColumnGroup>
                  <ColumnGroup Usage="INCLUDE">
                    <Column Name="[LO_ExtendedPrice]" ColumnId="10" />
                  </ColumnGroup>
                </MissingIndex>
              </MissingIndexGroup>
            </MissingIndexes>
            <RelOp AvgRowSize="24" EstimateCPU="1E-07" EstimateIO="0" EstimateRebinds="0" EstimateRewinds="0" EstimateRows="1" LogicalOp="Compute Scalar" NodeId="1" Parallel="false" PhysicalOp="Compute Scalar" EstimatedTotalSubtreeCost="802.882">
              <OutputList>
                <ColumnReference Column="Expr1006" />
              </OutputList>
              <ComputeScalar>
                <DefinedValues>
                  <DefinedValue>
                    <ColumnReference Column="Expr1006" />
                    <ScalarOperator ScalarString="CASE WHEN [globalagg1009]=(0) THEN NULL ELSE [globalagg1011] END">
                      <IF>
                        <Condition>
                          <ScalarOperator>
                            <Compare CompareOp="EQ">
                              <ScalarOperator>
                                <Identifier>
                                  <ColumnReference Column="globalagg1009" />
                                </Identifier>
                              </ScalarOperator>
                              <ScalarOperator>
                                <Const ConstValue="(0)" />
                              </ScalarOperator>
                            </Compare>
                          </ScalarOperator>
                        </Condition>
                        <Then>
                          <ScalarOperator>
                            <Const ConstValue="NULL" />
                          </ScalarOperator>
                        </Then>
                        <Else>
                          <ScalarOperator>
                            <Identifier>
                              <ColumnReference Column="globalagg1011" />
                            </Identifier>
                          </ScalarOperator>
                        </Else>
                      </IF>
                    </ScalarOperator>
                  </DefinedValue>
                </DefinedValues>
                <RelOp AvgRowSize="32" EstimateCPU="1.7E-06" EstimateIO="0" EstimateRebinds="0" EstimateRewinds="0" EstimateRows="1" LogicalOp="Aggregate" NodeId="2" Parallel="false" PhysicalOp="Stream Aggregate" EstimatedTotalSubtreeCost="802.882">
                  <OutputList>
                    <ColumnReference Column="globalagg1009" />
                    <ColumnReference Column="globalagg1011" />
                  </OutputList>
                  <RunTimeInformation>
                    <RunTimeCountersPerThread Thread="0" ActualRows="1" ActualEndOfScans="1" ActualExecutions="1" />
                  </RunTimeInformation>
                  <StreamAggregate>
                    <DefinedValues>
                      <DefinedValue>
                        <ColumnReference Column="globalagg1009" />
                        <ScalarOperator ScalarString="SUM([partialagg1008])">
                          <Aggregate AggType="SUM" Distinct="false">
                            <ScalarOperator>
                              <Identifier>
                                <ColumnReference Column="partialagg1008" />
                              </Identifier>
                            </ScalarOperator>
                          </Aggregate>
                        </ScalarOperator>
                      </DefinedValue>
                      <DefinedValue>
                        <ColumnReference Column="globalagg1011" />
                        <ScalarOperator ScalarString="SUM([partialagg1010])">
                          <Aggregate AggType="SUM" Distinct="false">
                            <ScalarOperator>
                              <Identifier>
                                <ColumnReference Column="partialagg1010" />
                              </Identifier>
                            </ScalarOperator>
                          </Aggregate>
                        </ScalarOperator>
                      </DefinedValue>
                    </DefinedValues>
                    <RelOp AvgRowSize="32" EstimateCPU="0.0285038" EstimateIO="0" EstimateRebinds="0" EstimateRewinds="0" EstimateRows="2" LogicalOp="Gather Streams" NodeId="3" Parallel="true" PhysicalOp="Parallelism" EstimatedTotalSubtreeCost="802.882">
                      <OutputList>
                        <ColumnReference Column="partialagg1008" />
                        <ColumnReference Column="partialagg1010" />
                      </OutputList>
                      <RunTimeInformation>
                        <RunTimeCountersPerThread Thread="0" ActualRows="4" ActualEndOfScans="1" ActualExecutions="1" />
                      </RunTimeInformation>
                      <Parallelism>
                        <RelOp AvgRowSize="32" EstimateCPU="0.00228033" EstimateIO="0" EstimateRebinds="0" EstimateRewinds="0" EstimateRows="2" LogicalOp="Aggregate" NodeId="4" Parallel="true" PhysicalOp="Stream Aggregate" EstimatedTotalSubtreeCost="802.853">
                          <OutputList>
                            <ColumnReference Column="partialagg1008" />
                            <ColumnReference Column="partialagg1010" />
                          </OutputList>
                          <RunTimeInformation>
                            <RunTimeCountersPerThread Thread="4" ActualRows="1" ActualEndOfScans="1" ActualExecutions="1" />
                            <RunTimeCountersPerThread Thread="2" ActualRows="1" ActualEndOfScans="1" ActualExecutions="1" />
                            <RunTimeCountersPerThread Thread="1" ActualRows="1" ActualEndOfScans="1" ActualExecutions="1" />
                            <RunTimeCountersPerThread Thread="3" ActualRows="1" ActualEndOfScans="1" ActualExecutions="1" />
                            <RunTimeCountersPerThread Thread="0" ActualRows="0" ActualEndOfScans="0" ActualExecutions="0" />
                          </RunTimeInformation>
                          <StreamAggregate>
                            <DefinedValues>
                              <DefinedValue>
                                <ColumnReference Column="partialagg1008" />
                                <ScalarOperator ScalarString="COUNT_BIG([Expr1007])">
                                  <Aggregate AggType="COUNT_BIG" Distinct="false">
                                    <ScalarOperator>
                                      <Identifier>
                                        <ColumnReference Column="Expr1007" />
                                      </Identifier>
                                    </ScalarOperator>
                                  </Aggregate>
                                </ScalarOperator>
                              </DefinedValue>
                              <DefinedValue>
                                <ColumnReference Column="partialagg1010" />
                                <ScalarOperator ScalarString="SUM([Expr1007])">
                                  <Aggregate AggType="SUM" Distinct="false">
                                    <ScalarOperator>
                                      <Identifier>
                                        <ColumnReference Column="Expr1007" />
                                      </Identifier>
                                    </ScalarOperator>
                                  </Aggregate>
                                </ScalarOperator>
                              </DefinedValue>
                            </DefinedValues>
                            <RelOp AvgRowSize="24" EstimateCPU="8.59688" EstimateIO="0" EstimateRebinds="0" EstimateRewinds="0" EstimateRows="7599.42" LogicalOp="Inner Join" NodeId="5" Parallel="true" PhysicalOp="Hash Match" EstimatedTotalSubtreeCost="802.851">
                              <OutputList>
                                <ColumnReference Column="Expr1007" />
                              </OutputList>
                              <MemoryFractions Input="1" Output="1" />
                              <RunTimeInformation>
                                <RunTimeCountersPerThread Thread="4" ActualRows="1280" ActualEndOfScans="1" ActualExecutions="1" />
                                <RunTimeCountersPerThread Thread="2" ActualRows="1457" ActualEndOfScans="1" ActualExecutions="1" />
                                <RunTimeCountersPerThread Thread="1" ActualRows="2355" ActualEndOfScans="1" ActualExecutions="1" />
                                <RunTimeCountersPerThread Thread="3" ActualRows="2448" ActualEndOfScans="1" ActualExecutions="1" />
                                <RunTimeCountersPerThread Thread="0" ActualRows="0" ActualEndOfScans="0" ActualExecutions="0" />
                              </RunTimeInformation>
                              <Hash>
                                <DefinedValues />
                                <HashKeysBuild>
                                  <ColumnReference Database="[Star_Schema_Benchmark]" Schema="[dbo]" Table="[Date]" Column="D_DateKey" />
                                </HashKeysBuild>
                                <HashKeysProbe>
                                  <ColumnReference Database="[Star_Schema_Benchmark]" Schema="[dbo]" Table="[LineOrder]" Column="LO_OrderDateKey" />
                                </HashKeysProbe>
                                <ProbeResidual>
                                  <ScalarOperator ScalarString="[Star_Schema_Benchmark].[dbo].[LineOrder].[LO_OrderDateKey]=[Star_Schema_Benchmark].[dbo].[Date].[D_DateKey]">
                                    <Compare CompareOp="EQ">
                                      <ScalarOperator>
                                        <Identifier>
                                          <ColumnReference Database="[Star_Schema_Benchmark]" Schema="[dbo]" Table="[LineOrder]" Column="LO_OrderDateKey" />
                                        </Identifier>
                                      </ScalarOperator>
                                      <ScalarOperator>
                                        <Identifier>
                                          <ColumnReference Database="[Star_Schema_Benchmark]" Schema="[dbo]" Table="[Date]" Column="D_DateKey" />
                                        </Identifier>
                                      </ScalarOperator>
                                    </Compare>
                                  </ScalarOperator>
                                </ProbeResidual>
                                <RelOp AvgRowSize="15" EstimateCPU="0.028515" EstimateIO="0" EstimateRebinds="0" EstimateRewinds="0" EstimateRows="6.99726" LogicalOp="Bitmap Create" NodeId="6" Parallel="true" PhysicalOp="Bitmap" EstimatedTotalSubtreeCost="0.0568579">
                                  <OutputList>
                                    <ColumnReference Database="[Star_Schema_Benchmark]" Schema="[dbo]" Table="[Date]" Column="D_DateKey" />
                                  </OutputList>
                                  <RunTimeInformation>
                                    <RunTimeCountersPerThread Thread="4" ActualRows="7" ActualEndOfScans="1" ActualExecutions="1" />
                                    <RunTimeCountersPerThread Thread="3" ActualRows="7" ActualEndOfScans="1" ActualExecutions="1" />
                                    <RunTimeCountersPerThread Thread="2" ActualRows="7" ActualEndOfScans="1" ActualExecutions="1" />
                                    <RunTimeCountersPerThread Thread="1" ActualRows="7" ActualEndOfScans="1" ActualExecutions="1" />
                                    <RunTimeCountersPerThread Thread="0" ActualRows="0" ActualEndOfScans="0" ActualExecutions="0" />
                                  </RunTimeInformation>
                                  <Bitmap>
                                    <DefinedValues>
                                      <DefinedValue>
                                        <ColumnReference Column="Bitmap1013" />
                                      </DefinedValue>
                                    </DefinedValues>
                                    <HashKeys>
                                      <ColumnReference Database="[Star_Schema_Benchmark]" Schema="[dbo]" Table="[Date]" Column="D_DateKey" />
                                    </HashKeys>
                                    <RelOp AvgRowSize="15" EstimateCPU="0.028515" EstimateIO="0" EstimateRebinds="0" EstimateRewinds="0" EstimateRows="6.99726" LogicalOp="Distribute Streams" NodeId="7" Parallel="true" PhysicalOp="Parallelism" EstimatedTotalSubtreeCost="0.0568579">
                                      <OutputList>
                                        <ColumnReference Database="[Star_Schema_Benchmark]" Schema="[dbo]" Table="[Date]" Column="D_DateKey" />
                                      </OutputList>
                                      <RunTimeInformation>
                                        <RunTimeCountersPerThread Thread="4" ActualRows="7" ActualEndOfScans="1" ActualExecutions="1" />
                                        <RunTimeCountersPerThread Thread="3" ActualRows="7" ActualEndOfScans="1" ActualExecutions="1" />
                                        <RunTimeCountersPerThread Thread="2" ActualRows="7" ActualEndOfScans="1" ActualExecutions="1" />
                                        <RunTimeCountersPerThread Thread="1" ActualRows="7" ActualEndOfScans="1" ActualExecutions="1" />
                                        <RunTimeCountersPerThread Thread="0" ActualRows="0" ActualEndOfScans="0" ActualExecutions="0" />
                                      </RunTimeInformation>
                                      <Parallelism PartitioningType="Broadcast">
                                        <RelOp AvgRowSize="18" EstimateCPU="0.0029686" EstimateIO="0.023125" EstimateRebinds="0" EstimateRewinds="0" EstimateRows="6.99726" LogicalOp="Clustered Index Scan" NodeId="8" Parallel="false" PhysicalOp="Clustered Index Scan" EstimatedTotalSubtreeCost="0.0260936" TableCardinality="2556">
                                          <OutputList>
                                            <ColumnReference Database="[Star_Schema_Benchmark]" Schema="[dbo]" Table="[Date]" Column="D_DateKey" />
                                          </OutputList>
                                          <RunTimeInformation>
                                            <RunTimeCountersPerThread Thread="1" ActualRows="7" ActualEndOfScans="1" ActualExecutions="1" />
                                            <RunTimeCountersPerThread Thread="0" ActualRows="0" ActualEndOfScans="0" ActualExecutions="0" />
                                          </RunTimeInformation>
                                          <IndexScan Ordered="false" ForcedIndex="false" NoExpandHint="false">
                                            <DefinedValues>
                                              <DefinedValue>
                                                <ColumnReference Database="[Star_Schema_Benchmark]" Schema="[dbo]" Table="[Date]" Column="D_DateKey" />
                                              </DefinedValue>
                                            </DefinedValues>
                                            <Object Database="[Star_Schema_Benchmark]" Schema="[dbo]" Table="[Date]" Index="[PK_Date]" IndexKind="Clustered" />
                                            <Predicate>
                                              <ScalarOperator ScalarString="[Star_Schema_Benchmark].[dbo].[Date].[D_WeekNumInYear]=(6) AND [Star_Schema_Benchmark].[dbo].[Date].[D_Year]=(1994)">
                                                <Logical Operation="AND">
                                                  <ScalarOperator>
                                                    <Compare CompareOp="EQ">
                                                      <ScalarOperator>
                                                        <Identifier>
                                                          <ColumnReference Database="[Star_Schema_Benchmark]" Schema="[dbo]" Table="[Date]" Column="D_WeekNumInYear" />
                                                        </Identifier>
                                                      </ScalarOperator>
                                                      <ScalarOperator>
                                                        <Const ConstValue="(6)" />
                                                      </ScalarOperator>
                                                    </Compare>
                                                  </ScalarOperator>
                                                  <ScalarOperator>
                                                    <Compare CompareOp="EQ">
                                                      <ScalarOperator>
                                                        <Identifier>
                                                          <ColumnReference Database="[Star_Schema_Benchmark]" Schema="[dbo]" Table="[Date]" Column="D_Year" />
                                                        </Identifier>
                                                      </ScalarOperator>
                                                      <ScalarOperator>
                                                        <Const ConstValue="(1994)" />
                                                      </ScalarOperator>
                                                    </Compare>
                                                  </ScalarOperator>
                                                </Logical>
                                              </ScalarOperator>
                                            </Predicate>
                                          </IndexScan>
                                        </RelOp>
                                      </Parallelism>
                                    </RelOp>
                                  </Bitmap>
                                </RelOp>
                                <RelOp AvgRowSize="32" EstimateCPU="0.13087" EstimateIO="0" EstimateRebinds="0" EstimateRewinds="0" EstimateRows="2617400" LogicalOp="Compute Scalar" NodeId="9" Parallel="true" PhysicalOp="Compute Scalar" EstimatedTotalSubtreeCost="794.197">
                                  <OutputList>
                                    <ColumnReference Database="[Star_Schema_Benchmark]" Schema="[dbo]" Table="[LineOrder]" Column="LO_OrderDateKey" />
                                    <ColumnReference Column="Expr1007" />
                                  </OutputList>
                                  <ComputeScalar>
                                    <DefinedValues>
                                      <DefinedValue>
                                        <ColumnReference Column="Expr1007" />
                                        <ScalarOperator ScalarString="[Star_Schema_Benchmark].[dbo].[LineOrder].[LO_ExtendedPrice]*[Star_Schema_Benchmark].[dbo].[LineOrder].[LO_Discount]">
                                          <Arithmetic Operation="MULT">
                                            <ScalarOperator>
                                              <Identifier>
                                                <ColumnReference Database="[Star_Schema_Benchmark]" Schema="[dbo]" Table="[LineOrder]" Column="LO_ExtendedPrice" />
                                              </Identifier>
                                            </ScalarOperator>
                                            <ScalarOperator>
                                              <Identifier>
                                                <ColumnReference Database="[Star_Schema_Benchmark]" Schema="[dbo]" Table="[LineOrder]" Column="LO_Discount" />
                                              </Identifier>
                                            </ScalarOperator>
                                          </Arithmetic>
                                        </ScalarOperator>
                                      </DefinedValue>
                                    </DefinedValues>
                                    <RelOp AvgRowSize="34" EstimateCPU="32.9925" EstimateIO="716.684" EstimateRebinds="0" EstimateRewinds="0" EstimateRows="2617400" LogicalOp="Clustered Index Scan" NodeId="10" Parallel="true" PhysicalOp="Clustered Index Scan" EstimatedTotalSubtreeCost="749.676" TableCardinality="59986200">
                                      <OutputList>
                                        <ColumnReference Database="[Star_Schema_Benchmark]" Schema="[dbo]" Table="[LineOrder]" Column="LO_OrderDateKey" />
                                        <ColumnReference Database="[Star_Schema_Benchmark]" Schema="[dbo]" Table="[LineOrder]" Column="LO_ExtendedPrice" />
                                        <ColumnReference Database="[Star_Schema_Benchmark]" Schema="[dbo]" Table="[LineOrder]" Column="LO_Discount" />
                                      </OutputList>
                                      <RunTimeInformation>
                                        <RunTimeCountersPerThread Thread="4" ActualRows="1281" ActualEndOfScans="1" ActualExecutions="1" />
                                        <RunTimeCountersPerThread Thread="2" ActualRows="1458" ActualEndOfScans="1" ActualExecutions="1" />
                                        <RunTimeCountersPerThread Thread="1" ActualRows="2356" ActualEndOfScans="1" ActualExecutions="1" />
                                        <RunTimeCountersPerThread Thread="3" ActualRows="2449" ActualEndOfScans="1" ActualExecutions="1" />
                                        <RunTimeCountersPerThread Thread="0" ActualRows="0" ActualEndOfScans="0" ActualExecutions="0" />
                                      </RunTimeInformation>
                                      <IndexScan Ordered="false" ForcedIndex="false" NoExpandHint="false">
                                        <DefinedValues>
                                          <DefinedValue>
                                            <ColumnReference Database="[Star_Schema_Benchmark]" Schema="[dbo]" Table="[LineOrder]" Column="LO_OrderDateKey" />
                                          </DefinedValue>
                                          <DefinedValue>
                                            <ColumnReference Database="[Star_Schema_Benchmark]" Schema="[dbo]" Table="[LineOrder]" Column="LO_ExtendedPrice" />
                                          </DefinedValue>
                                          <DefinedValue>
                                            <ColumnReference Database="[Star_Schema_Benchmark]" Schema="[dbo]" Table="[LineOrder]" Column="LO_Discount" />
                                          </DefinedValue>
                                        </DefinedValues>
                                        <Object Database="[Star_Schema_Benchmark]" Schema="[dbo]" Table="[LineOrder]" Index="[PK_LineOrder]" IndexKind="Clustered" />
                                        <Predicate>
                                          <ScalarOperator ScalarString="[Star_Schema_Benchmark].[dbo].[LineOrder].[LO_Discount]&gt;=(5.) AND [Star_Schema_Benchmark].[dbo].[LineOrder].[LO_Discount]&lt;=(7.) AND [Star_Schema_Benchmark].[dbo].[LineOrder].[LO_Quantity]&gt;=(26) AND [Star_Schema_Benchmark].[dbo].[LineOrder].[LO_Quantity]&lt;=(35) AND PROBE([Bitmap1013],[Star_Schema_Benchmark].[dbo].[LineOrder].[LO_OrderDateKey],N'[IN ROW]')">
                                            <Logical Operation="AND">
                                              <ScalarOperator>
                                                <Logical Operation="AND">
                                                  <ScalarOperator>
                                                    <Compare CompareOp="GE">
                                                      <ScalarOperator>
                                                        <Identifier>
                                                          <ColumnReference Database="[Star_Schema_Benchmark]" Schema="[dbo]" Table="[LineOrder]" Column="LO_Discount" />
                                                        </Identifier>
                                                      </ScalarOperator>
                                                      <ScalarOperator>
                                                        <Const ConstValue="(5.)" />
                                                      </ScalarOperator>
                                                    </Compare>
                                                  </ScalarOperator>
                                                  <ScalarOperator>
                                                    <Compare CompareOp="LE">
                                                      <ScalarOperator>
                                                        <Identifier>
                                                          <ColumnReference Database="[Star_Schema_Benchmark]" Schema="[dbo]" Table="[LineOrder]" Column="LO_Discount" />
                                                        </Identifier>
                                                      </ScalarOperator>
                                                      <ScalarOperator>
                                                        <Const ConstValue="(7.)" />
                                                      </ScalarOperator>
                                                    </Compare>
                                                  </ScalarOperator>
                                                  <ScalarOperator>
                                                    <Compare CompareOp="GE">
                                                      <ScalarOperator>
                                                        <Identifier>
                                                          <ColumnReference Database="[Star_Schema_Benchmark]" Schema="[dbo]" Table="[LineOrder]" Column="LO_Quantity" />
                                                        </Identifier>
                                                      </ScalarOperator>
                                                      <ScalarOperator>
                                                        <Const ConstValue="(26)" />
                                                      </ScalarOperator>
                                                    </Compare>
                                                  </ScalarOperator>
                                                  <ScalarOperator>
                                                    <Compare CompareOp="LE">
                                                      <ScalarOperator>
                                                        <Identifier>
                                                          <ColumnReference Database="[Star_Schema_Benchmark]" Schema="[dbo]" Table="[LineOrder]" Column="LO_Quantity" />
                                                        </Identifier>
                                                      </ScalarOperator>
                                                      <ScalarOperator>
                                                        <Const ConstValue="(35)" />
                                                      </ScalarOperator>
                                                    </Compare>
                                                  </ScalarOperator>
                                                </Logical>
                                              </ScalarOperator>
                                              <ScalarOperator>
                                                <Intrinsic FunctionName="PROBE">
                                                  <ScalarOperator>
                                                    <Identifier>
                                                      <ColumnReference Column="Bitmap1013" />
                                                    </Identifier>
                                                  </ScalarOperator>
                                                  <ScalarOperator>
                                                    <Identifier>
                                                      <ColumnReference Database="[Star_Schema_Benchmark]" Schema="[dbo]" Table="[LineOrder]" Column="LO_OrderDateKey" />
                                                    </Identifier>
                                                  </ScalarOperator>
                                                  <ScalarOperator>
                                                    <Const ConstValue="N'[IN ROW]'" />
                                                  </ScalarOperator>
                                                </Intrinsic>
                                              </ScalarOperator>
                                            </Logical>
                                          </ScalarOperator>
                                        </Predicate>
                                      </IndexScan>
                                    </RelOp>
                                  </ComputeScalar>
                                </RelOp>
                              </Hash>
                            </RelOp>
                          </StreamAggregate>
                        </RelOp>
                      </Parallelism>
                    </RelOp>
                  </StreamAggregate>
                </RelOp>
              </ComputeScalar>
            </RelOp>
          </QueryPlan>
        </StmtSimple>
      </Statements>
    </Batch>
    <Batch>
      <Statements>
        <StmtSimple StatementCompId="4" StatementEstRows="2780.37" StatementId="4" StatementOptmLevel="FULL" StatementSubTreeCost="1147.58" StatementText="select sum(lo_revenue), d_year, p_brand&#xD;&#xA;from lineorder, [date], part, supplier&#xD;&#xA;where lo_orderdatekey =  d_datekey&#xD;&#xA;and lo_partkey = p_partkey&#xD;&#xA;and lo_suppkey = s_suppkey&#xD;&#xA;and p_category = 'MFGR#12'&#xD;&#xA;and s_region = 'AMERICA'&#xD;&#xA;group by d_year, p_brand&#xD;&#xA;order by d_year, p_brand;&#xD;&#xA;&#xD;&#xA;--Q2.2&#xD;" StatementType="SELECT" QueryHash="0x6BC37AC1CA0851EB" QueryPlanHash="0x267B474FC97B34C9">
          <StatementSetOptions ANSI_NULLS="true" ANSI_PADDING="true" ANSI_WARNINGS="true" ARITHABORT="true" CONCAT_NULL_YIELDS_NULL="true" NUMERIC_ROUNDABORT="false" QUOTED_IDENTIFIER="true" />
          <QueryPlan DegreeOfParallelism="4" MemoryGrant="108416" CachedPlanSize="136" CompileTime="58" CompileCPU="58" CompileMemory="1568">
            <MissingIndexes>
              <MissingIndexGroup Impact="87.046">
                <MissingIndex Database="[Star_Schema_Benchmark]" Schema="[dbo]" Table="[LineOrder]">
                  <ColumnGroup Usage="EQUALITY">
                    <Column Name="[LO_PartKey]" ColumnId="4" />
                  </ColumnGroup>
                  <ColumnGroup Usage="INCLUDE">
                    <Column Name="[LO_SuppKey]" ColumnId="5" />
                    <Column Name="[LO_OrderDateKey]" ColumnId="6" />
                    <Column Name="[LO_Revenue]" ColumnId="13" />
                  </ColumnGroup>
                </MissingIndex>
              </MissingIndexGroup>
            </MissingIndexes>
            <RelOp AvgRowSize="35" EstimateCPU="0.000278037" EstimateIO="0" EstimateRebinds="0" EstimateRewinds="0" EstimateRows="2780.37" LogicalOp="Compute Scalar" NodeId="1" Parallel="false" PhysicalOp="Compute Scalar" EstimatedTotalSubtreeCost="1147.58">
              <OutputList>
                <ColumnReference Database="[Star_Schema_Benchmark]" Schema="[dbo]" Table="[Date]" Column="D_Year" />
                <ColumnReference Database="[Star_Schema_Benchmark]" Schema="[dbo]" Table="[Part]" Column="P_Brand" />
                <ColumnReference Column="Expr1012" />
              </OutputList>
              <ComputeScalar>
                <DefinedValues>
                  <DefinedValue>
                    <ColumnReference Column="Expr1012" />
                    <ScalarOperator ScalarString="CASE WHEN [globalagg1014]=(0) THEN NULL ELSE [globalagg1016] END">
                      <IF>
                        <Condition>
                          <ScalarOperator>
                            <Compare CompareOp="EQ">
                              <ScalarOperator>
                                <Identifier>
                                  <ColumnReference Column="globalagg1014" />
                                </Identifier>
                              </ScalarOperator>
                              <ScalarOperator>
                                <Const ConstValue="(0)" />
                              </ScalarOperator>
                            </Compare>
                          </ScalarOperator>
                        </Condition>
                        <Then>
                          <ScalarOperator>
                            <Const ConstValue="NULL" />
                          </ScalarOperator>
                        </Then>
                        <Else>
                          <ScalarOperator>
                            <Identifier>
                              <ColumnReference Column="globalagg1016" />
                            </Identifier>
                          </ScalarOperator>
                        </Else>
                      </IF>
                    </ScalarOperator>
                  </DefinedValue>
                </DefinedValues>
                <RelOp AvgRowSize="43" EstimateCPU="0.0500902" EstimateIO="0" EstimateRebinds="0" EstimateRewinds="0" EstimateRows="2780.37" LogicalOp="Gather Streams" NodeId="2" Parallel="true" PhysicalOp="Parallelism" EstimatedTotalSubtreeCost="1147.58">
                  <OutputList>
                    <ColumnReference Database="[Star_Schema_Benchmark]" Schema="[dbo]" Table="[Date]" Column="D_Year" />
                    <ColumnReference Database="[Star_Schema_Benchmark]" Schema="[dbo]" Table="[Part]" Column="P_Brand" />
                    <ColumnReference Column="globalagg1014" />
                    <ColumnReference Column="globalagg1016" />
                  </OutputList>
                  <RunTimeInformation>
                    <RunTimeCountersPerThread Thread="0" ActualRows="280" ActualEndOfScans="1" ActualExecutions="1" />
                  </RunTimeInformation>
                  <Parallelism>
                    <OrderBy>
                      <OrderByColumn Ascending="true">
                        <ColumnReference Database="[Star_Schema_Benchmark]" Schema="[dbo]" Table="[Date]" Column="D_Year" />
                      </OrderByColumn>
                      <OrderByColumn Ascending="true">
                        <ColumnReference Database="[Star_Schema_Benchmark]" Schema="[dbo]" Table="[Part]" Column="P_Brand" />
                      </OrderByColumn>
                    </OrderBy>
                    <RelOp AvgRowSize="43" EstimateCPU="0.00236331" EstimateIO="0" EstimateRebinds="0" EstimateRewinds="0" EstimateRows="2780.37" LogicalOp="Aggregate" NodeId="3" Parallel="true" PhysicalOp="Stream Aggregate" EstimatedTotalSubtreeCost="1147.53">
                      <OutputList>
                        <ColumnReference Database="[Star_Schema_Benchmark]" Schema="[dbo]" Table="[Date]" Column="D_Year" />
                        <ColumnReference Database="[Star_Schema_Benchmark]" Schema="[dbo]" Table="[Part]" Column="P_Brand" />
                        <ColumnReference Column="globalagg1014" />
                        <ColumnReference Column="globalagg1016" />
                      </OutputList>
                      <RunTimeInformation>
                        <RunTimeCountersPerThread Thread="4" ActualRows="73" ActualEndOfScans="1" ActualExecutions="1" />
                        <RunTimeCountersPerThread Thread="3" ActualRows="68" ActualEndOfScans="1" ActualExecutions="1" />
                        <RunTimeCountersPerThread Thread="2" ActualRows="66" ActualEndOfScans="1" ActualExecutions="1" />
                        <RunTimeCountersPerThread Thread="1" ActualRows="73" ActualEndOfScans="1" ActualExecutions="1" />
                        <RunTimeCountersPerThread Thread="0" ActualRows="0" ActualEndOfScans="0" ActualExecutions="0" />
                      </RunTimeInformation>
                      <StreamAggregate>
                        <DefinedValues>
                          <DefinedValue>
                            <ColumnReference Column="globalagg1014" />
                            <ScalarOperator ScalarString="SUM([partialagg1013])">
                              <Aggregate AggType="SUM" Distinct="false">
                                <ScalarOperator>
                                  <Identifier>
                                    <ColumnReference Column="partialagg1013" />
                                  </Identifier>
                                </ScalarOperator>
                              </Aggregate>
                            </ScalarOperator>
                          </DefinedValue>
                          <DefinedValue>
                            <ColumnReference Column="globalagg1016" />
                            <ScalarOperator ScalarString="SUM([partialagg1015])">
                              <Aggregate AggType="SUM" Distinct="false">
                                <ScalarOperator>
                                  <Identifier>
                                    <ColumnReference Column="partialagg1015" />
                                  </Identifier>
                                </ScalarOperator>
                              </Aggregate>
                            </ScalarOperator>
                          </DefinedValue>
                        </DefinedValues>
                        <GroupBy>
                          <ColumnReference Database="[Star_Schema_Benchmark]" Schema="[dbo]" Table="[Date]" Column="D_Year" />
                          <ColumnReference Database="[Star_Schema_Benchmark]" Schema="[dbo]" Table="[Part]" Column="P_Brand" />
                        </GroupBy>
                        <RelOp AvgRowSize="43" EstimateCPU="0.0648122" EstimateIO="0.00563063" EstimateRebinds="0" EstimateRewinds="0" EstimateRows="5560.73" LogicalOp="Sort" NodeId="4" Parallel="true" PhysicalOp="Sort" EstimatedTotalSubtreeCost="1147.52">
                          <OutputList>
                            <ColumnReference Database="[Star_Schema_Benchmark]" Schema="[dbo]" Table="[Date]" Column="D_Year" />
                            <ColumnReference Database="[Star_Schema_Benchmark]" Schema="[dbo]" Table="[Part]" Column="P_Brand" />
                            <ColumnReference Column="partialagg1013" />
                            <ColumnReference Column="partialagg1015" />
                          </OutputList>
                          <MemoryFractions Input="0.0103157" Output="1" />
                          <RunTimeInformation>
                            <RunTimeCountersPerThread Thread="4" ActualRebinds="1" ActualRewinds="0" ActualRows="292" ActualEndOfScans="1" ActualExecutions="1" />
                            <RunTimeCountersPerThread Thread="3" ActualRebinds="1" ActualRewinds="0" ActualRows="272" ActualEndOfScans="1" ActualExecutions="1" />
                            <RunTimeCountersPerThread Thread="2" ActualRebinds="1" ActualRewinds="0" ActualRows="264" ActualEndOfScans="1" ActualExecutions="1" />
                            <RunTimeCountersPerThread Thread="1" ActualRebinds="1" ActualRewinds="0" ActualRows="292" ActualEndOfScans="1" ActualExecutions="1" />
                            <RunTimeCountersPerThread Thread="0" ActualRebinds="0" ActualRewinds="0" ActualRows="0" ActualEndOfScans="0" ActualExecutions="0" />
                          </RunTimeInformation>
                          <Sort Distinct="false">
                            <OrderBy>
                              <OrderByColumn Ascending="true">
                                <ColumnReference Database="[Star_Schema_Benchmark]" Schema="[dbo]" Table="[Date]" Column="D_Year" />
                              </OrderByColumn>
                              <OrderByColumn Ascending="true">
                                <ColumnReference Database="[Star_Schema_Benchmark]" Schema="[dbo]" Table="[Part]" Column="P_Brand" />
                              </OrderByColumn>
                            </OrderBy>
                            <RelOp AvgRowSize="43" EstimateCPU="0.0464396" EstimateIO="0" EstimateRebinds="0" EstimateRewinds="0" EstimateRows="5560.73" LogicalOp="Repartition Streams" NodeId="5" Parallel="true" PhysicalOp="Parallelism" EstimatedTotalSubtreeCost="1147.45">
                              <OutputList>
                                <ColumnReference Database="[Star_Schema_Benchmark]" Schema="[dbo]" Table="[Date]" Column="D_Year" />
                                <ColumnReference Database="[Star_Schema_Benchmark]" Schema="[dbo]" Table="[Part]" Column="P_Brand" />
                                <ColumnReference Column="partialagg1013" />
                                <ColumnReference Column="partialagg1015" />
                              </OutputList>
                              <RunTimeInformation>
                                <RunTimeCountersPerThread Thread="4" ActualRows="292" ActualEndOfScans="1" ActualExecutions="1" />
                                <RunTimeCountersPerThread Thread="3" ActualRows="272" ActualEndOfScans="1" ActualExecutions="1" />
                                <RunTimeCountersPerThread Thread="2" ActualRows="264" ActualEndOfScans="1" ActualExecutions="1" />
                                <RunTimeCountersPerThread Thread="1" ActualRows="292" ActualEndOfScans="1" ActualExecutions="1" />
                                <RunTimeCountersPerThread Thread="0" ActualRows="0" ActualEndOfScans="0" ActualExecutions="0" />
                              </RunTimeInformation>
                              <Parallelism PartitioningType="Hash">
                                <PartitionColumns>
                                  <ColumnReference Database="[Star_Schema_Benchmark]" Schema="[dbo]" Table="[Date]" Column="D_Year" />
                                  <ColumnReference Database="[Star_Schema_Benchmark]" Schema="[dbo]" Table="[Part]" Column="P_Brand" />
                                </PartitionColumns>
                                <RelOp AvgRowSize="43" EstimateCPU="1.50045" EstimateIO="0" EstimateRebinds="0" EstimateRewinds="0" EstimateRows="5560.73" LogicalOp="Partial Aggregate" NodeId="6" Parallel="true" PhysicalOp="Hash Match" EstimatedTotalSubtreeCost="1147.41">
                                  <OutputList>
                                    <ColumnReference Database="[Star_Schema_Benchmark]" Schema="[dbo]" Table="[Date]" Column="D_Year" />
                                    <ColumnReference Database="[Star_Schema_Benchmark]" Schema="[dbo]" Table="[Part]" Column="P_Brand" />
                                    <ColumnReference Column="partialagg1013" />
                                    <ColumnReference Column="partialagg1015" />
                                  </OutputList>
                                  <MemoryFractions Input="0" Output="0" />
                                  <RunTimeInformation>
                                    <RunTimeCountersPerThread Thread="4" ActualRows="280" ActualEndOfScans="1" ActualExecutions="1" />
                                    <RunTimeCountersPerThread Thread="1" ActualRows="280" ActualEndOfScans="1" ActualExecutions="1" />
                                    <RunTimeCountersPerThread Thread="2" ActualRows="280" ActualEndOfScans="1" ActualExecutions="1" />
                                    <RunTimeCountersPerThread Thread="3" ActualRows="280" ActualEndOfScans="1" ActualExecutions="1" />
                                    <RunTimeCountersPerThread Thread="0" ActualRows="0" ActualEndOfScans="0" ActualExecutions="0" />
                                  </RunTimeInformation>
                                  <Hash>
                                    <DefinedValues>
                                      <DefinedValue>
                                        <ColumnReference Column="partialagg1013" />
                                        <ScalarOperator ScalarString="COUNT_BIG([Star_Schema_Benchmark].[dbo].[LineOrder].[LO_Revenue])">
                                          <Aggregate AggType="COUNT_BIG" Distinct="false">
                                            <ScalarOperator>
                                              <Identifier>
                                                <ColumnReference Database="[Star_Schema_Benchmark]" Schema="[dbo]" Table="[LineOrder]" Column="LO_Revenue" />
                                              </Identifier>
                                            </ScalarOperator>
                                          </Aggregate>
                                        </ScalarOperator>
                                      </DefinedValue>
                                      <DefinedValue>
                                        <ColumnReference Column="partialagg1015" />
                                        <ScalarOperator ScalarString="SUM([Star_Schema_Benchmark].[dbo].[LineOrder].[LO_Revenue])">
                                          <Aggregate AggType="SUM" Distinct="false">
                                            <ScalarOperator>
                                              <Identifier>
                                                <ColumnReference Database="[Star_Schema_Benchmark]" Schema="[dbo]" Table="[LineOrder]" Column="LO_Revenue" />
                                              </Identifier>
                                            </ScalarOperator>
                                          </Aggregate>
                                        </ScalarOperator>
                                      </DefinedValue>
                                    </DefinedValues>
                                    <HashKeysBuild>
                                      <ColumnReference Database="[Star_Schema_Benchmark]" Schema="[dbo]" Table="[Date]" Column="D_Year" />
                                      <ColumnReference Database="[Star_Schema_Benchmark]" Schema="[dbo]" Table="[Part]" Column="P_Brand" />
                                    </HashKeysBuild>
                                    <BuildResidual>
                                      <ScalarOperator ScalarString="[Star_Schema_Benchmark].[dbo].[Date].[D_Year] = [Star_Schema_Benchmark].[dbo].[Date].[D_Year] AND [Star_Schema_Benchmark].[dbo].[Part].[P_Brand] = [Star_Schema_Benchmark].[dbo].[Part].[P_Brand]">
                                        <Logical Operation="AND">
                                          <ScalarOperator>
                                            <Compare CompareOp="IS">
                                              <ScalarOperator>
                                                <Identifier>
                                                  <ColumnReference Database="[Star_Schema_Benchmark]" Schema="[dbo]" Table="[Date]" Column="D_Year" />
                                                </Identifier>
                                              </ScalarOperator>
                                              <ScalarOperator>
                                                <Identifier>
                                                  <ColumnReference Database="[Star_Schema_Benchmark]" Schema="[dbo]" Table="[Date]" Column="D_Year" />
                                                </Identifier>
                                              </ScalarOperator>
                                            </Compare>
                                          </ScalarOperator>
                                          <ScalarOperator>
                                            <Compare CompareOp="IS">
                                              <ScalarOperator>
                                                <Identifier>
                                                  <ColumnReference Database="[Star_Schema_Benchmark]" Schema="[dbo]" Table="[Part]" Column="P_Brand" />
                                                </Identifier>
                                              </ScalarOperator>
                                              <ScalarOperator>
                                                <Identifier>
                                                  <ColumnReference Database="[Star_Schema_Benchmark]" Schema="[dbo]" Table="[Part]" Column="P_Brand" />
                                                </Identifier>
                                              </ScalarOperator>
                                            </Compare>
                                          </ScalarOperator>
                                        </Logical>
                                      </ScalarOperator>
                                    </BuildResidual>
                                    <RelOp AvgRowSize="27" EstimateCPU="2.08585" EstimateIO="0" EstimateRebinds="0" EstimateRewinds="0" EstimateRows="410948" LogicalOp="Inner Join" NodeId="7" Parallel="true" PhysicalOp="Hash Match" EstimatedTotalSubtreeCost="1145.91">
                                      <OutputList>
                                        <ColumnReference Database="[Star_Schema_Benchmark]" Schema="[dbo]" Table="[LineOrder]" Column="LO_Revenue" />
                                        <ColumnReference Database="[Star_Schema_Benchmark]" Schema="[dbo]" Table="[Date]" Column="D_Year" />
                                        <ColumnReference Database="[Star_Schema_Benchmark]" Schema="[dbo]" Table="[Part]" Column="P_Brand" />
                                      </OutputList>
                                      <MemoryFractions Input="0.0225537" Output="0.022321" />
                                      <RunTimeInformation>
                                        <RunTimeCountersPerThread Thread="4" ActualRows="123567" ActualEndOfScans="1" ActualExecutions="1" />
                                        <RunTimeCountersPerThread Thread="2" ActualRows="122052" ActualEndOfScans="1" ActualExecutions="1" />
                                        <RunTimeCountersPerThread Thread="1" ActualRows="124584" ActualEndOfScans="1" ActualExecutions="1" />
                                        <RunTimeCountersPerThread Thread="3" ActualRows="120704" ActualEndOfScans="1" ActualExecutions="1" />
                                        <RunTimeCountersPerThread Thread="0" ActualRows="0" ActualEndOfScans="0" ActualExecutions="0" />
                                      </RunTimeInformation>
                                      <Hash>
                                        <DefinedValues />
                                        <HashKeysBuild>
                                          <ColumnReference Database="[Star_Schema_Benchmark]" Schema="[dbo]" Table="[Date]" Column="D_DateKey" />
                                        </HashKeysBuild>
                                        <HashKeysProbe>
                                          <ColumnReference Database="[Star_Schema_Benchmark]" Schema="[dbo]" Table="[LineOrder]" Column="LO_OrderDateKey" />
                                        </HashKeysProbe>
                                        <ProbeResidual>
                                          <ScalarOperator ScalarString="[Star_Schema_Benchmark].[dbo].[LineOrder].[LO_OrderDateKey]=[Star_Schema_Benchmark].[dbo].[Date].[D_DateKey]">
                                            <Compare CompareOp="EQ">
                                              <ScalarOperator>
                                                <Identifier>
                                                  <ColumnReference Database="[Star_Schema_Benchmark]" Schema="[dbo]" Table="[LineOrder]" Column="LO_OrderDateKey" />
                                                </Identifier>
                                              </ScalarOperator>
                                              <ScalarOperator>
                                                <Identifier>
                                                  <ColumnReference Database="[Star_Schema_Benchmark]" Schema="[dbo]" Table="[Date]" Column="D_DateKey" />
                                                </Identifier>
                                              </ScalarOperator>
                                            </Compare>
                                          </ScalarOperator>
                                        </ProbeResidual>
                                        <RelOp AvgRowSize="17" EstimateCPU="0.0329618" EstimateIO="0" EstimateRebinds="0" EstimateRewinds="0" EstimateRows="2556" LogicalOp="Repartition Streams" NodeId="8" Parallel="true" PhysicalOp="Parallelism" EstimatedTotalSubtreeCost="0.0575711">
                                          <OutputList>
                                            <ColumnReference Database="[Star_Schema_Benchmark]" Schema="[dbo]" Table="[Date]" Column="D_DateKey" />
                                            <ColumnReference Database="[Star_Schema_Benchmark]" Schema="[dbo]" Table="[Date]" Column="D_Year" />
                                          </OutputList>
                                          <RunTimeInformation>
                                            <RunTimeCountersPerThread Thread="4" ActualRows="646" ActualEndOfScans="1" ActualExecutions="1" />
                                            <RunTimeCountersPerThread Thread="2" ActualRows="634" ActualEndOfScans="1" ActualExecutions="1" />
                                            <RunTimeCountersPerThread Thread="3" ActualRows="622" ActualEndOfScans="1" ActualExecutions="1" />
                                            <RunTimeCountersPerThread Thread="1" ActualRows="654" ActualEndOfScans="1" ActualExecutions="1" />
                                            <RunTimeCountersPerThread Thread="0" ActualRows="0" ActualEndOfScans="0" ActualExecutions="0" />
                                          </RunTimeInformation>
                                          <Parallelism PartitioningType="Hash">
                                            <PartitionColumns>
                                              <ColumnReference Database="[Star_Schema_Benchmark]" Schema="[dbo]" Table="[Date]" Column="D_DateKey" />
                                            </PartitionColumns>
                                            <RelOp AvgRowSize="17" EstimateCPU="0.0014843" EstimateIO="0.023125" EstimateRebinds="0" EstimateRewinds="0" EstimateRows="2556" LogicalOp="Clustered Index Scan" NodeId="9" Parallel="true" PhysicalOp="Clustered Index Scan" EstimatedTotalSubtreeCost="0.0246093" TableCardinality="2556">
                                              <OutputList>
                                                <ColumnReference Database="[Star_Schema_Benchmark]" Schema="[dbo]" Table="[Date]" Column="D_DateKey" />
                                                <ColumnReference Database="[Star_Schema_Benchmark]" Schema="[dbo]" Table="[Date]" Column="D_Year" />
                                              </OutputList>
                                              <RunTimeInformation>
                                                <RunTimeCountersPerThread Thread="4" ActualRows="416" ActualEndOfScans="1" ActualExecutions="1" />
                                                <RunTimeCountersPerThread Thread="3" ActualRows="744" ActualEndOfScans="1" ActualExecutions="1" />
                                                <RunTimeCountersPerThread Thread="2" ActualRows="652" ActualEndOfScans="1" ActualExecutions="1" />
                                                <RunTimeCountersPerThread Thread="1" ActualRows="744" ActualEndOfScans="1" ActualExecutions="1" />
                                                <RunTimeCountersPerThread Thread="0" ActualRows="0" ActualEndOfScans="0" ActualExecutions="0" />
                                              </RunTimeInformation>
                                              <IndexScan Ordered="false" ForcedIndex="false" NoExpandHint="false">
                                                <DefinedValues>
                                                  <DefinedValue>
                                                    <ColumnReference Database="[Star_Schema_Benchmark]" Schema="[dbo]" Table="[Date]" Column="D_DateKey" />
                                                  </DefinedValue>
                                                  <DefinedValue>
                                                    <ColumnReference Database="[Star_Schema_Benchmark]" Schema="[dbo]" Table="[Date]" Column="D_Year" />
                                                  </DefinedValue>
                                                </DefinedValues>
                                                <Object Database="[Star_Schema_Benchmark]" Schema="[dbo]" Table="[Date]" Index="[PK_Date]" IndexKind="Clustered" />
                                              </IndexScan>
                                            </RelOp>
                                          </Parallelism>
                                        </RelOp>
                                        <RelOp AvgRowSize="33" EstimateCPU="1.26697" EstimateIO="0" EstimateRebinds="0" EstimateRewinds="0" EstimateRows="487756" LogicalOp="Repartition Streams" NodeId="10" Parallel="true" PhysicalOp="Parallelism" EstimatedTotalSubtreeCost="1143.76">
                                          <OutputList>
                                            <ColumnReference Database="[Star_Schema_Benchmark]" Schema="[dbo]" Table="[LineOrder]" Column="LO_OrderDateKey" />
                                            <ColumnReference Database="[Star_Schema_Benchmark]" Schema="[dbo]" Table="[LineOrder]" Column="LO_Revenue" />
                                            <ColumnReference Database="[Star_Schema_Benchmark]" Schema="[dbo]" Table="[Part]" Column="P_Brand" />
                                          </OutputList>
                                          <RunTimeInformation>
                                            <RunTimeCountersPerThread Thread="4" ActualRows="123567" ActualEndOfScans="1" ActualExecutions="1" />
                                            <RunTimeCountersPerThread Thread="2" ActualRows="122052" ActualEndOfScans="1" ActualExecutions="1" />
                                            <RunTimeCountersPerThread Thread="1" ActualRows="124584" ActualEndOfScans="1" ActualExecutions="1" />
                                            <RunTimeCountersPerThread Thread="3" ActualRows="120704" ActualEndOfScans="1" ActualExecutions="1" />
                                            <RunTimeCountersPerThread Thread="0" ActualRows="0" ActualEndOfScans="0" ActualExecutions="0" />
                                          </RunTimeInformation>
                                          <Parallelism PartitioningType="Hash">
                                            <PartitionColumns>
                                              <ColumnReference Database="[Star_Schema_Benchmark]" Schema="[dbo]" Table="[LineOrder]" Column="LO_OrderDateKey" />
                                            </PartitionColumns>
                                            <RelOp AvgRowSize="33" EstimateCPU="5.85143" EstimateIO="0" EstimateRebinds="0" EstimateRewinds="0" EstimateRows="487756" LogicalOp="Inner Join" NodeId="11" Parallel="true" PhysicalOp="Hash Match" EstimatedTotalSubtreeCost="1142.5">
                                              <OutputList>
                                                <ColumnReference Database="[Star_Schema_Benchmark]" Schema="[dbo]" Table="[LineOrder]" Column="LO_OrderDateKey" />
                                                <ColumnReference Database="[Star_Schema_Benchmark]" Schema="[dbo]" Table="[LineOrder]" Column="LO_Revenue" />
                                                <ColumnReference Database="[Star_Schema_Benchmark]" Schema="[dbo]" Table="[Part]" Column="P_Brand" />
                                              </OutputList>
                                              <MemoryFractions Input="0.0637973" Output="0.0631392" />
                                              <RunTimeInformation>
                                                <RunTimeCountersPerThread Thread="3" ActualRows="117816" ActualEndOfScans="1" ActualExecutions="1" />
                                                <RunTimeCountersPerThread Thread="4" ActualRows="126298" ActualEndOfScans="1" ActualExecutions="1" />
                                                <RunTimeCountersPerThread Thread="1" ActualRows="117255" ActualEndOfScans="1" ActualExecutions="1" />
                                                <RunTimeCountersPerThread Thread="2" ActualRows="129538" ActualEndOfScans="1" ActualExecutions="1" />
                                                <RunTimeCountersPerThread Thread="0" ActualRows="0" ActualEndOfScans="0" ActualExecutions="0" />
                                              </RunTimeInformation>
                                              <Hash>
                                                <DefinedValues />
                                                <HashKeysBuild>
                                                  <ColumnReference Database="[Star_Schema_Benchmark]" Schema="[dbo]" Table="[Supplier]" Column="S_SuppKey" />
                                                </HashKeysBuild>
                                                <HashKeysProbe>
                                                  <ColumnReference Database="[Star_Schema_Benchmark]" Schema="[dbo]" Table="[LineOrder]" Column="LO_SuppKey" />
                                                </HashKeysProbe>
                                                <RelOp AvgRowSize="11" EstimateCPU="0.0334147" EstimateIO="0" EstimateRebinds="0" EstimateRewinds="0" EstimateRows="4102" LogicalOp="Bitmap Create" NodeId="12" Parallel="true" PhysicalOp="Bitmap" EstimatedTotalSubtreeCost="0.252418">
                                                  <OutputList>
                                                    <ColumnReference Database="[Star_Schema_Benchmark]" Schema="[dbo]" Table="[Supplier]" Column="S_SuppKey" />
                                                  </OutputList>
                                                  <RunTimeInformation>
                                                    <RunTimeCountersPerThread Thread="4" ActualRows="1054" ActualEndOfScans="1" ActualExecutions="1" />
                                                    <RunTimeCountersPerThread Thread="1" ActualRows="976" ActualEndOfScans="1" ActualExecutions="1" />
                                                    <RunTimeCountersPerThread Thread="3" ActualRows="987" ActualEndOfScans="1" ActualExecutions="1" />
                                                    <RunTimeCountersPerThread Thread="2" ActualRows="1085" ActualEndOfScans="1" ActualExecutions="1" />
                                                    <RunTimeCountersPerThread Thread="0" ActualRows="0" ActualEndOfScans="0" ActualExecutions="0" />
                                                  </RunTimeInformation>
                                                  <Bitmap>
                                                    <DefinedValues>
                                                      <DefinedValue>
                                                        <ColumnReference Column="Bitmap1019" />
                                                      </DefinedValue>
                                                    </DefinedValues>
                                                    <HashKeys>
                                                      <ColumnReference Database="[Star_Schema_Benchmark]" Schema="[dbo]" Table="[Supplier]" Column="S_SuppKey" />
                                                    </HashKeys>
                                                    <RelOp AvgRowSize="11" EstimateCPU="0.0334147" EstimateIO="0" EstimateRebinds="0" EstimateRewinds="0" EstimateRows="4102" LogicalOp="Repartition Streams" NodeId="13" Parallel="true" PhysicalOp="Parallelism" EstimatedTotalSubtreeCost="0.252418">
                                                      <OutputList>
                                                        <ColumnReference Database="[Star_Schema_Benchmark]" Schema="[dbo]" Table="[Supplier]" Column="S_SuppKey" />
                                                      </OutputList>
                                                      <RunTimeInformation>
                                                        <RunTimeCountersPerThread Thread="4" ActualRows="1054" ActualEndOfScans="1" ActualExecutions="1" />
                                                        <RunTimeCountersPerThread Thread="3" ActualRows="987" ActualEndOfScans="1" ActualExecutions="1" />
                                                        <RunTimeCountersPerThread Thread="2" ActualRows="1085" ActualEndOfScans="1" ActualExecutions="1" />
                                                        <RunTimeCountersPerThread Thread="1" ActualRows="976" ActualEndOfScans="1" ActualExecutions="1" />
                                                        <RunTimeCountersPerThread Thread="0" ActualRows="0" ActualEndOfScans="0" ActualExecutions="0" />
                                                      </RunTimeInformation>
                                                      <Parallelism PartitioningType="Hash">
                                                        <PartitionColumns>
                                                          <ColumnReference Database="[Star_Schema_Benchmark]" Schema="[dbo]" Table="[Supplier]" Column="S_SuppKey" />
                                                        </PartitionColumns>
                                                        <RelOp AvgRowSize="23" EstimateCPU="0.0110785" EstimateIO="0.203125" EstimateRebinds="0" EstimateRewinds="0" EstimateRows="4102" LogicalOp="Clustered Index Scan" NodeId="14" Parallel="true" PhysicalOp="Clustered Index Scan" EstimatedTotalSubtreeCost="0.214203" TableCardinality="20000">
                                                          <OutputList>
                                                            <ColumnReference Database="[Star_Schema_Benchmark]" Schema="[dbo]" Table="[Supplier]" Column="S_SuppKey" />
                                                          </OutputList>
                                                          <RunTimeInformation>
                                                            <RunTimeCountersPerThread Thread="4" ActualRows="977" ActualEndOfScans="1" ActualExecutions="1" />
                                                            <RunTimeCountersPerThread Thread="3" ActualRows="1062" ActualEndOfScans="1" ActualExecutions="1" />
                                                            <RunTimeCountersPerThread Thread="1" ActualRows="1040" ActualEndOfScans="1" ActualExecutions="1" />
                                                            <RunTimeCountersPerThread Thread="2" ActualRows="1023" ActualEndOfScans="1" ActualExecutions="1" />
                                                            <RunTimeCountersPerThread Thread="0" ActualRows="0" ActualEndOfScans="0" ActualExecutions="0" />
                                                          </RunTimeInformation>
                                                          <IndexScan Ordered="false" ForcedIndex="false" NoExpandHint="false">
                                                            <DefinedValues>
                                                              <DefinedValue>
                                                                <ColumnReference Database="[Star_Schema_Benchmark]" Schema="[dbo]" Table="[Supplier]" Column="S_SuppKey" />
                                                              </DefinedValue>
                                                            </DefinedValues>
                                                            <Object Database="[Star_Schema_Benchmark]" Schema="[dbo]" Table="[Supplier]" Index="[PK_Supplier]" IndexKind="Clustered" />
                                                            <Predicate>
                                                              <ScalarOperator ScalarString="[Star_Schema_Benchmark].[dbo].[Supplier].[S_Region]='AMERICA'">
                                                                <Compare CompareOp="EQ">
                                                                  <ScalarOperator>
                                                                    <Identifier>
                                                                      <ColumnReference Database="[Star_Schema_Benchmark]" Schema="[dbo]" Table="[Supplier]" Column="S_Region" />
                                                                    </Identifier>
                                                                  </ScalarOperator>
                                                                  <ScalarOperator>
                                                                    <Const ConstValue="'AMERICA'" />
                                                                  </ScalarOperator>
                                                                </Compare>
                                                              </ScalarOperator>
                                                            </Predicate>
                                                          </IndexScan>
                                                        </RelOp>
                                                      </Parallelism>
                                                    </RelOp>
                                                  </Bitmap>
                                                </RelOp>
                                                <RelOp AvgRowSize="37" EstimateCPU="6.73404" EstimateIO="0" EstimateRebinds="0" EstimateRewinds="0" EstimateRows="2378170" LogicalOp="Repartition Streams" NodeId="15" Parallel="true" PhysicalOp="Parallelism" EstimatedTotalSubtreeCost="1136.39">
                                                  <OutputList>
                                                    <ColumnReference Database="[Star_Schema_Benchmark]" Schema="[dbo]" Table="[LineOrder]" Column="LO_SuppKey" />
                                                    <ColumnReference Database="[Star_Schema_Benchmark]" Schema="[dbo]" Table="[LineOrder]" Column="LO_OrderDateKey" />
                                                    <ColumnReference Database="[Star_Schema_Benchmark]" Schema="[dbo]" Table="[LineOrder]" Column="LO_Revenue" />
                                                    <ColumnReference Database="[Star_Schema_Benchmark]" Schema="[dbo]" Table="[Part]" Column="P_Brand" />
                                                  </OutputList>
                                                  <RunTimeInformation>
                                                    <RunTimeCountersPerThread Thread="4" ActualRows="126298" ActualEndOfScans="1" ActualExecutions="1" />
                                                    <RunTimeCountersPerThread Thread="2" ActualRows="129538" ActualEndOfScans="1" ActualExecutions="1" />
                                                    <RunTimeCountersPerThread Thread="3" ActualRows="117947" ActualEndOfScans="1" ActualExecutions="1" />
                                                    <RunTimeCountersPerThread Thread="1" ActualRows="117255" ActualEndOfScans="1" ActualExecutions="1" />
                                                    <RunTimeCountersPerThread Thread="0" ActualRows="0" ActualEndOfScans="0" ActualExecutions="0" />
                                                  </RunTimeInformation>
                                                  <Parallelism PartitioningType="Hash">
                                                    <PartitionColumns>
                                                      <ColumnReference Database="[Star_Schema_Benchmark]" Schema="[dbo]" Table="[LineOrder]" Column="LO_SuppKey" />
                                                    </PartitionColumns>
                                                    <Predicate>
                                                      <ScalarOperator ScalarString="PROBE([Bitmap1019],[Star_Schema_Benchmark].[dbo].[LineOrder].[LO_SuppKey])">
                                                        <Intrinsic FunctionName="PROBE">
                                                          <ScalarOperator>
                                                            <Identifier>
                                                              <ColumnReference Column="Bitmap1019" />
                                                            </Identifier>
                                                          </ScalarOperator>
                                                          <ScalarOperator>
                                                            <Identifier>
                                                              <ColumnReference Database="[Star_Schema_Benchmark]" Schema="[dbo]" Table="[LineOrder]" Column="LO_SuppKey" />
                                                            </Identifier>
                                                          </ScalarOperator>
                                                        </Intrinsic>
                                                      </ScalarOperator>
                                                    </Predicate>
                                                    <RelOp AvgRowSize="37" EstimateCPU="198.996" EstimateIO="0" EstimateRebinds="0" EstimateRewinds="0" EstimateRows="2378170" LogicalOp="Inner Join" NodeId="16" Parallel="true" PhysicalOp="Hash Match" EstimatedTotalSubtreeCost="1129.66">
                                                      <OutputList>
                                                        <ColumnReference Database="[Star_Schema_Benchmark]" Schema="[dbo]" Table="[LineOrder]" Column="LO_SuppKey" />
                                                        <ColumnReference Database="[Star_Schema_Benchmark]" Schema="[dbo]" Table="[LineOrder]" Column="LO_OrderDateKey" />
                                                        <ColumnReference Database="[Star_Schema_Benchmark]" Schema="[dbo]" Table="[LineOrder]" Column="LO_Revenue" />
                                                        <ColumnReference Database="[Star_Schema_Benchmark]" Schema="[dbo]" Table="[Part]" Column="P_Brand" />
                                                      </OutputList>
                                                      <MemoryFractions Input="0.913649" Output="0.904224" />
                                                      <RunTimeInformation>
                                                        <RunTimeCountersPerThread Thread="4" ActualRows="603193" ActualEndOfScans="1" ActualExecutions="1" />
                                                        <RunTimeCountersPerThread Thread="3" ActualRows="590427" ActualEndOfScans="1" ActualExecutions="1" />
                                                        <RunTimeCountersPerThread Thread="2" ActualRows="601905" ActualEndOfScans="1" ActualExecutions="1" />
                                                        <RunTimeCountersPerThread Thread="1" ActualRows="599437" ActualEndOfScans="1" ActualExecutions="1" />
                                                        <RunTimeCountersPerThread Thread="0" ActualRows="0" ActualEndOfScans="0" ActualExecutions="0" />
                                                      </RunTimeInformation>
                                                      <Hash>
                                                        <DefinedValues />
                                                        <HashKeysBuild>
                                                          <ColumnReference Database="[Star_Schema_Benchmark]" Schema="[dbo]" Table="[Part]" Column="P_PartKey" />
                                                        </HashKeysBuild>
                                                        <HashKeysProbe>
                                                          <ColumnReference Database="[Star_Schema_Benchmark]" Schema="[dbo]" Table="[LineOrder]" Column="LO_PartKey" />
                                                        </HashKeysProbe>
                                                        <ProbeResidual>
                                                          <ScalarOperator ScalarString="[Star_Schema_Benchmark].[dbo].[LineOrder].[LO_PartKey]=[Star_Schema_Benchmark].[dbo].[Part].[P_PartKey]">
                                                            <Compare CompareOp="EQ">
                                                              <ScalarOperator>
                                                                <Identifier>
                                                                  <ColumnReference Database="[Star_Schema_Benchmark]" Schema="[dbo]" Table="[LineOrder]" Column="LO_PartKey" />
                                                                </Identifier>
                                                              </ScalarOperator>
                                                              <ScalarOperator>
                                                                <Identifier>
                                                                  <ColumnReference Database="[Star_Schema_Benchmark]" Schema="[dbo]" Table="[Part]" Column="P_PartKey" />
                                                                </Identifier>
                                                              </ScalarOperator>
                                                            </Compare>
                                                          </ScalarOperator>
                                                        </ProbeResidual>
                                                        <RelOp AvgRowSize="24" EstimateCPU="0.0916648" EstimateIO="0" EstimateRebinds="0" EstimateRewinds="0" EstimateRows="31787" LogicalOp="Bitmap Create" NodeId="17" Parallel="true" PhysicalOp="Bitmap" EstimatedTotalSubtreeCost="7.94983">
                                                          <OutputList>
                                                            <ColumnReference Database="[Star_Schema_Benchmark]" Schema="[dbo]" Table="[Part]" Column="P_PartKey" />
                                                            <ColumnReference Database="[Star_Schema_Benchmark]" Schema="[dbo]" Table="[Part]" Column="P_Brand" />
                                                          </OutputList>
                                                          <RunTimeInformation>
                                                            <RunTimeCountersPerThread Thread="2" ActualRows="7981" ActualEndOfScans="1" ActualExecutions="1" />
                                                            <RunTimeCountersPerThread Thread="1" ActualRows="7984" ActualEndOfScans="1" ActualExecutions="1" />
                                                            <RunTimeCountersPerThread Thread="3" ActualRows="7920" ActualEndOfScans="1" ActualExecutions="1" />
                                                            <RunTimeCountersPerThread Thread="4" ActualRows="7997" ActualEndOfScans="1" ActualExecutions="1" />
                                                            <RunTimeCountersPerThread Thread="0" ActualRows="0" ActualEndOfScans="0" ActualExecutions="0" />
                                                          </RunTimeInformation>
                                                          <Bitmap>
                                                            <DefinedValues>
                                                              <DefinedValue>
                                                                <ColumnReference Column="Bitmap1018" />
                                                              </DefinedValue>
                                                            </DefinedValues>
                                                            <HashKeys>
                                                              <ColumnReference Database="[Star_Schema_Benchmark]" Schema="[dbo]" Table="[Part]" Column="P_PartKey" />
                                                            </HashKeys>
                                                            <RelOp AvgRowSize="24" EstimateCPU="0.0916648" EstimateIO="0" EstimateRebinds="0" EstimateRewinds="0" EstimateRows="31787" LogicalOp="Repartition Streams" NodeId="18" Parallel="true" PhysicalOp="Parallelism" EstimatedTotalSubtreeCost="7.94983">
                                                              <OutputList>
                                                                <ColumnReference Database="[Star_Schema_Benchmark]" Schema="[dbo]" Table="[Part]" Column="P_PartKey" />
                                                                <ColumnReference Database="[Star_Schema_Benchmark]" Schema="[dbo]" Table="[Part]" Column="P_Brand" />
                                                              </OutputList>
                                                              <RunTimeInformation>
                                                                <RunTimeCountersPerThread Thread="4" ActualRows="7997" ActualEndOfScans="1" ActualExecutions="1" />
                                                                <RunTimeCountersPerThread Thread="2" ActualRows="7981" ActualEndOfScans="1" ActualExecutions="1" />
                                                                <RunTimeCountersPerThread Thread="3" ActualRows="7920" ActualEndOfScans="1" ActualExecutions="1" />
                                                                <RunTimeCountersPerThread Thread="1" ActualRows="7984" ActualEndOfScans="1" ActualExecutions="1" />
                                                                <RunTimeCountersPerThread Thread="0" ActualRows="0" ActualEndOfScans="0" ActualExecutions="0" />
                                                              </RunTimeInformation>
                                                              <Parallelism PartitioningType="Hash">
                                                                <PartitionColumns>
                                                                  <ColumnReference Database="[Star_Schema_Benchmark]" Schema="[dbo]" Table="[Part]" Column="P_PartKey" />
                                                                </PartitionColumns>
                                                                <RelOp AvgRowSize="31" EstimateCPU="0.440078" EstimateIO="7.22609" EstimateRebinds="0" EstimateRewinds="0" EstimateRows="31787" LogicalOp="Clustered Index Scan" NodeId="19" Parallel="true" PhysicalOp="Clustered Index Scan" EstimatedTotalSubtreeCost="7.66617" TableCardinality="800000">
                                                                  <OutputList>
                                                                    <ColumnReference Database="[Star_Schema_Benchmark]" Schema="[dbo]" Table="[Part]" Column="P_PartKey" />
                                                                    <ColumnReference Database="[Star_Schema_Benchmark]" Schema="[dbo]" Table="[Part]" Column="P_Brand" />
                                                                  </OutputList>
                                                                  <RunTimeInformation>
                                                                    <RunTimeCountersPerThread Thread="4" ActualRows="8335" ActualEndOfScans="1" ActualExecutions="1" />
                                                                    <RunTimeCountersPerThread Thread="1" ActualRows="7854" ActualEndOfScans="1" ActualExecutions="1" />
                                                                    <RunTimeCountersPerThread Thread="3" ActualRows="7758" ActualEndOfScans="1" ActualExecutions="1" />
                                                                    <RunTimeCountersPerThread Thread="2" ActualRows="7935" ActualEndOfScans="1" ActualExecutions="1" />
                                                                    <RunTimeCountersPerThread Thread="0" ActualRows="0" ActualEndOfScans="0" ActualExecutions="0" />
                                                                  </RunTimeInformation>
                                                                  <IndexScan Ordered="false" ForcedIndex="false" NoExpandHint="false">
                                                                    <DefinedValues>
                                                                      <DefinedValue>
                                                                        <ColumnReference Database="[Star_Schema_Benchmark]" Schema="[dbo]" Table="[Part]" Column="P_PartKey" />
                                                                      </DefinedValue>
                                                                      <DefinedValue>
                                                                        <ColumnReference Database="[Star_Schema_Benchmark]" Schema="[dbo]" Table="[Part]" Column="P_Brand" />
                                                                      </DefinedValue>
                                                                    </DefinedValues>
                                                                    <Object Database="[Star_Schema_Benchmark]" Schema="[dbo]" Table="[Part]" Index="[PK_Part]" IndexKind="Clustered" />
                                                                    <Predicate>
                                                                      <ScalarOperator ScalarString="[Star_Schema_Benchmark].[dbo].[Part].[P_Category]='MFGR#12'">
                                                                        <Compare CompareOp="EQ">
                                                                          <ScalarOperator>
                                                                            <Identifier>
                                                                              <ColumnReference Database="[Star_Schema_Benchmark]" Schema="[dbo]" Table="[Part]" Column="P_Category" />
                                                                            </Identifier>
                                                                          </ScalarOperator>
                                                                          <ScalarOperator>
                                                                            <Const ConstValue="'MFGR#12'" />
                                                                          </ScalarOperator>
                                                                        </Compare>
                                                                      </ScalarOperator>
                                                                    </Predicate>
                                                                  </IndexScan>
                                                                </RelOp>
                                                              </Parallelism>
                                                            </RelOp>
                                                          </Bitmap>
                                                        </RelOp>
                                                        <RelOp AvgRowSize="36" EstimateCPU="173.036" EstimateIO="0" EstimateRebinds="0" EstimateRewinds="0" EstimateRows="59986200" LogicalOp="Repartition Streams" NodeId="20" Parallel="true" PhysicalOp="Parallelism" EstimatedTotalSubtreeCost="922.713">
                                                          <OutputList>
                                                            <ColumnReference Database="[Star_Schema_Benchmark]" Schema="[dbo]" Table="[LineOrder]" Column="LO_PartKey" />
                                                            <ColumnReference Database="[Star_Schema_Benchmark]" Schema="[dbo]" Table="[LineOrder]" Column="LO_SuppKey" />
                                                            <ColumnReference Database="[Star_Schema_Benchmark]" Schema="[dbo]" Table="[LineOrder]" Column="LO_OrderDateKey" />
                                                            <ColumnReference Database="[Star_Schema_Benchmark]" Schema="[dbo]" Table="[LineOrder]" Column="LO_Revenue" />
                                                          </OutputList>
                                                          <RunTimeInformation>
                                                            <RunTimeCountersPerThread Thread="2" ActualRows="637573" ActualEndOfScans="1" ActualExecutions="1" />
                                                            <RunTimeCountersPerThread Thread="1" ActualRows="637562" ActualEndOfScans="1" ActualExecutions="1" />
                                                            <RunTimeCountersPerThread Thread="4" ActualRows="641218" ActualEndOfScans="1" ActualExecutions="1" />
                                                            <RunTimeCountersPerThread Thread="3" ActualRows="628990" ActualEndOfScans="1" ActualExecutions="1" />
                                                            <RunTimeCountersPerThread Thread="0" ActualRows="0" ActualEndOfScans="0" ActualExecutions="0" />
                                                          </RunTimeInformation>
                                                          <Parallelism PartitioningType="Hash">
                                                            <PartitionColumns>
                                                              <ColumnReference Database="[Star_Schema_Benchmark]" Schema="[dbo]" Table="[LineOrder]" Column="LO_PartKey" />
                                                            </PartitionColumns>
                                                            <RelOp AvgRowSize="36" EstimateCPU="32.9925" EstimateIO="716.684" EstimateRebinds="0" EstimateRewinds="0" EstimateRows="59986200" LogicalOp="Clustered Index Scan" NodeId="21" Parallel="true" PhysicalOp="Clustered Index Scan" EstimatedTotalSubtreeCost="749.676" TableCardinality="59986200">
                                                              <OutputList>
                                                                <ColumnReference Database="[Star_Schema_Benchmark]" Schema="[dbo]" Table="[LineOrder]" Column="LO_PartKey" />
                                                                <ColumnReference Database="[Star_Schema_Benchmark]" Schema="[dbo]" Table="[LineOrder]" Column="LO_SuppKey" />
                                                                <ColumnReference Database="[Star_Schema_Benchmark]" Schema="[dbo]" Table="[LineOrder]" Column="LO_OrderDateKey" />
                                                                <ColumnReference Database="[Star_Schema_Benchmark]" Schema="[dbo]" Table="[LineOrder]" Column="LO_Revenue" />
                                                              </OutputList>
                                                              <RunTimeInformation>
                                                                <RunTimeCountersPerThread Thread="1" ActualRows="703806" ActualEndOfScans="1" ActualExecutions="1" />
                                                                <RunTimeCountersPerThread Thread="3" ActualRows="526928" ActualEndOfScans="1" ActualExecutions="1" />
                                                                <RunTimeCountersPerThread Thread="2" ActualRows="694950" ActualEndOfScans="1" ActualExecutions="1" />
                                                                <RunTimeCountersPerThread Thread="4" ActualRows="619659" ActualEndOfScans="1" ActualExecutions="1" />
                                                                <RunTimeCountersPerThread Thread="0" ActualRows="0" ActualEndOfScans="0" ActualExecutions="0" />
                                                              </RunTimeInformation>
                                                              <IndexScan Ordered="false" ForcedIndex="false" NoExpandHint="false">
                                                                <DefinedValues>
                                                                  <DefinedValue>
                                                                    <ColumnReference Database="[Star_Schema_Benchmark]" Schema="[dbo]" Table="[LineOrder]" Column="LO_PartKey" />
                                                                  </DefinedValue>
                                                                  <DefinedValue>
                                                                    <ColumnReference Database="[Star_Schema_Benchmark]" Schema="[dbo]" Table="[LineOrder]" Column="LO_SuppKey" />
                                                                  </DefinedValue>
                                                                  <DefinedValue>
                                                                    <ColumnReference Database="[Star_Schema_Benchmark]" Schema="[dbo]" Table="[LineOrder]" Column="LO_OrderDateKey" />
                                                                  </DefinedValue>
                                                                  <DefinedValue>
                                                                    <ColumnReference Database="[Star_Schema_Benchmark]" Schema="[dbo]" Table="[LineOrder]" Column="LO_Revenue" />
                                                                  </DefinedValue>
                                                                </DefinedValues>
                                                                <Object Database="[Star_Schema_Benchmark]" Schema="[dbo]" Table="[LineOrder]" Index="[PK_LineOrder]" IndexKind="Clustered" />
                                                                <Predicate>
                                                                  <ScalarOperator ScalarString="PROBE([Bitmap1018],[Star_Schema_Benchmark].[dbo].[LineOrder].[LO_PartKey],N'[IN ROW]')">
                                                                    <Intrinsic FunctionName="PROBE">
                                                                      <ScalarOperator>
                                                                        <Identifier>
                                                                          <ColumnReference Column="Bitmap1018" />
                                                                        </Identifier>
                                                                      </ScalarOperator>
                                                                      <ScalarOperator>
                                                                        <Identifier>
                                                                          <ColumnReference Database="[Star_Schema_Benchmark]" Schema="[dbo]" Table="[LineOrder]" Column="LO_PartKey" />
                                                                        </Identifier>
                                                                      </ScalarOperator>
                                                                      <ScalarOperator>
                                                                        <Const ConstValue="N'[IN ROW]'" />
                                                                      </ScalarOperator>
                                                                    </Intrinsic>
                                                                  </ScalarOperator>
                                                                </Predicate>
                                                              </IndexScan>
                                                            </RelOp>
                                                          </Parallelism>
                                                        </RelOp>
                                                      </Hash>
                                                    </RelOp>
                                                  </Parallelism>
                                                </RelOp>
                                              </Hash>
                                            </RelOp>
                                          </Parallelism>
                                        </RelOp>
                                      </Hash>
                                    </RelOp>
                                  </Hash>
                                </RelOp>
                              </Parallelism>
                            </RelOp>
                          </Sort>
                        </RelOp>
                      </StreamAggregate>
                    </RelOp>
                  </Parallelism>
                </RelOp>
              </ComputeScalar>
            </RelOp>
          </QueryPlan>
        </StmtSimple>
      </Statements>
    </Batch>
    <Batch>
      <Statements>
        <StmtSimple StatementCompId="5" StatementEstRows="19.12" StatementId="5" StatementOptmLevel="FULL" StatementSubTreeCost="1130.78" StatementText="select sum(lo_revenue), d_year, p_brand&#xD;&#xA;from lineorder, [date], part, supplier&#xD;&#xA;where lo_orderdatekey =  d_datekey&#xD;&#xA;and lo_partkey = p_partkey&#xD;&#xA;and lo_suppkey = s_suppkey&#xD;&#xA;and p_brand between 'MFGR#2221'&#xD;&#xA;and 'MFGR#2228'&#xD;&#xA;and s_region = 'ASIA'&#xD;&#xA;group by d_year, p_brand&#xD;&#xA;order by d_year, p_brand;&#xD;&#xA;--Q2.3&#xD;" StatementType="SELECT" QueryHash="0xD1B949880E6EC319" QueryPlanHash="0x982066D1E19A5820">
          <StatementSetOptions ANSI_NULLS="true" ANSI_PADDING="true" ANSI_WARNINGS="true" ARITHABORT="true" CONCAT_NULL_YIELDS_NULL="true" NUMERIC_ROUNDABORT="false" QUOTED_IDENTIFIER="true" />
          <QueryPlan DegreeOfParallelism="4" MemoryGrant="46080" CachedPlanSize="128" CompileTime="55" CompileCPU="55" CompileMemory="1584">
            <MissingIndexes>
              <MissingIndexGroup Impact="97.1055">
                <MissingIndex Database="[Star_Schema_Benchmark]" Schema="[dbo]" Table="[LineOrder]">
                  <ColumnGroup Usage="EQUALITY">
                    <Column Name="[LO_PartKey]" ColumnId="4" />
                  </ColumnGroup>
                  <ColumnGroup Usage="INCLUDE">
                    <Column Name="[LO_SuppKey]" ColumnId="5" />
                    <Column Name="[LO_OrderDateKey]" ColumnId="6" />
                    <Column Name="[LO_Revenue]" ColumnId="13" />
                  </ColumnGroup>
                </MissingIndex>
              </MissingIndexGroup>
            </MissingIndexes>
            <RelOp AvgRowSize="35" EstimateCPU="1.912E-06" EstimateIO="0" EstimateRebinds="0" EstimateRewinds="0" EstimateRows="19.12" LogicalOp="Compute Scalar" NodeId="1" Parallel="false" PhysicalOp="Compute Scalar" EstimatedTotalSubtreeCost="1130.78">
              <OutputList>
                <ColumnReference Database="[Star_Schema_Benchmark]" Schema="[dbo]" Table="[Date]" Column="D_Year" />
                <ColumnReference Database="[Star_Schema_Benchmark]" Schema="[dbo]" Table="[Part]" Column="P_Brand" />
                <ColumnReference Column="Expr1012" />
              </OutputList>
              <ComputeScalar>
                <DefinedValues>
                  <DefinedValue>
                    <ColumnReference Column="Expr1012" />
                    <ScalarOperator ScalarString="CASE WHEN [globalagg1014]=(0) THEN NULL ELSE [globalagg1016] END">
                      <IF>
                        <Condition>
                          <ScalarOperator>
                            <Compare CompareOp="EQ">
                              <ScalarOperator>
                                <Identifier>
                                  <ColumnReference Column="globalagg1014" />
                                </Identifier>
                              </ScalarOperator>
                              <ScalarOperator>
                                <Const ConstValue="(0)" />
                              </ScalarOperator>
                            </Compare>
                          </ScalarOperator>
                        </Condition>
                        <Then>
                          <ScalarOperator>
                            <Const ConstValue="NULL" />
                          </ScalarOperator>
                        </Then>
                        <Else>
                          <ScalarOperator>
                            <Identifier>
                              <ColumnReference Column="globalagg1016" />
                            </Identifier>
                          </ScalarOperator>
                        </Else>
                      </IF>
                    </ScalarOperator>
                  </DefinedValue>
                </DefinedValues>
                <RelOp AvgRowSize="43" EstimateCPU="3.2504E-05" EstimateIO="0" EstimateRebinds="0" EstimateRewinds="0" EstimateRows="19.12" LogicalOp="Aggregate" NodeId="2" Parallel="false" PhysicalOp="Stream Aggregate" EstimatedTotalSubtreeCost="1130.78">
                  <OutputList>
                    <ColumnReference Database="[Star_Schema_Benchmark]" Schema="[dbo]" Table="[Date]" Column="D_Year" />
                    <ColumnReference Database="[Star_Schema_Benchmark]" Schema="[dbo]" Table="[Part]" Column="P_Brand" />
                    <ColumnReference Column="globalagg1014" />
                    <ColumnReference Column="globalagg1016" />
                  </OutputList>
                  <RunTimeInformation>
                    <RunTimeCountersPerThread Thread="0" ActualRows="56" ActualEndOfScans="1" ActualExecutions="1" />
                  </RunTimeInformation>
                  <StreamAggregate>
                    <DefinedValues>
                      <DefinedValue>
                        <ColumnReference Column="globalagg1014" />
                        <ScalarOperator ScalarString="SUM([partialagg1013])">
                          <Aggregate AggType="SUM" Distinct="false">
                            <ScalarOperator>
                              <Identifier>
                                <ColumnReference Column="partialagg1013" />
                              </Identifier>
                            </ScalarOperator>
                          </Aggregate>
                        </ScalarOperator>
                      </DefinedValue>
                      <DefinedValue>
                        <ColumnReference Column="globalagg1016" />
                        <ScalarOperator ScalarString="SUM([partialagg1015])">
                          <Aggregate AggType="SUM" Distinct="false">
                            <ScalarOperator>
                              <Identifier>
                                <ColumnReference Column="partialagg1015" />
                              </Identifier>
                            </ScalarOperator>
                          </Aggregate>
                        </ScalarOperator>
                      </DefinedValue>
                    </DefinedValues>
                    <GroupBy>
                      <ColumnReference Database="[Star_Schema_Benchmark]" Schema="[dbo]" Table="[Date]" Column="D_Year" />
                      <ColumnReference Database="[Star_Schema_Benchmark]" Schema="[dbo]" Table="[Part]" Column="P_Brand" />
                    </GroupBy>
                    <RelOp AvgRowSize="43" EstimateCPU="0.000413647" EstimateIO="0.0112613" EstimateRebinds="0" EstimateRewinds="0" EstimateRows="38.24" LogicalOp="Sort" NodeId="3" Parallel="false" PhysicalOp="Sort" EstimatedTotalSubtreeCost="1130.78">
                      <OutputList>
                        <ColumnReference Database="[Star_Schema_Benchmark]" Schema="[dbo]" Table="[Date]" Column="D_Year" />
                        <ColumnReference Database="[Star_Schema_Benchmark]" Schema="[dbo]" Table="[Part]" Column="P_Brand" />
                        <ColumnReference Column="partialagg1013" />
                        <ColumnReference Column="partialagg1015" />
                      </OutputList>
                      <MemoryFractions Input="0.00115741" Output="1" />
                      <RunTimeInformation>
                        <RunTimeCountersPerThread Thread="0" ActualRebinds="1" ActualRewinds="0" ActualRows="224" ActualEndOfScans="1" ActualExecutions="1" />
                      </RunTimeInformation>
                      <Sort Distinct="false">
                        <OrderBy>
                          <OrderByColumn Ascending="true">
                            <ColumnReference Database="[Star_Schema_Benchmark]" Schema="[dbo]" Table="[Date]" Column="D_Year" />
                          </OrderByColumn>
                          <OrderByColumn Ascending="true">
                            <ColumnReference Database="[Star_Schema_Benchmark]" Schema="[dbo]" Table="[Part]" Column="P_Brand" />
                          </OrderByColumn>
                        </OrderBy>
                        <RelOp AvgRowSize="43" EstimateCPU="0.0286057" EstimateIO="0" EstimateRebinds="0" EstimateRewinds="0" EstimateRows="38.24" LogicalOp="Gather Streams" NodeId="4" Parallel="true" PhysicalOp="Parallelism" EstimatedTotalSubtreeCost="1130.77">
                          <OutputList>
                            <ColumnReference Database="[Star_Schema_Benchmark]" Schema="[dbo]" Table="[Date]" Column="D_Year" />
                            <ColumnReference Database="[Star_Schema_Benchmark]" Schema="[dbo]" Table="[Part]" Column="P_Brand" />
                            <ColumnReference Column="partialagg1013" />
                            <ColumnReference Column="partialagg1015" />
                          </OutputList>
                          <RunTimeInformation>
                            <RunTimeCountersPerThread Thread="0" ActualRows="224" ActualEndOfScans="1" ActualExecutions="1" />
                          </RunTimeInformation>
                          <Parallelism>
                            <RelOp AvgRowSize="43" EstimateCPU="0.254848" EstimateIO="0" EstimateRebinds="0" EstimateRewinds="0" EstimateRows="38.24" LogicalOp="Partial Aggregate" NodeId="5" Parallel="true" PhysicalOp="Hash Match" EstimatedTotalSubtreeCost="1130.74">
                              <OutputList>
                                <ColumnReference Database="[Star_Schema_Benchmark]" Schema="[dbo]" Table="[Date]" Column="D_Year" />
                                <ColumnReference Database="[Star_Schema_Benchmark]" Schema="[dbo]" Table="[Part]" Column="P_Brand" />
                                <ColumnReference Column="partialagg1013" />
                                <ColumnReference Column="partialagg1015" />
                              </OutputList>
                              <MemoryFractions Input="0" Output="0" />
                              <RunTimeInformation>
                                <RunTimeCountersPerThread Thread="4" ActualRows="56" ActualEndOfScans="1" ActualExecutions="1" />
                                <RunTimeCountersPerThread Thread="1" ActualRows="56" ActualEndOfScans="1" ActualExecutions="1" />
                                <RunTimeCountersPerThread Thread="2" ActualRows="56" ActualEndOfScans="1" ActualExecutions="1" />
                                <RunTimeCountersPerThread Thread="3" ActualRows="56" ActualEndOfScans="1" ActualExecutions="1" />
                                <RunTimeCountersPerThread Thread="0" ActualRows="0" ActualEndOfScans="0" ActualExecutions="0" />
                              </RunTimeInformation>
                              <Hash>
                                <DefinedValues>
                                  <DefinedValue>
                                    <ColumnReference Column="partialagg1013" />
                                    <ScalarOperator ScalarString="COUNT_BIG([Star_Schema_Benchmark].[dbo].[LineOrder].[LO_Revenue])">
                                      <Aggregate AggType="COUNT_BIG" Distinct="false">
                                        <ScalarOperator>
                                          <Identifier>
                                            <ColumnReference Database="[Star_Schema_Benchmark]" Schema="[dbo]" Table="[LineOrder]" Column="LO_Revenue" />
                                          </Identifier>
                                        </ScalarOperator>
                                      </Aggregate>
                                    </ScalarOperator>
                                  </DefinedValue>
                                  <DefinedValue>
                                    <ColumnReference Column="partialagg1015" />
                                    <ScalarOperator ScalarString="SUM([Star_Schema_Benchmark].[dbo].[LineOrder].[LO_Revenue])">
                                      <Aggregate AggType="SUM" Distinct="false">
                                        <ScalarOperator>
                                          <Identifier>
                                            <ColumnReference Database="[Star_Schema_Benchmark]" Schema="[dbo]" Table="[LineOrder]" Column="LO_Revenue" />
                                          </Identifier>
                                        </ScalarOperator>
                                      </Aggregate>
                                    </ScalarOperator>
                                  </DefinedValue>
                                </DefinedValues>
                                <HashKeysBuild>
                                  <ColumnReference Database="[Star_Schema_Benchmark]" Schema="[dbo]" Table="[Date]" Column="D_Year" />
                                  <ColumnReference Database="[Star_Schema_Benchmark]" Schema="[dbo]" Table="[Part]" Column="P_Brand" />
                                </HashKeysBuild>
                                <BuildResidual>
                                  <ScalarOperator ScalarString="[Star_Schema_Benchmark].[dbo].[Date].[D_Year] = [Star_Schema_Benchmark].[dbo].[Date].[D_Year] AND [Star_Schema_Benchmark].[dbo].[Part].[P_Brand] = [Star_Schema_Benchmark].[dbo].[Part].[P_Brand]">
                                    <Logical Operation="AND">
                                      <ScalarOperator>
                                        <Compare CompareOp="IS">
                                          <ScalarOperator>
                                            <Identifier>
                                              <ColumnReference Database="[Star_Schema_Benchmark]" Schema="[dbo]" Table="[Date]" Column="D_Year" />
                                            </Identifier>
                                          </ScalarOperator>
                                          <ScalarOperator>
                                            <Identifier>
                                              <ColumnReference Database="[Star_Schema_Benchmark]" Schema="[dbo]" Table="[Date]" Column="D_Year" />
                                            </Identifier>
                                          </ScalarOperator>
                                        </Compare>
                                      </ScalarOperator>
                                      <ScalarOperator>
                                        <Compare CompareOp="IS">
                                          <ScalarOperator>
                                            <Identifier>
                                              <ColumnReference Database="[Star_Schema_Benchmark]" Schema="[dbo]" Table="[Part]" Column="P_Brand" />
                                            </Identifier>
                                          </ScalarOperator>
                                          <ScalarOperator>
                                            <Identifier>
                                              <ColumnReference Database="[Star_Schema_Benchmark]" Schema="[dbo]" Table="[Part]" Column="P_Brand" />
                                            </Identifier>
                                          </ScalarOperator>
                                        </Compare>
                                      </ScalarOperator>
                                    </Logical>
                                  </ScalarOperator>
                                </BuildResidual>
                                <RelOp AvgRowSize="27" EstimateCPU="0.384416" EstimateIO="0" EstimateRebinds="0" EstimateRewinds="0" EstimateRows="69352.3" LogicalOp="Inner Join" NodeId="6" Parallel="true" PhysicalOp="Hash Match" EstimatedTotalSubtreeCost="1130.49">
                                  <OutputList>
                                    <ColumnReference Database="[Star_Schema_Benchmark]" Schema="[dbo]" Table="[LineOrder]" Column="LO_Revenue" />
                                    <ColumnReference Database="[Star_Schema_Benchmark]" Schema="[dbo]" Table="[Date]" Column="D_Year" />
                                    <ColumnReference Database="[Star_Schema_Benchmark]" Schema="[dbo]" Table="[Part]" Column="P_Brand" />
                                  </OutputList>
                                  <MemoryFractions Input="0.0249131" Output="0.0248843" />
                                  <RunTimeInformation>
                                    <RunTimeCountersPerThread Thread="4" ActualRows="24261" ActualEndOfScans="1" ActualExecutions="1" />
                                    <RunTimeCountersPerThread Thread="1" ActualRows="24129" ActualEndOfScans="1" ActualExecutions="1" />
                                    <RunTimeCountersPerThread Thread="2" ActualRows="23675" ActualEndOfScans="1" ActualExecutions="1" />
                                    <RunTimeCountersPerThread Thread="3" ActualRows="23260" ActualEndOfScans="1" ActualExecutions="1" />
                                    <RunTimeCountersPerThread Thread="0" ActualRows="0" ActualEndOfScans="0" ActualExecutions="0" />
                                  </RunTimeInformation>
                                  <Hash>
                                    <DefinedValues />
                                    <HashKeysBuild>
                                      <ColumnReference Database="[Star_Schema_Benchmark]" Schema="[dbo]" Table="[Date]" Column="D_DateKey" />
                                    </HashKeysBuild>
                                    <HashKeysProbe>
                                      <ColumnReference Database="[Star_Schema_Benchmark]" Schema="[dbo]" Table="[LineOrder]" Column="LO_OrderDateKey" />
                                    </HashKeysProbe>
                                    <ProbeResidual>
                                      <ScalarOperator ScalarString="[Star_Schema_Benchmark].[dbo].[LineOrder].[LO_OrderDateKey]=[Star_Schema_Benchmark].[dbo].[Date].[D_DateKey]">
                                        <Compare CompareOp="EQ">
                                          <ScalarOperator>
                                            <Identifier>
                                              <ColumnReference Database="[Star_Schema_Benchmark]" Schema="[dbo]" Table="[LineOrder]" Column="LO_OrderDateKey" />
                                            </Identifier>
                                          </ScalarOperator>
                                          <ScalarOperator>
                                            <Identifier>
                                              <ColumnReference Database="[Star_Schema_Benchmark]" Schema="[dbo]" Table="[Date]" Column="D_DateKey" />
                                            </Identifier>
                                          </ScalarOperator>
                                        </Compare>
                                      </ScalarOperator>
                                    </ProbeResidual>
                                    <RelOp AvgRowSize="17" EstimateCPU="0.0329618" EstimateIO="0" EstimateRebinds="0" EstimateRewinds="0" EstimateRows="2556" LogicalOp="Repartition Streams" NodeId="7" Parallel="true" PhysicalOp="Parallelism" EstimatedTotalSubtreeCost="0.0575711">
                                      <OutputList>
                                        <ColumnReference Database="[Star_Schema_Benchmark]" Schema="[dbo]" Table="[Date]" Column="D_DateKey" />
                                        <ColumnReference Database="[Star_Schema_Benchmark]" Schema="[dbo]" Table="[Date]" Column="D_Year" />
                                      </OutputList>
                                      <RunTimeInformation>
                                        <RunTimeCountersPerThread Thread="4" ActualRows="646" ActualEndOfScans="1" ActualExecutions="1" />
                                        <RunTimeCountersPerThread Thread="2" ActualRows="634" ActualEndOfScans="1" ActualExecutions="1" />
                                        <RunTimeCountersPerThread Thread="1" ActualRows="654" ActualEndOfScans="1" ActualExecutions="1" />
                                        <RunTimeCountersPerThread Thread="3" ActualRows="622" ActualEndOfScans="1" ActualExecutions="1" />
                                        <RunTimeCountersPerThread Thread="0" ActualRows="0" ActualEndOfScans="0" ActualExecutions="0" />
                                      </RunTimeInformation>
                                      <Parallelism PartitioningType="Hash">
                                        <PartitionColumns>
                                          <ColumnReference Database="[Star_Schema_Benchmark]" Schema="[dbo]" Table="[Date]" Column="D_DateKey" />
                                        </PartitionColumns>
                                        <RelOp AvgRowSize="17" EstimateCPU="0.0014843" EstimateIO="0.023125" EstimateRebinds="0" EstimateRewinds="0" EstimateRows="2556" LogicalOp="Clustered Index Scan" NodeId="8" Parallel="true" PhysicalOp="Clustered Index Scan" EstimatedTotalSubtreeCost="0.0246093" TableCardinality="2556">
                                          <OutputList>
                                            <ColumnReference Database="[Star_Schema_Benchmark]" Schema="[dbo]" Table="[Date]" Column="D_DateKey" />
                                            <ColumnReference Database="[Star_Schema_Benchmark]" Schema="[dbo]" Table="[Date]" Column="D_Year" />
                                          </OutputList>
                                          <RunTimeInformation>
                                            <RunTimeCountersPerThread Thread="4" ActualRows="93" ActualEndOfScans="1" ActualExecutions="1" />
                                            <RunTimeCountersPerThread Thread="3" ActualRows="837" ActualEndOfScans="1" ActualExecutions="1" />
                                            <RunTimeCountersPerThread Thread="1" ActualRows="788" ActualEndOfScans="1" ActualExecutions="1" />
                                            <RunTimeCountersPerThread Thread="2" ActualRows="838" ActualEndOfScans="1" ActualExecutions="1" />
                                            <RunTimeCountersPerThread Thread="0" ActualRows="0" ActualEndOfScans="0" ActualExecutions="0" />
                                          </RunTimeInformation>
                                          <IndexScan Ordered="false" ForcedIndex="false" NoExpandHint="false">
                                            <DefinedValues>
                                              <DefinedValue>
                                                <ColumnReference Database="[Star_Schema_Benchmark]" Schema="[dbo]" Table="[Date]" Column="D_DateKey" />
                                              </DefinedValue>
                                              <DefinedValue>
                                                <ColumnReference Database="[Star_Schema_Benchmark]" Schema="[dbo]" Table="[Date]" Column="D_Year" />
                                              </DefinedValue>
                                            </DefinedValues>
                                            <Object Database="[Star_Schema_Benchmark]" Schema="[dbo]" Table="[Date]" Index="[PK_Date]" IndexKind="Clustered" />
                                          </IndexScan>
                                        </RelOp>
                                      </Parallelism>
                                    </RelOp>
                                    <RelOp AvgRowSize="33" EstimateCPU="0.237507" EstimateIO="0" EstimateRebinds="0" EstimateRewinds="0" EstimateRows="82314.4" LogicalOp="Repartition Streams" NodeId="9" Parallel="true" PhysicalOp="Parallelism" EstimatedTotalSubtreeCost="1130.05">
                                      <OutputList>
                                        <ColumnReference Database="[Star_Schema_Benchmark]" Schema="[dbo]" Table="[LineOrder]" Column="LO_OrderDateKey" />
                                        <ColumnReference Database="[Star_Schema_Benchmark]" Schema="[dbo]" Table="[LineOrder]" Column="LO_Revenue" />
                                        <ColumnReference Database="[Star_Schema_Benchmark]" Schema="[dbo]" Table="[Part]" Column="P_Brand" />
                                      </OutputList>
                                      <RunTimeInformation>
                                        <RunTimeCountersPerThread Thread="4" ActualRows="24261" ActualEndOfScans="1" ActualExecutions="1" />
                                        <RunTimeCountersPerThread Thread="2" ActualRows="23675" ActualEndOfScans="1" ActualExecutions="1" />
                                        <RunTimeCountersPerThread Thread="1" ActualRows="24129" ActualEndOfScans="1" ActualExecutions="1" />
                                        <RunTimeCountersPerThread Thread="3" ActualRows="23260" ActualEndOfScans="1" ActualExecutions="1" />
                                        <RunTimeCountersPerThread Thread="0" ActualRows="0" ActualEndOfScans="0" ActualExecutions="0" />
                                      </RunTimeInformation>
                                      <Parallelism PartitioningType="Hash">
                                        <PartitionColumns>
                                          <ColumnReference Database="[Star_Schema_Benchmark]" Schema="[dbo]" Table="[LineOrder]" Column="LO_OrderDateKey" />
                                        </PartitionColumns>
                                        <RelOp AvgRowSize="33" EstimateCPU="1.04156" EstimateIO="0" EstimateRebinds="0" EstimateRewinds="0" EstimateRows="82314.4" LogicalOp="Inner Join" NodeId="10" Parallel="true" PhysicalOp="Hash Match" EstimatedTotalSubtreeCost="1129.81">
                                          <OutputList>
                                            <ColumnReference Database="[Star_Schema_Benchmark]" Schema="[dbo]" Table="[LineOrder]" Column="LO_OrderDateKey" />
                                            <ColumnReference Database="[Star_Schema_Benchmark]" Schema="[dbo]" Table="[LineOrder]" Column="LO_Revenue" />
                                            <ColumnReference Database="[Star_Schema_Benchmark]" Schema="[dbo]" Table="[Part]" Column="P_Brand" />
                                          </OutputList>
                                          <MemoryFractions Input="0.0996524" Output="0.099537" />
                                          <RunTimeInformation>
                                            <RunTimeCountersPerThread Thread="4" ActualRows="24056" ActualEndOfScans="1" ActualExecutions="1" />
                                            <RunTimeCountersPerThread Thread="3" ActualRows="23579" ActualEndOfScans="1" ActualExecutions="1" />
                                            <RunTimeCountersPerThread Thread="2" ActualRows="23800" ActualEndOfScans="1" ActualExecutions="1" />
                                            <RunTimeCountersPerThread Thread="1" ActualRows="23890" ActualEndOfScans="1" ActualExecutions="1" />
                                            <RunTimeCountersPerThread Thread="0" ActualRows="0" ActualEndOfScans="0" ActualExecutions="0" />
                                          </RunTimeInformation>
                                          <Hash>
                                            <DefinedValues />
                                            <HashKeysBuild>
                                              <ColumnReference Database="[Star_Schema_Benchmark]" Schema="[dbo]" Table="[Supplier]" Column="S_SuppKey" />
                                            </HashKeysBuild>
                                            <HashKeysProbe>
                                              <ColumnReference Database="[Star_Schema_Benchmark]" Schema="[dbo]" Table="[LineOrder]" Column="LO_SuppKey" />
                                            </HashKeysProbe>
                                            <RelOp AvgRowSize="11" EstimateCPU="0.0332937" EstimateIO="0" EstimateRebinds="0" EstimateRewinds="0" EstimateRows="4001" LogicalOp="Bitmap Create" NodeId="11" Parallel="true" PhysicalOp="Bitmap" EstimatedTotalSubtreeCost="0.252297">
                                              <OutputList>
                                                <ColumnReference Database="[Star_Schema_Benchmark]" Schema="[dbo]" Table="[Supplier]" Column="S_SuppKey" />
                                              </OutputList>
                                              <RunTimeInformation>
                                                <RunTimeCountersPerThread Thread="4" ActualRows="1008" ActualEndOfScans="1" ActualExecutions="1" />
                                                <RunTimeCountersPerThread Thread="3" ActualRows="989" ActualEndOfScans="1" ActualExecutions="1" />
                                                <RunTimeCountersPerThread Thread="2" ActualRows="1000" ActualEndOfScans="1" ActualExecutions="1" />
                                                <RunTimeCountersPerThread Thread="1" ActualRows="1004" ActualEndOfScans="1" ActualExecutions="1" />
                                                <RunTimeCountersPerThread Thread="0" ActualRows="0" ActualEndOfScans="0" ActualExecutions="0" />
                                              </RunTimeInformation>
                                              <Bitmap>
                                                <DefinedValues>
                                                  <DefinedValue>
                                                    <ColumnReference Column="Bitmap1019" />
                                                  </DefinedValue>
                                                </DefinedValues>
                                                <HashKeys>
                                                  <ColumnReference Database="[Star_Schema_Benchmark]" Schema="[dbo]" Table="[Supplier]" Column="S_SuppKey" />
                                                </HashKeys>
                                                <RelOp AvgRowSize="11" EstimateCPU="0.0332937" EstimateIO="0" EstimateRebinds="0" EstimateRewinds="0" EstimateRows="4001" LogicalOp="Repartition Streams" NodeId="12" Parallel="true" PhysicalOp="Parallelism" EstimatedTotalSubtreeCost="0.252297">
                                                  <OutputList>
                                                    <ColumnReference Database="[Star_Schema_Benchmark]" Schema="[dbo]" Table="[Supplier]" Column="S_SuppKey" />
                                                  </OutputList>
                                                  <RunTimeInformation>
                                                    <RunTimeCountersPerThread Thread="4" ActualRows="1008" ActualEndOfScans="1" ActualExecutions="1" />
                                                    <RunTimeCountersPerThread Thread="3" ActualRows="989" ActualEndOfScans="1" ActualExecutions="1" />
                                                    <RunTimeCountersPerThread Thread="1" ActualRows="1004" ActualEndOfScans="1" ActualExecutions="1" />
                                                    <RunTimeCountersPerThread Thread="2" ActualRows="1000" ActualEndOfScans="1" ActualExecutions="1" />
                                                    <RunTimeCountersPerThread Thread="0" ActualRows="0" ActualEndOfScans="0" ActualExecutions="0" />
                                                  </RunTimeInformation>
                                                  <Parallelism PartitioningType="Hash">
                                                    <PartitionColumns>
                                                      <ColumnReference Database="[Star_Schema_Benchmark]" Schema="[dbo]" Table="[Supplier]" Column="S_SuppKey" />
                                                    </PartitionColumns>
                                                    <RelOp AvgRowSize="23" EstimateCPU="0.0110785" EstimateIO="0.203125" EstimateRebinds="0" EstimateRewinds="0" EstimateRows="4001" LogicalOp="Clustered Index Scan" NodeId="13" Parallel="true" PhysicalOp="Clustered Index Scan" EstimatedTotalSubtreeCost="0.214203" TableCardinality="20000">
                                                      <OutputList>
                                                        <ColumnReference Database="[Star_Schema_Benchmark]" Schema="[dbo]" Table="[Supplier]" Column="S_SuppKey" />
                                                      </OutputList>
                                                      <RunTimeInformation>
                                                        <RunTimeCountersPerThread Thread="3" ActualRows="887" ActualEndOfScans="1" ActualExecutions="1" />
                                                        <RunTimeCountersPerThread Thread="2" ActualRows="850" ActualEndOfScans="1" ActualExecutions="1" />
                                                        <RunTimeCountersPerThread Thread="4" ActualRows="1164" ActualEndOfScans="1" ActualExecutions="1" />
                                                        <RunTimeCountersPerThread Thread="1" ActualRows="1100" ActualEndOfScans="1" ActualExecutions="1" />
                                                        <RunTimeCountersPerThread Thread="0" ActualRows="0" ActualEndOfScans="0" ActualExecutions="0" />
                                                      </RunTimeInformation>
                                                      <IndexScan Ordered="false" ForcedIndex="false" NoExpandHint="false">
                                                        <DefinedValues>
                                                          <DefinedValue>
                                                            <ColumnReference Database="[Star_Schema_Benchmark]" Schema="[dbo]" Table="[Supplier]" Column="S_SuppKey" />
                                                          </DefinedValue>
                                                        </DefinedValues>
                                                        <Object Database="[Star_Schema_Benchmark]" Schema="[dbo]" Table="[Supplier]" Index="[PK_Supplier]" IndexKind="Clustered" />
                                                        <Predicate>
                                                          <ScalarOperator ScalarString="[Star_Schema_Benchmark].[dbo].[Supplier].[S_Region]='ASIA'">
                                                            <Compare CompareOp="EQ">
                                                              <ScalarOperator>
                                                                <Identifier>
                                                                  <ColumnReference Database="[Star_Schema_Benchmark]" Schema="[dbo]" Table="[Supplier]" Column="S_Region" />
                                                                </Identifier>
                                                              </ScalarOperator>
                                                              <ScalarOperator>
                                                                <Const ConstValue="'ASIA'" />
                                                              </ScalarOperator>
                                                            </Compare>
                                                          </ScalarOperator>
                                                        </Predicate>
                                                      </IndexScan>
                                                    </RelOp>
                                                  </Parallelism>
                                                </RelOp>
                                              </Bitmap>
                                            </RelOp>
                                            <RelOp AvgRowSize="37" EstimateCPU="1.1887" EstimateIO="0" EstimateRebinds="0" EstimateRewinds="0" EstimateRows="411474" LogicalOp="Repartition Streams" NodeId="14" Parallel="true" PhysicalOp="Parallelism" EstimatedTotalSubtreeCost="1128.51">
                                              <OutputList>
                                                <ColumnReference Database="[Star_Schema_Benchmark]" Schema="[dbo]" Table="[LineOrder]" Column="LO_SuppKey" />
                                                <ColumnReference Database="[Star_Schema_Benchmark]" Schema="[dbo]" Table="[LineOrder]" Column="LO_OrderDateKey" />
                                                <ColumnReference Database="[Star_Schema_Benchmark]" Schema="[dbo]" Table="[LineOrder]" Column="LO_Revenue" />
                                                <ColumnReference Database="[Star_Schema_Benchmark]" Schema="[dbo]" Table="[Part]" Column="P_Brand" />
                                              </OutputList>
                                              <RunTimeInformation>
                                                <RunTimeCountersPerThread Thread="4" ActualRows="24056" ActualEndOfScans="1" ActualExecutions="1" />
                                                <RunTimeCountersPerThread Thread="3" ActualRows="23579" ActualEndOfScans="1" ActualExecutions="1" />
                                                <RunTimeCountersPerThread Thread="2" ActualRows="23800" ActualEndOfScans="1" ActualExecutions="1" />
                                                <RunTimeCountersPerThread Thread="1" ActualRows="23890" ActualEndOfScans="1" ActualExecutions="1" />
                                                <RunTimeCountersPerThread Thread="0" ActualRows="0" ActualEndOfScans="0" ActualExecutions="0" />
                                              </RunTimeInformation>
                                              <Parallelism PartitioningType="Hash">
                                                <PartitionColumns>
                                                  <ColumnReference Database="[Star_Schema_Benchmark]" Schema="[dbo]" Table="[LineOrder]" Column="LO_SuppKey" />
                                                </PartitionColumns>
                                                <Predicate>
                                                  <ScalarOperator ScalarString="PROBE([Bitmap1019],[Star_Schema_Benchmark].[dbo].[LineOrder].[LO_SuppKey])">
                                                    <Intrinsic FunctionName="PROBE">
                                                      <ScalarOperator>
                                                        <Identifier>
                                                          <ColumnReference Column="Bitmap1019" />
                                                        </Identifier>
                                                      </ScalarOperator>
                                                      <ScalarOperator>
                                                        <Identifier>
                                                          <ColumnReference Database="[Star_Schema_Benchmark]" Schema="[dbo]" Table="[LineOrder]" Column="LO_SuppKey" />
                                                        </Identifier>
                                                      </ScalarOperator>
                                                    </Intrinsic>
                                                  </ScalarOperator>
                                                </Predicate>
                                                <RelOp AvgRowSize="37" EstimateCPU="196.555" EstimateIO="0" EstimateRebinds="0" EstimateRewinds="0" EstimateRows="411474" LogicalOp="Inner Join" NodeId="15" Parallel="true" PhysicalOp="Hash Match" EstimatedTotalSubtreeCost="1127.33">
                                                  <OutputList>
                                                    <ColumnReference Database="[Star_Schema_Benchmark]" Schema="[dbo]" Table="[LineOrder]" Column="LO_SuppKey" />
                                                    <ColumnReference Database="[Star_Schema_Benchmark]" Schema="[dbo]" Table="[LineOrder]" Column="LO_OrderDateKey" />
                                                    <ColumnReference Database="[Star_Schema_Benchmark]" Schema="[dbo]" Table="[LineOrder]" Column="LO_Revenue" />
                                                    <ColumnReference Database="[Star_Schema_Benchmark]" Schema="[dbo]" Table="[Part]" Column="P_Brand" />
                                                  </OutputList>
                                                  <MemoryFractions Input="0.875435" Output="0.874421" />
                                                  <RunTimeInformation>
                                                    <RunTimeCountersPerThread Thread="3" ActualRows="119754" ActualEndOfScans="1" ActualExecutions="1" />
                                                    <RunTimeCountersPerThread Thread="2" ActualRows="114831" ActualEndOfScans="1" ActualExecutions="1" />
                                                    <RunTimeCountersPerThread Thread="1" ActualRows="119828" ActualEndOfScans="1" ActualExecutions="1" />
                                                    <RunTimeCountersPerThread Thread="4" ActualRows="122817" ActualEndOfScans="1" ActualExecutions="1" />
                                                    <RunTimeCountersPerThread Thread="0" ActualRows="0" ActualEndOfScans="0" ActualExecutions="0" />
                                                  </RunTimeInformation>
                                                  <Hash>
                                                    <DefinedValues />
                                                    <HashKeysBuild>
                                                      <ColumnReference Database="[Star_Schema_Benchmark]" Schema="[dbo]" Table="[Part]" Column="P_PartKey" />
                                                    </HashKeysBuild>
                                                    <HashKeysProbe>
                                                      <ColumnReference Database="[Star_Schema_Benchmark]" Schema="[dbo]" Table="[LineOrder]" Column="LO_PartKey" />
                                                    </HashKeysProbe>
                                                    <ProbeResidual>
                                                      <ScalarOperator ScalarString="[Star_Schema_Benchmark].[dbo].[LineOrder].[LO_PartKey]=[Star_Schema_Benchmark].[dbo].[Part].[P_PartKey]">
                                                        <Compare CompareOp="EQ">
                                                          <ScalarOperator>
                                                            <Identifier>
                                                              <ColumnReference Database="[Star_Schema_Benchmark]" Schema="[dbo]" Table="[LineOrder]" Column="LO_PartKey" />
                                                            </Identifier>
                                                          </ScalarOperator>
                                                          <ScalarOperator>
                                                            <Identifier>
                                                              <ColumnReference Database="[Star_Schema_Benchmark]" Schema="[dbo]" Table="[Part]" Column="P_PartKey" />
                                                            </Identifier>
                                                          </ScalarOperator>
                                                        </Compare>
                                                      </ScalarOperator>
                                                    </ProbeResidual>
                                                    <RelOp AvgRowSize="24" EstimateCPU="0.0394257" EstimateIO="0" EstimateRebinds="0" EstimateRewinds="0" EstimateRows="5498.24" LogicalOp="Bitmap Create" NodeId="16" Parallel="true" PhysicalOp="Bitmap" EstimatedTotalSubtreeCost="8.05759">
                                                      <OutputList>
                                                        <ColumnReference Database="[Star_Schema_Benchmark]" Schema="[dbo]" Table="[Part]" Column="P_PartKey" />
                                                        <ColumnReference Database="[Star_Schema_Benchmark]" Schema="[dbo]" Table="[Part]" Column="P_Brand" />
                                                      </OutputList>
                                                      <RunTimeInformation>
                                                        <RunTimeCountersPerThread Thread="4" ActualRows="1622" ActualEndOfScans="1" ActualExecutions="1" />
                                                        <RunTimeCountersPerThread Thread="2" ActualRows="1553" ActualEndOfScans="1" ActualExecutions="1" />
                                                        <RunTimeCountersPerThread Thread="1" ActualRows="1618" ActualEndOfScans="1" ActualExecutions="1" />
                                                        <RunTimeCountersPerThread Thread="3" ActualRows="1616" ActualEndOfScans="1" ActualExecutions="1" />
                                                        <RunTimeCountersPerThread Thread="0" ActualRows="0" ActualEndOfScans="0" ActualExecutions="0" />
                                                      </RunTimeInformation>
                                                      <Bitmap>
                                                        <DefinedValues>
                                                          <DefinedValue>
                                                            <ColumnReference Column="Bitmap1018" />
                                                          </DefinedValue>
                                                        </DefinedValues>
                                                        <HashKeys>
                                                          <ColumnReference Database="[Star_Schema_Benchmark]" Schema="[dbo]" Table="[Part]" Column="P_PartKey" />
                                                        </HashKeys>
                                                        <RelOp AvgRowSize="24" EstimateCPU="0.0394257" EstimateIO="0" EstimateRebinds="0" EstimateRewinds="0" EstimateRows="5498.24" LogicalOp="Repartition Streams" NodeId="17" Parallel="true" PhysicalOp="Parallelism" EstimatedTotalSubtreeCost="8.05759">
                                                          <OutputList>
                                                            <ColumnReference Database="[Star_Schema_Benchmark]" Schema="[dbo]" Table="[Part]" Column="P_PartKey" />
                                                            <ColumnReference Database="[Star_Schema_Benchmark]" Schema="[dbo]" Table="[Part]" Column="P_Brand" />
                                                          </OutputList>
                                                          <RunTimeInformation>
                                                            <RunTimeCountersPerThread Thread="4" ActualRows="1622" ActualEndOfScans="1" ActualExecutions="1" />
                                                            <RunTimeCountersPerThread Thread="3" ActualRows="1616" ActualEndOfScans="1" ActualExecutions="1" />
                                                            <RunTimeCountersPerThread Thread="2" ActualRows="1553" ActualEndOfScans="1" ActualExecutions="1" />
                                                            <RunTimeCountersPerThread Thread="1" ActualRows="1618" ActualEndOfScans="1" ActualExecutions="1" />
                                                            <RunTimeCountersPerThread Thread="0" ActualRows="0" ActualEndOfScans="0" ActualExecutions="0" />
                                                          </RunTimeInformation>
                                                          <Parallelism PartitioningType="Hash">
                                                            <PartitionColumns>
                                                              <ColumnReference Database="[Star_Schema_Benchmark]" Schema="[dbo]" Table="[Part]" Column="P_PartKey" />
                                                            </PartitionColumns>
                                                            <RelOp AvgRowSize="24" EstimateCPU="0.440078" EstimateIO="7.22609" EstimateRebinds="0" EstimateRewinds="0" EstimateRows="5498.24" LogicalOp="Clustered Index Scan" NodeId="18" Parallel="true" PhysicalOp="Clustered Index Scan" EstimatedTotalSubtreeCost="7.66617" TableCardinality="800000">
                                                              <OutputList>
                                                                <ColumnReference Database="[Star_Schema_Benchmark]" Schema="[dbo]" Table="[Part]" Column="P_PartKey" />
                                                                <ColumnReference Database="[Star_Schema_Benchmark]" Schema="[dbo]" Table="[Part]" Column="P_Brand" />
                                                              </OutputList>
                                                              <RunTimeInformation>
                                                                <RunTimeCountersPerThread Thread="1" ActualRows="1596" ActualEndOfScans="1" ActualExecutions="1" />
                                                                <RunTimeCountersPerThread Thread="4" ActualRows="1637" ActualEndOfScans="1" ActualExecutions="1" />
                                                                <RunTimeCountersPerThread Thread="3" ActualRows="1567" ActualEndOfScans="1" ActualExecutions="1" />
                                                                <RunTimeCountersPerThread Thread="2" ActualRows="1609" ActualEndOfScans="1" ActualExecutions="1" />
                                                                <RunTimeCountersPerThread Thread="0" ActualRows="0" ActualEndOfScans="0" ActualExecutions="0" />
                                                              </RunTimeInformation>
                                                              <IndexScan Ordered="false" ForcedIndex="false" NoExpandHint="false">
                                                                <DefinedValues>
                                                                  <DefinedValue>
                                                                    <ColumnReference Database="[Star_Schema_Benchmark]" Schema="[dbo]" Table="[Part]" Column="P_PartKey" />
                                                                  </DefinedValue>
                                                                  <DefinedValue>
                                                                    <ColumnReference Database="[Star_Schema_Benchmark]" Schema="[dbo]" Table="[Part]" Column="P_Brand" />
                                                                  </DefinedValue>
                                                                </DefinedValues>
                                                                <Object Database="[Star_Schema_Benchmark]" Schema="[dbo]" Table="[Part]" Index="[PK_Part]" IndexKind="Clustered" />
                                                                <Predicate>
                                                                  <ScalarOperator ScalarString="[Star_Schema_Benchmark].[dbo].[Part].[P_Brand]&gt;='MFGR#2221' AND [Star_Schema_Benchmark].[dbo].[Part].[P_Brand]&lt;='MFGR#2228'">
                                                                    <Logical Operation="AND">
                                                                      <ScalarOperator>
                                                                        <Compare CompareOp="GE">
                                                                          <ScalarOperator>
                                                                            <Identifier>
                                                                              <ColumnReference Database="[Star_Schema_Benchmark]" Schema="[dbo]" Table="[Part]" Column="P_Brand" />
                                                                            </Identifier>
                                                                          </ScalarOperator>
                                                                          <ScalarOperator>
                                                                            <Const ConstValue="'MFGR#2221'" />
                                                                          </ScalarOperator>
                                                                        </Compare>
                                                                      </ScalarOperator>
                                                                      <ScalarOperator>
                                                                        <Compare CompareOp="LE">
                                                                          <ScalarOperator>
                                                                            <Identifier>
                                                                              <ColumnReference Database="[Star_Schema_Benchmark]" Schema="[dbo]" Table="[Part]" Column="P_Brand" />
                                                                            </Identifier>
                                                                          </ScalarOperator>
                                                                          <ScalarOperator>
                                                                            <Const ConstValue="'MFGR#2228'" />
                                                                          </ScalarOperator>
                                                                        </Compare>
                                                                      </ScalarOperator>
                                                                    </Logical>
                                                                  </ScalarOperator>
                                                                </Predicate>
                                                              </IndexScan>
                                                            </RelOp>
                                                          </Parallelism>
                                                        </RelOp>
                                                      </Bitmap>
                                                    </RelOp>
                                                    <RelOp AvgRowSize="36" EstimateCPU="173.036" EstimateIO="0" EstimateRebinds="0" EstimateRewinds="0" EstimateRows="59986200" LogicalOp="Repartition Streams" NodeId="19" Parallel="true" PhysicalOp="Parallelism" EstimatedTotalSubtreeCost="922.713">
                                                      <OutputList>
                                                        <ColumnReference Database="[Star_Schema_Benchmark]" Schema="[dbo]" Table="[LineOrder]" Column="LO_PartKey" />
                                                        <ColumnReference Database="[Star_Schema_Benchmark]" Schema="[dbo]" Table="[LineOrder]" Column="LO_SuppKey" />
                                                        <ColumnReference Database="[Star_Schema_Benchmark]" Schema="[dbo]" Table="[LineOrder]" Column="LO_OrderDateKey" />
                                                        <ColumnReference Database="[Star_Schema_Benchmark]" Schema="[dbo]" Table="[LineOrder]" Column="LO_Revenue" />
                                                      </OutputList>
                                                      <RunTimeInformation>
                                                        <RunTimeCountersPerThread Thread="4" ActualRows="124200" ActualEndOfScans="1" ActualExecutions="1" />
                                                        <RunTimeCountersPerThread Thread="2" ActualRows="115942" ActualEndOfScans="1" ActualExecutions="1" />
                                                        <RunTimeCountersPerThread Thread="1" ActualRows="121270" ActualEndOfScans="1" ActualExecutions="1" />
                                                        <RunTimeCountersPerThread Thread="3" ActualRows="121378" ActualEndOfScans="1" ActualExecutions="1" />
                                                        <RunTimeCountersPerThread Thread="0" ActualRows="0" ActualEndOfScans="0" ActualExecutions="0" />
                                                      </RunTimeInformation>
                                                      <Parallelism PartitioningType="Hash">
                                                        <PartitionColumns>
                                                          <ColumnReference Database="[Star_Schema_Benchmark]" Schema="[dbo]" Table="[LineOrder]" Column="LO_PartKey" />
                                                        </PartitionColumns>
                                                        <RelOp AvgRowSize="36" EstimateCPU="32.9925" EstimateIO="716.684" EstimateRebinds="0" EstimateRewinds="0" EstimateRows="59986200" LogicalOp="Clustered Index Scan" NodeId="20" Parallel="true" PhysicalOp="Clustered Index Scan" EstimatedTotalSubtreeCost="749.676" TableCardinality="59986200">
                                                          <OutputList>
                                                            <ColumnReference Database="[Star_Schema_Benchmark]" Schema="[dbo]" Table="[LineOrder]" Column="LO_PartKey" />
                                                            <ColumnReference Database="[Star_Schema_Benchmark]" Schema="[dbo]" Table="[LineOrder]" Column="LO_SuppKey" />
                                                            <ColumnReference Database="[Star_Schema_Benchmark]" Schema="[dbo]" Table="[LineOrder]" Column="LO_OrderDateKey" />
                                                            <ColumnReference Database="[Star_Schema_Benchmark]" Schema="[dbo]" Table="[LineOrder]" Column="LO_Revenue" />
                                                          </OutputList>
                                                          <RunTimeInformation>
                                                            <RunTimeCountersPerThread Thread="3" ActualRows="113652" ActualEndOfScans="1" ActualExecutions="1" />
                                                            <RunTimeCountersPerThread Thread="4" ActualRows="113990" ActualEndOfScans="1" ActualExecutions="1" />
                                                            <RunTimeCountersPerThread Thread="1" ActualRows="137479" ActualEndOfScans="1" ActualExecutions="1" />
                                                            <RunTimeCountersPerThread Thread="2" ActualRows="117669" ActualEndOfScans="1" ActualExecutions="1" />
                                                            <RunTimeCountersPerThread Thread="0" ActualRows="0" ActualEndOfScans="0" ActualExecutions="0" />
                                                          </RunTimeInformation>
                                                          <IndexScan Ordered="false" ForcedIndex="false" NoExpandHint="false">
                                                            <DefinedValues>
                                                              <DefinedValue>
                                                                <ColumnReference Database="[Star_Schema_Benchmark]" Schema="[dbo]" Table="[LineOrder]" Column="LO_PartKey" />
                                                              </DefinedValue>
                                                              <DefinedValue>
                                                                <ColumnReference Database="[Star_Schema_Benchmark]" Schema="[dbo]" Table="[LineOrder]" Column="LO_SuppKey" />
                                                              </DefinedValue>
                                                              <DefinedValue>
                                                                <ColumnReference Database="[Star_Schema_Benchmark]" Schema="[dbo]" Table="[LineOrder]" Column="LO_OrderDateKey" />
                                                              </DefinedValue>
                                                              <DefinedValue>
                                                                <ColumnReference Database="[Star_Schema_Benchmark]" Schema="[dbo]" Table="[LineOrder]" Column="LO_Revenue" />
                                                              </DefinedValue>
                                                            </DefinedValues>
                                                            <Object Database="[Star_Schema_Benchmark]" Schema="[dbo]" Table="[LineOrder]" Index="[PK_LineOrder]" IndexKind="Clustered" />
                                                            <Predicate>
                                                              <ScalarOperator ScalarString="PROBE([Bitmap1018],[Star_Schema_Benchmark].[dbo].[LineOrder].[LO_PartKey],N'[IN ROW]')">
                                                                <Intrinsic FunctionName="PROBE">
                                                                  <ScalarOperator>
                                                                    <Identifier>
                                                                      <ColumnReference Column="Bitmap1018" />
                                                                    </Identifier>
                                                                  </ScalarOperator>
                                                                  <ScalarOperator>
                                                                    <Identifier>
                                                                      <ColumnReference Database="[Star_Schema_Benchmark]" Schema="[dbo]" Table="[LineOrder]" Column="LO_PartKey" />
                                                                    </Identifier>
                                                                  </ScalarOperator>
                                                                  <ScalarOperator>
                                                                    <Const ConstValue="N'[IN ROW]'" />
                                                                  </ScalarOperator>
                                                                </Intrinsic>
                                                              </ScalarOperator>
                                                            </Predicate>
                                                          </IndexScan>
                                                        </RelOp>
                                                      </Parallelism>
                                                    </RelOp>
                                                  </Hash>
                                                </RelOp>
                                              </Parallelism>
                                            </RelOp>
                                          </Hash>
                                        </RelOp>
                                      </Parallelism>
                                    </RelOp>
                                  </Hash>
                                </RelOp>
                              </Hash>
                            </RelOp>
                          </Parallelism>
                        </RelOp>
                      </Sort>
                    </RelOp>
                  </StreamAggregate>
                </RelOp>
              </ComputeScalar>
            </RelOp>
          </QueryPlan>
        </StmtSimple>
      </Statements>
    </Batch>
    <Batch>
      <Statements>
        <StmtSimple StatementCompId="6" StatementEstRows="7" StatementId="6" StatementOptmLevel="FULL" StatementSubTreeCost="1127.66" StatementText="select sum(lo_revenue), d_year, p_brand&#xD;&#xA;from lineorder, [date], part, supplier&#xD;&#xA;where lo_orderdatekey =  d_datekey&#xD;&#xA;and lo_partkey = p_partkey&#xD;&#xA;and lo_suppkey = s_suppkey&#xD;&#xA;and p_brand= 'MFGR#2239'&#xD;&#xA;and s_region = 'EUROPE'&#xD;&#xA;group by d_year, p_brand&#xD;&#xA;order by d_year, p_brand;&#xD;&#xA;&#xD;&#xA;--Q3.1&#xD;" StatementType="SELECT" QueryHash="0xCB2073C35F095476" QueryPlanHash="0x8285D05F827EBA9D">
          <StatementSetOptions ANSI_NULLS="true" ANSI_PADDING="true" ANSI_WARNINGS="true" ARITHABORT="true" CONCAT_NULL_YIELDS_NULL="true" NUMERIC_ROUNDABORT="false" QUOTED_IDENTIFIER="true" />
          <QueryPlan DegreeOfParallelism="4" MemoryGrant="25600" CachedPlanSize="128" CompileTime="111" CompileCPU="111" CompileMemory="1576">
            <MissingIndexes>
              <MissingIndexGroup Impact="98.9428">
                <MissingIndex Database="[Star_Schema_Benchmark]" Schema="[dbo]" Table="[LineOrder]">
                  <ColumnGroup Usage="EQUALITY">
                    <Column Name="[LO_PartKey]" ColumnId="4" />
                  </ColumnGroup>
                  <ColumnGroup Usage="INCLUDE">
                    <Column Name="[LO_SuppKey]" ColumnId="5" />
                    <Column Name="[LO_OrderDateKey]" ColumnId="6" />
                    <Column Name="[LO_Revenue]" ColumnId="13" />
                  </ColumnGroup>
                </MissingIndex>
              </MissingIndexGroup>
            </MissingIndexes>
            <RelOp AvgRowSize="35" EstimateCPU="7E-07" EstimateIO="0" EstimateRebinds="0" EstimateRewinds="0" EstimateRows="7" LogicalOp="Compute Scalar" NodeId="1" Parallel="false" PhysicalOp="Compute Scalar" EstimatedTotalSubtreeCost="1127.66">
              <OutputList>
                <ColumnReference Database="[Star_Schema_Benchmark]" Schema="[dbo]" Table="[Date]" Column="D_Year" />
                <ColumnReference Database="[Star_Schema_Benchmark]" Schema="[dbo]" Table="[Part]" Column="P_Brand" />
                <ColumnReference Column="Expr1012" />
              </OutputList>
              <ComputeScalar>
                <DefinedValues>
                  <DefinedValue>
                    <ColumnReference Column="Expr1012" />
                    <ScalarOperator ScalarString="CASE WHEN [globalagg1014]=(0) THEN NULL ELSE [globalagg1016] END">
                      <IF>
                        <Condition>
                          <ScalarOperator>
                            <Compare CompareOp="EQ">
                              <ScalarOperator>
                                <Identifier>
                                  <ColumnReference Column="globalagg1014" />
                                </Identifier>
                              </ScalarOperator>
                              <ScalarOperator>
                                <Const ConstValue="(0)" />
                              </ScalarOperator>
                            </Compare>
                          </ScalarOperator>
                        </Condition>
                        <Then>
                          <ScalarOperator>
                            <Const ConstValue="NULL" />
                          </ScalarOperator>
                        </Then>
                        <Else>
                          <ScalarOperator>
                            <Identifier>
                              <ColumnReference Column="globalagg1016" />
                            </Identifier>
                          </ScalarOperator>
                        </Else>
                      </IF>
                    </ScalarOperator>
                  </DefinedValue>
                </DefinedValues>
                <RelOp AvgRowSize="43" EstimateCPU="1.19E-05" EstimateIO="0" EstimateRebinds="0" EstimateRewinds="0" EstimateRows="7" LogicalOp="Aggregate" NodeId="2" Parallel="false" PhysicalOp="Stream Aggregate" EstimatedTotalSubtreeCost="1127.66">
                  <OutputList>
                    <ColumnReference Database="[Star_Schema_Benchmark]" Schema="[dbo]" Table="[Date]" Column="D_Year" />
                    <ColumnReference Database="[Star_Schema_Benchmark]" Schema="[dbo]" Table="[Part]" Column="P_Brand" />
                    <ColumnReference Column="globalagg1014" />
                    <ColumnReference Column="globalagg1016" />
                  </OutputList>
                  <RunTimeInformation>
                    <RunTimeCountersPerThread Thread="0" ActualRows="7" ActualEndOfScans="1" ActualExecutions="1" />
                  </RunTimeInformation>
                  <StreamAggregate>
                    <DefinedValues>
                      <DefinedValue>
                        <ColumnReference Column="globalagg1014" />
                        <ScalarOperator ScalarString="SUM([partialagg1013])">
                          <Aggregate AggType="SUM" Distinct="false">
                            <ScalarOperator>
                              <Identifier>
                                <ColumnReference Column="partialagg1013" />
                              </Identifier>
                            </ScalarOperator>
                          </Aggregate>
                        </ScalarOperator>
                      </DefinedValue>
                      <DefinedValue>
                        <ColumnReference Column="globalagg1016" />
                        <ScalarOperator ScalarString="SUM([partialagg1015])">
                          <Aggregate AggType="SUM" Distinct="false">
                            <ScalarOperator>
                              <Identifier>
                                <ColumnReference Column="partialagg1015" />
                              </Identifier>
                            </ScalarOperator>
                          </Aggregate>
                        </ScalarOperator>
                      </DefinedValue>
                      <DefinedValue>
                        <ColumnReference Database="[Star_Schema_Benchmark]" Schema="[dbo]" Table="[Part]" Column="P_Brand" />
                        <ScalarOperator ScalarString="ANY([Star_Schema_Benchmark].[dbo].[Part].[P_Brand])">
                          <Aggregate AggType="ANY" Distinct="false">
                            <ScalarOperator>
                              <Identifier>
                                <ColumnReference Database="[Star_Schema_Benchmark]" Schema="[dbo]" Table="[Part]" Column="P_Brand" />
                              </Identifier>
                            </ScalarOperator>
                          </Aggregate>
                        </ScalarOperator>
                      </DefinedValue>
                    </DefinedValues>
                    <GroupBy>
                      <ColumnReference Database="[Star_Schema_Benchmark]" Schema="[dbo]" Table="[Date]" Column="D_Year" />
                    </GroupBy>
                    <RelOp AvgRowSize="43" EstimateCPU="0.000183196" EstimateIO="0.0112613" EstimateRebinds="0" EstimateRewinds="0" EstimateRows="14" LogicalOp="Sort" NodeId="3" Parallel="false" PhysicalOp="Sort" EstimatedTotalSubtreeCost="1127.66">
                      <OutputList>
                        <ColumnReference Database="[Star_Schema_Benchmark]" Schema="[dbo]" Table="[Date]" Column="D_Year" />
                        <ColumnReference Database="[Star_Schema_Benchmark]" Schema="[dbo]" Table="[Part]" Column="P_Brand" />
                        <ColumnReference Column="partialagg1013" />
                        <ColumnReference Column="partialagg1015" />
                      </OutputList>
                      <MemoryFractions Input="0.00446429" Output="1" />
                      <RunTimeInformation>
                        <RunTimeCountersPerThread Thread="0" ActualRebinds="1" ActualRewinds="0" ActualRows="28" ActualEndOfScans="1" ActualExecutions="1" />
                      </RunTimeInformation>
                      <Sort Distinct="false">
                        <OrderBy>
                          <OrderByColumn Ascending="true">
                            <ColumnReference Database="[Star_Schema_Benchmark]" Schema="[dbo]" Table="[Date]" Column="D_Year" />
                          </OrderByColumn>
                        </OrderBy>
                        <RelOp AvgRowSize="43" EstimateCPU="0.0285055" EstimateIO="0" EstimateRebinds="0" EstimateRewinds="0" EstimateRows="14" LogicalOp="Gather Streams" NodeId="4" Parallel="true" PhysicalOp="Parallelism" EstimatedTotalSubtreeCost="1127.64">
                          <OutputList>
                            <ColumnReference Database="[Star_Schema_Benchmark]" Schema="[dbo]" Table="[Date]" Column="D_Year" />
                            <ColumnReference Database="[Star_Schema_Benchmark]" Schema="[dbo]" Table="[Part]" Column="P_Brand" />
                            <ColumnReference Column="partialagg1013" />
                            <ColumnReference Column="partialagg1015" />
                          </OutputList>
                          <RunTimeInformation>
                            <RunTimeCountersPerThread Thread="0" ActualRows="28" ActualEndOfScans="1" ActualExecutions="1" />
                          </RunTimeInformation>
                          <Parallelism>
                            <RelOp AvgRowSize="43" EstimateCPU="0.0461857" EstimateIO="0" EstimateRebinds="0" EstimateRewinds="0" EstimateRows="14" LogicalOp="Partial Aggregate" NodeId="5" Parallel="true" PhysicalOp="Hash Match" EstimatedTotalSubtreeCost="1127.62">
                              <OutputList>
                                <ColumnReference Database="[Star_Schema_Benchmark]" Schema="[dbo]" Table="[Date]" Column="D_Year" />
                                <ColumnReference Database="[Star_Schema_Benchmark]" Schema="[dbo]" Table="[Part]" Column="P_Brand" />
                                <ColumnReference Column="partialagg1013" />
                                <ColumnReference Column="partialagg1015" />
                              </OutputList>
                              <MemoryFractions Input="0" Output="0" />
                              <RunTimeInformation>
                                <RunTimeCountersPerThread Thread="2" ActualRows="7" ActualEndOfScans="1" ActualExecutions="1" />
                                <RunTimeCountersPerThread Thread="3" ActualRows="7" ActualEndOfScans="1" ActualExecutions="1" />
                                <RunTimeCountersPerThread Thread="1" ActualRows="7" ActualEndOfScans="1" ActualExecutions="1" />
                                <RunTimeCountersPerThread Thread="4" ActualRows="7" ActualEndOfScans="1" ActualExecutions="1" />
                                <RunTimeCountersPerThread Thread="0" ActualRows="0" ActualEndOfScans="0" ActualExecutions="0" />
                              </RunTimeInformation>
                              <Hash>
                                <DefinedValues>
                                  <DefinedValue>
                                    <ColumnReference Column="partialagg1013" />
                                    <ScalarOperator ScalarString="COUNT_BIG([Star_Schema_Benchmark].[dbo].[LineOrder].[LO_Revenue])">
                                      <Aggregate AggType="COUNT_BIG" Distinct="false">
                                        <ScalarOperator>
                                          <Identifier>
                                            <ColumnReference Database="[Star_Schema_Benchmark]" Schema="[dbo]" Table="[LineOrder]" Column="LO_Revenue" />
                                          </Identifier>
                                        </ScalarOperator>
                                      </Aggregate>
                                    </ScalarOperator>
                                  </DefinedValue>
                                  <DefinedValue>
                                    <ColumnReference Column="partialagg1015" />
                                    <ScalarOperator ScalarString="SUM([Star_Schema_Benchmark].[dbo].[LineOrder].[LO_Revenue])">
                                      <Aggregate AggType="SUM" Distinct="false">
                                        <ScalarOperator>
                                          <Identifier>
                                            <ColumnReference Database="[Star_Schema_Benchmark]" Schema="[dbo]" Table="[LineOrder]" Column="LO_Revenue" />
                                          </Identifier>
                                        </ScalarOperator>
                                      </Aggregate>
                                    </ScalarOperator>
                                  </DefinedValue>
                                  <DefinedValue>
                                    <ColumnReference Database="[Star_Schema_Benchmark]" Schema="[dbo]" Table="[Part]" Column="P_Brand" />
                                    <ScalarOperator ScalarString="ANY([Star_Schema_Benchmark].[dbo].[Part].[P_Brand])">
                                      <Aggregate AggType="ANY" Distinct="false">
                                        <ScalarOperator>
                                          <Identifier>
                                            <ColumnReference Database="[Star_Schema_Benchmark]" Schema="[dbo]" Table="[Part]" Column="P_Brand" />
                                          </Identifier>
                                        </ScalarOperator>
                                      </Aggregate>
                                    </ScalarOperator>
                                  </DefinedValue>
                                </DefinedValues>
                                <HashKeysBuild>
                                  <ColumnReference Database="[Star_Schema_Benchmark]" Schema="[dbo]" Table="[Date]" Column="D_Year" />
                                </HashKeysBuild>
                                <RelOp AvgRowSize="27" EstimateCPU="0.0929198" EstimateIO="0" EstimateRebinds="0" EstimateRewinds="0" EstimateRows="10843.2" LogicalOp="Inner Join" NodeId="6" Parallel="true" PhysicalOp="Hash Match" EstimatedTotalSubtreeCost="1127.57">
                                  <OutputList>
                                    <ColumnReference Database="[Star_Schema_Benchmark]" Schema="[dbo]" Table="[LineOrder]" Column="LO_Revenue" />
                                    <ColumnReference Database="[Star_Schema_Benchmark]" Schema="[dbo]" Table="[Date]" Column="D_Year" />
                                    <ColumnReference Database="[Star_Schema_Benchmark]" Schema="[dbo]" Table="[Part]" Column="P_Brand" />
                                  </OutputList>
                                  <MemoryFractions Input="0" Output="0" />
                                  <RunTimeInformation>
                                    <RunTimeCountersPerThread Thread="2" ActualRows="2809" ActualEndOfScans="1" ActualExecutions="1" />
                                    <RunTimeCountersPerThread Thread="3" ActualRows="2863" ActualEndOfScans="1" ActualExecutions="1" />
                                    <RunTimeCountersPerThread Thread="1" ActualRows="2938" ActualEndOfScans="1" ActualExecutions="1" />
                                    <RunTimeCountersPerThread Thread="4" ActualRows="2949" ActualEndOfScans="1" ActualExecutions="1" />
                                    <RunTimeCountersPerThread Thread="0" ActualRows="0" ActualEndOfScans="0" ActualExecutions="0" />
                                  </RunTimeInformation>
                                  <Hash>
                                    <DefinedValues />
                                    <HashKeysBuild>
                                      <ColumnReference Database="[Star_Schema_Benchmark]" Schema="[dbo]" Table="[Date]" Column="D_DateKey" />
                                    </HashKeysBuild>
                                    <HashKeysProbe>
                                      <ColumnReference Database="[Star_Schema_Benchmark]" Schema="[dbo]" Table="[LineOrder]" Column="LO_OrderDateKey" />
                                    </HashKeysProbe>
                                    <ProbeResidual>
                                      <ScalarOperator ScalarString="[Star_Schema_Benchmark].[dbo].[LineOrder].[LO_OrderDateKey]=[Star_Schema_Benchmark].[dbo].[Date].[D_DateKey]">
                                        <Compare CompareOp="EQ">
                                          <ScalarOperator>
                                            <Identifier>
                                              <ColumnReference Database="[Star_Schema_Benchmark]" Schema="[dbo]" Table="[LineOrder]" Column="LO_OrderDateKey" />
                                            </Identifier>
                                          </ScalarOperator>
                                          <ScalarOperator>
                                            <Identifier>
                                              <ColumnReference Database="[Star_Schema_Benchmark]" Schema="[dbo]" Table="[Date]" Column="D_DateKey" />
                                            </Identifier>
                                          </ScalarOperator>
                                        </Compare>
                                      </ScalarOperator>
                                    </ProbeResidual>
                                    <RelOp AvgRowSize="17" EstimateCPU="0.0329618" EstimateIO="0" EstimateRebinds="0" EstimateRewinds="0" EstimateRows="2556" LogicalOp="Repartition Streams" NodeId="7" Parallel="true" PhysicalOp="Parallelism" EstimatedTotalSubtreeCost="0.0575711">
                                      <OutputList>
                                        <ColumnReference Database="[Star_Schema_Benchmark]" Schema="[dbo]" Table="[Date]" Column="D_DateKey" />
                                        <ColumnReference Database="[Star_Schema_Benchmark]" Schema="[dbo]" Table="[Date]" Column="D_Year" />
                                      </OutputList>
                                      <RunTimeInformation>
                                        <RunTimeCountersPerThread Thread="4" ActualRows="646" ActualEndOfScans="1" ActualExecutions="1" />
                                        <RunTimeCountersPerThread Thread="3" ActualRows="622" ActualEndOfScans="1" ActualExecutions="1" />
                                        <RunTimeCountersPerThread Thread="1" ActualRows="654" ActualEndOfScans="1" ActualExecutions="1" />
                                        <RunTimeCountersPerThread Thread="2" ActualRows="634" ActualEndOfScans="1" ActualExecutions="1" />
                                        <RunTimeCountersPerThread Thread="0" ActualRows="0" ActualEndOfScans="0" ActualExecutions="0" />
                                      </RunTimeInformation>
                                      <Parallelism PartitioningType="Hash">
                                        <PartitionColumns>
                                          <ColumnReference Database="[Star_Schema_Benchmark]" Schema="[dbo]" Table="[Date]" Column="D_DateKey" />
                                        </PartitionColumns>
                                        <RelOp AvgRowSize="17" EstimateCPU="0.0014843" EstimateIO="0.023125" EstimateRebinds="0" EstimateRewinds="0" EstimateRows="2556" LogicalOp="Clustered Index Scan" NodeId="8" Parallel="true" PhysicalOp="Clustered Index Scan" EstimatedTotalSubtreeCost="0.0246093" TableCardinality="2556">
                                          <OutputList>
                                            <ColumnReference Database="[Star_Schema_Benchmark]" Schema="[dbo]" Table="[Date]" Column="D_DateKey" />
                                            <ColumnReference Database="[Star_Schema_Benchmark]" Schema="[dbo]" Table="[Date]" Column="D_Year" />
                                          </OutputList>
                                          <RunTimeInformation>
                                            <RunTimeCountersPerThread Thread="2" ActualRows="651" ActualEndOfScans="1" ActualExecutions="1" />
                                            <RunTimeCountersPerThread Thread="4" ActualRows="652" ActualEndOfScans="1" ActualExecutions="1" />
                                            <RunTimeCountersPerThread Thread="1" ActualRows="602" ActualEndOfScans="1" ActualExecutions="1" />
                                            <RunTimeCountersPerThread Thread="3" ActualRows="651" ActualEndOfScans="1" ActualExecutions="1" />
                                            <RunTimeCountersPerThread Thread="0" ActualRows="0" ActualEndOfScans="0" ActualExecutions="0" />
                                          </RunTimeInformation>
                                          <IndexScan Ordered="false" ForcedIndex="false" NoExpandHint="false">
                                            <DefinedValues>
                                              <DefinedValue>
                                                <ColumnReference Database="[Star_Schema_Benchmark]" Schema="[dbo]" Table="[Date]" Column="D_DateKey" />
                                              </DefinedValue>
                                              <DefinedValue>
                                                <ColumnReference Database="[Star_Schema_Benchmark]" Schema="[dbo]" Table="[Date]" Column="D_Year" />
                                              </DefinedValue>
                                            </DefinedValues>
                                            <Object Database="[Star_Schema_Benchmark]" Schema="[dbo]" Table="[Date]" Index="[PK_Date]" IndexKind="Clustered" />
                                          </IndexScan>
                                        </RelOp>
                                      </Parallelism>
                                    </RelOp>
                                    <RelOp AvgRowSize="33" EstimateCPU="0.0611226" EstimateIO="0" EstimateRebinds="0" EstimateRewinds="0" EstimateRows="12848" LogicalOp="Repartition Streams" NodeId="9" Parallel="true" PhysicalOp="Parallelism" EstimatedTotalSubtreeCost="1127.42">
                                      <OutputList>
                                        <ColumnReference Database="[Star_Schema_Benchmark]" Schema="[dbo]" Table="[LineOrder]" Column="LO_OrderDateKey" />
                                        <ColumnReference Database="[Star_Schema_Benchmark]" Schema="[dbo]" Table="[LineOrder]" Column="LO_Revenue" />
                                        <ColumnReference Database="[Star_Schema_Benchmark]" Schema="[dbo]" Table="[Part]" Column="P_Brand" />
                                      </OutputList>
                                      <RunTimeInformation>
                                        <RunTimeCountersPerThread Thread="4" ActualRows="2949" ActualEndOfScans="1" ActualExecutions="1" />
                                        <RunTimeCountersPerThread Thread="3" ActualRows="2863" ActualEndOfScans="1" ActualExecutions="1" />
                                        <RunTimeCountersPerThread Thread="2" ActualRows="2809" ActualEndOfScans="1" ActualExecutions="1" />
                                        <RunTimeCountersPerThread Thread="1" ActualRows="2938" ActualEndOfScans="1" ActualExecutions="1" />
                                        <RunTimeCountersPerThread Thread="0" ActualRows="0" ActualEndOfScans="0" ActualExecutions="0" />
                                      </RunTimeInformation>
                                      <Parallelism PartitioningType="Hash">
                                        <PartitionColumns>
                                          <ColumnReference Database="[Star_Schema_Benchmark]" Schema="[dbo]" Table="[LineOrder]" Column="LO_OrderDateKey" />
                                        </PartitionColumns>
                                        <RelOp AvgRowSize="33" EstimateCPU="0.18577" EstimateIO="0" EstimateRebinds="0" EstimateRewinds="0" EstimateRows="12848" LogicalOp="Inner Join" NodeId="10" Parallel="true" PhysicalOp="Hash Match" EstimatedTotalSubtreeCost="1127.36">
                                          <OutputList>
                                            <ColumnReference Database="[Star_Schema_Benchmark]" Schema="[dbo]" Table="[LineOrder]" Column="LO_OrderDateKey" />
                                            <ColumnReference Database="[Star_Schema_Benchmark]" Schema="[dbo]" Table="[LineOrder]" Column="LO_Revenue" />
                                            <ColumnReference Database="[Star_Schema_Benchmark]" Schema="[dbo]" Table="[Part]" Column="P_Brand" />
                                          </OutputList>
                                          <MemoryFractions Input="0.147982" Output="0.147321" />
                                          <RunTimeInformation>
                                            <RunTimeCountersPerThread Thread="4" ActualRows="2742" ActualEndOfScans="1" ActualExecutions="1" />
                                            <RunTimeCountersPerThread Thread="3" ActualRows="3026" ActualEndOfScans="1" ActualExecutions="1" />
                                            <RunTimeCountersPerThread Thread="2" ActualRows="2777" ActualEndOfScans="1" ActualExecutions="1" />
                                            <RunTimeCountersPerThread Thread="1" ActualRows="3014" ActualEndOfScans="1" ActualExecutions="1" />
                                            <RunTimeCountersPerThread Thread="0" ActualRows="0" ActualEndOfScans="0" ActualExecutions="0" />
                                          </RunTimeInformation>
                                          <Hash>
                                            <DefinedValues />
                                            <HashKeysBuild>
                                              <ColumnReference Database="[Star_Schema_Benchmark]" Schema="[dbo]" Table="[Supplier]" Column="S_SuppKey" />
                                            </HashKeysBuild>
                                            <HashKeysProbe>
                                              <ColumnReference Database="[Star_Schema_Benchmark]" Schema="[dbo]" Table="[LineOrder]" Column="LO_SuppKey" />
                                            </HashKeysProbe>
                                            <RelOp AvgRowSize="11" EstimateCPU="0.033259" EstimateIO="0" EstimateRebinds="0" EstimateRewinds="0" EstimateRows="3972" LogicalOp="Bitmap Create" NodeId="11" Parallel="true" PhysicalOp="Bitmap" EstimatedTotalSubtreeCost="0.252262">
                                              <OutputList>
                                                <ColumnReference Database="[Star_Schema_Benchmark]" Schema="[dbo]" Table="[Supplier]" Column="S_SuppKey" />
                                              </OutputList>
                                              <RunTimeInformation>
                                                <RunTimeCountersPerThread Thread="4" ActualRows="950" ActualEndOfScans="1" ActualExecutions="1" />
                                                <RunTimeCountersPerThread Thread="1" ActualRows="1028" ActualEndOfScans="1" ActualExecutions="1" />
                                                <RunTimeCountersPerThread Thread="3" ActualRows="1029" ActualEndOfScans="1" ActualExecutions="1" />
                                                <RunTimeCountersPerThread Thread="2" ActualRows="965" ActualEndOfScans="1" ActualExecutions="1" />
                                                <RunTimeCountersPerThread Thread="0" ActualRows="0" ActualEndOfScans="0" ActualExecutions="0" />
                                              </RunTimeInformation>
                                              <Bitmap>
                                                <DefinedValues>
                                                  <DefinedValue>
                                                    <ColumnReference Column="Bitmap1019" />
                                                  </DefinedValue>
                                                </DefinedValues>
                                                <HashKeys>
                                                  <ColumnReference Database="[Star_Schema_Benchmark]" Schema="[dbo]" Table="[Supplier]" Column="S_SuppKey" />
                                                </HashKeys>
                                                <RelOp AvgRowSize="11" EstimateCPU="0.033259" EstimateIO="0" EstimateRebinds="0" EstimateRewinds="0" EstimateRows="3972" LogicalOp="Repartition Streams" NodeId="12" Parallel="true" PhysicalOp="Parallelism" EstimatedTotalSubtreeCost="0.252262">
                                                  <OutputList>
                                                    <ColumnReference Database="[Star_Schema_Benchmark]" Schema="[dbo]" Table="[Supplier]" Column="S_SuppKey" />
                                                  </OutputList>
                                                  <RunTimeInformation>
                                                    <RunTimeCountersPerThread Thread="4" ActualRows="950" ActualEndOfScans="1" ActualExecutions="1" />
                                                    <RunTimeCountersPerThread Thread="1" ActualRows="1028" ActualEndOfScans="1" ActualExecutions="1" />
                                                    <RunTimeCountersPerThread Thread="3" ActualRows="1029" ActualEndOfScans="1" ActualExecutions="1" />
                                                    <RunTimeCountersPerThread Thread="2" ActualRows="965" ActualEndOfScans="1" ActualExecutions="1" />
                                                    <RunTimeCountersPerThread Thread="0" ActualRows="0" ActualEndOfScans="0" ActualExecutions="0" />
                                                  </RunTimeInformation>
                                                  <Parallelism PartitioningType="Hash">
                                                    <PartitionColumns>
                                                      <ColumnReference Database="[Star_Schema_Benchmark]" Schema="[dbo]" Table="[Supplier]" Column="S_SuppKey" />
                                                    </PartitionColumns>
                                                    <RelOp AvgRowSize="23" EstimateCPU="0.0110785" EstimateIO="0.203125" EstimateRebinds="0" EstimateRewinds="0" EstimateRows="3972" LogicalOp="Clustered Index Scan" NodeId="13" Parallel="true" PhysicalOp="Clustered Index Scan" EstimatedTotalSubtreeCost="0.214203" TableCardinality="20000">
                                                      <OutputList>
                                                        <ColumnReference Database="[Star_Schema_Benchmark]" Schema="[dbo]" Table="[Supplier]" Column="S_SuppKey" />
                                                      </OutputList>
                                                      <RunTimeInformation>
                                                        <RunTimeCountersPerThread Thread="1" ActualRows="1139" ActualEndOfScans="1" ActualExecutions="1" />
                                                        <RunTimeCountersPerThread Thread="4" ActualRows="1049" ActualEndOfScans="1" ActualExecutions="1" />
                                                        <RunTimeCountersPerThread Thread="3" ActualRows="732" ActualEndOfScans="1" ActualExecutions="1" />
                                                        <RunTimeCountersPerThread Thread="2" ActualRows="1052" ActualEndOfScans="1" ActualExecutions="1" />
                                                        <RunTimeCountersPerThread Thread="0" ActualRows="0" ActualEndOfScans="0" ActualExecutions="0" />
                                                      </RunTimeInformation>
                                                      <IndexScan Ordered="false" ForcedIndex="false" NoExpandHint="false">
                                                        <DefinedValues>
                                                          <DefinedValue>
                                                            <ColumnReference Database="[Star_Schema_Benchmark]" Schema="[dbo]" Table="[Supplier]" Column="S_SuppKey" />
                                                          </DefinedValue>
                                                        </DefinedValues>
                                                        <Object Database="[Star_Schema_Benchmark]" Schema="[dbo]" Table="[Supplier]" Index="[PK_Supplier]" IndexKind="Clustered" />
                                                        <Predicate>
                                                          <ScalarOperator ScalarString="[Star_Schema_Benchmark].[dbo].[Supplier].[S_Region]='EUROPE'">
                                                            <Compare CompareOp="EQ">
                                                              <ScalarOperator>
                                                                <Identifier>
                                                                  <ColumnReference Database="[Star_Schema_Benchmark]" Schema="[dbo]" Table="[Supplier]" Column="S_Region" />
                                                                </Identifier>
                                                              </ScalarOperator>
                                                              <ScalarOperator>
                                                                <Const ConstValue="'EUROPE'" />
                                                              </ScalarOperator>
                                                            </Compare>
                                                          </ScalarOperator>
                                                        </Predicate>
                                                      </IndexScan>
                                                    </RelOp>
                                                  </Parallelism>
                                                </RelOp>
                                              </Bitmap>
                                            </RelOp>
                                            <RelOp AvgRowSize="37" EstimateCPU="0.199606" EstimateIO="0" EstimateRebinds="0" EstimateRewinds="0" EstimateRows="60684" LogicalOp="Repartition Streams" NodeId="14" Parallel="true" PhysicalOp="Parallelism" EstimatedTotalSubtreeCost="1126.92">
                                              <OutputList>
                                                <ColumnReference Database="[Star_Schema_Benchmark]" Schema="[dbo]" Table="[LineOrder]" Column="LO_SuppKey" />
                                                <ColumnReference Database="[Star_Schema_Benchmark]" Schema="[dbo]" Table="[LineOrder]" Column="LO_OrderDateKey" />
                                                <ColumnReference Database="[Star_Schema_Benchmark]" Schema="[dbo]" Table="[LineOrder]" Column="LO_Revenue" />
                                                <ColumnReference Database="[Star_Schema_Benchmark]" Schema="[dbo]" Table="[Part]" Column="P_Brand" />
                                              </OutputList>
                                              <RunTimeInformation>
                                                <RunTimeCountersPerThread Thread="4" ActualRows="2742" ActualEndOfScans="1" ActualExecutions="1" />
                                                <RunTimeCountersPerThread Thread="1" ActualRows="3014" ActualEndOfScans="1" ActualExecutions="1" />
                                                <RunTimeCountersPerThread Thread="3" ActualRows="3026" ActualEndOfScans="1" ActualExecutions="1" />
                                                <RunTimeCountersPerThread Thread="2" ActualRows="2779" ActualEndOfScans="1" ActualExecutions="1" />
                                                <RunTimeCountersPerThread Thread="0" ActualRows="0" ActualEndOfScans="0" ActualExecutions="0" />
                                              </RunTimeInformation>
                                              <Parallelism PartitioningType="Hash">
                                                <PartitionColumns>
                                                  <ColumnReference Database="[Star_Schema_Benchmark]" Schema="[dbo]" Table="[LineOrder]" Column="LO_SuppKey" />
                                                </PartitionColumns>
                                                <Predicate>
                                                  <ScalarOperator ScalarString="PROBE([Bitmap1019],[Star_Schema_Benchmark].[dbo].[LineOrder].[LO_SuppKey])">
                                                    <Intrinsic FunctionName="PROBE">
                                                      <ScalarOperator>
                                                        <Identifier>
                                                          <ColumnReference Column="Bitmap1019" />
                                                        </Identifier>
                                                      </ScalarOperator>
                                                      <ScalarOperator>
                                                        <Identifier>
                                                          <ColumnReference Database="[Star_Schema_Benchmark]" Schema="[dbo]" Table="[LineOrder]" Column="LO_SuppKey" />
                                                        </Identifier>
                                                      </ScalarOperator>
                                                    </Intrinsic>
                                                  </ScalarOperator>
                                                </Predicate>
                                                <RelOp AvgRowSize="37" EstimateCPU="196.119" EstimateIO="0" EstimateRebinds="0" EstimateRewinds="0" EstimateRows="60684" LogicalOp="Inner Join" NodeId="15" Parallel="true" PhysicalOp="Hash Match" EstimatedTotalSubtreeCost="1126.72">
                                                  <OutputList>
                                                    <ColumnReference Database="[Star_Schema_Benchmark]" Schema="[dbo]" Table="[LineOrder]" Column="LO_SuppKey" />
                                                    <ColumnReference Database="[Star_Schema_Benchmark]" Schema="[dbo]" Table="[LineOrder]" Column="LO_OrderDateKey" />
                                                    <ColumnReference Database="[Star_Schema_Benchmark]" Schema="[dbo]" Table="[LineOrder]" Column="LO_Revenue" />
                                                    <ColumnReference Database="[Star_Schema_Benchmark]" Schema="[dbo]" Table="[Part]" Column="P_Brand" />
                                                  </OutputList>
                                                  <MemoryFractions Input="0.852018" Output="0.848214" />
                                                  <RunTimeInformation>
                                                    <RunTimeCountersPerThread Thread="1" ActualRows="14903" ActualEndOfScans="1" ActualExecutions="1" />
                                                    <RunTimeCountersPerThread Thread="2" ActualRows="15300" ActualEndOfScans="1" ActualExecutions="1" />
                                                    <RunTimeCountersPerThread Thread="3" ActualRows="14671" ActualEndOfScans="1" ActualExecutions="1" />
                                                    <RunTimeCountersPerThread Thread="4" ActualRows="13802" ActualEndOfScans="1" ActualExecutions="1" />
                                                    <RunTimeCountersPerThread Thread="0" ActualRows="0" ActualEndOfScans="0" ActualExecutions="0" />
                                                  </RunTimeInformation>
                                                  <Hash>
                                                    <DefinedValues />
                                                    <HashKeysBuild>
                                                      <ColumnReference Database="[Star_Schema_Benchmark]" Schema="[dbo]" Table="[Part]" Column="P_PartKey" />
                                                    </HashKeysBuild>
                                                    <HashKeysProbe>
                                                      <ColumnReference Database="[Star_Schema_Benchmark]" Schema="[dbo]" Table="[LineOrder]" Column="LO_PartKey" />
                                                    </HashKeysProbe>
                                                    <ProbeResidual>
                                                      <ScalarOperator ScalarString="[Star_Schema_Benchmark].[dbo].[LineOrder].[LO_PartKey]=[Star_Schema_Benchmark].[dbo].[Part].[P_PartKey]">
                                                        <Compare CompareOp="EQ">
                                                          <ScalarOperator>
                                                            <Identifier>
                                                              <ColumnReference Database="[Star_Schema_Benchmark]" Schema="[dbo]" Table="[LineOrder]" Column="LO_PartKey" />
                                                            </Identifier>
                                                          </ScalarOperator>
                                                          <ScalarOperator>
                                                            <Identifier>
                                                              <ColumnReference Database="[Star_Schema_Benchmark]" Schema="[dbo]" Table="[Part]" Column="P_PartKey" />
                                                            </Identifier>
                                                          </ScalarOperator>
                                                        </Compare>
                                                      </ScalarOperator>
                                                    </ProbeResidual>
                                                    <RelOp AvgRowSize="24" EstimateCPU="0.030108" EstimateIO="0" EstimateRebinds="0" EstimateRewinds="0" EstimateRows="809.228" LogicalOp="Bitmap Create" NodeId="16" Parallel="true" PhysicalOp="Bitmap" EstimatedTotalSubtreeCost="7.88827">
                                                      <OutputList>
                                                        <ColumnReference Database="[Star_Schema_Benchmark]" Schema="[dbo]" Table="[Part]" Column="P_PartKey" />
                                                        <ColumnReference Database="[Star_Schema_Benchmark]" Schema="[dbo]" Table="[Part]" Column="P_Brand" />
                                                      </OutputList>
                                                      <RunTimeInformation>
                                                        <RunTimeCountersPerThread Thread="4" ActualRows="194" ActualEndOfScans="1" ActualExecutions="1" />
                                                        <RunTimeCountersPerThread Thread="2" ActualRows="205" ActualEndOfScans="1" ActualExecutions="1" />
                                                        <RunTimeCountersPerThread Thread="3" ActualRows="194" ActualEndOfScans="1" ActualExecutions="1" />
                                                        <RunTimeCountersPerThread Thread="1" ActualRows="201" ActualEndOfScans="1" ActualExecutions="1" />
                                                        <RunTimeCountersPerThread Thread="0" ActualRows="0" ActualEndOfScans="0" ActualExecutions="0" />
                                                      </RunTimeInformation>
                                                      <Bitmap>
                                                        <DefinedValues>
                                                          <DefinedValue>
                                                            <ColumnReference Column="Bitmap1018" />
                                                          </DefinedValue>
                                                        </DefinedValues>
                                                        <HashKeys>
                                                          <ColumnReference Database="[Star_Schema_Benchmark]" Schema="[dbo]" Table="[Part]" Column="P_PartKey" />
                                                        </HashKeys>
                                                        <RelOp AvgRowSize="24" EstimateCPU="0.030108" EstimateIO="0" EstimateRebinds="0" EstimateRewinds="0" EstimateRows="809.228" LogicalOp="Repartition Streams" NodeId="17" Parallel="true" PhysicalOp="Parallelism" EstimatedTotalSubtreeCost="7.88827">
                                                          <OutputList>
                                                            <ColumnReference Database="[Star_Schema_Benchmark]" Schema="[dbo]" Table="[Part]" Column="P_PartKey" />
                                                            <ColumnReference Database="[Star_Schema_Benchmark]" Schema="[dbo]" Table="[Part]" Column="P_Brand" />
                                                          </OutputList>
                                                          <RunTimeInformation>
                                                            <RunTimeCountersPerThread Thread="4" ActualRows="194" ActualEndOfScans="1" ActualExecutions="1" />
                                                            <RunTimeCountersPerThread Thread="1" ActualRows="201" ActualEndOfScans="1" ActualExecutions="1" />
                                                            <RunTimeCountersPerThread Thread="3" ActualRows="194" ActualEndOfScans="1" ActualExecutions="1" />
                                                            <RunTimeCountersPerThread Thread="2" ActualRows="205" ActualEndOfScans="1" ActualExecutions="1" />
                                                            <RunTimeCountersPerThread Thread="0" ActualRows="0" ActualEndOfScans="0" ActualExecutions="0" />
                                                          </RunTimeInformation>
                                                          <Parallelism PartitioningType="Hash">
                                                            <PartitionColumns>
                                                              <ColumnReference Database="[Star_Schema_Benchmark]" Schema="[dbo]" Table="[Part]" Column="P_PartKey" />
                                                            </PartitionColumns>
                                                            <RelOp AvgRowSize="24" EstimateCPU="0.440078" EstimateIO="7.22609" EstimateRebinds="0" EstimateRewinds="0" EstimateRows="809.228" LogicalOp="Clustered Index Scan" NodeId="18" Parallel="true" PhysicalOp="Clustered Index Scan" EstimatedTotalSubtreeCost="7.66617" TableCardinality="800000">
                                                              <OutputList>
                                                                <ColumnReference Database="[Star_Schema_Benchmark]" Schema="[dbo]" Table="[Part]" Column="P_PartKey" />
                                                                <ColumnReference Database="[Star_Schema_Benchmark]" Schema="[dbo]" Table="[Part]" Column="P_Brand" />
                                                              </OutputList>
                                                              <RunTimeInformation>
                                                                <RunTimeCountersPerThread Thread="1" ActualRows="168" ActualEndOfScans="1" ActualExecutions="1" />
                                                                <RunTimeCountersPerThread Thread="4" ActualRows="222" ActualEndOfScans="1" ActualExecutions="1" />
                                                                <RunTimeCountersPerThread Thread="2" ActualRows="207" ActualEndOfScans="1" ActualExecutions="1" />
                                                                <RunTimeCountersPerThread Thread="3" ActualRows="197" ActualEndOfScans="1" ActualExecutions="1" />
                                                                <RunTimeCountersPerThread Thread="0" ActualRows="0" ActualEndOfScans="0" ActualExecutions="0" />
                                                              </RunTimeInformation>
                                                              <IndexScan Ordered="false" ForcedIndex="false" NoExpandHint="false">
                                                                <DefinedValues>
                                                                  <DefinedValue>
                                                                    <ColumnReference Database="[Star_Schema_Benchmark]" Schema="[dbo]" Table="[Part]" Column="P_PartKey" />
                                                                  </DefinedValue>
                                                                  <DefinedValue>
                                                                    <ColumnReference Database="[Star_Schema_Benchmark]" Schema="[dbo]" Table="[Part]" Column="P_Brand" />
                                                                  </DefinedValue>
                                                                </DefinedValues>
                                                                <Object Database="[Star_Schema_Benchmark]" Schema="[dbo]" Table="[Part]" Index="[PK_Part]" IndexKind="Clustered" />
                                                                <Predicate>
                                                                  <ScalarOperator ScalarString="[Star_Schema_Benchmark].[dbo].[Part].[P_Brand]='MFGR#2239'">
                                                                    <Compare CompareOp="EQ">
                                                                      <ScalarOperator>
                                                                        <Identifier>
                                                                          <ColumnReference Database="[Star_Schema_Benchmark]" Schema="[dbo]" Table="[Part]" Column="P_Brand" />
                                                                        </Identifier>
                                                                      </ScalarOperator>
                                                                      <ScalarOperator>
                                                                        <Const ConstValue="'MFGR#2239'" />
                                                                      </ScalarOperator>
                                                                    </Compare>
                                                                  </ScalarOperator>
                                                                </Predicate>
                                                              </IndexScan>
                                                            </RelOp>
                                                          </Parallelism>
                                                        </RelOp>
                                                      </Bitmap>
                                                    </RelOp>
                                                    <RelOp AvgRowSize="36" EstimateCPU="173.036" EstimateIO="0" EstimateRebinds="0" EstimateRewinds="0" EstimateRows="59986200" LogicalOp="Repartition Streams" NodeId="19" Parallel="true" PhysicalOp="Parallelism" EstimatedTotalSubtreeCost="922.713">
                                                      <OutputList>
                                                        <ColumnReference Database="[Star_Schema_Benchmark]" Schema="[dbo]" Table="[LineOrder]" Column="LO_PartKey" />
                                                        <ColumnReference Database="[Star_Schema_Benchmark]" Schema="[dbo]" Table="[LineOrder]" Column="LO_SuppKey" />
                                                        <ColumnReference Database="[Star_Schema_Benchmark]" Schema="[dbo]" Table="[LineOrder]" Column="LO_OrderDateKey" />
                                                        <ColumnReference Database="[Star_Schema_Benchmark]" Schema="[dbo]" Table="[LineOrder]" Column="LO_Revenue" />
                                                      </OutputList>
                                                      <RunTimeInformation>
                                                        <RunTimeCountersPerThread Thread="4" ActualRows="13804" ActualEndOfScans="1" ActualExecutions="1" />
                                                        <RunTimeCountersPerThread Thread="2" ActualRows="15300" ActualEndOfScans="1" ActualExecutions="1" />
                                                        <RunTimeCountersPerThread Thread="3" ActualRows="14671" ActualEndOfScans="1" ActualExecutions="1" />
                                                        <RunTimeCountersPerThread Thread="1" ActualRows="14905" ActualEndOfScans="1" ActualExecutions="1" />
                                                        <RunTimeCountersPerThread Thread="0" ActualRows="0" ActualEndOfScans="0" ActualExecutions="0" />
                                                      </RunTimeInformation>
                                                      <Parallelism PartitioningType="Hash">
                                                        <PartitionColumns>
                                                          <ColumnReference Database="[Star_Schema_Benchmark]" Schema="[dbo]" Table="[LineOrder]" Column="LO_PartKey" />
                                                        </PartitionColumns>
                                                        <RelOp AvgRowSize="36" EstimateCPU="32.9925" EstimateIO="716.684" EstimateRebinds="0" EstimateRewinds="0" EstimateRows="59986200" LogicalOp="Clustered Index Scan" NodeId="20" Parallel="true" PhysicalOp="Clustered Index Scan" EstimatedTotalSubtreeCost="749.676" TableCardinality="59986200">
                                                          <OutputList>
                                                            <ColumnReference Database="[Star_Schema_Benchmark]" Schema="[dbo]" Table="[LineOrder]" Column="LO_PartKey" />
                                                            <ColumnReference Database="[Star_Schema_Benchmark]" Schema="[dbo]" Table="[LineOrder]" Column="LO_SuppKey" />
                                                            <ColumnReference Database="[Star_Schema_Benchmark]" Schema="[dbo]" Table="[LineOrder]" Column="LO_OrderDateKey" />
                                                            <ColumnReference Database="[Star_Schema_Benchmark]" Schema="[dbo]" Table="[LineOrder]" Column="LO_Revenue" />
                                                          </OutputList>
                                                          <RunTimeInformation>
                                                            <RunTimeCountersPerThread Thread="3" ActualRows="15954" ActualEndOfScans="1" ActualExecutions="1" />
                                                            <RunTimeCountersPerThread Thread="2" ActualRows="9511" ActualEndOfScans="1" ActualExecutions="1" />
                                                            <RunTimeCountersPerThread Thread="4" ActualRows="16268" ActualEndOfScans="1" ActualExecutions="1" />
                                                            <RunTimeCountersPerThread Thread="1" ActualRows="16947" ActualEndOfScans="1" ActualExecutions="1" />
                                                            <RunTimeCountersPerThread Thread="0" ActualRows="0" ActualEndOfScans="0" ActualExecutions="0" />
                                                          </RunTimeInformation>
                                                          <IndexScan Ordered="false" ForcedIndex="false" NoExpandHint="false">
                                                            <DefinedValues>
                                                              <DefinedValue>
                                                                <ColumnReference Database="[Star_Schema_Benchmark]" Schema="[dbo]" Table="[LineOrder]" Column="LO_PartKey" />
                                                              </DefinedValue>
                                                              <DefinedValue>
                                                                <ColumnReference Database="[Star_Schema_Benchmark]" Schema="[dbo]" Table="[LineOrder]" Column="LO_SuppKey" />
                                                              </DefinedValue>
                                                              <DefinedValue>
                                                                <ColumnReference Database="[Star_Schema_Benchmark]" Schema="[dbo]" Table="[LineOrder]" Column="LO_OrderDateKey" />
                                                              </DefinedValue>
                                                              <DefinedValue>
                                                                <ColumnReference Database="[Star_Schema_Benchmark]" Schema="[dbo]" Table="[LineOrder]" Column="LO_Revenue" />
                                                              </DefinedValue>
                                                            </DefinedValues>
                                                            <Object Database="[Star_Schema_Benchmark]" Schema="[dbo]" Table="[LineOrder]" Index="[PK_LineOrder]" IndexKind="Clustered" />
                                                            <Predicate>
                                                              <ScalarOperator ScalarString="PROBE([Bitmap1018],[Star_Schema_Benchmark].[dbo].[LineOrder].[LO_PartKey],N'[IN ROW]')">
                                                                <Intrinsic FunctionName="PROBE">
                                                                  <ScalarOperator>
                                                                    <Identifier>
                                                                      <ColumnReference Column="Bitmap1018" />
                                                                    </Identifier>
                                                                  </ScalarOperator>
                                                                  <ScalarOperator>
                                                                    <Identifier>
                                                                      <ColumnReference Database="[Star_Schema_Benchmark]" Schema="[dbo]" Table="[LineOrder]" Column="LO_PartKey" />
                                                                    </Identifier>
                                                                  </ScalarOperator>
                                                                  <ScalarOperator>
                                                                    <Const ConstValue="N'[IN ROW]'" />
                                                                  </ScalarOperator>
                                                                </Intrinsic>
                                                              </ScalarOperator>
                                                            </Predicate>
                                                          </IndexScan>
                                                        </RelOp>
                                                      </Parallelism>
                                                    </RelOp>
                                                  </Hash>
                                                </RelOp>
                                              </Parallelism>
                                            </RelOp>
                                          </Hash>
                                        </RelOp>
                                      </Parallelism>
                                    </RelOp>
                                  </Hash>
                                </RelOp>
                              </Hash>
                            </RelOp>
                          </Parallelism>
                        </RelOp>
                      </Sort>
                    </RelOp>
                  </StreamAggregate>
                </RelOp>
              </ComputeScalar>
            </RelOp>
          </QueryPlan>
        </StmtSimple>
      </Statements>
    </Batch>
    <Batch>
      <Statements>
        <StmtSimple StatementCompId="7" StatementEstRows="2375.66" StatementId="7" StatementOptmLevel="FULL" StatementSubTreeCost="1252.1" StatementText="select c_nation, s_nation, d_year,&#xD;&#xA;sum(lo_revenue)  as  revenue&#xD;&#xA;from customer, lineorder, supplier, [date]&#xD;&#xA;where lo_custkey = c_customerkey&#xD;&#xA;and lo_suppkey = s_suppkey&#xD;&#xA;and lo_orderdatekey = d_datekey&#xD;&#xA;and c_region = 'ASIA'&#xD;&#xA;and s_region = 'ASIA'&#xD;&#xA;and d_year &gt;= 1992 and d_year &lt;= 1997&#xD;&#xA;group by c_nation, s_nation, d_year&#xD;&#xA;order by d_year asc,  revenue desc;&#xD;&#xA;&#xD;&#xA;--Q3.2&#xD;" StatementType="SELECT" QueryHash="0xCD083DBAA07C70DF" QueryPlanHash="0x8A10140ABC74D16F">
          <StatementSetOptions ANSI_NULLS="true" ANSI_PADDING="true" ANSI_WARNINGS="true" ARITHABORT="true" CONCAT_NULL_YIELDS_NULL="true" NUMERIC_ROUNDABORT="false" QUOTED_IDENTIFIER="true" />
          <QueryPlan DegreeOfParallelism="4" MemoryGrant="101024" CachedPlanSize="144" CompileTime="59" CompileCPU="59" CompileMemory="1656">
            <MissingIndexes>
              <MissingIndexGroup Impact="80.1334">
                <MissingIndex Database="[Star_Schema_Benchmark]" Schema="[dbo]" Table="[LineOrder]">
                  <ColumnGroup Usage="EQUALITY">
                    <Column Name="[LO_SuppKey]" ColumnId="5" />
                  </ColumnGroup>
                  <ColumnGroup Usage="INCLUDE">
                    <Column Name="[LO_CustKey]" ColumnId="3" />
                    <Column Name="[LO_OrderDateKey]" ColumnId="6" />
                    <Column Name="[LO_Revenue]" ColumnId="13" />
                  </ColumnGroup>
                </MissingIndex>
              </MissingIndexGroup>
            </MissingIndexes>
            <RelOp AvgRowSize="56" EstimateCPU="0.0480131" EstimateIO="0" EstimateRebinds="0" EstimateRewinds="0" EstimateRows="2375.66" LogicalOp="Gather Streams" NodeId="0" Parallel="true" PhysicalOp="Parallelism" EstimatedTotalSubtreeCost="1252.1">
              <OutputList>
                <ColumnReference Database="[Star_Schema_Benchmark]" Schema="[dbo]" Table="[Customer]" Column="C_Nation" />
                <ColumnReference Database="[Star_Schema_Benchmark]" Schema="[dbo]" Table="[Supplier]" Column="S_Nation" />
                <ColumnReference Database="[Star_Schema_Benchmark]" Schema="[dbo]" Table="[Date]" Column="D_Year" />
                <ColumnReference Column="Expr1012" />
              </OutputList>
              <RunTimeInformation>
                <RunTimeCountersPerThread Thread="0" ActualRows="150" ActualEndOfScans="1" ActualExecutions="1" />
              </RunTimeInformation>
              <Parallelism>
                <OrderBy>
                  <OrderByColumn Ascending="true">
                    <ColumnReference Database="[Star_Schema_Benchmark]" Schema="[dbo]" Table="[Date]" Column="D_Year" />
                  </OrderByColumn>
                  <OrderByColumn Ascending="false">
                    <ColumnReference Column="Expr1012" />
                  </OrderByColumn>
                </OrderBy>
                <RelOp AvgRowSize="56" EstimateCPU="0.02083" EstimateIO="0.00563063" EstimateRebinds="0" EstimateRewinds="0" EstimateRows="2375.66" LogicalOp="Sort" NodeId="1" Parallel="true" PhysicalOp="Sort" EstimatedTotalSubtreeCost="1252.05">
                  <OutputList>
                    <ColumnReference Database="[Star_Schema_Benchmark]" Schema="[dbo]" Table="[Customer]" Column="C_Nation" />
                    <ColumnReference Database="[Star_Schema_Benchmark]" Schema="[dbo]" Table="[Supplier]" Column="S_Nation" />
                    <ColumnReference Database="[Star_Schema_Benchmark]" Schema="[dbo]" Table="[Date]" Column="D_Year" />
                    <ColumnReference Column="Expr1012" />
                  </OutputList>
                  <MemoryFractions Input="0.318681" Output="1" />
                  <RunTimeInformation>
                    <RunTimeCountersPerThread Thread="1" ActualRebinds="1" ActualRewinds="0" ActualRows="39" ActualEndOfScans="1" ActualExecutions="1" />
                    <RunTimeCountersPerThread Thread="4" ActualRebinds="1" ActualRewinds="0" ActualRows="35" ActualEndOfScans="1" ActualExecutions="1" />
                    <RunTimeCountersPerThread Thread="3" ActualRebinds="1" ActualRewinds="0" ActualRows="38" ActualEndOfScans="1" ActualExecutions="1" />
                    <RunTimeCountersPerThread Thread="2" ActualRebinds="1" ActualRewinds="0" ActualRows="38" ActualEndOfScans="1" ActualExecutions="1" />
                    <RunTimeCountersPerThread Thread="0" ActualRebinds="0" ActualRewinds="0" ActualRows="0" ActualEndOfScans="0" ActualExecutions="0" />
                  </RunTimeInformation>
                  <Sort Distinct="false">
                    <OrderBy>
                      <OrderByColumn Ascending="true">
                        <ColumnReference Database="[Star_Schema_Benchmark]" Schema="[dbo]" Table="[Date]" Column="D_Year" />
                      </OrderByColumn>
                      <OrderByColumn Ascending="false">
                        <ColumnReference Column="Expr1012" />
                      </OrderByColumn>
                    </OrderBy>
                    <RelOp AvgRowSize="56" EstimateCPU="0.000118783" EstimateIO="0" EstimateRebinds="0" EstimateRewinds="0" EstimateRows="2375.66" LogicalOp="Compute Scalar" NodeId="3" Parallel="true" PhysicalOp="Compute Scalar" EstimatedTotalSubtreeCost="1252.03">
                      <OutputList>
                        <ColumnReference Database="[Star_Schema_Benchmark]" Schema="[dbo]" Table="[Customer]" Column="C_Nation" />
                        <ColumnReference Database="[Star_Schema_Benchmark]" Schema="[dbo]" Table="[Supplier]" Column="S_Nation" />
                        <ColumnReference Database="[Star_Schema_Benchmark]" Schema="[dbo]" Table="[Date]" Column="D_Year" />
                        <ColumnReference Column="Expr1012" />
                      </OutputList>
                      <ComputeScalar>
                        <DefinedValues>
                          <DefinedValue>
                            <ColumnReference Column="Expr1012" />
                            <ScalarOperator ScalarString="CASE WHEN [globalagg1014]=(0) THEN NULL ELSE [globalagg1016] END">
                              <IF>
                                <Condition>
                                  <ScalarOperator>
                                    <Compare CompareOp="EQ">
                                      <ScalarOperator>
                                        <Identifier>
                                          <ColumnReference Column="globalagg1014" />
                                        </Identifier>
                                      </ScalarOperator>
                                      <ScalarOperator>
                                        <Const ConstValue="(0)" />
                                      </ScalarOperator>
                                    </Compare>
                                  </ScalarOperator>
                                </Condition>
                                <Then>
                                  <ScalarOperator>
                                    <Const ConstValue="NULL" />
                                  </ScalarOperator>
                                </Then>
                                <Else>
                                  <ScalarOperator>
                                    <Identifier>
                                      <ColumnReference Column="globalagg1016" />
                                    </Identifier>
                                  </ScalarOperator>
                                </Else>
                              </IF>
                            </ScalarOperator>
                          </DefinedValue>
                        </DefinedValues>
                        <RelOp AvgRowSize="64" EstimateCPU="0.00201931" EstimateIO="0" EstimateRebinds="0" EstimateRewinds="0" EstimateRows="2375.66" LogicalOp="Aggregate" NodeId="4" Parallel="true" PhysicalOp="Stream Aggregate" EstimatedTotalSubtreeCost="1252.03">
                          <OutputList>
                            <ColumnReference Database="[Star_Schema_Benchmark]" Schema="[dbo]" Table="[Customer]" Column="C_Nation" />
                            <ColumnReference Database="[Star_Schema_Benchmark]" Schema="[dbo]" Table="[Supplier]" Column="S_Nation" />
                            <ColumnReference Database="[Star_Schema_Benchmark]" Schema="[dbo]" Table="[Date]" Column="D_Year" />
                            <ColumnReference Column="globalagg1014" />
                            <ColumnReference Column="globalagg1016" />
                          </OutputList>
                          <RunTimeInformation>
                            <RunTimeCountersPerThread Thread="1" ActualRows="39" ActualEndOfScans="1" ActualExecutions="1" />
                            <RunTimeCountersPerThread Thread="4" ActualRows="35" ActualEndOfScans="1" ActualExecutions="1" />
                            <RunTimeCountersPerThread Thread="3" ActualRows="38" ActualEndOfScans="1" ActualExecutions="1" />
                            <RunTimeCountersPerThread Thread="2" ActualRows="38" ActualEndOfScans="1" ActualExecutions="1" />
                            <RunTimeCountersPerThread Thread="0" ActualRows="0" ActualEndOfScans="0" ActualExecutions="0" />
                          </RunTimeInformation>
                          <StreamAggregate>
                            <DefinedValues>
                              <DefinedValue>
                                <ColumnReference Column="globalagg1014" />
                                <ScalarOperator ScalarString="SUM([partialagg1013])">
                                  <Aggregate AggType="SUM" Distinct="false">
                                    <ScalarOperator>
                                      <Identifier>
                                        <ColumnReference Column="partialagg1013" />
                                      </Identifier>
                                    </ScalarOperator>
                                  </Aggregate>
                                </ScalarOperator>
                              </DefinedValue>
                              <DefinedValue>
                                <ColumnReference Column="globalagg1016" />
                                <ScalarOperator ScalarString="SUM([partialagg1015])">
                                  <Aggregate AggType="SUM" Distinct="false">
                                    <ScalarOperator>
                                      <Identifier>
                                        <ColumnReference Column="partialagg1015" />
                                      </Identifier>
                                    </ScalarOperator>
                                  </Aggregate>
                                </ScalarOperator>
                              </DefinedValue>
                            </DefinedValues>
                            <GroupBy>
                              <ColumnReference Database="[Star_Schema_Benchmark]" Schema="[dbo]" Table="[Customer]" Column="C_Nation" />
                              <ColumnReference Database="[Star_Schema_Benchmark]" Schema="[dbo]" Table="[Supplier]" Column="S_Nation" />
                              <ColumnReference Database="[Star_Schema_Benchmark]" Schema="[dbo]" Table="[Date]" Column="D_Year" />
                            </GroupBy>
                            <RelOp AvgRowSize="64" EstimateCPU="0.0453159" EstimateIO="0.00563063" EstimateRebinds="0" EstimateRewinds="0" EstimateRows="4751.32" LogicalOp="Sort" NodeId="5" Parallel="true" PhysicalOp="Sort" EstimatedTotalSubtreeCost="1252.02">
                              <OutputList>
                                <ColumnReference Database="[Star_Schema_Benchmark]" Schema="[dbo]" Table="[Customer]" Column="C_Nation" />
                                <ColumnReference Database="[Star_Schema_Benchmark]" Schema="[dbo]" Table="[Supplier]" Column="S_Nation" />
                                <ColumnReference Database="[Star_Schema_Benchmark]" Schema="[dbo]" Table="[Date]" Column="D_Year" />
                                <ColumnReference Column="partialagg1013" />
                                <ColumnReference Column="partialagg1015" />
                              </OutputList>
                              <MemoryFractions Input="0.0120132" Output="0.681319" />
                              <RunTimeInformation>
                                <RunTimeCountersPerThread Thread="1" ActualRebinds="1" ActualRewinds="0" ActualRows="156" ActualEndOfScans="1" ActualExecutions="1" />
                                <RunTimeCountersPerThread Thread="4" ActualRebinds="1" ActualRewinds="0" ActualRows="140" ActualEndOfScans="1" ActualExecutions="1" />
                                <RunTimeCountersPerThread Thread="3" ActualRebinds="1" ActualRewinds="0" ActualRows="152" ActualEndOfScans="1" ActualExecutions="1" />
                                <RunTimeCountersPerThread Thread="2" ActualRebinds="1" ActualRewinds="0" ActualRows="152" ActualEndOfScans="1" ActualExecutions="1" />
                                <RunTimeCountersPerThread Thread="0" ActualRebinds="0" ActualRewinds="0" ActualRows="0" ActualEndOfScans="0" ActualExecutions="0" />
                              </RunTimeInformation>
                              <Sort Distinct="false">
                                <OrderBy>
                                  <OrderByColumn Ascending="true">
                                    <ColumnReference Database="[Star_Schema_Benchmark]" Schema="[dbo]" Table="[Customer]" Column="C_Nation" />
                                  </OrderByColumn>
                                  <OrderByColumn Ascending="true">
                                    <ColumnReference Database="[Star_Schema_Benchmark]" Schema="[dbo]" Table="[Supplier]" Column="S_Nation" />
                                  </OrderByColumn>
                                  <OrderByColumn Ascending="true">
                                    <ColumnReference Database="[Star_Schema_Benchmark]" Schema="[dbo]" Table="[Date]" Column="D_Year" />
                                  </OrderByColumn>
                                </OrderBy>
                                <RelOp AvgRowSize="64" EstimateCPU="0.0510124" EstimateIO="0" EstimateRebinds="0" EstimateRewinds="0" EstimateRows="4751.32" LogicalOp="Repartition Streams" NodeId="6" Parallel="true" PhysicalOp="Parallelism" EstimatedTotalSubtreeCost="1251.97">
                                  <OutputList>
                                    <ColumnReference Database="[Star_Schema_Benchmark]" Schema="[dbo]" Table="[Customer]" Column="C_Nation" />
                                    <ColumnReference Database="[Star_Schema_Benchmark]" Schema="[dbo]" Table="[Supplier]" Column="S_Nation" />
                                    <ColumnReference Database="[Star_Schema_Benchmark]" Schema="[dbo]" Table="[Date]" Column="D_Year" />
                                    <ColumnReference Column="partialagg1013" />
                                    <ColumnReference Column="partialagg1015" />
                                  </OutputList>
                                  <RunTimeInformation>
                                    <RunTimeCountersPerThread Thread="1" ActualRows="156" ActualEndOfScans="1" ActualExecutions="1" />
                                    <RunTimeCountersPerThread Thread="4" ActualRows="140" ActualEndOfScans="1" ActualExecutions="1" />
                                    <RunTimeCountersPerThread Thread="3" ActualRows="152" ActualEndOfScans="1" ActualExecutions="1" />
                                    <RunTimeCountersPerThread Thread="2" ActualRows="152" ActualEndOfScans="1" ActualExecutions="1" />
                                    <RunTimeCountersPerThread Thread="0" ActualRows="0" ActualEndOfScans="0" ActualExecutions="0" />
                                  </RunTimeInformation>
                                  <Parallelism PartitioningType="Hash">
                                    <PartitionColumns>
                                      <ColumnReference Database="[Star_Schema_Benchmark]" Schema="[dbo]" Table="[Customer]" Column="C_Nation" />
                                      <ColumnReference Database="[Star_Schema_Benchmark]" Schema="[dbo]" Table="[Supplier]" Column="S_Nation" />
                                      <ColumnReference Database="[Star_Schema_Benchmark]" Schema="[dbo]" Table="[Date]" Column="D_Year" />
                                    </PartitionColumns>
                                    <RelOp AvgRowSize="64" EstimateCPU="23.704" EstimateIO="0" EstimateRebinds="0" EstimateRewinds="0" EstimateRows="4751.32" LogicalOp="Partial Aggregate" NodeId="7" Parallel="true" PhysicalOp="Hash Match" EstimatedTotalSubtreeCost="1251.92">
                                      <OutputList>
                                        <ColumnReference Database="[Star_Schema_Benchmark]" Schema="[dbo]" Table="[Customer]" Column="C_Nation" />
                                        <ColumnReference Database="[Star_Schema_Benchmark]" Schema="[dbo]" Table="[Supplier]" Column="S_Nation" />
                                        <ColumnReference Database="[Star_Schema_Benchmark]" Schema="[dbo]" Table="[Date]" Column="D_Year" />
                                        <ColumnReference Column="partialagg1013" />
                                        <ColumnReference Column="partialagg1015" />
                                      </OutputList>
                                      <MemoryFractions Input="0" Output="0" />
                                      <RunTimeInformation>
                                        <RunTimeCountersPerThread Thread="3" ActualRows="150" ActualEndOfScans="1" ActualExecutions="1" />
                                        <RunTimeCountersPerThread Thread="1" ActualRows="150" ActualEndOfScans="1" ActualExecutions="1" />
                                        <RunTimeCountersPerThread Thread="2" ActualRows="150" ActualEndOfScans="1" ActualExecutions="1" />
                                        <RunTimeCountersPerThread Thread="4" ActualRows="150" ActualEndOfScans="1" ActualExecutions="1" />
                                        <RunTimeCountersPerThread Thread="0" ActualRows="0" ActualEndOfScans="0" ActualExecutions="0" />
                                      </RunTimeInformation>
                                      <Hash>
                                        <DefinedValues>
                                          <DefinedValue>
                                            <ColumnReference Column="partialagg1013" />
                                            <ScalarOperator ScalarString="COUNT_BIG([Star_Schema_Benchmark].[dbo].[LineOrder].[LO_Revenue])">
                                              <Aggregate AggType="COUNT_BIG" Distinct="false">
                                                <ScalarOperator>
                                                  <Identifier>
                                                    <ColumnReference Database="[Star_Schema_Benchmark]" Schema="[dbo]" Table="[LineOrder]" Column="LO_Revenue" />
                                                  </Identifier>
                                                </ScalarOperator>
                                              </Aggregate>
                                            </ScalarOperator>
                                          </DefinedValue>
                                          <DefinedValue>
                                            <ColumnReference Column="partialagg1015" />
                                            <ScalarOperator ScalarString="SUM([Star_Schema_Benchmark].[dbo].[LineOrder].[LO_Revenue])">
                                              <Aggregate AggType="SUM" Distinct="false">
                                                <ScalarOperator>
                                                  <Identifier>
                                                    <ColumnReference Database="[Star_Schema_Benchmark]" Schema="[dbo]" Table="[LineOrder]" Column="LO_Revenue" />
                                                  </Identifier>
                                                </ScalarOperator>
                                              </Aggregate>
                                            </ScalarOperator>
                                          </DefinedValue>
                                        </DefinedValues>
                                        <HashKeysBuild>
                                          <ColumnReference Database="[Star_Schema_Benchmark]" Schema="[dbo]" Table="[Customer]" Column="C_Nation" />
                                          <ColumnReference Database="[Star_Schema_Benchmark]" Schema="[dbo]" Table="[Supplier]" Column="S_Nation" />
                                          <ColumnReference Database="[Star_Schema_Benchmark]" Schema="[dbo]" Table="[Date]" Column="D_Year" />
                                        </HashKeysBuild>
                                        <BuildResidual>
                                          <ScalarOperator ScalarString="[Star_Schema_Benchmark].[dbo].[Customer].[C_Nation] = [Star_Schema_Benchmark].[dbo].[Customer].[C_Nation] AND [Star_Schema_Benchmark].[dbo].[Supplier].[S_Nation] = [Star_Schema_Benchmark].[dbo].[Supplier].[S_Nation] AND [Star_Schema_Benchmark].[dbo].[Date].[D_Year] = [Star_Schema_Benchmark].[dbo].[Date].[D_Year]">
                                            <Logical Operation="AND">
                                              <ScalarOperator>
                                                <Logical Operation="AND">
                                                  <ScalarOperator>
                                                    <Compare CompareOp="IS">
                                                      <ScalarOperator>
                                                        <Identifier>
                                                          <ColumnReference Database="[Star_Schema_Benchmark]" Schema="[dbo]" Table="[Customer]" Column="C_Nation" />
                                                        </Identifier>
                                                      </ScalarOperator>
                                                      <ScalarOperator>
                                                        <Identifier>
                                                          <ColumnReference Database="[Star_Schema_Benchmark]" Schema="[dbo]" Table="[Customer]" Column="C_Nation" />
                                                        </Identifier>
                                                      </ScalarOperator>
                                                    </Compare>
                                                  </ScalarOperator>
                                                  <ScalarOperator>
                                                    <Compare CompareOp="IS">
                                                      <ScalarOperator>
                                                        <Identifier>
                                                          <ColumnReference Database="[Star_Schema_Benchmark]" Schema="[dbo]" Table="[Supplier]" Column="S_Nation" />
                                                        </Identifier>
                                                      </ScalarOperator>
                                                      <ScalarOperator>
                                                        <Identifier>
                                                          <ColumnReference Database="[Star_Schema_Benchmark]" Schema="[dbo]" Table="[Supplier]" Column="S_Nation" />
                                                        </Identifier>
                                                      </ScalarOperator>
                                                    </Compare>
                                                  </ScalarOperator>
                                                </Logical>
                                              </ScalarOperator>
                                              <ScalarOperator>
                                                <Compare CompareOp="IS">
                                                  <ScalarOperator>
                                                    <Identifier>
                                                      <ColumnReference Database="[Star_Schema_Benchmark]" Schema="[dbo]" Table="[Date]" Column="D_Year" />
                                                    </Identifier>
                                                  </ScalarOperator>
                                                  <ScalarOperator>
                                                    <Identifier>
                                                      <ColumnReference Database="[Star_Schema_Benchmark]" Schema="[dbo]" Table="[Date]" Column="D_Year" />
                                                    </Identifier>
                                                  </ScalarOperator>
                                                </Compare>
                                              </ScalarOperator>
                                            </Logical>
                                          </ScalarOperator>
                                        </BuildResidual>
                                        <RelOp AvgRowSize="48" EstimateCPU="41.0315" EstimateIO="0" EstimateRebinds="0" EstimateRewinds="0" EstimateRows="6913390" LogicalOp="Inner Join" NodeId="8" Parallel="true" PhysicalOp="Hash Match" EstimatedTotalSubtreeCost="1228.22">
                                          <OutputList>
                                            <ColumnReference Database="[Star_Schema_Benchmark]" Schema="[dbo]" Table="[Customer]" Column="C_Nation" />
                                            <ColumnReference Database="[Star_Schema_Benchmark]" Schema="[dbo]" Table="[LineOrder]" Column="LO_Revenue" />
                                            <ColumnReference Database="[Star_Schema_Benchmark]" Schema="[dbo]" Table="[Supplier]" Column="S_Nation" />
                                            <ColumnReference Database="[Star_Schema_Benchmark]" Schema="[dbo]" Table="[Date]" Column="D_Year" />
                                          </OutputList>
                                          <MemoryFractions Input="0.674544" Output="0.666441" />
                                          <RunTimeInformation>
                                            <RunTimeCountersPerThread Thread="3" ActualRows="548953" ActualEndOfScans="1" ActualExecutions="1" />
                                            <RunTimeCountersPerThread Thread="1" ActualRows="548875" ActualEndOfScans="1" ActualExecutions="1" />
                                            <RunTimeCountersPerThread Thread="2" ActualRows="551924" ActualEndOfScans="1" ActualExecutions="1" />
                                            <RunTimeCountersPerThread Thread="4" ActualRows="549222" ActualEndOfScans="1" ActualExecutions="1" />
                                            <RunTimeCountersPerThread Thread="0" ActualRows="0" ActualEndOfScans="0" ActualExecutions="0" />
                                          </RunTimeInformation>
                                          <Hash>
                                            <DefinedValues />
                                            <HashKeysBuild>
                                              <ColumnReference Database="[Star_Schema_Benchmark]" Schema="[dbo]" Table="[Customer]" Column="C_CustomerKey" />
                                            </HashKeysBuild>
                                            <HashKeysProbe>
                                              <ColumnReference Database="[Star_Schema_Benchmark]" Schema="[dbo]" Table="[LineOrder]" Column="LO_CustKey" />
                                            </HashKeysProbe>
                                            <ProbeResidual>
                                              <ScalarOperator ScalarString="[Star_Schema_Benchmark].[dbo].[LineOrder].[LO_CustKey]=[Star_Schema_Benchmark].[dbo].[Customer].[C_CustomerKey]">
                                                <Compare CompareOp="EQ">
                                                  <ScalarOperator>
                                                    <Identifier>
                                                      <ColumnReference Database="[Star_Schema_Benchmark]" Schema="[dbo]" Table="[LineOrder]" Column="LO_CustKey" />
                                                    </Identifier>
                                                  </ScalarOperator>
                                                  <ScalarOperator>
                                                    <Identifier>
                                                      <ColumnReference Database="[Star_Schema_Benchmark]" Schema="[dbo]" Table="[Customer]" Column="C_CustomerKey" />
                                                    </Identifier>
                                                  </ScalarOperator>
                                                </Compare>
                                              </ScalarOperator>
                                            </ProbeResidual>
                                            <RelOp AvgRowSize="30" EstimateCPU="0.163522" EstimateIO="0" EstimateRebinds="0" EstimateRewinds="0" EstimateRows="61537.9" LogicalOp="Bitmap Create" NodeId="9" Parallel="true" PhysicalOp="Bitmap" EstimatedTotalSubtreeCost="3.66743">
                                              <OutputList>
                                                <ColumnReference Database="[Star_Schema_Benchmark]" Schema="[dbo]" Table="[Customer]" Column="C_CustomerKey" />
                                                <ColumnReference Database="[Star_Schema_Benchmark]" Schema="[dbo]" Table="[Customer]" Column="C_Nation" />
                                              </OutputList>
                                              <RunTimeInformation>
                                                <RunTimeCountersPerThread Thread="3" ActualRows="15135" ActualEndOfScans="1" ActualExecutions="1" />
                                                <RunTimeCountersPerThread Thread="1" ActualRows="15123" ActualEndOfScans="1" ActualExecutions="1" />
                                                <RunTimeCountersPerThread Thread="4" ActualRows="15049" ActualEndOfScans="1" ActualExecutions="1" />
                                                <RunTimeCountersPerThread Thread="2" ActualRows="15228" ActualEndOfScans="1" ActualExecutions="1" />
                                                <RunTimeCountersPerThread Thread="0" ActualRows="0" ActualEndOfScans="0" ActualExecutions="0" />
                                              </RunTimeInformation>
                                              <Bitmap>
                                                <DefinedValues>
                                                  <DefinedValue>
                                                    <ColumnReference Column="Bitmap1018" />
                                                  </DefinedValue>
                                                </DefinedValues>
                                                <HashKeys>
                                                  <ColumnReference Database="[Star_Schema_Benchmark]" Schema="[dbo]" Table="[Customer]" Column="C_CustomerKey" />
                                                </HashKeys>
                                                <RelOp AvgRowSize="30" EstimateCPU="0.163522" EstimateIO="0" EstimateRebinds="0" EstimateRewinds="0" EstimateRows="61537.9" LogicalOp="Repartition Streams" NodeId="10" Parallel="true" PhysicalOp="Parallelism" EstimatedTotalSubtreeCost="3.66743">
                                                  <OutputList>
                                                    <ColumnReference Database="[Star_Schema_Benchmark]" Schema="[dbo]" Table="[Customer]" Column="C_CustomerKey" />
                                                    <ColumnReference Database="[Star_Schema_Benchmark]" Schema="[dbo]" Table="[Customer]" Column="C_Nation" />
                                                  </OutputList>
                                                  <RunTimeInformation>
                                                    <RunTimeCountersPerThread Thread="3" ActualRows="15135" ActualEndOfScans="1" ActualExecutions="1" />
                                                    <RunTimeCountersPerThread Thread="4" ActualRows="15049" ActualEndOfScans="1" ActualExecutions="1" />
                                                    <RunTimeCountersPerThread Thread="1" ActualRows="15123" ActualEndOfScans="1" ActualExecutions="1" />
                                                    <RunTimeCountersPerThread Thread="2" ActualRows="15228" ActualEndOfScans="1" ActualExecutions="1" />
                                                    <RunTimeCountersPerThread Thread="0" ActualRows="0" ActualEndOfScans="0" ActualExecutions="0" />
                                                  </RunTimeInformation>
                                                  <Parallelism PartitioningType="Hash">
                                                    <PartitionColumns>
                                                      <ColumnReference Database="[Star_Schema_Benchmark]" Schema="[dbo]" Table="[Customer]" Column="C_CustomerKey" />
                                                    </PartitionColumns>
                                                    <RelOp AvgRowSize="42" EstimateCPU="0.165079" EstimateIO="3.26683" EstimateRebinds="0" EstimateRewinds="0" EstimateRows="61537.9" LogicalOp="Clustered Index Scan" NodeId="11" Parallel="true" PhysicalOp="Clustered Index Scan" EstimatedTotalSubtreeCost="3.43191" TableCardinality="300000">
                                                      <OutputList>
                                                        <ColumnReference Database="[Star_Schema_Benchmark]" Schema="[dbo]" Table="[Customer]" Column="C_CustomerKey" />
                                                        <ColumnReference Database="[Star_Schema_Benchmark]" Schema="[dbo]" Table="[Customer]" Column="C_Nation" />
                                                      </OutputList>
                                                      <RunTimeInformation>
                                                        <RunTimeCountersPerThread Thread="4" ActualRows="15196" ActualEndOfScans="1" ActualExecutions="1" />
                                                        <RunTimeCountersPerThread Thread="1" ActualRows="15009" ActualEndOfScans="1" ActualExecutions="1" />
                                                        <RunTimeCountersPerThread Thread="3" ActualRows="15256" ActualEndOfScans="1" ActualExecutions="1" />
                                                        <RunTimeCountersPerThread Thread="2" ActualRows="15074" ActualEndOfScans="1" ActualExecutions="1" />
                                                        <RunTimeCountersPerThread Thread="0" ActualRows="0" ActualEndOfScans="0" ActualExecutions="0" />
                                                      </RunTimeInformation>
                                                      <IndexScan Ordered="false" ForcedIndex="false" NoExpandHint="false">
                                                        <DefinedValues>
                                                          <DefinedValue>
                                                            <ColumnReference Database="[Star_Schema_Benchmark]" Schema="[dbo]" Table="[Customer]" Column="C_CustomerKey" />
                                                          </DefinedValue>
                                                          <DefinedValue>
                                                            <ColumnReference Database="[Star_Schema_Benchmark]" Schema="[dbo]" Table="[Customer]" Column="C_Nation" />
                                                          </DefinedValue>
                                                        </DefinedValues>
                                                        <Object Database="[Star_Schema_Benchmark]" Schema="[dbo]" Table="[Customer]" Index="[PK_Customer]" IndexKind="Clustered" />
                                                        <Predicate>
                                                          <ScalarOperator ScalarString="[Star_Schema_Benchmark].[dbo].[Customer].[C_Region]='ASIA'">
                                                            <Compare CompareOp="EQ">
                                                              <ScalarOperator>
                                                                <Identifier>
                                                                  <ColumnReference Database="[Star_Schema_Benchmark]" Schema="[dbo]" Table="[Customer]" Column="C_Region" />
                                                                </Identifier>
                                                              </ScalarOperator>
                                                              <ScalarOperator>
                                                                <Const ConstValue="'ASIA'" />
                                                              </ScalarOperator>
                                                            </Compare>
                                                          </ScalarOperator>
                                                        </Predicate>
                                                      </IndexScan>
                                                    </RelOp>
                                                  </Parallelism>
                                                </RelOp>
                                              </Bitmap>
                                            </RelOp>
                                            <RelOp AvgRowSize="41" EstimateCPU="30.5276" EstimateIO="0" EstimateRebinds="0" EstimateRewinds="0" EstimateRows="9978040" LogicalOp="Repartition Streams" NodeId="12" Parallel="true" PhysicalOp="Parallelism" EstimatedTotalSubtreeCost="1183.52">
                                              <OutputList>
                                                <ColumnReference Database="[Star_Schema_Benchmark]" Schema="[dbo]" Table="[LineOrder]" Column="LO_CustKey" />
                                                <ColumnReference Database="[Star_Schema_Benchmark]" Schema="[dbo]" Table="[LineOrder]" Column="LO_Revenue" />
                                                <ColumnReference Database="[Star_Schema_Benchmark]" Schema="[dbo]" Table="[Supplier]" Column="S_Nation" />
                                                <ColumnReference Database="[Star_Schema_Benchmark]" Schema="[dbo]" Table="[Date]" Column="D_Year" />
                                              </OutputList>
                                              <RunTimeInformation>
                                                <RunTimeCountersPerThread Thread="3" ActualRows="553127" ActualEndOfScans="1" ActualExecutions="1" />
                                                <RunTimeCountersPerThread Thread="1" ActualRows="553634" ActualEndOfScans="1" ActualExecutions="1" />
                                                <RunTimeCountersPerThread Thread="4" ActualRows="553323" ActualEndOfScans="1" ActualExecutions="1" />
                                                <RunTimeCountersPerThread Thread="2" ActualRows="556868" ActualEndOfScans="1" ActualExecutions="1" />
                                                <RunTimeCountersPerThread Thread="0" ActualRows="0" ActualEndOfScans="0" ActualExecutions="0" />
                                              </RunTimeInformation>
                                              <Parallelism PartitioningType="Hash">
                                                <PartitionColumns>
                                                  <ColumnReference Database="[Star_Schema_Benchmark]" Schema="[dbo]" Table="[LineOrder]" Column="LO_CustKey" />
                                                </PartitionColumns>
                                                <Predicate>
                                                  <ScalarOperator ScalarString="PROBE([Bitmap1018],[Star_Schema_Benchmark].[dbo].[LineOrder].[LO_CustKey])">
                                                    <Intrinsic FunctionName="PROBE">
                                                      <ScalarOperator>
                                                        <Identifier>
                                                          <ColumnReference Column="Bitmap1018" />
                                                        </Identifier>
                                                      </ScalarOperator>
                                                      <ScalarOperator>
                                                        <Identifier>
                                                          <ColumnReference Database="[Star_Schema_Benchmark]" Schema="[dbo]" Table="[LineOrder]" Column="LO_CustKey" />
                                                        </Identifier>
                                                      </ScalarOperator>
                                                    </Intrinsic>
                                                  </ScalarOperator>
                                                </Predicate>
                                                <RelOp AvgRowSize="41" EstimateCPU="50.2495" EstimateIO="0" EstimateRebinds="0" EstimateRewinds="0" EstimateRows="9978040" LogicalOp="Inner Join" NodeId="13" Parallel="true" PhysicalOp="Hash Match" EstimatedTotalSubtreeCost="1152.99">
                                                  <OutputList>
                                                    <ColumnReference Database="[Star_Schema_Benchmark]" Schema="[dbo]" Table="[LineOrder]" Column="LO_CustKey" />
                                                    <ColumnReference Database="[Star_Schema_Benchmark]" Schema="[dbo]" Table="[LineOrder]" Column="LO_Revenue" />
                                                    <ColumnReference Database="[Star_Schema_Benchmark]" Schema="[dbo]" Table="[Supplier]" Column="S_Nation" />
                                                    <ColumnReference Database="[Star_Schema_Benchmark]" Schema="[dbo]" Table="[Date]" Column="D_Year" />
                                                  </OutputList>
                                                  <MemoryFractions Input="0.0846244" Output="0.0836078" />
                                                  <RunTimeInformation>
                                                    <RunTimeCountersPerThread Thread="4" ActualRows="2761484" ActualEndOfScans="1" ActualExecutions="1" />
                                                    <RunTimeCountersPerThread Thread="3" ActualRows="2667261" ActualEndOfScans="1" ActualExecutions="1" />
                                                    <RunTimeCountersPerThread Thread="2" ActualRows="2751307" ActualEndOfScans="1" ActualExecutions="1" />
                                                    <RunTimeCountersPerThread Thread="1" ActualRows="2757331" ActualEndOfScans="1" ActualExecutions="1" />
                                                    <RunTimeCountersPerThread Thread="0" ActualRows="0" ActualEndOfScans="0" ActualExecutions="0" />
                                                  </RunTimeInformation>
                                                  <Hash>
                                                    <DefinedValues />
                                                    <HashKeysBuild>
                                                      <ColumnReference Database="[Star_Schema_Benchmark]" Schema="[dbo]" Table="[Date]" Column="D_DateKey" />
                                                    </HashKeysBuild>
                                                    <HashKeysProbe>
                                                      <ColumnReference Database="[Star_Schema_Benchmark]" Schema="[dbo]" Table="[LineOrder]" Column="LO_OrderDateKey" />
                                                    </HashKeysProbe>
                                                    <ProbeResidual>
                                                      <ScalarOperator ScalarString="[Star_Schema_Benchmark].[dbo].[LineOrder].[LO_OrderDateKey]=[Star_Schema_Benchmark].[dbo].[Date].[D_DateKey]">
                                                        <Compare CompareOp="EQ">
                                                          <ScalarOperator>
                                                            <Identifier>
                                                              <ColumnReference Database="[Star_Schema_Benchmark]" Schema="[dbo]" Table="[LineOrder]" Column="LO_OrderDateKey" />
                                                            </Identifier>
                                                          </ScalarOperator>
                                                          <ScalarOperator>
                                                            <Identifier>
                                                              <ColumnReference Database="[Star_Schema_Benchmark]" Schema="[dbo]" Table="[Date]" Column="D_DateKey" />
                                                            </Identifier>
                                                          </ScalarOperator>
                                                        </Compare>
                                                      </ScalarOperator>
                                                    </ProbeResidual>
                                                    <RelOp AvgRowSize="17" EstimateCPU="0.0323264" EstimateIO="0" EstimateRebinds="0" EstimateRewinds="0" EstimateRows="2192" LogicalOp="Repartition Streams" NodeId="14" Parallel="true" PhysicalOp="Parallelism" EstimatedTotalSubtreeCost="0.0580604">
                                                      <OutputList>
                                                        <ColumnReference Database="[Star_Schema_Benchmark]" Schema="[dbo]" Table="[Date]" Column="D_DateKey" />
                                                        <ColumnReference Database="[Star_Schema_Benchmark]" Schema="[dbo]" Table="[Date]" Column="D_Year" />
                                                      </OutputList>
                                                      <RunTimeInformation>
                                                        <RunTimeCountersPerThread Thread="3" ActualRows="535" ActualEndOfScans="1" ActualExecutions="1" />
                                                        <RunTimeCountersPerThread Thread="1" ActualRows="553" ActualEndOfScans="1" ActualExecutions="1" />
                                                        <RunTimeCountersPerThread Thread="4" ActualRows="553" ActualEndOfScans="1" ActualExecutions="1" />
                                                        <RunTimeCountersPerThread Thread="2" ActualRows="551" ActualEndOfScans="1" ActualExecutions="1" />
                                                        <RunTimeCountersPerThread Thread="0" ActualRows="0" ActualEndOfScans="0" ActualExecutions="0" />
                                                      </RunTimeInformation>
                                                      <Parallelism PartitioningType="Hash">
                                                        <PartitionColumns>
                                                          <ColumnReference Database="[Star_Schema_Benchmark]" Schema="[dbo]" Table="[Date]" Column="D_DateKey" />
                                                        </PartitionColumns>
                                                        <RelOp AvgRowSize="17" EstimateCPU="0.0014843" EstimateIO="0.023125" EstimateRebinds="0" EstimateRewinds="0" EstimateRows="2192" LogicalOp="Clustered Index Scan" NodeId="15" Parallel="true" PhysicalOp="Clustered Index Scan" EstimatedTotalSubtreeCost="0.0246093" TableCardinality="2556">
                                                          <OutputList>
                                                            <ColumnReference Database="[Star_Schema_Benchmark]" Schema="[dbo]" Table="[Date]" Column="D_DateKey" />
                                                            <ColumnReference Database="[Star_Schema_Benchmark]" Schema="[dbo]" Table="[Date]" Column="D_Year" />
                                                          </OutputList>
                                                          <RunTimeInformation>
                                                            <RunTimeCountersPerThread Thread="3" ActualRows="558" ActualEndOfScans="1" ActualExecutions="1" />
                                                            <RunTimeCountersPerThread Thread="2" ActualRows="517" ActualEndOfScans="1" ActualExecutions="1" />
                                                            <RunTimeCountersPerThread Thread="4" ActualRows="559" ActualEndOfScans="1" ActualExecutions="1" />
                                                            <RunTimeCountersPerThread Thread="1" ActualRows="558" ActualEndOfScans="1" ActualExecutions="1" />
                                                            <RunTimeCountersPerThread Thread="0" ActualRows="0" ActualEndOfScans="0" ActualExecutions="0" />
                                                          </RunTimeInformation>
                                                          <IndexScan Ordered="false" ForcedIndex="false" NoExpandHint="false">
                                                            <DefinedValues>
                                                              <DefinedValue>
                                                                <ColumnReference Database="[Star_Schema_Benchmark]" Schema="[dbo]" Table="[Date]" Column="D_DateKey" />
                                                              </DefinedValue>
                                                              <DefinedValue>
                                                                <ColumnReference Database="[Star_Schema_Benchmark]" Schema="[dbo]" Table="[Date]" Column="D_Year" />
                                                              </DefinedValue>
                                                            </DefinedValues>
                                                            <Object Database="[Star_Schema_Benchmark]" Schema="[dbo]" Table="[Date]" Index="[PK_Date]" IndexKind="Clustered" />
                                                            <Predicate>
                                                              <ScalarOperator ScalarString="[Star_Schema_Benchmark].[dbo].[Date].[D_Year]&gt;=(1992) AND [Star_Schema_Benchmark].[dbo].[Date].[D_Year]&lt;=(1997)">
                                                                <Logical Operation="AND">
                                                                  <ScalarOperator>
                                                                    <Compare CompareOp="GE">
                                                                      <ScalarOperator>
                                                                        <Identifier>
                                                                          <ColumnReference Database="[Star_Schema_Benchmark]" Schema="[dbo]" Table="[Date]" Column="D_Year" />
                                                                        </Identifier>
                                                                      </ScalarOperator>
                                                                      <ScalarOperator>
                                                                        <Const ConstValue="(1992)" />
                                                                      </ScalarOperator>
                                                                    </Compare>
                                                                  </ScalarOperator>
                                                                  <ScalarOperator>
                                                                    <Compare CompareOp="LE">
                                                                      <ScalarOperator>
                                                                        <Identifier>
                                                                          <ColumnReference Database="[Star_Schema_Benchmark]" Schema="[dbo]" Table="[Date]" Column="D_Year" />
                                                                        </Identifier>
                                                                      </ScalarOperator>
                                                                      <ScalarOperator>
                                                                        <Const ConstValue="(1997)" />
                                                                      </ScalarOperator>
                                                                    </Compare>
                                                                  </ScalarOperator>
                                                                </Logical>
                                                              </ScalarOperator>
                                                            </Predicate>
                                                          </IndexScan>
                                                        </RelOp>
                                                      </Parallelism>
                                                    </RelOp>
                                                    <RelOp AvgRowSize="47" EstimateCPU="39.1923" EstimateIO="0" EstimateRebinds="0" EstimateRewinds="0" EstimateRows="12000100" LogicalOp="Repartition Streams" NodeId="16" Parallel="true" PhysicalOp="Parallelism" EstimatedTotalSubtreeCost="1102.68">
                                                      <OutputList>
                                                        <ColumnReference Database="[Star_Schema_Benchmark]" Schema="[dbo]" Table="[LineOrder]" Column="LO_CustKey" />
                                                        <ColumnReference Database="[Star_Schema_Benchmark]" Schema="[dbo]" Table="[LineOrder]" Column="LO_OrderDateKey" />
                                                        <ColumnReference Database="[Star_Schema_Benchmark]" Schema="[dbo]" Table="[LineOrder]" Column="LO_Revenue" />
                                                        <ColumnReference Database="[Star_Schema_Benchmark]" Schema="[dbo]" Table="[Supplier]" Column="S_Nation" />
                                                      </OutputList>
                                                      <RunTimeInformation>
                                                        <RunTimeCountersPerThread Thread="3" ActualRows="2941600" ActualEndOfScans="1" ActualExecutions="1" />
                                                        <RunTimeCountersPerThread Thread="1" ActualRows="3046800" ActualEndOfScans="1" ActualExecutions="1" />
                                                        <RunTimeCountersPerThread Thread="4" ActualRows="3031064" ActualEndOfScans="1" ActualExecutions="1" />
                                                        <RunTimeCountersPerThread Thread="2" ActualRows="2985619" ActualEndOfScans="1" ActualExecutions="1" />
                                                        <RunTimeCountersPerThread Thread="0" ActualRows="0" ActualEndOfScans="0" ActualExecutions="0" />
                                                      </RunTimeInformation>
                                                      <Parallelism PartitioningType="Hash">
                                                        <PartitionColumns>
                                                          <ColumnReference Database="[Star_Schema_Benchmark]" Schema="[dbo]" Table="[LineOrder]" Column="LO_OrderDateKey" />
                                                        </PartitionColumns>
                                                        <RelOp AvgRowSize="47" EstimateCPU="146.463" EstimateIO="0" EstimateRebinds="0" EstimateRewinds="0" EstimateRows="12000100" LogicalOp="Inner Join" NodeId="17" Parallel="true" PhysicalOp="Hash Match" EstimatedTotalSubtreeCost="1063.49">
                                                          <OutputList>
                                                            <ColumnReference Database="[Star_Schema_Benchmark]" Schema="[dbo]" Table="[LineOrder]" Column="LO_CustKey" />
                                                            <ColumnReference Database="[Star_Schema_Benchmark]" Schema="[dbo]" Table="[LineOrder]" Column="LO_OrderDateKey" />
                                                            <ColumnReference Database="[Star_Schema_Benchmark]" Schema="[dbo]" Table="[LineOrder]" Column="LO_Revenue" />
                                                            <ColumnReference Database="[Star_Schema_Benchmark]" Schema="[dbo]" Table="[Supplier]" Column="S_Nation" />
                                                          </OutputList>
                                                          <MemoryFractions Input="0.240832" Output="0.237938" />
                                                          <RunTimeInformation>
                                                            <RunTimeCountersPerThread Thread="4" ActualRows="3026860" ActualEndOfScans="1" ActualExecutions="1" />
                                                            <RunTimeCountersPerThread Thread="1" ActualRows="3011249" ActualEndOfScans="1" ActualExecutions="1" />
                                                            <RunTimeCountersPerThread Thread="3" ActualRows="2967247" ActualEndOfScans="1" ActualExecutions="1" />
                                                            <RunTimeCountersPerThread Thread="2" ActualRows="2999727" ActualEndOfScans="1" ActualExecutions="1" />
                                                            <RunTimeCountersPerThread Thread="0" ActualRows="0" ActualEndOfScans="0" ActualExecutions="0" />
                                                          </RunTimeInformation>
                                                          <Hash>
                                                            <DefinedValues />
                                                            <HashKeysBuild>
                                                              <ColumnReference Database="[Star_Schema_Benchmark]" Schema="[dbo]" Table="[Supplier]" Column="S_SuppKey" />
                                                            </HashKeysBuild>
                                                            <HashKeysProbe>
                                                              <ColumnReference Database="[Star_Schema_Benchmark]" Schema="[dbo]" Table="[LineOrder]" Column="LO_SuppKey" />
                                                            </HashKeysProbe>
                                                            <RelOp AvgRowSize="26" EstimateCPU="0.0363305" EstimateIO="0" EstimateRebinds="0" EstimateRewinds="0" EstimateRows="4001" LogicalOp="Bitmap Create" NodeId="18" Parallel="true" PhysicalOp="Bitmap" EstimatedTotalSubtreeCost="0.255334">
                                                              <OutputList>
                                                                <ColumnReference Database="[Star_Schema_Benchmark]" Schema="[dbo]" Table="[Supplier]" Column="S_SuppKey" />
                                                                <ColumnReference Database="[Star_Schema_Benchmark]" Schema="[dbo]" Table="[Supplier]" Column="S_Nation" />
                                                              </OutputList>
                                                              <RunTimeInformation>
                                                                <RunTimeCountersPerThread Thread="4" ActualRows="1008" ActualEndOfScans="1" ActualExecutions="1" />
                                                                <RunTimeCountersPerThread Thread="1" ActualRows="1004" ActualEndOfScans="1" ActualExecutions="1" />
                                                                <RunTimeCountersPerThread Thread="3" ActualRows="989" ActualEndOfScans="1" ActualExecutions="1" />
                                                                <RunTimeCountersPerThread Thread="2" ActualRows="1000" ActualEndOfScans="1" ActualExecutions="1" />
                                                                <RunTimeCountersPerThread Thread="0" ActualRows="0" ActualEndOfScans="0" ActualExecutions="0" />
                                                              </RunTimeInformation>
                                                              <Bitmap>
                                                                <DefinedValues>
                                                                  <DefinedValue>
                                                                    <ColumnReference Column="Bitmap1017" />
                                                                  </DefinedValue>
                                                                </DefinedValues>
                                                                <HashKeys>
                                                                  <ColumnReference Database="[Star_Schema_Benchmark]" Schema="[dbo]" Table="[Supplier]" Column="S_SuppKey" />
                                                                </HashKeys>
                                                                <RelOp AvgRowSize="26" EstimateCPU="0.0363305" EstimateIO="0" EstimateRebinds="0" EstimateRewinds="0" EstimateRows="4001" LogicalOp="Repartition Streams" NodeId="19" Parallel="true" PhysicalOp="Parallelism" EstimatedTotalSubtreeCost="0.255334">
                                                                  <OutputList>
                                                                    <ColumnReference Database="[Star_Schema_Benchmark]" Schema="[dbo]" Table="[Supplier]" Column="S_SuppKey" />
                                                                    <ColumnReference Database="[Star_Schema_Benchmark]" Schema="[dbo]" Table="[Supplier]" Column="S_Nation" />
                                                                  </OutputList>
                                                                  <RunTimeInformation>
                                                                    <RunTimeCountersPerThread Thread="4" ActualRows="1008" ActualEndOfScans="1" ActualExecutions="1" />
                                                                    <RunTimeCountersPerThread Thread="1" ActualRows="1004" ActualEndOfScans="1" ActualExecutions="1" />
                                                                    <RunTimeCountersPerThread Thread="3" ActualRows="989" ActualEndOfScans="1" ActualExecutions="1" />
                                                                    <RunTimeCountersPerThread Thread="2" ActualRows="1000" ActualEndOfScans="1" ActualExecutions="1" />
                                                                    <RunTimeCountersPerThread Thread="0" ActualRows="0" ActualEndOfScans="0" ActualExecutions="0" />
                                                                  </RunTimeInformation>
                                                                  <Parallelism PartitioningType="Hash">
                                                                    <PartitionColumns>
                                                                      <ColumnReference Database="[Star_Schema_Benchmark]" Schema="[dbo]" Table="[Supplier]" Column="S_SuppKey" />
                                                                    </PartitionColumns>
                                                                    <RelOp AvgRowSize="38" EstimateCPU="0.0110785" EstimateIO="0.203125" EstimateRebinds="0" EstimateRewinds="0" EstimateRows="4001" LogicalOp="Clustered Index Scan" NodeId="20" Parallel="true" PhysicalOp="Clustered Index Scan" EstimatedTotalSubtreeCost="0.214203" TableCardinality="20000">
                                                                      <OutputList>
                                                                        <ColumnReference Database="[Star_Schema_Benchmark]" Schema="[dbo]" Table="[Supplier]" Column="S_SuppKey" />
                                                                        <ColumnReference Database="[Star_Schema_Benchmark]" Schema="[dbo]" Table="[Supplier]" Column="S_Nation" />
                                                                      </OutputList>
                                                                      <RunTimeInformation>
                                                                        <RunTimeCountersPerThread Thread="4" ActualRows="906" ActualEndOfScans="1" ActualExecutions="1" />
                                                                        <RunTimeCountersPerThread Thread="1" ActualRows="1142" ActualEndOfScans="1" ActualExecutions="1" />
                                                                        <RunTimeCountersPerThread Thread="3" ActualRows="930" ActualEndOfScans="1" ActualExecutions="1" />
                                                                        <RunTimeCountersPerThread Thread="2" ActualRows="1023" ActualEndOfScans="1" ActualExecutions="1" />
                                                                        <RunTimeCountersPerThread Thread="0" ActualRows="0" ActualEndOfScans="0" ActualExecutions="0" />
                                                                      </RunTimeInformation>
                                                                      <IndexScan Ordered="false" ForcedIndex="false" NoExpandHint="false">
                                                                        <DefinedValues>
                                                                          <DefinedValue>
                                                                            <ColumnReference Database="[Star_Schema_Benchmark]" Schema="[dbo]" Table="[Supplier]" Column="S_SuppKey" />
                                                                          </DefinedValue>
                                                                          <DefinedValue>
                                                                            <ColumnReference Database="[Star_Schema_Benchmark]" Schema="[dbo]" Table="[Supplier]" Column="S_Nation" />
                                                                          </DefinedValue>
                                                                        </DefinedValues>
                                                                        <Object Database="[Star_Schema_Benchmark]" Schema="[dbo]" Table="[Supplier]" Index="[PK_Supplier]" IndexKind="Clustered" />
                                                                        <Predicate>
                                                                          <ScalarOperator ScalarString="[Star_Schema_Benchmark].[dbo].[Supplier].[S_Region]='ASIA'">
                                                                            <Compare CompareOp="EQ">
                                                                              <ScalarOperator>
                                                                                <Identifier>
                                                                                  <ColumnReference Database="[Star_Schema_Benchmark]" Schema="[dbo]" Table="[Supplier]" Column="S_Region" />
                                                                                </Identifier>
                                                                              </ScalarOperator>
                                                                              <ScalarOperator>
                                                                                <Const ConstValue="'ASIA'" />
                                                                              </ScalarOperator>
                                                                            </Compare>
                                                                          </ScalarOperator>
                                                                        </Predicate>
                                                                      </IndexScan>
                                                                    </RelOp>
                                                                  </Parallelism>
                                                                </RelOp>
                                                              </Bitmap>
                                                            </RelOp>
                                                            <RelOp AvgRowSize="36" EstimateCPU="167.098" EstimateIO="0" EstimateRebinds="0" EstimateRewinds="0" EstimateRows="59986200" LogicalOp="Repartition Streams" NodeId="21" Parallel="true" PhysicalOp="Parallelism" EstimatedTotalSubtreeCost="916.774">
                                                              <OutputList>
                                                                <ColumnReference Database="[Star_Schema_Benchmark]" Schema="[dbo]" Table="[LineOrder]" Column="LO_CustKey" />
                                                                <ColumnReference Database="[Star_Schema_Benchmark]" Schema="[dbo]" Table="[LineOrder]" Column="LO_SuppKey" />
                                                                <ColumnReference Database="[Star_Schema_Benchmark]" Schema="[dbo]" Table="[LineOrder]" Column="LO_OrderDateKey" />
                                                                <ColumnReference Database="[Star_Schema_Benchmark]" Schema="[dbo]" Table="[LineOrder]" Column="LO_Revenue" />
                                                              </OutputList>
                                                              <RunTimeInformation>
                                                                <RunTimeCountersPerThread Thread="4" ActualRows="3026862" ActualEndOfScans="1" ActualExecutions="1" />
                                                                <RunTimeCountersPerThread Thread="1" ActualRows="3011249" ActualEndOfScans="1" ActualExecutions="1" />
                                                                <RunTimeCountersPerThread Thread="3" ActualRows="2967247" ActualEndOfScans="1" ActualExecutions="1" />
                                                                <RunTimeCountersPerThread Thread="2" ActualRows="2999729" ActualEndOfScans="1" ActualExecutions="1" />
                                                                <RunTimeCountersPerThread Thread="0" ActualRows="0" ActualEndOfScans="0" ActualExecutions="0" />
                                                              </RunTimeInformation>
                                                              <Parallelism PartitioningType="Hash">
                                                                <PartitionColumns>
                                                                  <ColumnReference Database="[Star_Schema_Benchmark]" Schema="[dbo]" Table="[LineOrder]" Column="LO_SuppKey" />
                                                                </PartitionColumns>
                                                                <RelOp AvgRowSize="36" EstimateCPU="32.9925" EstimateIO="716.684" EstimateRebinds="0" EstimateRewinds="0" EstimateRows="59986200" LogicalOp="Clustered Index Scan" NodeId="22" Parallel="true" PhysicalOp="Clustered Index Scan" EstimatedTotalSubtreeCost="749.676" TableCardinality="59986200">
                                                                  <OutputList>
                                                                    <ColumnReference Database="[Star_Schema_Benchmark]" Schema="[dbo]" Table="[LineOrder]" Column="LO_CustKey" />
                                                                    <ColumnReference Database="[Star_Schema_Benchmark]" Schema="[dbo]" Table="[LineOrder]" Column="LO_SuppKey" />
                                                                    <ColumnReference Database="[Star_Schema_Benchmark]" Schema="[dbo]" Table="[LineOrder]" Column="LO_OrderDateKey" />
                                                                    <ColumnReference Database="[Star_Schema_Benchmark]" Schema="[dbo]" Table="[LineOrder]" Column="LO_Revenue" />
                                                                  </OutputList>
                                                                  <RunTimeInformation>
                                                                    <RunTimeCountersPerThread Thread="1" ActualRows="3116210" ActualEndOfScans="1" ActualExecutions="1" />
                                                                    <RunTimeCountersPerThread Thread="2" ActualRows="3072498" ActualEndOfScans="1" ActualExecutions="1" />
                                                                    <RunTimeCountersPerThread Thread="4" ActualRows="2758300" ActualEndOfScans="1" ActualExecutions="1" />
                                                                    <RunTimeCountersPerThread Thread="3" ActualRows="3058079" ActualEndOfScans="1" ActualExecutions="1" />
                                                                    <RunTimeCountersPerThread Thread="0" ActualRows="0" ActualEndOfScans="0" ActualExecutions="0" />
                                                                  </RunTimeInformation>
                                                                  <IndexScan Ordered="false" ForcedIndex="false" NoExpandHint="false">
                                                                    <DefinedValues>
                                                                      <DefinedValue>
                                                                        <ColumnReference Database="[Star_Schema_Benchmark]" Schema="[dbo]" Table="[LineOrder]" Column="LO_CustKey" />
                                                                      </DefinedValue>
                                                                      <DefinedValue>
                                                                        <ColumnReference Database="[Star_Schema_Benchmark]" Schema="[dbo]" Table="[LineOrder]" Column="LO_SuppKey" />
                                                                      </DefinedValue>
                                                                      <DefinedValue>
                                                                        <ColumnReference Database="[Star_Schema_Benchmark]" Schema="[dbo]" Table="[LineOrder]" Column="LO_OrderDateKey" />
                                                                      </DefinedValue>
                                                                      <DefinedValue>
                                                                        <ColumnReference Database="[Star_Schema_Benchmark]" Schema="[dbo]" Table="[LineOrder]" Column="LO_Revenue" />
                                                                      </DefinedValue>
                                                                    </DefinedValues>
                                                                    <Object Database="[Star_Schema_Benchmark]" Schema="[dbo]" Table="[LineOrder]" Index="[PK_LineOrder]" IndexKind="Clustered" />
                                                                    <Predicate>
                                                                      <ScalarOperator ScalarString="PROBE([Bitmap1017],[Star_Schema_Benchmark].[dbo].[LineOrder].[LO_SuppKey],N'[IN ROW]')">
                                                                        <Intrinsic FunctionName="PROBE">
                                                                          <ScalarOperator>
                                                                            <Identifier>
                                                                              <ColumnReference Column="Bitmap1017" />
                                                                            </Identifier>
                                                                          </ScalarOperator>
                                                                          <ScalarOperator>
                                                                            <Identifier>
                                                                              <ColumnReference Database="[Star_Schema_Benchmark]" Schema="[dbo]" Table="[LineOrder]" Column="LO_SuppKey" />
                                                                            </Identifier>
                                                                          </ScalarOperator>
                                                                          <ScalarOperator>
                                                                            <Const ConstValue="N'[IN ROW]'" />
                                                                          </ScalarOperator>
                                                                        </Intrinsic>
                                                                      </ScalarOperator>
                                                                    </Predicate>
                                                                  </IndexScan>
                                                                </RelOp>
                                                              </Parallelism>
                                                            </RelOp>
                                                          </Hash>
                                                        </RelOp>
                                                      </Parallelism>
                                                    </RelOp>
                                                  </Hash>
                                                </RelOp>
                                              </Parallelism>
                                            </RelOp>
                                          </Hash>
                                        </RelOp>
                                      </Hash>
                                    </RelOp>
                                  </Parallelism>
                                </RelOp>
                              </Sort>
                            </RelOp>
                          </StreamAggregate>
                        </RelOp>
                      </ComputeScalar>
                    </RelOp>
                  </Sort>
                </RelOp>
              </Parallelism>
            </RelOp>
          </QueryPlan>
        </StmtSimple>
      </Statements>
    </Batch>
    <Batch>
      <Statements>
        <StmtSimple StatementCompId="8" StatementEstRows="146244" StatementId="8" StatementOptmLevel="FULL" StatementSubTreeCost="1090.53" StatementText="select c_city, s_city, d_year, sum(lo_revenue)&#xD;&#xA;as  revenue&#xD;&#xA;from customer, lineorder, supplier, [date]&#xD;&#xA;where lo_custkey = c_customerkey&#xD;&#xA;and lo_suppkey = s_suppkey&#xD;&#xA;and lo_orderdatekey = d_datekey&#xD;&#xA;and c_nation = 'UNITED STATES'&#xD;&#xA;and s_nation = 'UNITED STATES'&#xD;&#xA;and d_year &gt;= 1992 and d_year &lt;= 1997&#xD;&#xA;group by c_city, s_city, d_year&#xD;&#xA;order by d_year asc,  revenue desc;&#xD;&#xA;&#xD;&#xA;--Q3.3&#xD;" StatementType="SELECT" QueryHash="0xF8420E758E7A5A9A" QueryPlanHash="0xF79CB8847E0979EF">
          <StatementSetOptions ANSI_NULLS="true" ANSI_PADDING="true" ANSI_WARNINGS="true" ARITHABORT="true" CONCAT_NULL_YIELDS_NULL="true" NUMERIC_ROUNDABORT="false" QUOTED_IDENTIFIER="true" />
          <QueryPlan DegreeOfParallelism="4" MemoryGrant="57216" CachedPlanSize="136" CompileTime="64" CompileCPU="64" CompileMemory="1752">
            <MissingIndexes>
              <MissingIndexGroup Impact="95.714">
                <MissingIndex Database="[Star_Schema_Benchmark]" Schema="[dbo]" Table="[LineOrder]">
                  <ColumnGroup Usage="EQUALITY">
                    <Column Name="[LO_SuppKey]" ColumnId="5" />
                  </ColumnGroup>
                  <ColumnGroup Usage="INCLUDE">
                    <Column Name="[LO_CustKey]" ColumnId="3" />
                    <Column Name="[LO_OrderDateKey]" ColumnId="6" />
                    <Column Name="[LO_Revenue]" ColumnId="13" />
                  </ColumnGroup>
                </MissingIndex>
              </MissingIndexGroup>
            </MissingIndexes>
            <RelOp AvgRowSize="46" EstimateCPU="1.17926" EstimateIO="0" EstimateRebinds="0" EstimateRewinds="0" EstimateRows="146244" LogicalOp="Gather Streams" NodeId="0" Parallel="true" PhysicalOp="Parallelism" EstimatedTotalSubtreeCost="1090.53">
              <OutputList>
                <ColumnReference Database="[Star_Schema_Benchmark]" Schema="[dbo]" Table="[Customer]" Column="C_City" />
                <ColumnReference Database="[Star_Schema_Benchmark]" Schema="[dbo]" Table="[Supplier]" Column="S_City" />
                <ColumnReference Database="[Star_Schema_Benchmark]" Schema="[dbo]" Table="[Date]" Column="D_Year" />
                <ColumnReference Column="Expr1012" />
              </OutputList>
              <RunTimeInformation>
                <RunTimeCountersPerThread Thread="0" ActualRows="600" ActualEndOfScans="1" ActualExecutions="1" />
              </RunTimeInformation>
              <Parallelism>
                <OrderBy>
                  <OrderByColumn Ascending="true">
                    <ColumnReference Database="[Star_Schema_Benchmark]" Schema="[dbo]" Table="[Date]" Column="D_Year" />
                  </OrderByColumn>
                  <OrderByColumn Ascending="false">
                    <ColumnReference Column="Expr1012" />
                  </OrderByColumn>
                </OrderBy>
                <RelOp AvgRowSize="46" EstimateCPU="5.75881" EstimateIO="0.00563063" EstimateRebinds="0" EstimateRewinds="0" EstimateRows="146244" LogicalOp="Sort" NodeId="1" Parallel="true" PhysicalOp="Sort" EstimatedTotalSubtreeCost="1089.35">
                  <OutputList>
                    <ColumnReference Database="[Star_Schema_Benchmark]" Schema="[dbo]" Table="[Customer]" Column="C_City" />
                    <ColumnReference Database="[Star_Schema_Benchmark]" Schema="[dbo]" Table="[Supplier]" Column="S_City" />
                    <ColumnReference Database="[Star_Schema_Benchmark]" Schema="[dbo]" Table="[Date]" Column="D_Year" />
                    <ColumnReference Column="Expr1012" />
                  </OutputList>
                  <MemoryFractions Input="0.450668" Output="1" />
                  <RunTimeInformation>
                    <RunTimeCountersPerThread Thread="3" ActualRebinds="1" ActualRewinds="0" ActualRows="143" ActualEndOfScans="1" ActualExecutions="1" />
                    <RunTimeCountersPerThread Thread="4" ActualRebinds="1" ActualRewinds="0" ActualRows="145" ActualEndOfScans="1" ActualExecutions="1" />
                    <RunTimeCountersPerThread Thread="2" ActualRebinds="1" ActualRewinds="0" ActualRows="156" ActualEndOfScans="1" ActualExecutions="1" />
                    <RunTimeCountersPerThread Thread="1" ActualRebinds="1" ActualRewinds="0" ActualRows="156" ActualEndOfScans="1" ActualExecutions="1" />
                    <RunTimeCountersPerThread Thread="0" ActualRebinds="0" ActualRewinds="0" ActualRows="0" ActualEndOfScans="0" ActualExecutions="0" />
                  </RunTimeInformation>
                  <Sort Distinct="false">
                    <OrderBy>
                      <OrderByColumn Ascending="true">
                        <ColumnReference Database="[Star_Schema_Benchmark]" Schema="[dbo]" Table="[Date]" Column="D_Year" />
                      </OrderByColumn>
                      <OrderByColumn Ascending="false">
                        <ColumnReference Column="Expr1012" />
                      </OrderByColumn>
                    </OrderBy>
                    <RelOp AvgRowSize="46" EstimateCPU="3.91109" EstimateIO="0" EstimateRebinds="0" EstimateRewinds="0" EstimateRows="146244" LogicalOp="Compute Scalar" NodeId="2" Parallel="true" PhysicalOp="Compute Scalar" EstimatedTotalSubtreeCost="1083.58">
                      <OutputList>
                        <ColumnReference Database="[Star_Schema_Benchmark]" Schema="[dbo]" Table="[Customer]" Column="C_City" />
                        <ColumnReference Database="[Star_Schema_Benchmark]" Schema="[dbo]" Table="[Supplier]" Column="S_City" />
                        <ColumnReference Database="[Star_Schema_Benchmark]" Schema="[dbo]" Table="[Date]" Column="D_Year" />
                        <ColumnReference Column="Expr1012" />
                      </OutputList>
                      <ComputeScalar>
                        <DefinedValues>
                          <DefinedValue>
                            <ColumnReference Column="Expr1012" />
                            <ScalarOperator ScalarString="CASE WHEN [Expr1020]=(0) THEN NULL ELSE [Expr1021] END">
                              <IF>
                                <Condition>
                                  <ScalarOperator>
                                    <Compare CompareOp="EQ">
                                      <ScalarOperator>
                                        <Identifier>
                                          <ColumnReference Column="Expr1020" />
                                        </Identifier>
                                      </ScalarOperator>
                                      <ScalarOperator>
                                        <Const ConstValue="(0)" />
                                      </ScalarOperator>
                                    </Compare>
                                  </ScalarOperator>
                                </Condition>
                                <Then>
                                  <ScalarOperator>
                                    <Const ConstValue="NULL" />
                                  </ScalarOperator>
                                </Then>
                                <Else>
                                  <ScalarOperator>
                                    <Identifier>
                                      <ColumnReference Column="Expr1021" />
                                    </Identifier>
                                  </ScalarOperator>
                                </Else>
                              </IF>
                            </ScalarOperator>
                          </DefinedValue>
                        </DefinedValues>
                        <RelOp AvgRowSize="46" EstimateCPU="3.91109" EstimateIO="0" EstimateRebinds="0" EstimateRewinds="0" EstimateRows="146244" LogicalOp="Aggregate" NodeId="3" Parallel="true" PhysicalOp="Hash Match" EstimatedTotalSubtreeCost="1083.58">
                          <OutputList>
                            <ColumnReference Database="[Star_Schema_Benchmark]" Schema="[dbo]" Table="[Customer]" Column="C_City" />
                            <ColumnReference Database="[Star_Schema_Benchmark]" Schema="[dbo]" Table="[Supplier]" Column="S_City" />
                            <ColumnReference Database="[Star_Schema_Benchmark]" Schema="[dbo]" Table="[Date]" Column="D_Year" />
                            <ColumnReference Column="Expr1020" />
                            <ColumnReference Column="Expr1021" />
                          </OutputList>
                          <MemoryFractions Input="0.459338" Output="0.549332" />
                          <RunTimeInformation>
                            <RunTimeCountersPerThread Thread="3" ActualRows="143" ActualEndOfScans="1" ActualExecutions="1" />
                            <RunTimeCountersPerThread Thread="4" ActualRows="145" ActualEndOfScans="1" ActualExecutions="1" />
                            <RunTimeCountersPerThread Thread="2" ActualRows="156" ActualEndOfScans="1" ActualExecutions="1" />
                            <RunTimeCountersPerThread Thread="1" ActualRows="156" ActualEndOfScans="1" ActualExecutions="1" />
                            <RunTimeCountersPerThread Thread="0" ActualRows="0" ActualEndOfScans="0" ActualExecutions="0" />
                          </RunTimeInformation>
                          <Hash>
                            <DefinedValues>
                              <DefinedValue>
                                <ColumnReference Column="Expr1020" />
                                <ScalarOperator ScalarString="COUNT_BIG([Star_Schema_Benchmark].[dbo].[LineOrder].[LO_Revenue])">
                                  <Aggregate AggType="COUNT_BIG" Distinct="false">
                                    <ScalarOperator>
                                      <Identifier>
                                        <ColumnReference Database="[Star_Schema_Benchmark]" Schema="[dbo]" Table="[LineOrder]" Column="LO_Revenue" />
                                      </Identifier>
                                    </ScalarOperator>
                                  </Aggregate>
                                </ScalarOperator>
                              </DefinedValue>
                              <DefinedValue>
                                <ColumnReference Column="Expr1021" />
                                <ScalarOperator ScalarString="SUM([Star_Schema_Benchmark].[dbo].[LineOrder].[LO_Revenue])">
                                  <Aggregate AggType="SUM" Distinct="false">
                                    <ScalarOperator>
                                      <Identifier>
                                        <ColumnReference Database="[Star_Schema_Benchmark]" Schema="[dbo]" Table="[LineOrder]" Column="LO_Revenue" />
                                      </Identifier>
                                    </ScalarOperator>
                                  </Aggregate>
                                </ScalarOperator>
                              </DefinedValue>
                            </DefinedValues>
                            <HashKeysBuild>
                              <ColumnReference Database="[Star_Schema_Benchmark]" Schema="[dbo]" Table="[Customer]" Column="C_City" />
                              <ColumnReference Database="[Star_Schema_Benchmark]" Schema="[dbo]" Table="[Supplier]" Column="S_City" />
                              <ColumnReference Database="[Star_Schema_Benchmark]" Schema="[dbo]" Table="[Date]" Column="D_Year" />
                            </HashKeysBuild>
                            <BuildResidual>
                              <ScalarOperator ScalarString="[Star_Schema_Benchmark].[dbo].[Customer].[C_City] = [Star_Schema_Benchmark].[dbo].[Customer].[C_City] AND [Star_Schema_Benchmark].[dbo].[Supplier].[S_City] = [Star_Schema_Benchmark].[dbo].[Supplier].[S_City] AND [Star_Schema_Benchmark].[dbo].[Date].[D_Year] = [Star_Schema_Benchmark].[dbo].[Date].[D_Year]">
                                <Logical Operation="AND">
                                  <ScalarOperator>
                                    <Logical Operation="AND">
                                      <ScalarOperator>
                                        <Compare CompareOp="IS">
                                          <ScalarOperator>
                                            <Identifier>
                                              <ColumnReference Database="[Star_Schema_Benchmark]" Schema="[dbo]" Table="[Customer]" Column="C_City" />
                                            </Identifier>
                                          </ScalarOperator>
                                          <ScalarOperator>
                                            <Identifier>
                                              <ColumnReference Database="[Star_Schema_Benchmark]" Schema="[dbo]" Table="[Customer]" Column="C_City" />
                                            </Identifier>
                                          </ScalarOperator>
                                        </Compare>
                                      </ScalarOperator>
                                      <ScalarOperator>
                                        <Compare CompareOp="IS">
                                          <ScalarOperator>
                                            <Identifier>
                                              <ColumnReference Database="[Star_Schema_Benchmark]" Schema="[dbo]" Table="[Supplier]" Column="S_City" />
                                            </Identifier>
                                          </ScalarOperator>
                                          <ScalarOperator>
                                            <Identifier>
                                              <ColumnReference Database="[Star_Schema_Benchmark]" Schema="[dbo]" Table="[Supplier]" Column="S_City" />
                                            </Identifier>
                                          </ScalarOperator>
                                        </Compare>
                                      </ScalarOperator>
                                    </Logical>
                                  </ScalarOperator>
                                  <ScalarOperator>
                                    <Compare CompareOp="IS">
                                      <ScalarOperator>
                                        <Identifier>
                                          <ColumnReference Database="[Star_Schema_Benchmark]" Schema="[dbo]" Table="[Date]" Column="D_Year" />
                                        </Identifier>
                                      </ScalarOperator>
                                      <ScalarOperator>
                                        <Identifier>
                                          <ColumnReference Database="[Star_Schema_Benchmark]" Schema="[dbo]" Table="[Date]" Column="D_Year" />
                                        </Identifier>
                                      </ScalarOperator>
                                    </Compare>
                                  </ScalarOperator>
                                </Logical>
                              </ScalarOperator>
                            </BuildResidual>
                            <RelOp AvgRowSize="38" EstimateCPU="1.01501" EstimateIO="0" EstimateRebinds="0" EstimateRewinds="0" EstimateRows="294295" LogicalOp="Repartition Streams" NodeId="4" Parallel="true" PhysicalOp="Parallelism" EstimatedTotalSubtreeCost="1079.67">
                              <OutputList>
                                <ColumnReference Database="[Star_Schema_Benchmark]" Schema="[dbo]" Table="[Customer]" Column="C_City" />
                                <ColumnReference Database="[Star_Schema_Benchmark]" Schema="[dbo]" Table="[LineOrder]" Column="LO_Revenue" />
                                <ColumnReference Database="[Star_Schema_Benchmark]" Schema="[dbo]" Table="[Supplier]" Column="S_City" />
                                <ColumnReference Database="[Star_Schema_Benchmark]" Schema="[dbo]" Table="[Date]" Column="D_Year" />
                              </OutputList>
                              <RunTimeInformation>
                                <RunTimeCountersPerThread Thread="3" ActualRows="20971" ActualEndOfScans="1" ActualExecutions="1" />
                                <RunTimeCountersPerThread Thread="4" ActualRows="21001" ActualEndOfScans="1" ActualExecutions="1" />
                                <RunTimeCountersPerThread Thread="1" ActualRows="23125" ActualEndOfScans="1" ActualExecutions="1" />
                                <RunTimeCountersPerThread Thread="2" ActualRows="23034" ActualEndOfScans="1" ActualExecutions="1" />
                                <RunTimeCountersPerThread Thread="0" ActualRows="0" ActualEndOfScans="0" ActualExecutions="0" />
                              </RunTimeInformation>
                              <Parallelism PartitioningType="Hash">
                                <PartitionColumns>
                                  <ColumnReference Database="[Star_Schema_Benchmark]" Schema="[dbo]" Table="[Customer]" Column="C_City" />
                                  <ColumnReference Database="[Star_Schema_Benchmark]" Schema="[dbo]" Table="[Supplier]" Column="S_City" />
                                  <ColumnReference Database="[Star_Schema_Benchmark]" Schema="[dbo]" Table="[Date]" Column="D_Year" />
                                </PartitionColumns>
                                <RelOp AvgRowSize="38" EstimateCPU="1.63221" EstimateIO="0" EstimateRebinds="0" EstimateRewinds="0" EstimateRows="294295" LogicalOp="Inner Join" NodeId="5" Parallel="true" PhysicalOp="Hash Match" EstimatedTotalSubtreeCost="1078.66">
                                  <OutputList>
                                    <ColumnReference Database="[Star_Schema_Benchmark]" Schema="[dbo]" Table="[Customer]" Column="C_City" />
                                    <ColumnReference Database="[Star_Schema_Benchmark]" Schema="[dbo]" Table="[LineOrder]" Column="LO_Revenue" />
                                    <ColumnReference Database="[Star_Schema_Benchmark]" Schema="[dbo]" Table="[Supplier]" Column="S_City" />
                                    <ColumnReference Database="[Star_Schema_Benchmark]" Schema="[dbo]" Table="[Date]" Column="D_Year" />
                                  </OutputList>
                                  <MemoryFractions Input="0.0717651" Output="0.0388007" />
                                  <RunTimeInformation>
                                    <RunTimeCountersPerThread Thread="3" ActualRows="21612" ActualEndOfScans="1" ActualExecutions="1" />
                                    <RunTimeCountersPerThread Thread="2" ActualRows="22021" ActualEndOfScans="1" ActualExecutions="1" />
                                    <RunTimeCountersPerThread Thread="1" ActualRows="22089" ActualEndOfScans="1" ActualExecutions="1" />
                                    <RunTimeCountersPerThread Thread="4" ActualRows="22409" ActualEndOfScans="1" ActualExecutions="1" />
                                    <RunTimeCountersPerThread Thread="0" ActualRows="0" ActualEndOfScans="0" ActualExecutions="0" />
                                  </RunTimeInformation>
                                  <Hash>
                                    <DefinedValues />
                                    <HashKeysBuild>
                                      <ColumnReference Database="[Star_Schema_Benchmark]" Schema="[dbo]" Table="[Date]" Column="D_DateKey" />
                                    </HashKeysBuild>
                                    <HashKeysProbe>
                                      <ColumnReference Database="[Star_Schema_Benchmark]" Schema="[dbo]" Table="[LineOrder]" Column="LO_OrderDateKey" />
                                    </HashKeysProbe>
                                    <ProbeResidual>
                                      <ScalarOperator ScalarString="[Star_Schema_Benchmark].[dbo].[LineOrder].[LO_OrderDateKey]=[Star_Schema_Benchmark].[dbo].[Date].[D_DateKey]">
                                        <Compare CompareOp="EQ">
                                          <ScalarOperator>
                                            <Identifier>
                                              <ColumnReference Database="[Star_Schema_Benchmark]" Schema="[dbo]" Table="[LineOrder]" Column="LO_OrderDateKey" />
                                            </Identifier>
                                          </ScalarOperator>
                                          <ScalarOperator>
                                            <Identifier>
                                              <ColumnReference Database="[Star_Schema_Benchmark]" Schema="[dbo]" Table="[Date]" Column="D_DateKey" />
                                            </Identifier>
                                          </ScalarOperator>
                                        </Compare>
                                      </ScalarOperator>
                                    </ProbeResidual>
                                    <RelOp AvgRowSize="17" EstimateCPU="0.0323264" EstimateIO="0" EstimateRebinds="0" EstimateRewinds="0" EstimateRows="2192" LogicalOp="Repartition Streams" NodeId="6" Parallel="true" PhysicalOp="Parallelism" EstimatedTotalSubtreeCost="0.0580604">
                                      <OutputList>
                                        <ColumnReference Database="[Star_Schema_Benchmark]" Schema="[dbo]" Table="[Date]" Column="D_DateKey" />
                                        <ColumnReference Database="[Star_Schema_Benchmark]" Schema="[dbo]" Table="[Date]" Column="D_Year" />
                                      </OutputList>
                                      <RunTimeInformation>
                                        <RunTimeCountersPerThread Thread="3" ActualRows="535" ActualEndOfScans="1" ActualExecutions="1" />
                                        <RunTimeCountersPerThread Thread="4" ActualRows="553" ActualEndOfScans="1" ActualExecutions="1" />
                                        <RunTimeCountersPerThread Thread="1" ActualRows="553" ActualEndOfScans="1" ActualExecutions="1" />
                                        <RunTimeCountersPerThread Thread="2" ActualRows="551" ActualEndOfScans="1" ActualExecutions="1" />
                                        <RunTimeCountersPerThread Thread="0" ActualRows="0" ActualEndOfScans="0" ActualExecutions="0" />
                                      </RunTimeInformation>
                                      <Parallelism PartitioningType="Hash">
                                        <PartitionColumns>
                                          <ColumnReference Database="[Star_Schema_Benchmark]" Schema="[dbo]" Table="[Date]" Column="D_DateKey" />
                                        </PartitionColumns>
                                        <RelOp AvgRowSize="17" EstimateCPU="0.0014843" EstimateIO="0.023125" EstimateRebinds="0" EstimateRewinds="0" EstimateRows="2192" LogicalOp="Clustered Index Scan" NodeId="7" Parallel="true" PhysicalOp="Clustered Index Scan" EstimatedTotalSubtreeCost="0.0246093" TableCardinality="2556">
                                          <OutputList>
                                            <ColumnReference Database="[Star_Schema_Benchmark]" Schema="[dbo]" Table="[Date]" Column="D_DateKey" />
                                            <ColumnReference Database="[Star_Schema_Benchmark]" Schema="[dbo]" Table="[Date]" Column="D_Year" />
                                          </OutputList>
                                          <RunTimeInformation>
                                            <RunTimeCountersPerThread Thread="4" ActualRows="558" ActualEndOfScans="1" ActualExecutions="1" />
                                            <RunTimeCountersPerThread Thread="1" ActualRows="517" ActualEndOfScans="1" ActualExecutions="1" />
                                            <RunTimeCountersPerThread Thread="3" ActualRows="559" ActualEndOfScans="1" ActualExecutions="1" />
                                            <RunTimeCountersPerThread Thread="2" ActualRows="558" ActualEndOfScans="1" ActualExecutions="1" />
                                            <RunTimeCountersPerThread Thread="0" ActualRows="0" ActualEndOfScans="0" ActualExecutions="0" />
                                          </RunTimeInformation>
                                          <IndexScan Ordered="false" ForcedIndex="false" NoExpandHint="false">
                                            <DefinedValues>
                                              <DefinedValue>
                                                <ColumnReference Database="[Star_Schema_Benchmark]" Schema="[dbo]" Table="[Date]" Column="D_DateKey" />
                                              </DefinedValue>
                                              <DefinedValue>
                                                <ColumnReference Database="[Star_Schema_Benchmark]" Schema="[dbo]" Table="[Date]" Column="D_Year" />
                                              </DefinedValue>
                                            </DefinedValues>
                                            <Object Database="[Star_Schema_Benchmark]" Schema="[dbo]" Table="[Date]" Index="[PK_Date]" IndexKind="Clustered" />
                                            <Predicate>
                                              <ScalarOperator ScalarString="[Star_Schema_Benchmark].[dbo].[Date].[D_Year]&gt;=(1992) AND [Star_Schema_Benchmark].[dbo].[Date].[D_Year]&lt;=(1997)">
                                                <Logical Operation="AND">
                                                  <ScalarOperator>
                                                    <Compare CompareOp="GE">
                                                      <ScalarOperator>
                                                        <Identifier>
                                                          <ColumnReference Database="[Star_Schema_Benchmark]" Schema="[dbo]" Table="[Date]" Column="D_Year" />
                                                        </Identifier>
                                                      </ScalarOperator>
                                                      <ScalarOperator>
                                                        <Const ConstValue="(1992)" />
                                                      </ScalarOperator>
                                                    </Compare>
                                                  </ScalarOperator>
                                                  <ScalarOperator>
                                                    <Compare CompareOp="LE">
                                                      <ScalarOperator>
                                                        <Identifier>
                                                          <ColumnReference Database="[Star_Schema_Benchmark]" Schema="[dbo]" Table="[Date]" Column="D_Year" />
                                                        </Identifier>
                                                      </ScalarOperator>
                                                      <ScalarOperator>
                                                        <Const ConstValue="(1997)" />
                                                      </ScalarOperator>
                                                    </Compare>
                                                  </ScalarOperator>
                                                </Logical>
                                              </ScalarOperator>
                                            </Predicate>
                                          </IndexScan>
                                        </RelOp>
                                      </Parallelism>
                                    </RelOp>
                                    <RelOp AvgRowSize="44" EstimateCPU="1.25819" EstimateIO="0" EstimateRebinds="0" EstimateRewinds="0" EstimateRows="389127" LogicalOp="Repartition Streams" NodeId="8" Parallel="true" PhysicalOp="Parallelism" EstimatedTotalSubtreeCost="1076.97">
                                      <OutputList>
                                        <ColumnReference Database="[Star_Schema_Benchmark]" Schema="[dbo]" Table="[Customer]" Column="C_City" />
                                        <ColumnReference Database="[Star_Schema_Benchmark]" Schema="[dbo]" Table="[LineOrder]" Column="LO_OrderDateKey" />
                                        <ColumnReference Database="[Star_Schema_Benchmark]" Schema="[dbo]" Table="[LineOrder]" Column="LO_Revenue" />
                                        <ColumnReference Database="[Star_Schema_Benchmark]" Schema="[dbo]" Table="[Supplier]" Column="S_City" />
                                      </OutputList>
                                      <RunTimeInformation>
                                        <RunTimeCountersPerThread Thread="3" ActualRows="23805" ActualEndOfScans="1" ActualExecutions="1" />
                                        <RunTimeCountersPerThread Thread="4" ActualRows="24515" ActualEndOfScans="1" ActualExecutions="1" />
                                        <RunTimeCountersPerThread Thread="1" ActualRows="24482" ActualEndOfScans="1" ActualExecutions="1" />
                                        <RunTimeCountersPerThread Thread="2" ActualRows="23881" ActualEndOfScans="1" ActualExecutions="1" />
                                        <RunTimeCountersPerThread Thread="0" ActualRows="0" ActualEndOfScans="0" ActualExecutions="0" />
                                      </RunTimeInformation>
                                      <Parallelism PartitioningType="Hash">
                                        <PartitionColumns>
                                          <ColumnReference Database="[Star_Schema_Benchmark]" Schema="[dbo]" Table="[LineOrder]" Column="LO_OrderDateKey" />
                                        </PartitionColumns>
                                        <RelOp AvgRowSize="44" EstimateCPU="8.50143" EstimateIO="0" EstimateRebinds="0" EstimateRewinds="0" EstimateRows="389127" LogicalOp="Inner Join" NodeId="9" Parallel="true" PhysicalOp="Hash Match" EstimatedTotalSubtreeCost="1075.71">
                                          <OutputList>
                                            <ColumnReference Database="[Star_Schema_Benchmark]" Schema="[dbo]" Table="[Customer]" Column="C_City" />
                                            <ColumnReference Database="[Star_Schema_Benchmark]" Schema="[dbo]" Table="[LineOrder]" Column="LO_OrderDateKey" />
                                            <ColumnReference Database="[Star_Schema_Benchmark]" Schema="[dbo]" Table="[LineOrder]" Column="LO_Revenue" />
                                            <ColumnReference Database="[Star_Schema_Benchmark]" Schema="[dbo]" Table="[Supplier]" Column="S_City" />
                                          </OutputList>
                                          <MemoryFractions Input="0.652773" Output="0.35293" />
                                          <RunTimeInformation>
                                            <RunTimeCountersPerThread Thread="4" ActualRows="24846" ActualEndOfScans="1" ActualExecutions="1" />
                                            <RunTimeCountersPerThread Thread="3" ActualRows="24139" ActualEndOfScans="1" ActualExecutions="1" />
                                            <RunTimeCountersPerThread Thread="1" ActualRows="23370" ActualEndOfScans="1" ActualExecutions="1" />
                                            <RunTimeCountersPerThread Thread="2" ActualRows="24328" ActualEndOfScans="1" ActualExecutions="1" />
                                            <RunTimeCountersPerThread Thread="0" ActualRows="0" ActualEndOfScans="0" ActualExecutions="0" />
                                          </RunTimeInformation>
                                          <Hash>
                                            <DefinedValues />
                                            <HashKeysBuild>
                                              <ColumnReference Database="[Star_Schema_Benchmark]" Schema="[dbo]" Table="[Customer]" Column="C_CustomerKey" />
                                            </HashKeysBuild>
                                            <HashKeysProbe>
                                              <ColumnReference Database="[Star_Schema_Benchmark]" Schema="[dbo]" Table="[LineOrder]" Column="LO_CustKey" />
                                            </HashKeysProbe>
                                            <ProbeResidual>
                                              <ScalarOperator ScalarString="[Star_Schema_Benchmark].[dbo].[LineOrder].[LO_CustKey]=[Star_Schema_Benchmark].[dbo].[Customer].[C_CustomerKey]">
                                                <Compare CompareOp="EQ">
                                                  <ScalarOperator>
                                                    <Identifier>
                                                      <ColumnReference Database="[Star_Schema_Benchmark]" Schema="[dbo]" Table="[LineOrder]" Column="LO_CustKey" />
                                                    </Identifier>
                                                  </ScalarOperator>
                                                  <ScalarOperator>
                                                    <Identifier>
                                                      <ColumnReference Database="[Star_Schema_Benchmark]" Schema="[dbo]" Table="[Customer]" Column="C_CustomerKey" />
                                                    </Identifier>
                                                  </ScalarOperator>
                                                </Compare>
                                              </ScalarOperator>
                                            </ProbeResidual>
                                            <RelOp AvgRowSize="25" EstimateCPU="0.0522296" EstimateIO="0" EstimateRebinds="0" EstimateRewinds="0" EstimateRows="11737.9" LogicalOp="Bitmap Create" NodeId="10" Parallel="true" PhysicalOp="Bitmap" EstimatedTotalSubtreeCost="3.55614">
                                              <OutputList>
                                                <ColumnReference Database="[Star_Schema_Benchmark]" Schema="[dbo]" Table="[Customer]" Column="C_CustomerKey" />
                                                <ColumnReference Database="[Star_Schema_Benchmark]" Schema="[dbo]" Table="[Customer]" Column="C_City" />
                                              </OutputList>
                                              <RunTimeInformation>
                                                <RunTimeCountersPerThread Thread="4" ActualRows="3023" ActualEndOfScans="1" ActualExecutions="1" />
                                                <RunTimeCountersPerThread Thread="1" ActualRows="2998" ActualEndOfScans="1" ActualExecutions="1" />
                                                <RunTimeCountersPerThread Thread="3" ActualRows="2878" ActualEndOfScans="1" ActualExecutions="1" />
                                                <RunTimeCountersPerThread Thread="2" ActualRows="3014" ActualEndOfScans="1" ActualExecutions="1" />
                                                <RunTimeCountersPerThread Thread="0" ActualRows="0" ActualEndOfScans="0" ActualExecutions="0" />
                                              </RunTimeInformation>
                                              <Bitmap>
                                                <DefinedValues>
                                                  <DefinedValue>
                                                    <ColumnReference Column="Bitmap1019" />
                                                  </DefinedValue>
                                                </DefinedValues>
                                                <HashKeys>
                                                  <ColumnReference Database="[Star_Schema_Benchmark]" Schema="[dbo]" Table="[Customer]" Column="C_CustomerKey" />
                                                </HashKeys>
                                                <RelOp AvgRowSize="25" EstimateCPU="0.0522296" EstimateIO="0" EstimateRebinds="0" EstimateRewinds="0" EstimateRows="11737.9" LogicalOp="Repartition Streams" NodeId="11" Parallel="true" PhysicalOp="Parallelism" EstimatedTotalSubtreeCost="3.55614">
                                                  <OutputList>
                                                    <ColumnReference Database="[Star_Schema_Benchmark]" Schema="[dbo]" Table="[Customer]" Column="C_CustomerKey" />
                                                    <ColumnReference Database="[Star_Schema_Benchmark]" Schema="[dbo]" Table="[Customer]" Column="C_City" />
                                                  </OutputList>
                                                  <RunTimeInformation>
                                                    <RunTimeCountersPerThread Thread="4" ActualRows="3023" ActualEndOfScans="1" ActualExecutions="1" />
                                                    <RunTimeCountersPerThread Thread="1" ActualRows="2998" ActualEndOfScans="1" ActualExecutions="1" />
                                                    <RunTimeCountersPerThread Thread="3" ActualRows="2878" ActualEndOfScans="1" ActualExecutions="1" />
                                                    <RunTimeCountersPerThread Thread="2" ActualRows="3014" ActualEndOfScans="1" ActualExecutions="1" />
                                                    <RunTimeCountersPerThread Thread="0" ActualRows="0" ActualEndOfScans="0" ActualExecutions="0" />
                                                  </RunTimeInformation>
                                                  <Parallelism PartitioningType="Hash">
                                                    <PartitionColumns>
                                                      <ColumnReference Database="[Star_Schema_Benchmark]" Schema="[dbo]" Table="[Customer]" Column="C_CustomerKey" />
                                                    </PartitionColumns>
                                                    <RelOp AvgRowSize="40" EstimateCPU="0.165079" EstimateIO="3.26683" EstimateRebinds="0" EstimateRewinds="0" EstimateRows="11737.9" LogicalOp="Clustered Index Scan" NodeId="12" Parallel="true" PhysicalOp="Clustered Index Scan" EstimatedTotalSubtreeCost="3.43191" TableCardinality="300000">
                                                      <OutputList>
                                                        <ColumnReference Database="[Star_Schema_Benchmark]" Schema="[dbo]" Table="[Customer]" Column="C_CustomerKey" />
                                                        <ColumnReference Database="[Star_Schema_Benchmark]" Schema="[dbo]" Table="[Customer]" Column="C_City" />
                                                      </OutputList>
                                                      <RunTimeInformation>
                                                        <RunTimeCountersPerThread Thread="1" ActualRows="2987" ActualEndOfScans="1" ActualExecutions="1" />
                                                        <RunTimeCountersPerThread Thread="4" ActualRows="2967" ActualEndOfScans="1" ActualExecutions="1" />
                                                        <RunTimeCountersPerThread Thread="3" ActualRows="3022" ActualEndOfScans="1" ActualExecutions="1" />
                                                        <RunTimeCountersPerThread Thread="2" ActualRows="2937" ActualEndOfScans="1" ActualExecutions="1" />
                                                        <RunTimeCountersPerThread Thread="0" ActualRows="0" ActualEndOfScans="0" ActualExecutions="0" />
                                                      </RunTimeInformation>
                                                      <IndexScan Ordered="false" ForcedIndex="false" NoExpandHint="false">
                                                        <DefinedValues>
                                                          <DefinedValue>
                                                            <ColumnReference Database="[Star_Schema_Benchmark]" Schema="[dbo]" Table="[Customer]" Column="C_CustomerKey" />
                                                          </DefinedValue>
                                                          <DefinedValue>
                                                            <ColumnReference Database="[Star_Schema_Benchmark]" Schema="[dbo]" Table="[Customer]" Column="C_City" />
                                                          </DefinedValue>
                                                        </DefinedValues>
                                                        <Object Database="[Star_Schema_Benchmark]" Schema="[dbo]" Table="[Customer]" Index="[PK_Customer]" IndexKind="Clustered" />
                                                        <Predicate>
                                                          <ScalarOperator ScalarString="[Star_Schema_Benchmark].[dbo].[Customer].[C_Nation]='UNITED STATES'">
                                                            <Compare CompareOp="EQ">
                                                              <ScalarOperator>
                                                                <Identifier>
                                                                  <ColumnReference Database="[Star_Schema_Benchmark]" Schema="[dbo]" Table="[Customer]" Column="C_Nation" />
                                                                </Identifier>
                                                              </ScalarOperator>
                                                              <ScalarOperator>
                                                                <Const ConstValue="'UNITED STATES'" />
                                                              </ScalarOperator>
                                                            </Compare>
                                                          </ScalarOperator>
                                                        </Predicate>
                                                      </IndexScan>
                                                    </RelOp>
                                                  </Parallelism>
                                                </RelOp>
                                              </Bitmap>
                                            </RelOp>
                                            <RelOp AvgRowSize="42" EstimateCPU="7.52852" EstimateIO="0" EstimateRebinds="0" EstimateRewinds="0" EstimateRows="2426310" LogicalOp="Repartition Streams" NodeId="13" Parallel="true" PhysicalOp="Parallelism" EstimatedTotalSubtreeCost="1063.65">
                                              <OutputList>
                                                <ColumnReference Database="[Star_Schema_Benchmark]" Schema="[dbo]" Table="[LineOrder]" Column="LO_CustKey" />
                                                <ColumnReference Database="[Star_Schema_Benchmark]" Schema="[dbo]" Table="[LineOrder]" Column="LO_OrderDateKey" />
                                                <ColumnReference Database="[Star_Schema_Benchmark]" Schema="[dbo]" Table="[LineOrder]" Column="LO_Revenue" />
                                                <ColumnReference Database="[Star_Schema_Benchmark]" Schema="[dbo]" Table="[Supplier]" Column="S_City" />
                                              </OutputList>
                                              <RunTimeInformation>
                                                <RunTimeCountersPerThread Thread="4" ActualRows="25461" ActualEndOfScans="1" ActualExecutions="1" />
                                                <RunTimeCountersPerThread Thread="1" ActualRows="23875" ActualEndOfScans="1" ActualExecutions="1" />
                                                <RunTimeCountersPerThread Thread="3" ActualRows="24690" ActualEndOfScans="1" ActualExecutions="1" />
                                                <RunTimeCountersPerThread Thread="2" ActualRows="24818" ActualEndOfScans="1" ActualExecutions="1" />
                                                <RunTimeCountersPerThread Thread="0" ActualRows="0" ActualEndOfScans="0" ActualExecutions="0" />
                                              </RunTimeInformation>
                                              <Parallelism PartitioningType="Hash">
                                                <PartitionColumns>
                                                  <ColumnReference Database="[Star_Schema_Benchmark]" Schema="[dbo]" Table="[LineOrder]" Column="LO_CustKey" />
                                                </PartitionColumns>
                                                <Predicate>
                                                  <ScalarOperator ScalarString="PROBE([Bitmap1019],[Star_Schema_Benchmark].[dbo].[LineOrder].[LO_CustKey])">
                                                    <Intrinsic FunctionName="PROBE">
                                                      <ScalarOperator>
                                                        <Identifier>
                                                          <ColumnReference Column="Bitmap1019" />
                                                        </Identifier>
                                                      </ScalarOperator>
                                                      <ScalarOperator>
                                                        <Identifier>
                                                          <ColumnReference Database="[Star_Schema_Benchmark]" Schema="[dbo]" Table="[LineOrder]" Column="LO_CustKey" />
                                                        </Identifier>
                                                      </ScalarOperator>
                                                    </Intrinsic>
                                                  </ScalarOperator>
                                                </Predicate>
                                                <RelOp AvgRowSize="42" EstimateCPU="139.1" EstimateIO="0" EstimateRebinds="0" EstimateRewinds="0" EstimateRows="2426310" LogicalOp="Inner Join" NodeId="14" Parallel="true" PhysicalOp="Hash Match" EstimatedTotalSubtreeCost="1056.12">
                                                  <OutputList>
                                                    <ColumnReference Database="[Star_Schema_Benchmark]" Schema="[dbo]" Table="[LineOrder]" Column="LO_CustKey" />
                                                    <ColumnReference Database="[Star_Schema_Benchmark]" Schema="[dbo]" Table="[LineOrder]" Column="LO_OrderDateKey" />
                                                    <ColumnReference Database="[Star_Schema_Benchmark]" Schema="[dbo]" Table="[LineOrder]" Column="LO_Revenue" />
                                                    <ColumnReference Database="[Star_Schema_Benchmark]" Schema="[dbo]" Table="[Supplier]" Column="S_City" />
                                                  </OutputList>
                                                  <MemoryFractions Input="0.275462" Output="0.148932" />
                                                  <RunTimeInformation>
                                                    <RunTimeCountersPerThread Thread="3" ActualRows="554643" ActualEndOfScans="1" ActualExecutions="1" />
                                                    <RunTimeCountersPerThread Thread="2" ActualRows="681246" ActualEndOfScans="1" ActualExecutions="1" />
                                                    <RunTimeCountersPerThread Thread="1" ActualRows="608300" ActualEndOfScans="1" ActualExecutions="1" />
                                                    <RunTimeCountersPerThread Thread="4" ActualRows="583024" ActualEndOfScans="1" ActualExecutions="1" />
                                                    <RunTimeCountersPerThread Thread="0" ActualRows="0" ActualEndOfScans="0" ActualExecutions="0" />
                                                  </RunTimeInformation>
                                                  <Hash>
                                                    <DefinedValues />
                                                    <HashKeysBuild>
                                                      <ColumnReference Database="[Star_Schema_Benchmark]" Schema="[dbo]" Table="[Supplier]" Column="S_SuppKey" />
                                                    </HashKeysBuild>
                                                    <HashKeysProbe>
                                                      <ColumnReference Database="[Star_Schema_Benchmark]" Schema="[dbo]" Table="[LineOrder]" Column="LO_SuppKey" />
                                                    </HashKeysProbe>
                                                    <RelOp AvgRowSize="21" EstimateCPU="0.0299438" EstimateIO="0" EstimateRebinds="0" EstimateRewinds="0" EstimateRows="809" LogicalOp="Bitmap Create" NodeId="15" Parallel="true" PhysicalOp="Bitmap" EstimatedTotalSubtreeCost="0.248947">
                                                      <OutputList>
                                                        <ColumnReference Database="[Star_Schema_Benchmark]" Schema="[dbo]" Table="[Supplier]" Column="S_SuppKey" />
                                                        <ColumnReference Database="[Star_Schema_Benchmark]" Schema="[dbo]" Table="[Supplier]" Column="S_City" />
                                                      </OutputList>
                                                      <RunTimeInformation>
                                                        <RunTimeCountersPerThread Thread="1" ActualRows="203" ActualEndOfScans="1" ActualExecutions="1" />
                                                        <RunTimeCountersPerThread Thread="3" ActualRows="185" ActualEndOfScans="1" ActualExecutions="1" />
                                                        <RunTimeCountersPerThread Thread="4" ActualRows="194" ActualEndOfScans="1" ActualExecutions="1" />
                                                        <RunTimeCountersPerThread Thread="2" ActualRows="227" ActualEndOfScans="1" ActualExecutions="1" />
                                                        <RunTimeCountersPerThread Thread="0" ActualRows="0" ActualEndOfScans="0" ActualExecutions="0" />
                                                      </RunTimeInformation>
                                                      <Bitmap>
                                                        <DefinedValues>
                                                          <DefinedValue>
                                                            <ColumnReference Column="Bitmap1018" />
                                                          </DefinedValue>
                                                        </DefinedValues>
                                                        <HashKeys>
                                                          <ColumnReference Database="[Star_Schema_Benchmark]" Schema="[dbo]" Table="[Supplier]" Column="S_SuppKey" />
                                                        </HashKeys>
                                                        <RelOp AvgRowSize="21" EstimateCPU="0.0299438" EstimateIO="0" EstimateRebinds="0" EstimateRewinds="0" EstimateRows="809" LogicalOp="Repartition Streams" NodeId="16" Parallel="true" PhysicalOp="Parallelism" EstimatedTotalSubtreeCost="0.248947">
                                                          <OutputList>
                                                            <ColumnReference Database="[Star_Schema_Benchmark]" Schema="[dbo]" Table="[Supplier]" Column="S_SuppKey" />
                                                            <ColumnReference Database="[Star_Schema_Benchmark]" Schema="[dbo]" Table="[Supplier]" Column="S_City" />
                                                          </OutputList>
                                                          <RunTimeInformation>
                                                            <RunTimeCountersPerThread Thread="4" ActualRows="194" ActualEndOfScans="1" ActualExecutions="1" />
                                                            <RunTimeCountersPerThread Thread="1" ActualRows="203" ActualEndOfScans="1" ActualExecutions="1" />
                                                            <RunTimeCountersPerThread Thread="3" ActualRows="185" ActualEndOfScans="1" ActualExecutions="1" />
                                                            <RunTimeCountersPerThread Thread="2" ActualRows="227" ActualEndOfScans="1" ActualExecutions="1" />
                                                            <RunTimeCountersPerThread Thread="0" ActualRows="0" ActualEndOfScans="0" ActualExecutions="0" />
                                                          </RunTimeInformation>
                                                          <Parallelism PartitioningType="Hash">
                                                            <PartitionColumns>
                                                              <ColumnReference Database="[Star_Schema_Benchmark]" Schema="[dbo]" Table="[Supplier]" Column="S_SuppKey" />
                                                            </PartitionColumns>
                                                            <RelOp AvgRowSize="36" EstimateCPU="0.0110785" EstimateIO="0.203125" EstimateRebinds="0" EstimateRewinds="0" EstimateRows="809" LogicalOp="Clustered Index Scan" NodeId="17" Parallel="true" PhysicalOp="Clustered Index Scan" EstimatedTotalSubtreeCost="0.214203" TableCardinality="20000">
                                                              <OutputList>
                                                                <ColumnReference Database="[Star_Schema_Benchmark]" Schema="[dbo]" Table="[Supplier]" Column="S_SuppKey" />
                                                                <ColumnReference Database="[Star_Schema_Benchmark]" Schema="[dbo]" Table="[Supplier]" Column="S_City" />
                                                              </OutputList>
                                                              <RunTimeInformation>
                                                                <RunTimeCountersPerThread Thread="4" ActualRows="150" ActualEndOfScans="1" ActualExecutions="1" />
                                                                <RunTimeCountersPerThread Thread="1" ActualRows="140" ActualEndOfScans="1" ActualExecutions="1" />
                                                                <RunTimeCountersPerThread Thread="3" ActualRows="255" ActualEndOfScans="1" ActualExecutions="1" />
                                                                <RunTimeCountersPerThread Thread="2" ActualRows="264" ActualEndOfScans="1" ActualExecutions="1" />
                                                                <RunTimeCountersPerThread Thread="0" ActualRows="0" ActualEndOfScans="0" ActualExecutions="0" />
                                                              </RunTimeInformation>
                                                              <IndexScan Ordered="false" ForcedIndex="false" NoExpandHint="false">
                                                                <DefinedValues>
                                                                  <DefinedValue>
                                                                    <ColumnReference Database="[Star_Schema_Benchmark]" Schema="[dbo]" Table="[Supplier]" Column="S_SuppKey" />
                                                                  </DefinedValue>
                                                                  <DefinedValue>
                                                                    <ColumnReference Database="[Star_Schema_Benchmark]" Schema="[dbo]" Table="[Supplier]" Column="S_City" />
                                                                  </DefinedValue>
                                                                </DefinedValues>
                                                                <Object Database="[Star_Schema_Benchmark]" Schema="[dbo]" Table="[Supplier]" Index="[PK_Supplier]" IndexKind="Clustered" />
                                                                <Predicate>
                                                                  <ScalarOperator ScalarString="[Star_Schema_Benchmark].[dbo].[Supplier].[S_Nation]='UNITED STATES'">
                                                                    <Compare CompareOp="EQ">
                                                                      <ScalarOperator>
                                                                        <Identifier>
                                                                          <ColumnReference Database="[Star_Schema_Benchmark]" Schema="[dbo]" Table="[Supplier]" Column="S_Nation" />
                                                                        </Identifier>
                                                                      </ScalarOperator>
                                                                      <ScalarOperator>
                                                                        <Const ConstValue="'UNITED STATES'" />
                                                                      </ScalarOperator>
                                                                    </Compare>
                                                                  </ScalarOperator>
                                                                </Predicate>
                                                              </IndexScan>
                                                            </RelOp>
                                                          </Parallelism>
                                                        </RelOp>
                                                      </Bitmap>
                                                    </RelOp>
                                                    <RelOp AvgRowSize="36" EstimateCPU="167.098" EstimateIO="0" EstimateRebinds="0" EstimateRewinds="0" EstimateRows="59986200" LogicalOp="Repartition Streams" NodeId="18" Parallel="true" PhysicalOp="Parallelism" EstimatedTotalSubtreeCost="916.774">
                                                      <OutputList>
                                                        <ColumnReference Database="[Star_Schema_Benchmark]" Schema="[dbo]" Table="[LineOrder]" Column="LO_CustKey" />
                                                        <ColumnReference Database="[Star_Schema_Benchmark]" Schema="[dbo]" Table="[LineOrder]" Column="LO_SuppKey" />
                                                        <ColumnReference Database="[Star_Schema_Benchmark]" Schema="[dbo]" Table="[LineOrder]" Column="LO_OrderDateKey" />
                                                        <ColumnReference Database="[Star_Schema_Benchmark]" Schema="[dbo]" Table="[LineOrder]" Column="LO_Revenue" />
                                                      </OutputList>
                                                      <RunTimeInformation>
                                                        <RunTimeCountersPerThread Thread="1" ActualRows="608300" ActualEndOfScans="1" ActualExecutions="1" />
                                                        <RunTimeCountersPerThread Thread="2" ActualRows="681247" ActualEndOfScans="1" ActualExecutions="1" />
                                                        <RunTimeCountersPerThread Thread="3" ActualRows="554643" ActualEndOfScans="1" ActualExecutions="1" />
                                                        <RunTimeCountersPerThread Thread="4" ActualRows="583026" ActualEndOfScans="1" ActualExecutions="1" />
                                                        <RunTimeCountersPerThread Thread="0" ActualRows="0" ActualEndOfScans="0" ActualExecutions="0" />
                                                      </RunTimeInformation>
                                                      <Parallelism PartitioningType="Hash">
                                                        <PartitionColumns>
                                                          <ColumnReference Database="[Star_Schema_Benchmark]" Schema="[dbo]" Table="[LineOrder]" Column="LO_SuppKey" />
                                                        </PartitionColumns>
                                                        <RelOp AvgRowSize="36" EstimateCPU="32.9925" EstimateIO="716.684" EstimateRebinds="0" EstimateRewinds="0" EstimateRows="59986200" LogicalOp="Clustered Index Scan" NodeId="19" Parallel="true" PhysicalOp="Clustered Index Scan" EstimatedTotalSubtreeCost="749.676" TableCardinality="59986200">
                                                          <OutputList>
                                                            <ColumnReference Database="[Star_Schema_Benchmark]" Schema="[dbo]" Table="[LineOrder]" Column="LO_CustKey" />
                                                            <ColumnReference Database="[Star_Schema_Benchmark]" Schema="[dbo]" Table="[LineOrder]" Column="LO_SuppKey" />
                                                            <ColumnReference Database="[Star_Schema_Benchmark]" Schema="[dbo]" Table="[LineOrder]" Column="LO_OrderDateKey" />
                                                            <ColumnReference Database="[Star_Schema_Benchmark]" Schema="[dbo]" Table="[LineOrder]" Column="LO_Revenue" />
                                                          </OutputList>
                                                          <RunTimeInformation>
                                                            <RunTimeCountersPerThread Thread="1" ActualRows="712766" ActualEndOfScans="1" ActualExecutions="1" />
                                                            <RunTimeCountersPerThread Thread="3" ActualRows="535718" ActualEndOfScans="1" ActualExecutions="1" />
                                                            <RunTimeCountersPerThread Thread="2" ActualRows="704143" ActualEndOfScans="1" ActualExecutions="1" />
                                                            <RunTimeCountersPerThread Thread="4" ActualRows="474589" ActualEndOfScans="1" ActualExecutions="1" />
                                                            <RunTimeCountersPerThread Thread="0" ActualRows="0" ActualEndOfScans="0" ActualExecutions="0" />
                                                          </RunTimeInformation>
                                                          <IndexScan Ordered="false" ForcedIndex="false" NoExpandHint="false">
                                                            <DefinedValues>
                                                              <DefinedValue>
                                                                <ColumnReference Database="[Star_Schema_Benchmark]" Schema="[dbo]" Table="[LineOrder]" Column="LO_CustKey" />
                                                              </DefinedValue>
                                                              <DefinedValue>
                                                                <ColumnReference Database="[Star_Schema_Benchmark]" Schema="[dbo]" Table="[LineOrder]" Column="LO_SuppKey" />
                                                              </DefinedValue>
                                                              <DefinedValue>
                                                                <ColumnReference Database="[Star_Schema_Benchmark]" Schema="[dbo]" Table="[LineOrder]" Column="LO_OrderDateKey" />
                                                              </DefinedValue>
                                                              <DefinedValue>
                                                                <ColumnReference Database="[Star_Schema_Benchmark]" Schema="[dbo]" Table="[LineOrder]" Column="LO_Revenue" />
                                                              </DefinedValue>
                                                            </DefinedValues>
                                                            <Object Database="[Star_Schema_Benchmark]" Schema="[dbo]" Table="[LineOrder]" Index="[PK_LineOrder]" IndexKind="Clustered" />
                                                            <Predicate>
                                                              <ScalarOperator ScalarString="PROBE([Bitmap1018],[Star_Schema_Benchmark].[dbo].[LineOrder].[LO_SuppKey],N'[IN ROW]')">
                                                                <Intrinsic FunctionName="PROBE">
                                                                  <ScalarOperator>
                                                                    <Identifier>
                                                                      <ColumnReference Column="Bitmap1018" />
                                                                    </Identifier>
                                                                  </ScalarOperator>
                                                                  <ScalarOperator>
                                                                    <Identifier>
                                                                      <ColumnReference Database="[Star_Schema_Benchmark]" Schema="[dbo]" Table="[LineOrder]" Column="LO_SuppKey" />
                                                                    </Identifier>
                                                                  </ScalarOperator>
                                                                  <ScalarOperator>
                                                                    <Const ConstValue="N'[IN ROW]'" />
                                                                  </ScalarOperator>
                                                                </Intrinsic>
                                                              </ScalarOperator>
                                                            </Predicate>
                                                          </IndexScan>
                                                        </RelOp>
                                                      </Parallelism>
                                                    </RelOp>
                                                  </Hash>
                                                </RelOp>
                                              </Parallelism>
                                            </RelOp>
                                          </Hash>
                                        </RelOp>
                                      </Parallelism>
                                    </RelOp>
                                  </Hash>
                                </RelOp>
                              </Parallelism>
                            </RelOp>
                          </Hash>
                        </RelOp>
                      </ComputeScalar>
                    </RelOp>
                  </Sort>
                </RelOp>
              </Parallelism>
            </RelOp>
          </QueryPlan>
        </StmtSimple>
      </Statements>
    </Batch>
    <Batch>
      <Statements>
        <StmtSimple StatementCompId="9" StatementEstRows="11.2632" StatementId="9" StatementOptmLevel="FULL" StatementSubTreeCost="1061.8" StatementText="select c_city, s_city, d_year, sum(lo_revenue)&#xD;&#xA;as  revenue&#xD;&#xA;from customer, lineorder, supplier, [date]&#xD;&#xA;where lo_custkey = c_customerkey&#xD;&#xA;and lo_suppkey = s_suppkey&#xD;&#xA;and lo_orderdatekey = d_datekey&#xD;&#xA;and  (c_city='UNITED KI1'&#xD;&#xA;or c_city='UNITED KI5')&#xD;&#xA;and (s_city='UNITED KI1'&#xD;&#xA;or s_city='UNITED KI5')&#xD;&#xA;and d_year &gt;= 1992 and d_year &lt;= 1997&#xD;&#xA;group by c_city, s_city, d_year&#xD;&#xA;order by d_year asc,  revenue desc;&#xD;&#xA;&#xD;&#xA;--Q3.4&#xD;" StatementType="SELECT" QueryHash="0x7C68743E49FA1081" QueryPlanHash="0x3BDB73BD68DDD88E">
          <StatementSetOptions ANSI_NULLS="true" ANSI_PADDING="true" ANSI_WARNINGS="true" ARITHABORT="true" CONCAT_NULL_YIELDS_NULL="true" NUMERIC_ROUNDABORT="false" QUOTED_IDENTIFIER="true" />
          <QueryPlan DegreeOfParallelism="4" MemoryGrant="22176" CachedPlanSize="136" CompileTime="122" CompileCPU="122" CompileMemory="1776">
            <MissingIndexes>
              <MissingIndexGroup Impact="99.0736">
                <MissingIndex Database="[Star_Schema_Benchmark]" Schema="[dbo]" Table="[LineOrder]">
                  <ColumnGroup Usage="EQUALITY">
                    <Column Name="[LO_SuppKey]" ColumnId="5" />
                  </ColumnGroup>
                  <ColumnGroup Usage="INCLUDE">
                    <Column Name="[LO_CustKey]" ColumnId="3" />
                    <Column Name="[LO_OrderDateKey]" ColumnId="6" />
                    <Column Name="[LO_Revenue]" ColumnId="13" />
                  </ColumnGroup>
                </MissingIndex>
              </MissingIndexGroup>
            </MissingIndexes>
            <RelOp AvgRowSize="46" EstimateCPU="0.00016143" EstimateIO="0.0112613" EstimateRebinds="0" EstimateRewinds="0" EstimateRows="11.2632" LogicalOp="Sort" NodeId="0" Parallel="false" PhysicalOp="Sort" EstimatedTotalSubtreeCost="1061.8">
              <OutputList>
                <ColumnReference Database="[Star_Schema_Benchmark]" Schema="[dbo]" Table="[Customer]" Column="C_City" />
                <ColumnReference Database="[Star_Schema_Benchmark]" Schema="[dbo]" Table="[Supplier]" Column="S_City" />
                <ColumnReference Database="[Star_Schema_Benchmark]" Schema="[dbo]" Table="[Date]" Column="D_Year" />
                <ColumnReference Column="Expr1012" />
              </OutputList>
              <MemoryFractions Input="0.5" Output="1" />
              <RunTimeInformation>
                <RunTimeCountersPerThread Thread="0" ActualRebinds="1" ActualRewinds="0" ActualRows="24" ActualEndOfScans="1" ActualExecutions="1" />
              </RunTimeInformation>
              <Sort Distinct="false">
                <OrderBy>
                  <OrderByColumn Ascending="true">
                    <ColumnReference Database="[Star_Schema_Benchmark]" Schema="[dbo]" Table="[Date]" Column="D_Year" />
                  </OrderByColumn>
                  <OrderByColumn Ascending="false">
                    <ColumnReference Column="Expr1012" />
                  </OrderByColumn>
                </OrderBy>
                <RelOp AvgRowSize="46" EstimateCPU="1.12632E-06" EstimateIO="0" EstimateRebinds="0" EstimateRewinds="0" EstimateRows="11.2632" LogicalOp="Compute Scalar" NodeId="2" Parallel="false" PhysicalOp="Compute Scalar" EstimatedTotalSubtreeCost="1061.79">
                  <OutputList>
                    <ColumnReference Database="[Star_Schema_Benchmark]" Schema="[dbo]" Table="[Customer]" Column="C_City" />
                    <ColumnReference Database="[Star_Schema_Benchmark]" Schema="[dbo]" Table="[Supplier]" Column="S_City" />
                    <ColumnReference Database="[Star_Schema_Benchmark]" Schema="[dbo]" Table="[Date]" Column="D_Year" />
                    <ColumnReference Column="Expr1012" />
                  </OutputList>
                  <ComputeScalar>
                    <DefinedValues>
                      <DefinedValue>
                        <ColumnReference Column="Expr1012" />
                        <ScalarOperator ScalarString="CASE WHEN [globalagg1014]=(0) THEN NULL ELSE [globalagg1016] END">
                          <IF>
                            <Condition>
                              <ScalarOperator>
                                <Compare CompareOp="EQ">
                                  <ScalarOperator>
                                    <Identifier>
                                      <ColumnReference Column="globalagg1014" />
                                    </Identifier>
                                  </ScalarOperator>
                                  <ScalarOperator>
                                    <Const ConstValue="(0)" />
                                  </ScalarOperator>
                                </Compare>
                              </ScalarOperator>
                            </Condition>
                            <Then>
                              <ScalarOperator>
                                <Const ConstValue="NULL" />
                              </ScalarOperator>
                            </Then>
                            <Else>
                              <ScalarOperator>
                                <Identifier>
                                  <ColumnReference Column="globalagg1016" />
                                </Identifier>
                              </ScalarOperator>
                            </Else>
                          </IF>
                        </ScalarOperator>
                      </DefinedValue>
                    </DefinedValues>
                    <RelOp AvgRowSize="54" EstimateCPU="1.91474E-05" EstimateIO="0" EstimateRebinds="0" EstimateRewinds="0" EstimateRows="11.2632" LogicalOp="Aggregate" NodeId="3" Parallel="false" PhysicalOp="Stream Aggregate" EstimatedTotalSubtreeCost="1061.79">
                      <OutputList>
                        <ColumnReference Database="[Star_Schema_Benchmark]" Schema="[dbo]" Table="[Customer]" Column="C_City" />
                        <ColumnReference Database="[Star_Schema_Benchmark]" Schema="[dbo]" Table="[Supplier]" Column="S_City" />
                        <ColumnReference Database="[Star_Schema_Benchmark]" Schema="[dbo]" Table="[Date]" Column="D_Year" />
                        <ColumnReference Column="globalagg1014" />
                        <ColumnReference Column="globalagg1016" />
                      </OutputList>
                      <RunTimeInformation>
                        <RunTimeCountersPerThread Thread="0" ActualRows="24" ActualEndOfScans="1" ActualExecutions="1" />
                      </RunTimeInformation>
                      <StreamAggregate>
                        <DefinedValues>
                          <DefinedValue>
                            <ColumnReference Column="globalagg1014" />
                            <ScalarOperator ScalarString="SUM([partialagg1013])">
                              <Aggregate AggType="SUM" Distinct="false">
                                <ScalarOperator>
                                  <Identifier>
                                    <ColumnReference Column="partialagg1013" />
                                  </Identifier>
                                </ScalarOperator>
                              </Aggregate>
                            </ScalarOperator>
                          </DefinedValue>
                          <DefinedValue>
                            <ColumnReference Column="globalagg1016" />
                            <ScalarOperator ScalarString="SUM([partialagg1015])">
                              <Aggregate AggType="SUM" Distinct="false">
                                <ScalarOperator>
                                  <Identifier>
                                    <ColumnReference Column="partialagg1015" />
                                  </Identifier>
                                </ScalarOperator>
                              </Aggregate>
                            </ScalarOperator>
                          </DefinedValue>
                        </DefinedValues>
                        <GroupBy>
                          <ColumnReference Database="[Star_Schema_Benchmark]" Schema="[dbo]" Table="[Customer]" Column="C_City" />
                          <ColumnReference Database="[Star_Schema_Benchmark]" Schema="[dbo]" Table="[Supplier]" Column="S_City" />
                          <ColumnReference Database="[Star_Schema_Benchmark]" Schema="[dbo]" Table="[Date]" Column="D_Year" />
                        </GroupBy>
                        <RelOp AvgRowSize="54" EstimateCPU="0.000257962" EstimateIO="0.0112613" EstimateRebinds="0" EstimateRewinds="0" EstimateRows="22.5264" LogicalOp="Sort" NodeId="4" Parallel="false" PhysicalOp="Sort" EstimatedTotalSubtreeCost="1061.79">
                          <OutputList>
                            <ColumnReference Database="[Star_Schema_Benchmark]" Schema="[dbo]" Table="[Customer]" Column="C_City" />
                            <ColumnReference Database="[Star_Schema_Benchmark]" Schema="[dbo]" Table="[Supplier]" Column="S_City" />
                            <ColumnReference Database="[Star_Schema_Benchmark]" Schema="[dbo]" Table="[Date]" Column="D_Year" />
                            <ColumnReference Column="partialagg1013" />
                            <ColumnReference Column="partialagg1015" />
                          </OutputList>
                          <MemoryFractions Input="0.00856531" Output="0.5" />
                          <RunTimeInformation>
                            <RunTimeCountersPerThread Thread="0" ActualRebinds="1" ActualRewinds="0" ActualRows="96" ActualEndOfScans="1" ActualExecutions="1" />
                          </RunTimeInformation>
                          <Sort Distinct="false">
                            <OrderBy>
                              <OrderByColumn Ascending="true">
                                <ColumnReference Database="[Star_Schema_Benchmark]" Schema="[dbo]" Table="[Customer]" Column="C_City" />
                              </OrderByColumn>
                              <OrderByColumn Ascending="true">
                                <ColumnReference Database="[Star_Schema_Benchmark]" Schema="[dbo]" Table="[Supplier]" Column="S_City" />
                              </OrderByColumn>
                              <OrderByColumn Ascending="true">
                                <ColumnReference Database="[Star_Schema_Benchmark]" Schema="[dbo]" Table="[Date]" Column="D_Year" />
                              </OrderByColumn>
                            </OrderBy>
                            <RelOp AvgRowSize="54" EstimateCPU="0.0285763" EstimateIO="0" EstimateRebinds="0" EstimateRewinds="0" EstimateRows="22.5264" LogicalOp="Gather Streams" NodeId="5" Parallel="true" PhysicalOp="Parallelism" EstimatedTotalSubtreeCost="1061.77">
                              <OutputList>
                                <ColumnReference Database="[Star_Schema_Benchmark]" Schema="[dbo]" Table="[Customer]" Column="C_City" />
                                <ColumnReference Database="[Star_Schema_Benchmark]" Schema="[dbo]" Table="[Supplier]" Column="S_City" />
                                <ColumnReference Database="[Star_Schema_Benchmark]" Schema="[dbo]" Table="[Date]" Column="D_Year" />
                                <ColumnReference Column="partialagg1013" />
                                <ColumnReference Column="partialagg1015" />
                              </OutputList>
                              <RunTimeInformation>
                                <RunTimeCountersPerThread Thread="0" ActualRows="96" ActualEndOfScans="1" ActualExecutions="1" />
                              </RunTimeInformation>
                              <Parallelism>
                                <RelOp AvgRowSize="54" EstimateCPU="0.0581731" EstimateIO="0" EstimateRebinds="0" EstimateRewinds="0" EstimateRows="22.5264" LogicalOp="Partial Aggregate" NodeId="6" Parallel="true" PhysicalOp="Hash Match" EstimatedTotalSubtreeCost="1061.75">
                                  <OutputList>
                                    <ColumnReference Database="[Star_Schema_Benchmark]" Schema="[dbo]" Table="[Customer]" Column="C_City" />
                                    <ColumnReference Database="[Star_Schema_Benchmark]" Schema="[dbo]" Table="[Supplier]" Column="S_City" />
                                    <ColumnReference Database="[Star_Schema_Benchmark]" Schema="[dbo]" Table="[Date]" Column="D_Year" />
                                    <ColumnReference Column="partialagg1013" />
                                    <ColumnReference Column="partialagg1015" />
                                  </OutputList>
                                  <MemoryFractions Input="0" Output="0" />
                                  <RunTimeInformation>
                                    <RunTimeCountersPerThread Thread="3" ActualRows="24" ActualEndOfScans="1" ActualExecutions="1" />
                                    <RunTimeCountersPerThread Thread="2" ActualRows="24" ActualEndOfScans="1" ActualExecutions="1" />
                                    <RunTimeCountersPerThread Thread="4" ActualRows="24" ActualEndOfScans="1" ActualExecutions="1" />
                                    <RunTimeCountersPerThread Thread="1" ActualRows="24" ActualEndOfScans="1" ActualExecutions="1" />
                                    <RunTimeCountersPerThread Thread="0" ActualRows="0" ActualEndOfScans="0" ActualExecutions="0" />
                                  </RunTimeInformation>
                                  <Hash>
                                    <DefinedValues>
                                      <DefinedValue>
                                        <ColumnReference Column="partialagg1013" />
                                        <ScalarOperator ScalarString="COUNT_BIG([Star_Schema_Benchmark].[dbo].[LineOrder].[LO_Revenue])">
                                          <Aggregate AggType="COUNT_BIG" Distinct="false">
                                            <ScalarOperator>
                                              <Identifier>
                                                <ColumnReference Database="[Star_Schema_Benchmark]" Schema="[dbo]" Table="[LineOrder]" Column="LO_Revenue" />
                                              </Identifier>
                                            </ScalarOperator>
                                          </Aggregate>
                                        </ScalarOperator>
                                      </DefinedValue>
                                      <DefinedValue>
                                        <ColumnReference Column="partialagg1015" />
                                        <ScalarOperator ScalarString="SUM([Star_Schema_Benchmark].[dbo].[LineOrder].[LO_Revenue])">
                                          <Aggregate AggType="SUM" Distinct="false">
                                            <ScalarOperator>
                                              <Identifier>
                                                <ColumnReference Database="[Star_Schema_Benchmark]" Schema="[dbo]" Table="[LineOrder]" Column="LO_Revenue" />
                                              </Identifier>
                                            </ScalarOperator>
                                          </Aggregate>
                                        </ScalarOperator>
                                      </DefinedValue>
                                    </DefinedValues>
                                    <HashKeysBuild>
                                      <ColumnReference Database="[Star_Schema_Benchmark]" Schema="[dbo]" Table="[Customer]" Column="C_City" />
                                      <ColumnReference Database="[Star_Schema_Benchmark]" Schema="[dbo]" Table="[Supplier]" Column="S_City" />
                                      <ColumnReference Database="[Star_Schema_Benchmark]" Schema="[dbo]" Table="[Date]" Column="D_Year" />
                                    </HashKeysBuild>
                                    <BuildResidual>
                                      <ScalarOperator ScalarString="[Star_Schema_Benchmark].[dbo].[Customer].[C_City] = [Star_Schema_Benchmark].[dbo].[Customer].[C_City] AND [Star_Schema_Benchmark].[dbo].[Supplier].[S_City] = [Star_Schema_Benchmark].[dbo].[Supplier].[S_City] AND [Star_Schema_Benchmark].[dbo].[Date].[D_Year] = [Star_Schema_Benchmark].[dbo].[Date].[D_Year]">
                                        <Logical Operation="AND">
                                          <ScalarOperator>
                                            <Logical Operation="AND">
                                              <ScalarOperator>
                                                <Compare CompareOp="IS">
                                                  <ScalarOperator>
                                                    <Identifier>
                                                      <ColumnReference Database="[Star_Schema_Benchmark]" Schema="[dbo]" Table="[Customer]" Column="C_City" />
                                                    </Identifier>
                                                  </ScalarOperator>
                                                  <ScalarOperator>
                                                    <Identifier>
                                                      <ColumnReference Database="[Star_Schema_Benchmark]" Schema="[dbo]" Table="[Customer]" Column="C_City" />
                                                    </Identifier>
                                                  </ScalarOperator>
                                                </Compare>
                                              </ScalarOperator>
                                              <ScalarOperator>
                                                <Compare CompareOp="IS">
                                                  <ScalarOperator>
                                                    <Identifier>
                                                      <ColumnReference Database="[Star_Schema_Benchmark]" Schema="[dbo]" Table="[Supplier]" Column="S_City" />
                                                    </Identifier>
                                                  </ScalarOperator>
                                                  <ScalarOperator>
                                                    <Identifier>
                                                      <ColumnReference Database="[Star_Schema_Benchmark]" Schema="[dbo]" Table="[Supplier]" Column="S_City" />
                                                    </Identifier>
                                                  </ScalarOperator>
                                                </Compare>
                                              </ScalarOperator>
                                            </Logical>
                                          </ScalarOperator>
                                          <ScalarOperator>
                                            <Compare CompareOp="IS">
                                              <ScalarOperator>
                                                <Identifier>
                                                  <ColumnReference Database="[Star_Schema_Benchmark]" Schema="[dbo]" Table="[Date]" Column="D_Year" />
                                                </Identifier>
                                              </ScalarOperator>
                                              <ScalarOperator>
                                                <Identifier>
                                                  <ColumnReference Database="[Star_Schema_Benchmark]" Schema="[dbo]" Table="[Date]" Column="D_Year" />
                                                </Identifier>
                                              </ScalarOperator>
                                            </Compare>
                                          </ScalarOperator>
                                        </Logical>
                                      </ScalarOperator>
                                    </BuildResidual>
                                    <RelOp AvgRowSize="38" EstimateCPU="0.0995231" EstimateIO="0" EstimateRebinds="0" EstimateRewinds="0" EstimateRows="11721.3" LogicalOp="Inner Join" NodeId="7" Parallel="true" PhysicalOp="Hash Match" EstimatedTotalSubtreeCost="1061.69">
                                      <OutputList>
                                        <ColumnReference Database="[Star_Schema_Benchmark]" Schema="[dbo]" Table="[Customer]" Column="C_City" />
                                        <ColumnReference Database="[Star_Schema_Benchmark]" Schema="[dbo]" Table="[LineOrder]" Column="LO_Revenue" />
                                        <ColumnReference Database="[Star_Schema_Benchmark]" Schema="[dbo]" Table="[Supplier]" Column="S_City" />
                                        <ColumnReference Database="[Star_Schema_Benchmark]" Schema="[dbo]" Table="[Date]" Column="D_Year" />
                                      </OutputList>
                                      <MemoryFractions Input="0" Output="0" />
                                      <RunTimeInformation>
                                        <RunTimeCountersPerThread Thread="3" ActualRows="855" ActualEndOfScans="1" ActualExecutions="1" />
                                        <RunTimeCountersPerThread Thread="2" ActualRows="906" ActualEndOfScans="1" ActualExecutions="1" />
                                        <RunTimeCountersPerThread Thread="4" ActualRows="893" ActualEndOfScans="1" ActualExecutions="1" />
                                        <RunTimeCountersPerThread Thread="1" ActualRows="872" ActualEndOfScans="1" ActualExecutions="1" />
                                        <RunTimeCountersPerThread Thread="0" ActualRows="0" ActualEndOfScans="0" ActualExecutions="0" />
                                      </RunTimeInformation>
                                      <Hash>
                                        <DefinedValues />
                                        <HashKeysBuild>
                                          <ColumnReference Database="[Star_Schema_Benchmark]" Schema="[dbo]" Table="[Date]" Column="D_DateKey" />
                                        </HashKeysBuild>
                                        <HashKeysProbe>
                                          <ColumnReference Database="[Star_Schema_Benchmark]" Schema="[dbo]" Table="[LineOrder]" Column="LO_OrderDateKey" />
                                        </HashKeysProbe>
                                        <ProbeResidual>
                                          <ScalarOperator ScalarString="[Star_Schema_Benchmark].[dbo].[LineOrder].[LO_OrderDateKey]=[Star_Schema_Benchmark].[dbo].[Date].[D_DateKey]">
                                            <Compare CompareOp="EQ">
                                              <ScalarOperator>
                                                <Identifier>
                                                  <ColumnReference Database="[Star_Schema_Benchmark]" Schema="[dbo]" Table="[LineOrder]" Column="LO_OrderDateKey" />
                                                </Identifier>
                                              </ScalarOperator>
                                              <ScalarOperator>
                                                <Identifier>
                                                  <ColumnReference Database="[Star_Schema_Benchmark]" Schema="[dbo]" Table="[Date]" Column="D_DateKey" />
                                                </Identifier>
                                              </ScalarOperator>
                                            </Compare>
                                          </ScalarOperator>
                                        </ProbeResidual>
                                        <RelOp AvgRowSize="17" EstimateCPU="0.0323264" EstimateIO="0" EstimateRebinds="0" EstimateRewinds="0" EstimateRows="2192" LogicalOp="Repartition Streams" NodeId="8" Parallel="true" PhysicalOp="Parallelism" EstimatedTotalSubtreeCost="0.0580604">
                                          <OutputList>
                                            <ColumnReference Database="[Star_Schema_Benchmark]" Schema="[dbo]" Table="[Date]" Column="D_DateKey" />
                                            <ColumnReference Database="[Star_Schema_Benchmark]" Schema="[dbo]" Table="[Date]" Column="D_Year" />
                                          </OutputList>
                                          <RunTimeInformation>
                                            <RunTimeCountersPerThread Thread="4" ActualRows="553" ActualEndOfScans="1" ActualExecutions="1" />
                                            <RunTimeCountersPerThread Thread="3" ActualRows="535" ActualEndOfScans="1" ActualExecutions="1" />
                                            <RunTimeCountersPerThread Thread="2" ActualRows="551" ActualEndOfScans="1" ActualExecutions="1" />
                                            <RunTimeCountersPerThread Thread="1" ActualRows="553" ActualEndOfScans="1" ActualExecutions="1" />
                                            <RunTimeCountersPerThread Thread="0" ActualRows="0" ActualEndOfScans="0" ActualExecutions="0" />
                                          </RunTimeInformation>
                                          <Parallelism PartitioningType="Hash">
                                            <PartitionColumns>
                                              <ColumnReference Database="[Star_Schema_Benchmark]" Schema="[dbo]" Table="[Date]" Column="D_DateKey" />
                                            </PartitionColumns>
                                            <RelOp AvgRowSize="17" EstimateCPU="0.0014843" EstimateIO="0.023125" EstimateRebinds="0" EstimateRewinds="0" EstimateRows="2192" LogicalOp="Clustered Index Scan" NodeId="9" Parallel="true" PhysicalOp="Clustered Index Scan" EstimatedTotalSubtreeCost="0.0246093" TableCardinality="2556">
                                              <OutputList>
                                                <ColumnReference Database="[Star_Schema_Benchmark]" Schema="[dbo]" Table="[Date]" Column="D_DateKey" />
                                                <ColumnReference Database="[Star_Schema_Benchmark]" Schema="[dbo]" Table="[Date]" Column="D_Year" />
                                              </OutputList>
                                              <RunTimeInformation>
                                                <RunTimeCountersPerThread Thread="1" ActualRows="517" ActualEndOfScans="1" ActualExecutions="1" />
                                                <RunTimeCountersPerThread Thread="4" ActualRows="559" ActualEndOfScans="1" ActualExecutions="1" />
                                                <RunTimeCountersPerThread Thread="3" ActualRows="558" ActualEndOfScans="1" ActualExecutions="1" />
                                                <RunTimeCountersPerThread Thread="2" ActualRows="558" ActualEndOfScans="1" ActualExecutions="1" />
                                                <RunTimeCountersPerThread Thread="0" ActualRows="0" ActualEndOfScans="0" ActualExecutions="0" />
                                              </RunTimeInformation>
                                              <IndexScan Ordered="false" ForcedIndex="false" NoExpandHint="false">
                                                <DefinedValues>
                                                  <DefinedValue>
                                                    <ColumnReference Database="[Star_Schema_Benchmark]" Schema="[dbo]" Table="[Date]" Column="D_DateKey" />
                                                  </DefinedValue>
                                                  <DefinedValue>
                                                    <ColumnReference Database="[Star_Schema_Benchmark]" Schema="[dbo]" Table="[Date]" Column="D_Year" />
                                                  </DefinedValue>
                                                </DefinedValues>
                                                <Object Database="[Star_Schema_Benchmark]" Schema="[dbo]" Table="[Date]" Index="[PK_Date]" IndexKind="Clustered" />
                                                <Predicate>
                                                  <ScalarOperator ScalarString="[Star_Schema_Benchmark].[dbo].[Date].[D_Year]&gt;=(1992) AND [Star_Schema_Benchmark].[dbo].[Date].[D_Year]&lt;=(1997)">
                                                    <Logical Operation="AND">
                                                      <ScalarOperator>
                                                        <Compare CompareOp="GE">
                                                          <ScalarOperator>
                                                            <Identifier>
                                                              <ColumnReference Database="[Star_Schema_Benchmark]" Schema="[dbo]" Table="[Date]" Column="D_Year" />
                                                            </Identifier>
                                                          </ScalarOperator>
                                                          <ScalarOperator>
                                                            <Const ConstValue="(1992)" />
                                                          </ScalarOperator>
                                                        </Compare>
                                                      </ScalarOperator>
                                                      <ScalarOperator>
                                                        <Compare CompareOp="LE">
                                                          <ScalarOperator>
                                                            <Identifier>
                                                              <ColumnReference Database="[Star_Schema_Benchmark]" Schema="[dbo]" Table="[Date]" Column="D_Year" />
                                                            </Identifier>
                                                          </ScalarOperator>
                                                          <ScalarOperator>
                                                            <Const ConstValue="(1997)" />
                                                          </ScalarOperator>
                                                        </Compare>
                                                      </ScalarOperator>
                                                    </Logical>
                                                  </ScalarOperator>
                                                </Predicate>
                                              </IndexScan>
                                            </RelOp>
                                          </Parallelism>
                                        </RelOp>
                                        <RelOp AvgRowSize="44" EstimateCPU="0.0774647" EstimateIO="0" EstimateRebinds="0" EstimateRewinds="0" EstimateRows="15494.5" LogicalOp="Repartition Streams" NodeId="10" Parallel="true" PhysicalOp="Parallelism" EstimatedTotalSubtreeCost="1061.53">
                                          <OutputList>
                                            <ColumnReference Database="[Star_Schema_Benchmark]" Schema="[dbo]" Table="[Customer]" Column="C_City" />
                                            <ColumnReference Database="[Star_Schema_Benchmark]" Schema="[dbo]" Table="[LineOrder]" Column="LO_OrderDateKey" />
                                            <ColumnReference Database="[Star_Schema_Benchmark]" Schema="[dbo]" Table="[LineOrder]" Column="LO_Revenue" />
                                            <ColumnReference Database="[Star_Schema_Benchmark]" Schema="[dbo]" Table="[Supplier]" Column="S_City" />
                                          </OutputList>
                                          <RunTimeInformation>
                                            <RunTimeCountersPerThread Thread="4" ActualRows="994" ActualEndOfScans="1" ActualExecutions="1" />
                                            <RunTimeCountersPerThread Thread="3" ActualRows="954" ActualEndOfScans="1" ActualExecutions="1" />
                                            <RunTimeCountersPerThread Thread="2" ActualRows="988" ActualEndOfScans="1" ActualExecutions="1" />
                                            <RunTimeCountersPerThread Thread="1" ActualRows="972" ActualEndOfScans="1" ActualExecutions="1" />
                                            <RunTimeCountersPerThread Thread="0" ActualRows="0" ActualEndOfScans="0" ActualExecutions="0" />
                                          </RunTimeInformation>
                                          <Parallelism PartitioningType="Hash">
                                            <PartitionColumns>
                                              <ColumnReference Database="[Star_Schema_Benchmark]" Schema="[dbo]" Table="[LineOrder]" Column="LO_OrderDateKey" />
                                            </PartitionColumns>
                                            <RelOp AvgRowSize="44" EstimateCPU="1.66705" EstimateIO="0" EstimateRebinds="0" EstimateRewinds="0" EstimateRows="15494.5" LogicalOp="Inner Join" NodeId="11" Parallel="true" PhysicalOp="Hash Match" EstimatedTotalSubtreeCost="1061.45">
                                              <OutputList>
                                                <ColumnReference Database="[Star_Schema_Benchmark]" Schema="[dbo]" Table="[Customer]" Column="C_City" />
                                                <ColumnReference Database="[Star_Schema_Benchmark]" Schema="[dbo]" Table="[LineOrder]" Column="LO_OrderDateKey" />
                                                <ColumnReference Database="[Star_Schema_Benchmark]" Schema="[dbo]" Table="[LineOrder]" Column="LO_Revenue" />
                                                <ColumnReference Database="[Star_Schema_Benchmark]" Schema="[dbo]" Table="[Supplier]" Column="S_City" />
                                              </OutputList>
                                              <MemoryFractions Input="0.570194" Output="0.56531" />
                                              <RunTimeInformation>
                                                <RunTimeCountersPerThread Thread="4" ActualRows="1025" ActualEndOfScans="1" ActualExecutions="1" />
                                                <RunTimeCountersPerThread Thread="3" ActualRows="974" ActualEndOfScans="1" ActualExecutions="1" />
                                                <RunTimeCountersPerThread Thread="2" ActualRows="985" ActualEndOfScans="1" ActualExecutions="1" />
                                                <RunTimeCountersPerThread Thread="1" ActualRows="924" ActualEndOfScans="1" ActualExecutions="1" />
                                                <RunTimeCountersPerThread Thread="0" ActualRows="0" ActualEndOfScans="0" ActualExecutions="0" />
                                              </RunTimeInformation>
                                              <Hash>
                                                <DefinedValues />
                                                <HashKeysBuild>
                                                  <ColumnReference Database="[Star_Schema_Benchmark]" Schema="[dbo]" Table="[Customer]" Column="C_CustomerKey" />
                                                </HashKeysBuild>
                                                <HashKeysProbe>
                                                  <ColumnReference Database="[Star_Schema_Benchmark]" Schema="[dbo]" Table="[LineOrder]" Column="LO_CustKey" />
                                                </HashKeysProbe>
                                                <ProbeResidual>
                                                  <ScalarOperator ScalarString="[Star_Schema_Benchmark].[dbo].[LineOrder].[LO_CustKey]=[Star_Schema_Benchmark].[dbo].[Customer].[C_CustomerKey]">
                                                    <Compare CompareOp="EQ">
                                                      <ScalarOperator>
                                                        <Identifier>
                                                          <ColumnReference Database="[Star_Schema_Benchmark]" Schema="[dbo]" Table="[LineOrder]" Column="LO_CustKey" />
                                                        </Identifier>
                                                      </ScalarOperator>
                                                      <ScalarOperator>
                                                        <Identifier>
                                                          <ColumnReference Database="[Star_Schema_Benchmark]" Schema="[dbo]" Table="[Customer]" Column="C_CustomerKey" />
                                                        </Identifier>
                                                      </ScalarOperator>
                                                    </Compare>
                                                  </ScalarOperator>
                                                </ProbeResidual>
                                                <RelOp AvgRowSize="25" EstimateCPU="0.033162" EstimateIO="0" EstimateRebinds="0" EstimateRewinds="0" EstimateRows="2306.07" LogicalOp="Bitmap Create" NodeId="12" Parallel="true" PhysicalOp="Bitmap" EstimatedTotalSubtreeCost="3.59707">
                                                  <OutputList>
                                                    <ColumnReference Database="[Star_Schema_Benchmark]" Schema="[dbo]" Table="[Customer]" Column="C_CustomerKey" />
                                                    <ColumnReference Database="[Star_Schema_Benchmark]" Schema="[dbo]" Table="[Customer]" Column="C_City" />
                                                  </OutputList>
                                                  <RunTimeInformation>
                                                    <RunTimeCountersPerThread Thread="4" ActualRows="577" ActualEndOfScans="1" ActualExecutions="1" />
                                                    <RunTimeCountersPerThread Thread="1" ActualRows="589" ActualEndOfScans="1" ActualExecutions="1" />
                                                    <RunTimeCountersPerThread Thread="3" ActualRows="605" ActualEndOfScans="1" ActualExecutions="1" />
                                                    <RunTimeCountersPerThread Thread="2" ActualRows="599" ActualEndOfScans="1" ActualExecutions="1" />
                                                    <RunTimeCountersPerThread Thread="0" ActualRows="0" ActualEndOfScans="0" ActualExecutions="0" />
                                                  </RunTimeInformation>
                                                  <Bitmap>
                                                    <DefinedValues>
                                                      <DefinedValue>
                                                        <ColumnReference Column="Bitmap1018" />
                                                      </DefinedValue>
                                                    </DefinedValues>
                                                    <HashKeys>
                                                      <ColumnReference Database="[Star_Schema_Benchmark]" Schema="[dbo]" Table="[Customer]" Column="C_CustomerKey" />
                                                    </HashKeys>
                                                    <RelOp AvgRowSize="25" EstimateCPU="0.033162" EstimateIO="0" EstimateRebinds="0" EstimateRewinds="0" EstimateRows="2306.07" LogicalOp="Repartition Streams" NodeId="13" Parallel="true" PhysicalOp="Parallelism" EstimatedTotalSubtreeCost="3.59707">
                                                      <OutputList>
                                                        <ColumnReference Database="[Star_Schema_Benchmark]" Schema="[dbo]" Table="[Customer]" Column="C_CustomerKey" />
                                                        <ColumnReference Database="[Star_Schema_Benchmark]" Schema="[dbo]" Table="[Customer]" Column="C_City" />
                                                      </OutputList>
                                                      <RunTimeInformation>
                                                        <RunTimeCountersPerThread Thread="4" ActualRows="577" ActualEndOfScans="1" ActualExecutions="1" />
                                                        <RunTimeCountersPerThread Thread="1" ActualRows="589" ActualEndOfScans="1" ActualExecutions="1" />
                                                        <RunTimeCountersPerThread Thread="3" ActualRows="605" ActualEndOfScans="1" ActualExecutions="1" />
                                                        <RunTimeCountersPerThread Thread="2" ActualRows="599" ActualEndOfScans="1" ActualExecutions="1" />
                                                        <RunTimeCountersPerThread Thread="0" ActualRows="0" ActualEndOfScans="0" ActualExecutions="0" />
                                                      </RunTimeInformation>
                                                      <Parallelism PartitioningType="Hash">
                                                        <PartitionColumns>
                                                          <ColumnReference Database="[Star_Schema_Benchmark]" Schema="[dbo]" Table="[Customer]" Column="C_CustomerKey" />
                                                        </PartitionColumns>
                                                        <RelOp AvgRowSize="25" EstimateCPU="0.165079" EstimateIO="3.26683" EstimateRebinds="0" EstimateRewinds="0" EstimateRows="2306.07" LogicalOp="Clustered Index Scan" NodeId="14" Parallel="true" PhysicalOp="Clustered Index Scan" EstimatedTotalSubtreeCost="3.43191" TableCardinality="300000">
                                                          <OutputList>
                                                            <ColumnReference Database="[Star_Schema_Benchmark]" Schema="[dbo]" Table="[Customer]" Column="C_CustomerKey" />
                                                            <ColumnReference Database="[Star_Schema_Benchmark]" Schema="[dbo]" Table="[Customer]" Column="C_City" />
                                                          </OutputList>
                                                          <RunTimeInformation>
                                                            <RunTimeCountersPerThread Thread="1" ActualRows="584" ActualEndOfScans="1" ActualExecutions="1" />
                                                            <RunTimeCountersPerThread Thread="4" ActualRows="565" ActualEndOfScans="1" ActualExecutions="1" />
                                                            <RunTimeCountersPerThread Thread="3" ActualRows="614" ActualEndOfScans="1" ActualExecutions="1" />
                                                            <RunTimeCountersPerThread Thread="2" ActualRows="607" ActualEndOfScans="1" ActualExecutions="1" />
                                                            <RunTimeCountersPerThread Thread="0" ActualRows="0" ActualEndOfScans="0" ActualExecutions="0" />
                                                          </RunTimeInformation>
                                                          <IndexScan Ordered="false" ForcedIndex="false" NoExpandHint="false">
                                                            <DefinedValues>
                                                              <DefinedValue>
                                                                <ColumnReference Database="[Star_Schema_Benchmark]" Schema="[dbo]" Table="[Customer]" Column="C_CustomerKey" />
                                                              </DefinedValue>
                                                              <DefinedValue>
                                                                <ColumnReference Database="[Star_Schema_Benchmark]" Schema="[dbo]" Table="[Customer]" Column="C_City" />
                                                              </DefinedValue>
                                                            </DefinedValues>
                                                            <Object Database="[Star_Schema_Benchmark]" Schema="[dbo]" Table="[Customer]" Index="[PK_Customer]" IndexKind="Clustered" />
                                                            <Predicate>
                                                              <ScalarOperator ScalarString="[Star_Schema_Benchmark].[dbo].[Customer].[C_City]='UNITED KI1' OR [Star_Schema_Benchmark].[dbo].[Customer].[C_City]='UNITED KI5'">
                                                                <Logical Operation="OR">
                                                                  <ScalarOperator>
                                                                    <Compare CompareOp="EQ">
                                                                      <ScalarOperator>
                                                                        <Identifier>
                                                                          <ColumnReference Database="[Star_Schema_Benchmark]" Schema="[dbo]" Table="[Customer]" Column="C_City" />
                                                                        </Identifier>
                                                                      </ScalarOperator>
                                                                      <ScalarOperator>
                                                                        <Const ConstValue="'UNITED KI1'" />
                                                                      </ScalarOperator>
                                                                    </Compare>
                                                                  </ScalarOperator>
                                                                  <ScalarOperator>
                                                                    <Compare CompareOp="EQ">
                                                                      <ScalarOperator>
                                                                        <Identifier>
                                                                          <ColumnReference Database="[Star_Schema_Benchmark]" Schema="[dbo]" Table="[Customer]" Column="C_City" />
                                                                        </Identifier>
                                                                      </ScalarOperator>
                                                                      <ScalarOperator>
                                                                        <Const ConstValue="'UNITED KI5'" />
                                                                      </ScalarOperator>
                                                                    </Compare>
                                                                  </ScalarOperator>
                                                                </Logical>
                                                              </ScalarOperator>
                                                            </Predicate>
                                                          </IndexScan>
                                                        </RelOp>
                                                      </Parallelism>
                                                    </RelOp>
                                                  </Bitmap>
                                                </RelOp>
                                                <RelOp AvgRowSize="42" EstimateCPU="1.54858" EstimateIO="0" EstimateRebinds="0" EstimateRewinds="0" EstimateRows="491756" LogicalOp="Repartition Streams" NodeId="15" Parallel="true" PhysicalOp="Parallelism" EstimatedTotalSubtreeCost="1056.19">
                                                  <OutputList>
                                                    <ColumnReference Database="[Star_Schema_Benchmark]" Schema="[dbo]" Table="[LineOrder]" Column="LO_CustKey" />
                                                    <ColumnReference Database="[Star_Schema_Benchmark]" Schema="[dbo]" Table="[LineOrder]" Column="LO_OrderDateKey" />
                                                    <ColumnReference Database="[Star_Schema_Benchmark]" Schema="[dbo]" Table="[LineOrder]" Column="LO_Revenue" />
                                                    <ColumnReference Database="[Star_Schema_Benchmark]" Schema="[dbo]" Table="[Supplier]" Column="S_City" />
                                                  </OutputList>
                                                  <RunTimeInformation>
                                                    <RunTimeCountersPerThread Thread="4" ActualRows="1030" ActualEndOfScans="1" ActualExecutions="1" />
                                                    <RunTimeCountersPerThread Thread="1" ActualRows="924" ActualEndOfScans="1" ActualExecutions="1" />
                                                    <RunTimeCountersPerThread Thread="3" ActualRows="976" ActualEndOfScans="1" ActualExecutions="1" />
                                                    <RunTimeCountersPerThread Thread="2" ActualRows="985" ActualEndOfScans="1" ActualExecutions="1" />
                                                    <RunTimeCountersPerThread Thread="0" ActualRows="0" ActualEndOfScans="0" ActualExecutions="0" />
                                                  </RunTimeInformation>
                                                  <Parallelism PartitioningType="Hash">
                                                    <PartitionColumns>
                                                      <ColumnReference Database="[Star_Schema_Benchmark]" Schema="[dbo]" Table="[LineOrder]" Column="LO_CustKey" />
                                                    </PartitionColumns>
                                                    <Predicate>
                                                      <ScalarOperator ScalarString="PROBE([Bitmap1018],[Star_Schema_Benchmark].[dbo].[LineOrder].[LO_CustKey])">
                                                        <Intrinsic FunctionName="PROBE">
                                                          <ScalarOperator>
                                                            <Identifier>
                                                              <ColumnReference Column="Bitmap1018" />
                                                            </Identifier>
                                                          </ScalarOperator>
                                                          <ScalarOperator>
                                                            <Identifier>
                                                              <ColumnReference Database="[Star_Schema_Benchmark]" Schema="[dbo]" Table="[LineOrder]" Column="LO_CustKey" />
                                                            </Identifier>
                                                          </ScalarOperator>
                                                        </Intrinsic>
                                                      </ScalarOperator>
                                                    </Predicate>
                                                    <RelOp AvgRowSize="42" EstimateCPU="137.614" EstimateIO="0" EstimateRebinds="0" EstimateRewinds="0" EstimateRows="491756" LogicalOp="Inner Join" NodeId="16" Parallel="true" PhysicalOp="Hash Match" EstimatedTotalSubtreeCost="1054.64">
                                                      <OutputList>
                                                        <ColumnReference Database="[Star_Schema_Benchmark]" Schema="[dbo]" Table="[LineOrder]" Column="LO_CustKey" />
                                                        <ColumnReference Database="[Star_Schema_Benchmark]" Schema="[dbo]" Table="[LineOrder]" Column="LO_OrderDateKey" />
                                                        <ColumnReference Database="[Star_Schema_Benchmark]" Schema="[dbo]" Table="[LineOrder]" Column="LO_Revenue" />
                                                        <ColumnReference Database="[Star_Schema_Benchmark]" Schema="[dbo]" Table="[Supplier]" Column="S_City" />
                                                      </OutputList>
                                                      <MemoryFractions Input="0.429806" Output="0.426124" />
                                                      <RunTimeInformation>
                                                        <RunTimeCountersPerThread Thread="2" ActualRows="101709" ActualEndOfScans="1" ActualExecutions="1" />
                                                        <RunTimeCountersPerThread Thread="3" ActualRows="150174" ActualEndOfScans="1" ActualExecutions="1" />
                                                        <RunTimeCountersPerThread Thread="1" ActualRows="135104" ActualEndOfScans="1" ActualExecutions="1" />
                                                        <RunTimeCountersPerThread Thread="4" ActualRows="105346" ActualEndOfScans="1" ActualExecutions="1" />
                                                        <RunTimeCountersPerThread Thread="0" ActualRows="0" ActualEndOfScans="0" ActualExecutions="0" />
                                                      </RunTimeInformation>
                                                      <Hash>
                                                        <DefinedValues />
                                                        <HashKeysBuild>
                                                          <ColumnReference Database="[Star_Schema_Benchmark]" Schema="[dbo]" Table="[Supplier]" Column="S_SuppKey" />
                                                        </HashKeysBuild>
                                                        <HashKeysProbe>
                                                          <ColumnReference Database="[Star_Schema_Benchmark]" Schema="[dbo]" Table="[LineOrder]" Column="LO_SuppKey" />
                                                        </HashKeysProbe>
                                                        <RelOp AvgRowSize="21" EstimateCPU="0.0287927" EstimateIO="0" EstimateRebinds="0" EstimateRewinds="0" EstimateRows="164" LogicalOp="Bitmap Create" NodeId="17" Parallel="true" PhysicalOp="Bitmap" EstimatedTotalSubtreeCost="0.251796">
                                                          <OutputList>
                                                            <ColumnReference Database="[Star_Schema_Benchmark]" Schema="[dbo]" Table="[Supplier]" Column="S_SuppKey" />
                                                            <ColumnReference Database="[Star_Schema_Benchmark]" Schema="[dbo]" Table="[Supplier]" Column="S_City" />
                                                          </OutputList>
                                                          <RunTimeInformation>
                                                            <RunTimeCountersPerThread Thread="1" ActualRows="45" ActualEndOfScans="1" ActualExecutions="1" />
                                                            <RunTimeCountersPerThread Thread="2" ActualRows="34" ActualEndOfScans="1" ActualExecutions="1" />
                                                            <RunTimeCountersPerThread Thread="4" ActualRows="35" ActualEndOfScans="1" ActualExecutions="1" />
                                                            <RunTimeCountersPerThread Thread="3" ActualRows="50" ActualEndOfScans="1" ActualExecutions="1" />
                                                            <RunTimeCountersPerThread Thread="0" ActualRows="0" ActualEndOfScans="0" ActualExecutions="0" />
                                                          </RunTimeInformation>
                                                          <Bitmap>
                                                            <DefinedValues>
                                                              <DefinedValue>
                                                                <ColumnReference Column="Bitmap1017" />
                                                              </DefinedValue>
                                                            </DefinedValues>
                                                            <HashKeys>
                                                              <ColumnReference Database="[Star_Schema_Benchmark]" Schema="[dbo]" Table="[Supplier]" Column="S_SuppKey" />
                                                            </HashKeys>
                                                            <RelOp AvgRowSize="21" EstimateCPU="0.0287927" EstimateIO="0" EstimateRebinds="0" EstimateRewinds="0" EstimateRows="164" LogicalOp="Repartition Streams" NodeId="18" Parallel="true" PhysicalOp="Parallelism" EstimatedTotalSubtreeCost="0.251796">
                                                              <OutputList>
                                                                <ColumnReference Database="[Star_Schema_Benchmark]" Schema="[dbo]" Table="[Supplier]" Column="S_SuppKey" />
                                                                <ColumnReference Database="[Star_Schema_Benchmark]" Schema="[dbo]" Table="[Supplier]" Column="S_City" />
                                                              </OutputList>
                                                              <RunTimeInformation>
                                                                <RunTimeCountersPerThread Thread="2" ActualRows="34" ActualEndOfScans="1" ActualExecutions="1" />
                                                                <RunTimeCountersPerThread Thread="4" ActualRows="35" ActualEndOfScans="1" ActualExecutions="1" />
                                                                <RunTimeCountersPerThread Thread="1" ActualRows="45" ActualEndOfScans="1" ActualExecutions="1" />
                                                                <RunTimeCountersPerThread Thread="3" ActualRows="50" ActualEndOfScans="1" ActualExecutions="1" />
                                                                <RunTimeCountersPerThread Thread="0" ActualRows="0" ActualEndOfScans="0" ActualExecutions="0" />
                                                              </RunTimeInformation>
                                                              <Parallelism PartitioningType="Hash">
                                                                <PartitionColumns>
                                                                  <ColumnReference Database="[Star_Schema_Benchmark]" Schema="[dbo]" Table="[Supplier]" Column="S_SuppKey" />
                                                                </PartitionColumns>
                                                                <RelOp AvgRowSize="21" EstimateCPU="0.0110785" EstimateIO="0.203125" EstimateRebinds="0" EstimateRewinds="0" EstimateRows="164" LogicalOp="Clustered Index Scan" NodeId="19" Parallel="true" PhysicalOp="Clustered Index Scan" EstimatedTotalSubtreeCost="0.214203" TableCardinality="20000">
                                                                  <OutputList>
                                                                    <ColumnReference Database="[Star_Schema_Benchmark]" Schema="[dbo]" Table="[Supplier]" Column="S_SuppKey" />
                                                                    <ColumnReference Database="[Star_Schema_Benchmark]" Schema="[dbo]" Table="[Supplier]" Column="S_City" />
                                                                  </OutputList>
                                                                  <RunTimeInformation>
                                                                    <RunTimeCountersPerThread Thread="1" ActualRows="43" ActualEndOfScans="1" ActualExecutions="1" />
                                                                    <RunTimeCountersPerThread Thread="4" ActualRows="36" ActualEndOfScans="1" ActualExecutions="1" />
                                                                    <RunTimeCountersPerThread Thread="3" ActualRows="46" ActualEndOfScans="1" ActualExecutions="1" />
                                                                    <RunTimeCountersPerThread Thread="2" ActualRows="39" ActualEndOfScans="1" ActualExecutions="1" />
                                                                    <RunTimeCountersPerThread Thread="0" ActualRows="0" ActualEndOfScans="0" ActualExecutions="0" />
                                                                  </RunTimeInformation>
                                                                  <IndexScan Ordered="false" ForcedIndex="false" NoExpandHint="false">
                                                                    <DefinedValues>
                                                                      <DefinedValue>
                                                                        <ColumnReference Database="[Star_Schema_Benchmark]" Schema="[dbo]" Table="[Supplier]" Column="S_SuppKey" />
                                                                      </DefinedValue>
                                                                      <DefinedValue>
                                                                        <ColumnReference Database="[Star_Schema_Benchmark]" Schema="[dbo]" Table="[Supplier]" Column="S_City" />
                                                                      </DefinedValue>
                                                                    </DefinedValues>
                                                                    <Object Database="[Star_Schema_Benchmark]" Schema="[dbo]" Table="[Supplier]" Index="[PK_Supplier]" IndexKind="Clustered" />
                                                                    <Predicate>
                                                                      <ScalarOperator ScalarString="[Star_Schema_Benchmark].[dbo].[Supplier].[S_City]='UNITED KI1' OR [Star_Schema_Benchmark].[dbo].[Supplier].[S_City]='UNITED KI5'">
                                                                        <Logical Operation="OR">
                                                                          <ScalarOperator>
                                                                            <Compare CompareOp="EQ">
                                                                              <ScalarOperator>
                                                                                <Identifier>
                                                                                  <ColumnReference Database="[Star_Schema_Benchmark]" Schema="[dbo]" Table="[Supplier]" Column="S_City" />
                                                                                </Identifier>
                                                                              </ScalarOperator>
                                                                              <ScalarOperator>
                                                                                <Const ConstValue="'UNITED KI1'" />
                                                                              </ScalarOperator>
                                                                            </Compare>
                                                                          </ScalarOperator>
                                                                          <ScalarOperator>
                                                                            <Compare CompareOp="EQ">
                                                                              <ScalarOperator>
                                                                                <Identifier>
                                                                                  <ColumnReference Database="[Star_Schema_Benchmark]" Schema="[dbo]" Table="[Supplier]" Column="S_City" />
                                                                                </Identifier>
                                                                              </ScalarOperator>
                                                                              <ScalarOperator>
                                                                                <Const ConstValue="'UNITED KI5'" />
                                                                              </ScalarOperator>
                                                                            </Compare>
                                                                          </ScalarOperator>
                                                                        </Logical>
                                                                      </ScalarOperator>
                                                                    </Predicate>
                                                                  </IndexScan>
                                                                </RelOp>
                                                              </Parallelism>
                                                            </RelOp>
                                                          </Bitmap>
                                                        </RelOp>
                                                        <RelOp AvgRowSize="36" EstimateCPU="167.098" EstimateIO="0" EstimateRebinds="0" EstimateRewinds="0" EstimateRows="59986200" LogicalOp="Repartition Streams" NodeId="20" Parallel="true" PhysicalOp="Parallelism" EstimatedTotalSubtreeCost="916.774">
                                                          <OutputList>
                                                            <ColumnReference Database="[Star_Schema_Benchmark]" Schema="[dbo]" Table="[LineOrder]" Column="LO_CustKey" />
                                                            <ColumnReference Database="[Star_Schema_Benchmark]" Schema="[dbo]" Table="[LineOrder]" Column="LO_SuppKey" />
                                                            <ColumnReference Database="[Star_Schema_Benchmark]" Schema="[dbo]" Table="[LineOrder]" Column="LO_OrderDateKey" />
                                                            <ColumnReference Database="[Star_Schema_Benchmark]" Schema="[dbo]" Table="[LineOrder]" Column="LO_Revenue" />
                                                          </OutputList>
                                                          <RunTimeInformation>
                                                            <RunTimeCountersPerThread Thread="1" ActualRows="135104" ActualEndOfScans="1" ActualExecutions="1" />
                                                            <RunTimeCountersPerThread Thread="2" ActualRows="101711" ActualEndOfScans="1" ActualExecutions="1" />
                                                            <RunTimeCountersPerThread Thread="4" ActualRows="105348" ActualEndOfScans="1" ActualExecutions="1" />
                                                            <RunTimeCountersPerThread Thread="3" ActualRows="150174" ActualEndOfScans="1" ActualExecutions="1" />
                                                            <RunTimeCountersPerThread Thread="0" ActualRows="0" ActualEndOfScans="0" ActualExecutions="0" />
                                                          </RunTimeInformation>
                                                          <Parallelism PartitioningType="Hash">
                                                            <PartitionColumns>
                                                              <ColumnReference Database="[Star_Schema_Benchmark]" Schema="[dbo]" Table="[LineOrder]" Column="LO_SuppKey" />
                                                            </PartitionColumns>
                                                            <RelOp AvgRowSize="36" EstimateCPU="32.9925" EstimateIO="716.684" EstimateRebinds="0" EstimateRewinds="0" EstimateRows="59986200" LogicalOp="Clustered Index Scan" NodeId="21" Parallel="true" PhysicalOp="Clustered Index Scan" EstimatedTotalSubtreeCost="749.676" TableCardinality="59986200">
                                                              <OutputList>
                                                                <ColumnReference Database="[Star_Schema_Benchmark]" Schema="[dbo]" Table="[LineOrder]" Column="LO_CustKey" />
                                                                <ColumnReference Database="[Star_Schema_Benchmark]" Schema="[dbo]" Table="[LineOrder]" Column="LO_SuppKey" />
                                                                <ColumnReference Database="[Star_Schema_Benchmark]" Schema="[dbo]" Table="[LineOrder]" Column="LO_OrderDateKey" />
                                                                <ColumnReference Database="[Star_Schema_Benchmark]" Schema="[dbo]" Table="[LineOrder]" Column="LO_Revenue" />
                                                              </OutputList>
                                                              <RunTimeInformation>
                                                                <RunTimeCountersPerThread Thread="4" ActualRows="139922" ActualEndOfScans="1" ActualExecutions="1" />
                                                                <RunTimeCountersPerThread Thread="1" ActualRows="77305" ActualEndOfScans="1" ActualExecutions="1" />
                                                                <RunTimeCountersPerThread Thread="2" ActualRows="140398" ActualEndOfScans="1" ActualExecutions="1" />
                                                                <RunTimeCountersPerThread Thread="3" ActualRows="134712" ActualEndOfScans="1" ActualExecutions="1" />
                                                                <RunTimeCountersPerThread Thread="0" ActualRows="0" ActualEndOfScans="0" ActualExecutions="0" />
                                                              </RunTimeInformation>
                                                              <IndexScan Ordered="false" ForcedIndex="false" NoExpandHint="false">
                                                                <DefinedValues>
                                                                  <DefinedValue>
                                                                    <ColumnReference Database="[Star_Schema_Benchmark]" Schema="[dbo]" Table="[LineOrder]" Column="LO_CustKey" />
                                                                  </DefinedValue>
                                                                  <DefinedValue>
                                                                    <ColumnReference Database="[Star_Schema_Benchmark]" Schema="[dbo]" Table="[LineOrder]" Column="LO_SuppKey" />
                                                                  </DefinedValue>
                                                                  <DefinedValue>
                                                                    <ColumnReference Database="[Star_Schema_Benchmark]" Schema="[dbo]" Table="[LineOrder]" Column="LO_OrderDateKey" />
                                                                  </DefinedValue>
                                                                  <DefinedValue>
                                                                    <ColumnReference Database="[Star_Schema_Benchmark]" Schema="[dbo]" Table="[LineOrder]" Column="LO_Revenue" />
                                                                  </DefinedValue>
                                                                </DefinedValues>
                                                                <Object Database="[Star_Schema_Benchmark]" Schema="[dbo]" Table="[LineOrder]" Index="[PK_LineOrder]" IndexKind="Clustered" />
                                                                <Predicate>
                                                                  <ScalarOperator ScalarString="PROBE([Bitmap1017],[Star_Schema_Benchmark].[dbo].[LineOrder].[LO_SuppKey],N'[IN ROW]')">
                                                                    <Intrinsic FunctionName="PROBE">
                                                                      <ScalarOperator>
                                                                        <Identifier>
                                                                          <ColumnReference Column="Bitmap1017" />
                                                                        </Identifier>
                                                                      </ScalarOperator>
                                                                      <ScalarOperator>
                                                                        <Identifier>
                                                                          <ColumnReference Database="[Star_Schema_Benchmark]" Schema="[dbo]" Table="[LineOrder]" Column="LO_SuppKey" />
                                                                        </Identifier>
                                                                      </ScalarOperator>
                                                                      <ScalarOperator>
                                                                        <Const ConstValue="N'[IN ROW]'" />
                                                                      </ScalarOperator>
                                                                    </Intrinsic>
                                                                  </ScalarOperator>
                                                                </Predicate>
                                                              </IndexScan>
                                                            </RelOp>
                                                          </Parallelism>
                                                        </RelOp>
                                                      </Hash>
                                                    </RelOp>
                                                  </Parallelism>
                                                </RelOp>
                                              </Hash>
                                            </RelOp>
                                          </Parallelism>
                                        </RelOp>
                                      </Hash>
                                    </RelOp>
                                  </Hash>
                                </RelOp>
                              </Parallelism>
                            </RelOp>
                          </Sort>
                        </RelOp>
                      </StreamAggregate>
                    </RelOp>
                  </ComputeScalar>
                </RelOp>
              </Sort>
            </RelOp>
          </QueryPlan>
        </StmtSimple>
      </Statements>
    </Batch>
    <Batch>
      <Statements>
        <StmtSimple StatementCompId="10" StatementEstRows="27.3712" StatementId="10" StatementOptmLevel="FULL" StatementSubTreeCost="954.842" StatementText="select c_city, s_city, d_year, sum(lo_revenue)&#xD;&#xA;as  revenue&#xD;&#xA;from customer, lineorder, supplier, [date]&#xD;&#xA;where lo_custkey = c_customerkey&#xD;&#xA;and lo_suppkey = s_suppkey&#xD;&#xA;and lo_orderdatekey = d_datekey&#xD;&#xA;and  (c_city='UNITED KI1'&#xD;&#xA;or c_city='UNITED KI5')&#xD;&#xA;and (s_city='UNITED KI1'&#xD;&#xA;or s_city='UNITED KI5')&#xD;&#xA;and d_yearmonth = 'Dec1997'&#xD;&#xA;group by c_city, s_city, d_year&#xD;&#xA;order by d_year asc,  revenue desc;&#xD;&#xA;&#xD;&#xA;--Q4.1&#xD;" StatementType="SELECT" QueryHash="0x04DA4C93DC486CB6" QueryPlanHash="0x9AAFBA62EA6A92FE">
          <StatementSetOptions ANSI_NULLS="true" ANSI_PADDING="true" ANSI_WARNINGS="true" ARITHABORT="true" CONCAT_NULL_YIELDS_NULL="true" NUMERIC_ROUNDABORT="false" QUOTED_IDENTIFIER="true" />
          <QueryPlan DegreeOfParallelism="4" MemoryGrant="15680" CachedPlanSize="120" CompileTime="55" CompileCPU="55" CompileMemory="1664">
            <MissingIndexes>
              <MissingIndexGroup Impact="98.8505">
                <MissingIndex Database="[Star_Schema_Benchmark]" Schema="[dbo]" Table="[LineOrder]">
                  <ColumnGroup Usage="EQUALITY">
                    <Column Name="[LO_OrderDateKey]" ColumnId="6" />
                  </ColumnGroup>
                  <ColumnGroup Usage="INCLUDE">
                    <Column Name="[LO_CustKey]" ColumnId="3" />
                    <Column Name="[LO_SuppKey]" ColumnId="5" />
                    <Column Name="[LO_Revenue]" ColumnId="13" />
                  </ColumnGroup>
                </MissingIndex>
              </MissingIndexGroup>
            </MissingIndexes>
            <RelOp AvgRowSize="46" EstimateCPU="0.000303916" EstimateIO="0.0112613" EstimateRebinds="0" EstimateRewinds="0" EstimateRows="27.3712" LogicalOp="Sort" NodeId="0" Parallel="false" PhysicalOp="Sort" EstimatedTotalSubtreeCost="954.842">
              <OutputList>
                <ColumnReference Database="[Star_Schema_Benchmark]" Schema="[dbo]" Table="[Customer]" Column="C_City" />
                <ColumnReference Database="[Star_Schema_Benchmark]" Schema="[dbo]" Table="[Supplier]" Column="S_City" />
                <ColumnReference Database="[Star_Schema_Benchmark]" Schema="[dbo]" Table="[Date]" Column="D_Year" />
                <ColumnReference Column="Expr1012" />
              </OutputList>
              <MemoryFractions Input="0.5" Output="1" />
              <RunTimeInformation>
                <RunTimeCountersPerThread Thread="0" ActualRebinds="1" ActualRewinds="0" ActualRows="4" ActualEndOfScans="1" ActualExecutions="1" />
              </RunTimeInformation>
              <Sort Distinct="false">
                <OrderBy>
                  <OrderByColumn Ascending="true">
                    <ColumnReference Database="[Star_Schema_Benchmark]" Schema="[dbo]" Table="[Date]" Column="D_Year" />
                  </OrderByColumn>
                  <OrderByColumn Ascending="false">
                    <ColumnReference Column="Expr1012" />
                  </OrderByColumn>
                </OrderBy>
                <RelOp AvgRowSize="46" EstimateCPU="0.000133314" EstimateIO="0" EstimateRebinds="0" EstimateRewinds="0" EstimateRows="27.3712" LogicalOp="Compute Scalar" NodeId="1" Parallel="false" PhysicalOp="Compute Scalar" EstimatedTotalSubtreeCost="954.831">
                  <OutputList>
                    <ColumnReference Database="[Star_Schema_Benchmark]" Schema="[dbo]" Table="[Customer]" Column="C_City" />
                    <ColumnReference Database="[Star_Schema_Benchmark]" Schema="[dbo]" Table="[Supplier]" Column="S_City" />
                    <ColumnReference Database="[Star_Schema_Benchmark]" Schema="[dbo]" Table="[Date]" Column="D_Year" />
                    <ColumnReference Column="Expr1012" />
                  </OutputList>
                  <ComputeScalar>
                    <DefinedValues>
                      <DefinedValue>
                        <ColumnReference Column="Expr1012" />
                        <ScalarOperator ScalarString="CASE WHEN [Expr1020]=(0) THEN NULL ELSE [Expr1021] END">
                          <IF>
                            <Condition>
                              <ScalarOperator>
                                <Compare CompareOp="EQ">
                                  <ScalarOperator>
                                    <Identifier>
                                      <ColumnReference Column="Expr1020" />
                                    </Identifier>
                                  </ScalarOperator>
                                  <ScalarOperator>
                                    <Const ConstValue="(0)" />
                                  </ScalarOperator>
                                </Compare>
                              </ScalarOperator>
                            </Condition>
                            <Then>
                              <ScalarOperator>
                                <Const ConstValue="NULL" />
                              </ScalarOperator>
                            </Then>
                            <Else>
                              <ScalarOperator>
                                <Identifier>
                                  <ColumnReference Column="Expr1021" />
                                </Identifier>
                              </ScalarOperator>
                            </Else>
                          </IF>
                        </ScalarOperator>
                      </DefinedValue>
                    </DefinedValues>
                    <RelOp AvgRowSize="46" EstimateCPU="0.000133314" EstimateIO="0" EstimateRebinds="0" EstimateRewinds="0" EstimateRows="27.3712" LogicalOp="Aggregate" NodeId="2" Parallel="false" PhysicalOp="Stream Aggregate" EstimatedTotalSubtreeCost="954.831">
                      <OutputList>
                        <ColumnReference Database="[Star_Schema_Benchmark]" Schema="[dbo]" Table="[Customer]" Column="C_City" />
                        <ColumnReference Database="[Star_Schema_Benchmark]" Schema="[dbo]" Table="[Supplier]" Column="S_City" />
                        <ColumnReference Database="[Star_Schema_Benchmark]" Schema="[dbo]" Table="[Date]" Column="D_Year" />
                        <ColumnReference Column="Expr1020" />
                        <ColumnReference Column="Expr1021" />
                      </OutputList>
                      <RunTimeInformation>
                        <RunTimeCountersPerThread Thread="0" ActualRows="4" ActualEndOfScans="1" ActualExecutions="1" />
                      </RunTimeInformation>
                      <StreamAggregate>
                        <DefinedValues>
                          <DefinedValue>
                            <ColumnReference Column="Expr1020" />
                            <ScalarOperator ScalarString="COUNT_BIG([Star_Schema_Benchmark].[dbo].[LineOrder].[LO_Revenue])">
                              <Aggregate AggType="COUNT_BIG" Distinct="false">
                                <ScalarOperator>
                                  <Identifier>
                                    <ColumnReference Database="[Star_Schema_Benchmark]" Schema="[dbo]" Table="[LineOrder]" Column="LO_Revenue" />
                                  </Identifier>
                                </ScalarOperator>
                              </Aggregate>
                            </ScalarOperator>
                          </DefinedValue>
                          <DefinedValue>
                            <ColumnReference Column="Expr1021" />
                            <ScalarOperator ScalarString="SUM([Star_Schema_Benchmark].[dbo].[LineOrder].[LO_Revenue])">
                              <Aggregate AggType="SUM" Distinct="false">
                                <ScalarOperator>
                                  <Identifier>
                                    <ColumnReference Database="[Star_Schema_Benchmark]" Schema="[dbo]" Table="[LineOrder]" Column="LO_Revenue" />
                                  </Identifier>
                                </ScalarOperator>
                              </Aggregate>
                            </ScalarOperator>
                          </DefinedValue>
                        </DefinedValues>
                        <GroupBy>
                          <ColumnReference Database="[Star_Schema_Benchmark]" Schema="[dbo]" Table="[Customer]" Column="C_City" />
                          <ColumnReference Database="[Star_Schema_Benchmark]" Schema="[dbo]" Table="[Supplier]" Column="S_City" />
                          <ColumnReference Database="[Star_Schema_Benchmark]" Schema="[dbo]" Table="[Date]" Column="D_Year" />
                        </GroupBy>
                        <RelOp AvgRowSize="38" EstimateCPU="0.00247615" EstimateIO="0.0112613" EstimateRebinds="0" EstimateRewinds="0" EstimateRows="199.381" LogicalOp="Sort" NodeId="3" Parallel="false" PhysicalOp="Sort" EstimatedTotalSubtreeCost="954.83">
                          <OutputList>
                            <ColumnReference Database="[Star_Schema_Benchmark]" Schema="[dbo]" Table="[Customer]" Column="C_City" />
                            <ColumnReference Database="[Star_Schema_Benchmark]" Schema="[dbo]" Table="[LineOrder]" Column="LO_Revenue" />
                            <ColumnReference Database="[Star_Schema_Benchmark]" Schema="[dbo]" Table="[Supplier]" Column="S_City" />
                            <ColumnReference Database="[Star_Schema_Benchmark]" Schema="[dbo]" Table="[Date]" Column="D_Year" />
                          </OutputList>
                          <MemoryFractions Input="0.0238095" Output="0.5" />
                          <RunTimeInformation>
                            <RunTimeCountersPerThread Thread="0" ActualRebinds="1" ActualRewinds="0" ActualRows="55" ActualEndOfScans="1" ActualExecutions="1" />
                          </RunTimeInformation>
                          <Sort Distinct="false">
                            <OrderBy>
                              <OrderByColumn Ascending="true">
                                <ColumnReference Database="[Star_Schema_Benchmark]" Schema="[dbo]" Table="[Customer]" Column="C_City" />
                              </OrderByColumn>
                              <OrderByColumn Ascending="true">
                                <ColumnReference Database="[Star_Schema_Benchmark]" Schema="[dbo]" Table="[Supplier]" Column="S_City" />
                              </OrderByColumn>
                              <OrderByColumn Ascending="true">
                                <ColumnReference Database="[Star_Schema_Benchmark]" Schema="[dbo]" Table="[Date]" Column="D_Year" />
                              </OrderByColumn>
                            </OrderBy>
                            <RelOp AvgRowSize="38" EstimateCPU="0.0290169" EstimateIO="0" EstimateRebinds="0" EstimateRewinds="0" EstimateRows="199.381" LogicalOp="Gather Streams" NodeId="4" Parallel="true" PhysicalOp="Parallelism" EstimatedTotalSubtreeCost="954.817">
                              <OutputList>
                                <ColumnReference Database="[Star_Schema_Benchmark]" Schema="[dbo]" Table="[Customer]" Column="C_City" />
                                <ColumnReference Database="[Star_Schema_Benchmark]" Schema="[dbo]" Table="[LineOrder]" Column="LO_Revenue" />
                                <ColumnReference Database="[Star_Schema_Benchmark]" Schema="[dbo]" Table="[Supplier]" Column="S_City" />
                                <ColumnReference Database="[Star_Schema_Benchmark]" Schema="[dbo]" Table="[Date]" Column="D_Year" />
                              </OutputList>
                              <RunTimeInformation>
                                <RunTimeCountersPerThread Thread="0" ActualRows="55" ActualEndOfScans="1" ActualExecutions="1" />
                              </RunTimeInformation>
                              <Parallelism>
                                <RelOp AvgRowSize="38" EstimateCPU="0.0639893" EstimateIO="0" EstimateRebinds="0" EstimateRewinds="0" EstimateRows="199.381" LogicalOp="Inner Join" NodeId="5" Parallel="true" PhysicalOp="Hash Match" EstimatedTotalSubtreeCost="954.788">
                                  <OutputList>
                                    <ColumnReference Database="[Star_Schema_Benchmark]" Schema="[dbo]" Table="[Customer]" Column="C_City" />
                                    <ColumnReference Database="[Star_Schema_Benchmark]" Schema="[dbo]" Table="[LineOrder]" Column="LO_Revenue" />
                                    <ColumnReference Database="[Star_Schema_Benchmark]" Schema="[dbo]" Table="[Supplier]" Column="S_City" />
                                    <ColumnReference Database="[Star_Schema_Benchmark]" Schema="[dbo]" Table="[Date]" Column="D_Year" />
                                  </OutputList>
                                  <MemoryFractions Input="0.256098" Output="0.25" />
                                  <RunTimeInformation>
                                    <RunTimeCountersPerThread Thread="3" ActualRows="12" ActualEndOfScans="1" ActualExecutions="1" />
                                    <RunTimeCountersPerThread Thread="1" ActualRows="15" ActualEndOfScans="1" ActualExecutions="1" />
                                    <RunTimeCountersPerThread Thread="2" ActualRows="10" ActualEndOfScans="1" ActualExecutions="1" />
                                    <RunTimeCountersPerThread Thread="4" ActualRows="18" ActualEndOfScans="1" ActualExecutions="1" />
                                    <RunTimeCountersPerThread Thread="0" ActualRows="0" ActualEndOfScans="0" ActualExecutions="0" />
                                  </RunTimeInformation>
                                  <Hash>
                                    <DefinedValues />
                                    <HashKeysBuild>
                                      <ColumnReference Database="[Star_Schema_Benchmark]" Schema="[dbo]" Table="[Customer]" Column="C_CustomerKey" />
                                    </HashKeysBuild>
                                    <HashKeysProbe>
                                      <ColumnReference Database="[Star_Schema_Benchmark]" Schema="[dbo]" Table="[LineOrder]" Column="LO_CustKey" />
                                    </HashKeysProbe>
                                    <ProbeResidual>
                                      <ScalarOperator ScalarString="[Star_Schema_Benchmark].[dbo].[LineOrder].[LO_CustKey]=[Star_Schema_Benchmark].[dbo].[Customer].[C_CustomerKey]">
                                        <Compare CompareOp="EQ">
                                          <ScalarOperator>
                                            <Identifier>
                                              <ColumnReference Database="[Star_Schema_Benchmark]" Schema="[dbo]" Table="[LineOrder]" Column="LO_CustKey" />
                                            </Identifier>
                                          </ScalarOperator>
                                          <ScalarOperator>
                                            <Identifier>
                                              <ColumnReference Database="[Star_Schema_Benchmark]" Schema="[dbo]" Table="[Customer]" Column="C_CustomerKey" />
                                            </Identifier>
                                          </ScalarOperator>
                                        </Compare>
                                      </ScalarOperator>
                                    </ProbeResidual>
                                    <RelOp AvgRowSize="25" EstimateCPU="0.033162" EstimateIO="0" EstimateRebinds="0" EstimateRewinds="0" EstimateRows="2306.07" LogicalOp="Bitmap Create" NodeId="6" Parallel="true" PhysicalOp="Bitmap" EstimatedTotalSubtreeCost="3.59707">
                                      <OutputList>
                                        <ColumnReference Database="[Star_Schema_Benchmark]" Schema="[dbo]" Table="[Customer]" Column="C_CustomerKey" />
                                        <ColumnReference Database="[Star_Schema_Benchmark]" Schema="[dbo]" Table="[Customer]" Column="C_City" />
                                      </OutputList>
                                      <RunTimeInformation>
                                        <RunTimeCountersPerThread Thread="4" ActualRows="577" ActualEndOfScans="1" ActualExecutions="1" />
                                        <RunTimeCountersPerThread Thread="3" ActualRows="605" ActualEndOfScans="1" ActualExecutions="1" />
                                        <RunTimeCountersPerThread Thread="2" ActualRows="599" ActualEndOfScans="1" ActualExecutions="1" />
                                        <RunTimeCountersPerThread Thread="1" ActualRows="589" ActualEndOfScans="1" ActualExecutions="1" />
                                        <RunTimeCountersPerThread Thread="0" ActualRows="0" ActualEndOfScans="0" ActualExecutions="0" />
                                      </RunTimeInformation>
                                      <Bitmap>
                                        <DefinedValues>
                                          <DefinedValue>
                                            <ColumnReference Column="Bitmap1019" />
                                          </DefinedValue>
                                        </DefinedValues>
                                        <HashKeys>
                                          <ColumnReference Database="[Star_Schema_Benchmark]" Schema="[dbo]" Table="[Customer]" Column="C_CustomerKey" />
                                        </HashKeys>
                                        <RelOp AvgRowSize="25" EstimateCPU="0.033162" EstimateIO="0" EstimateRebinds="0" EstimateRewinds="0" EstimateRows="2306.07" LogicalOp="Repartition Streams" NodeId="7" Parallel="true" PhysicalOp="Parallelism" EstimatedTotalSubtreeCost="3.59707">
                                          <OutputList>
                                            <ColumnReference Database="[Star_Schema_Benchmark]" Schema="[dbo]" Table="[Customer]" Column="C_CustomerKey" />
                                            <ColumnReference Database="[Star_Schema_Benchmark]" Schema="[dbo]" Table="[Customer]" Column="C_City" />
                                          </OutputList>
                                          <RunTimeInformation>
                                            <RunTimeCountersPerThread Thread="4" ActualRows="577" ActualEndOfScans="1" ActualExecutions="1" />
                                            <RunTimeCountersPerThread Thread="3" ActualRows="605" ActualEndOfScans="1" ActualExecutions="1" />
                                            <RunTimeCountersPerThread Thread="2" ActualRows="599" ActualEndOfScans="1" ActualExecutions="1" />
                                            <RunTimeCountersPerThread Thread="1" ActualRows="589" ActualEndOfScans="1" ActualExecutions="1" />
                                            <RunTimeCountersPerThread Thread="0" ActualRows="0" ActualEndOfScans="0" ActualExecutions="0" />
                                          </RunTimeInformation>
                                          <Parallelism PartitioningType="Hash">
                                            <PartitionColumns>
                                              <ColumnReference Database="[Star_Schema_Benchmark]" Schema="[dbo]" Table="[Customer]" Column="C_CustomerKey" />
                                            </PartitionColumns>
                                            <RelOp AvgRowSize="25" EstimateCPU="0.165079" EstimateIO="3.26683" EstimateRebinds="0" EstimateRewinds="0" EstimateRows="2306.07" LogicalOp="Clustered Index Scan" NodeId="8" Parallel="true" PhysicalOp="Clustered Index Scan" EstimatedTotalSubtreeCost="3.43191" TableCardinality="300000">
                                              <OutputList>
                                                <ColumnReference Database="[Star_Schema_Benchmark]" Schema="[dbo]" Table="[Customer]" Column="C_CustomerKey" />
                                                <ColumnReference Database="[Star_Schema_Benchmark]" Schema="[dbo]" Table="[Customer]" Column="C_City" />
                                              </OutputList>
                                              <RunTimeInformation>
                                                <RunTimeCountersPerThread Thread="1" ActualRows="575" ActualEndOfScans="1" ActualExecutions="1" />
                                                <RunTimeCountersPerThread Thread="4" ActualRows="578" ActualEndOfScans="1" ActualExecutions="1" />
                                                <RunTimeCountersPerThread Thread="3" ActualRows="624" ActualEndOfScans="1" ActualExecutions="1" />
                                                <RunTimeCountersPerThread Thread="2" ActualRows="593" ActualEndOfScans="1" ActualExecutions="1" />
                                                <RunTimeCountersPerThread Thread="0" ActualRows="0" ActualEndOfScans="0" ActualExecutions="0" />
                                              </RunTimeInformation>
                                              <IndexScan Ordered="false" ForcedIndex="false" NoExpandHint="false">
                                                <DefinedValues>
                                                  <DefinedValue>
                                                    <ColumnReference Database="[Star_Schema_Benchmark]" Schema="[dbo]" Table="[Customer]" Column="C_CustomerKey" />
                                                  </DefinedValue>
                                                  <DefinedValue>
                                                    <ColumnReference Database="[Star_Schema_Benchmark]" Schema="[dbo]" Table="[Customer]" Column="C_City" />
                                                  </DefinedValue>
                                                </DefinedValues>
                                                <Object Database="[Star_Schema_Benchmark]" Schema="[dbo]" Table="[Customer]" Index="[PK_Customer]" IndexKind="Clustered" />
                                                <Predicate>
                                                  <ScalarOperator ScalarString="[Star_Schema_Benchmark].[dbo].[Customer].[C_City]='UNITED KI1' OR [Star_Schema_Benchmark].[dbo].[Customer].[C_City]='UNITED KI5'">
                                                    <Logical Operation="OR">
                                                      <ScalarOperator>
                                                        <Compare CompareOp="EQ">
                                                          <ScalarOperator>
                                                            <Identifier>
                                                              <ColumnReference Database="[Star_Schema_Benchmark]" Schema="[dbo]" Table="[Customer]" Column="C_City" />
                                                            </Identifier>
                                                          </ScalarOperator>
                                                          <ScalarOperator>
                                                            <Const ConstValue="'UNITED KI1'" />
                                                          </ScalarOperator>
                                                        </Compare>
                                                      </ScalarOperator>
                                                      <ScalarOperator>
                                                        <Compare CompareOp="EQ">
                                                          <ScalarOperator>
                                                            <Identifier>
                                                              <ColumnReference Database="[Star_Schema_Benchmark]" Schema="[dbo]" Table="[Customer]" Column="C_City" />
                                                            </Identifier>
                                                          </ScalarOperator>
                                                          <ScalarOperator>
                                                            <Const ConstValue="'UNITED KI5'" />
                                                          </ScalarOperator>
                                                        </Compare>
                                                      </ScalarOperator>
                                                    </Logical>
                                                  </ScalarOperator>
                                                </Predicate>
                                              </IndexScan>
                                            </RelOp>
                                          </Parallelism>
                                        </RelOp>
                                      </Bitmap>
                                    </RelOp>
                                    <RelOp AvgRowSize="36" EstimateCPU="0.0467435" EstimateIO="0" EstimateRebinds="0" EstimateRewinds="0" EstimateRows="6325.5" LogicalOp="Repartition Streams" NodeId="9" Parallel="true" PhysicalOp="Parallelism" EstimatedTotalSubtreeCost="951.127">
                                      <OutputList>
                                        <ColumnReference Database="[Star_Schema_Benchmark]" Schema="[dbo]" Table="[LineOrder]" Column="LO_CustKey" />
                                        <ColumnReference Database="[Star_Schema_Benchmark]" Schema="[dbo]" Table="[LineOrder]" Column="LO_Revenue" />
                                        <ColumnReference Database="[Star_Schema_Benchmark]" Schema="[dbo]" Table="[Supplier]" Column="S_City" />
                                        <ColumnReference Database="[Star_Schema_Benchmark]" Schema="[dbo]" Table="[Date]" Column="D_Year" />
                                      </OutputList>
                                      <RunTimeInformation>
                                        <RunTimeCountersPerThread Thread="4" ActualRows="18" ActualEndOfScans="1" ActualExecutions="1" />
                                        <RunTimeCountersPerThread Thread="3" ActualRows="12" ActualEndOfScans="1" ActualExecutions="1" />
                                        <RunTimeCountersPerThread Thread="2" ActualRows="10" ActualEndOfScans="1" ActualExecutions="1" />
                                        <RunTimeCountersPerThread Thread="1" ActualRows="15" ActualEndOfScans="1" ActualExecutions="1" />
                                        <RunTimeCountersPerThread Thread="0" ActualRows="0" ActualEndOfScans="0" ActualExecutions="0" />
                                      </RunTimeInformation>
                                      <Parallelism PartitioningType="Hash">
                                        <PartitionColumns>
                                          <ColumnReference Database="[Star_Schema_Benchmark]" Schema="[dbo]" Table="[LineOrder]" Column="LO_CustKey" />
                                        </PartitionColumns>
                                        <Predicate>
                                          <ScalarOperator ScalarString="PROBE([Bitmap1019],[Star_Schema_Benchmark].[dbo].[LineOrder].[LO_CustKey])">
                                            <Intrinsic FunctionName="PROBE">
                                              <ScalarOperator>
                                                <Identifier>
                                                  <ColumnReference Column="Bitmap1019" />
                                                </Identifier>
                                              </ScalarOperator>
                                              <ScalarOperator>
                                                <Identifier>
                                                  <ColumnReference Database="[Star_Schema_Benchmark]" Schema="[dbo]" Table="[LineOrder]" Column="LO_CustKey" />
                                                </Identifier>
                                              </ScalarOperator>
                                            </Intrinsic>
                                          </ScalarOperator>
                                        </Predicate>
                                        <RelOp AvgRowSize="36" EstimateCPU="1.78875" EstimateIO="0" EstimateRebinds="0" EstimateRewinds="0" EstimateRows="6325.5" LogicalOp="Inner Join" NodeId="10" Parallel="true" PhysicalOp="Hash Match" EstimatedTotalSubtreeCost="951.08">
                                          <OutputList>
                                            <ColumnReference Database="[Star_Schema_Benchmark]" Schema="[dbo]" Table="[LineOrder]" Column="LO_CustKey" />
                                            <ColumnReference Database="[Star_Schema_Benchmark]" Schema="[dbo]" Table="[LineOrder]" Column="LO_Revenue" />
                                            <ColumnReference Database="[Star_Schema_Benchmark]" Schema="[dbo]" Table="[Supplier]" Column="S_City" />
                                            <ColumnReference Database="[Star_Schema_Benchmark]" Schema="[dbo]" Table="[Date]" Column="D_Year" />
                                          </OutputList>
                                          <MemoryFractions Input="0.256098" Output="0.25" />
                                          <RunTimeInformation>
                                            <RunTimeCountersPerThread Thread="3" ActualRows="1925" ActualEndOfScans="1" ActualExecutions="1" />
                                            <RunTimeCountersPerThread Thread="2" ActualRows="1349" ActualEndOfScans="1" ActualExecutions="1" />
                                            <RunTimeCountersPerThread Thread="4" ActualRows="1333" ActualEndOfScans="1" ActualExecutions="1" />
                                            <RunTimeCountersPerThread Thread="1" ActualRows="1718" ActualEndOfScans="1" ActualExecutions="1" />
                                            <RunTimeCountersPerThread Thread="0" ActualRows="0" ActualEndOfScans="0" ActualExecutions="0" />
                                          </RunTimeInformation>
                                          <Hash>
                                            <DefinedValues />
                                            <HashKeysBuild>
                                              <ColumnReference Database="[Star_Schema_Benchmark]" Schema="[dbo]" Table="[Supplier]" Column="S_SuppKey" />
                                            </HashKeysBuild>
                                            <HashKeysProbe>
                                              <ColumnReference Database="[Star_Schema_Benchmark]" Schema="[dbo]" Table="[LineOrder]" Column="LO_SuppKey" />
                                            </HashKeysProbe>
                                            <RelOp AvgRowSize="21" EstimateCPU="0.0287927" EstimateIO="0" EstimateRebinds="0" EstimateRewinds="0" EstimateRows="164" LogicalOp="Bitmap Create" NodeId="11" Parallel="true" PhysicalOp="Bitmap" EstimatedTotalSubtreeCost="0.251796">
                                              <OutputList>
                                                <ColumnReference Database="[Star_Schema_Benchmark]" Schema="[dbo]" Table="[Supplier]" Column="S_SuppKey" />
                                                <ColumnReference Database="[Star_Schema_Benchmark]" Schema="[dbo]" Table="[Supplier]" Column="S_City" />
                                              </OutputList>
                                              <RunTimeInformation>
                                                <RunTimeCountersPerThread Thread="2" ActualRows="34" ActualEndOfScans="1" ActualExecutions="1" />
                                                <RunTimeCountersPerThread Thread="4" ActualRows="35" ActualEndOfScans="1" ActualExecutions="1" />
                                                <RunTimeCountersPerThread Thread="1" ActualRows="45" ActualEndOfScans="1" ActualExecutions="1" />
                                                <RunTimeCountersPerThread Thread="3" ActualRows="50" ActualEndOfScans="1" ActualExecutions="1" />
                                                <RunTimeCountersPerThread Thread="0" ActualRows="0" ActualEndOfScans="0" ActualExecutions="0" />
                                              </RunTimeInformation>
                                              <Bitmap>
                                                <DefinedValues>
                                                  <DefinedValue>
                                                    <ColumnReference Column="Bitmap1018" />
                                                  </DefinedValue>
                                                </DefinedValues>
                                                <HashKeys>
                                                  <ColumnReference Database="[Star_Schema_Benchmark]" Schema="[dbo]" Table="[Supplier]" Column="S_SuppKey" />
                                                </HashKeys>
                                                <RelOp AvgRowSize="21" EstimateCPU="0.0287927" EstimateIO="0" EstimateRebinds="0" EstimateRewinds="0" EstimateRows="164" LogicalOp="Repartition Streams" NodeId="12" Parallel="true" PhysicalOp="Parallelism" EstimatedTotalSubtreeCost="0.251796">
                                                  <OutputList>
                                                    <ColumnReference Database="[Star_Schema_Benchmark]" Schema="[dbo]" Table="[Supplier]" Column="S_SuppKey" />
                                                    <ColumnReference Database="[Star_Schema_Benchmark]" Schema="[dbo]" Table="[Supplier]" Column="S_City" />
                                                  </OutputList>
                                                  <RunTimeInformation>
                                                    <RunTimeCountersPerThread Thread="4" ActualRows="35" ActualEndOfScans="1" ActualExecutions="1" />
                                                    <RunTimeCountersPerThread Thread="2" ActualRows="34" ActualEndOfScans="1" ActualExecutions="1" />
                                                    <RunTimeCountersPerThread Thread="1" ActualRows="45" ActualEndOfScans="1" ActualExecutions="1" />
                                                    <RunTimeCountersPerThread Thread="3" ActualRows="50" ActualEndOfScans="1" ActualExecutions="1" />
                                                    <RunTimeCountersPerThread Thread="0" ActualRows="0" ActualEndOfScans="0" ActualExecutions="0" />
                                                  </RunTimeInformation>
                                                  <Parallelism PartitioningType="Hash">
                                                    <PartitionColumns>
                                                      <ColumnReference Database="[Star_Schema_Benchmark]" Schema="[dbo]" Table="[Supplier]" Column="S_SuppKey" />
                                                    </PartitionColumns>
                                                    <RelOp AvgRowSize="21" EstimateCPU="0.0110785" EstimateIO="0.203125" EstimateRebinds="0" EstimateRewinds="0" EstimateRows="164" LogicalOp="Clustered Index Scan" NodeId="13" Parallel="true" PhysicalOp="Clustered Index Scan" EstimatedTotalSubtreeCost="0.214203" TableCardinality="20000">
                                                      <OutputList>
                                                        <ColumnReference Database="[Star_Schema_Benchmark]" Schema="[dbo]" Table="[Supplier]" Column="S_SuppKey" />
                                                        <ColumnReference Database="[Star_Schema_Benchmark]" Schema="[dbo]" Table="[Supplier]" Column="S_City" />
                                                      </OutputList>
                                                      <RunTimeInformation>
                                                        <RunTimeCountersPerThread Thread="1" ActualRows="38" ActualEndOfScans="1" ActualExecutions="1" />
                                                        <RunTimeCountersPerThread Thread="4" ActualRows="51" ActualEndOfScans="1" ActualExecutions="1" />
                                                        <RunTimeCountersPerThread Thread="2" ActualRows="34" ActualEndOfScans="1" ActualExecutions="1" />
                                                        <RunTimeCountersPerThread Thread="3" ActualRows="41" ActualEndOfScans="1" ActualExecutions="1" />
                                                        <RunTimeCountersPerThread Thread="0" ActualRows="0" ActualEndOfScans="0" ActualExecutions="0" />
                                                      </RunTimeInformation>
                                                      <IndexScan Ordered="false" ForcedIndex="false" NoExpandHint="false">
                                                        <DefinedValues>
                                                          <DefinedValue>
                                                            <ColumnReference Database="[Star_Schema_Benchmark]" Schema="[dbo]" Table="[Supplier]" Column="S_SuppKey" />
                                                          </DefinedValue>
                                                          <DefinedValue>
                                                            <ColumnReference Database="[Star_Schema_Benchmark]" Schema="[dbo]" Table="[Supplier]" Column="S_City" />
                                                          </DefinedValue>
                                                        </DefinedValues>
                                                        <Object Database="[Star_Schema_Benchmark]" Schema="[dbo]" Table="[Supplier]" Index="[PK_Supplier]" IndexKind="Clustered" />
                                                        <Predicate>
                                                          <ScalarOperator ScalarString="[Star_Schema_Benchmark].[dbo].[Supplier].[S_City]='UNITED KI1' OR [Star_Schema_Benchmark].[dbo].[Supplier].[S_City]='UNITED KI5'">
                                                            <Logical Operation="OR">
                                                              <ScalarOperator>
                                                                <Compare CompareOp="EQ">
                                                                  <ScalarOperator>
                                                                    <Identifier>
                                                                      <ColumnReference Database="[Star_Schema_Benchmark]" Schema="[dbo]" Table="[Supplier]" Column="S_City" />
                                                                    </Identifier>
                                                                  </ScalarOperator>
                                                                  <ScalarOperator>
                                                                    <Const ConstValue="'UNITED KI1'" />
                                                                  </ScalarOperator>
                                                                </Compare>
                                                              </ScalarOperator>
                                                              <ScalarOperator>
                                                                <Compare CompareOp="EQ">
                                                                  <ScalarOperator>
                                                                    <Identifier>
                                                                      <ColumnReference Database="[Star_Schema_Benchmark]" Schema="[dbo]" Table="[Supplier]" Column="S_City" />
                                                                    </Identifier>
                                                                  </ScalarOperator>
                                                                  <ScalarOperator>
                                                                    <Const ConstValue="'UNITED KI5'" />
                                                                  </ScalarOperator>
                                                                </Compare>
                                                              </ScalarOperator>
                                                            </Logical>
                                                          </ScalarOperator>
                                                        </Predicate>
                                                      </IndexScan>
                                                    </RelOp>
                                                  </Parallelism>
                                                </RelOp>
                                              </Bitmap>
                                            </RelOp>
                                            <RelOp AvgRowSize="30" EstimateCPU="2.0178" EstimateIO="0" EstimateRebinds="0" EstimateRewinds="0" EstimateRows="771607" LogicalOp="Repartition Streams" NodeId="14" Parallel="true" PhysicalOp="Parallelism" EstimatedTotalSubtreeCost="949.039">
                                              <OutputList>
                                                <ColumnReference Database="[Star_Schema_Benchmark]" Schema="[dbo]" Table="[LineOrder]" Column="LO_CustKey" />
                                                <ColumnReference Database="[Star_Schema_Benchmark]" Schema="[dbo]" Table="[LineOrder]" Column="LO_SuppKey" />
                                                <ColumnReference Database="[Star_Schema_Benchmark]" Schema="[dbo]" Table="[LineOrder]" Column="LO_Revenue" />
                                                <ColumnReference Database="[Star_Schema_Benchmark]" Schema="[dbo]" Table="[Date]" Column="D_Year" />
                                              </OutputList>
                                              <RunTimeInformation>
                                                <RunTimeCountersPerThread Thread="2" ActualRows="1349" ActualEndOfScans="1" ActualExecutions="1" />
                                                <RunTimeCountersPerThread Thread="4" ActualRows="1333" ActualEndOfScans="1" ActualExecutions="1" />
                                                <RunTimeCountersPerThread Thread="1" ActualRows="1718" ActualEndOfScans="1" ActualExecutions="1" />
                                                <RunTimeCountersPerThread Thread="3" ActualRows="1925" ActualEndOfScans="1" ActualExecutions="1" />
                                                <RunTimeCountersPerThread Thread="0" ActualRows="0" ActualEndOfScans="0" ActualExecutions="0" />
                                              </RunTimeInformation>
                                              <Parallelism PartitioningType="Hash">
                                                <PartitionColumns>
                                                  <ColumnReference Database="[Star_Schema_Benchmark]" Schema="[dbo]" Table="[LineOrder]" Column="LO_SuppKey" />
                                                </PartitionColumns>
                                                <Predicate>
                                                  <ScalarOperator ScalarString="PROBE([Bitmap1018],[Star_Schema_Benchmark].[dbo].[LineOrder].[LO_SuppKey])">
                                                    <Intrinsic FunctionName="PROBE">
                                                      <ScalarOperator>
                                                        <Identifier>
                                                          <ColumnReference Column="Bitmap1018" />
                                                        </Identifier>
                                                      </ScalarOperator>
                                                      <ScalarOperator>
                                                        <Identifier>
                                                          <ColumnReference Database="[Star_Schema_Benchmark]" Schema="[dbo]" Table="[LineOrder]" Column="LO_SuppKey" />
                                                        </Identifier>
                                                      </ScalarOperator>
                                                    </Intrinsic>
                                                  </ScalarOperator>
                                                </Predicate>
                                                <RelOp AvgRowSize="30" EstimateCPU="197.289" EstimateIO="0" EstimateRebinds="0" EstimateRewinds="0" EstimateRows="771607" LogicalOp="Inner Join" NodeId="15" Parallel="true" PhysicalOp="Hash Match" EstimatedTotalSubtreeCost="947.022">
                                                  <OutputList>
                                                    <ColumnReference Database="[Star_Schema_Benchmark]" Schema="[dbo]" Table="[LineOrder]" Column="LO_CustKey" />
                                                    <ColumnReference Database="[Star_Schema_Benchmark]" Schema="[dbo]" Table="[LineOrder]" Column="LO_SuppKey" />
                                                    <ColumnReference Database="[Star_Schema_Benchmark]" Schema="[dbo]" Table="[LineOrder]" Column="LO_Revenue" />
                                                    <ColumnReference Database="[Star_Schema_Benchmark]" Schema="[dbo]" Table="[Date]" Column="D_Year" />
                                                  </OutputList>
                                                  <MemoryFractions Input="0.487805" Output="0.47619" />
                                                  <RunTimeInformation>
                                                    <RunTimeCountersPerThread Thread="4" ActualRows="220052" ActualEndOfScans="1" ActualExecutions="1" />
                                                    <RunTimeCountersPerThread Thread="2" ActualRows="126092" ActualEndOfScans="1" ActualExecutions="1" />
                                                    <RunTimeCountersPerThread Thread="3" ActualRows="214975" ActualEndOfScans="1" ActualExecutions="1" />
                                                    <RunTimeCountersPerThread Thread="1" ActualRows="211287" ActualEndOfScans="1" ActualExecutions="1" />
                                                    <RunTimeCountersPerThread Thread="0" ActualRows="0" ActualEndOfScans="0" ActualExecutions="0" />
                                                  </RunTimeInformation>
                                                  <Hash>
                                                    <DefinedValues />
                                                    <HashKeysBuild>
                                                      <ColumnReference Database="[Star_Schema_Benchmark]" Schema="[dbo]" Table="[Date]" Column="D_DateKey" />
                                                    </HashKeysBuild>
                                                    <HashKeysProbe>
                                                      <ColumnReference Database="[Star_Schema_Benchmark]" Schema="[dbo]" Table="[LineOrder]" Column="LO_OrderDateKey" />
                                                    </HashKeysProbe>
                                                    <ProbeResidual>
                                                      <ScalarOperator ScalarString="[Star_Schema_Benchmark].[dbo].[LineOrder].[LO_OrderDateKey]=[Star_Schema_Benchmark].[dbo].[Date].[D_DateKey]">
                                                        <Compare CompareOp="EQ">
                                                          <ScalarOperator>
                                                            <Identifier>
                                                              <ColumnReference Database="[Star_Schema_Benchmark]" Schema="[dbo]" Table="[LineOrder]" Column="LO_OrderDateKey" />
                                                            </Identifier>
                                                          </ScalarOperator>
                                                          <ScalarOperator>
                                                            <Identifier>
                                                              <ColumnReference Database="[Star_Schema_Benchmark]" Schema="[dbo]" Table="[Date]" Column="D_DateKey" />
                                                            </Identifier>
                                                          </ScalarOperator>
                                                        </Compare>
                                                      </ScalarOperator>
                                                    </ProbeResidual>
                                                    <RelOp AvgRowSize="17" EstimateCPU="0.0285859" EstimateIO="0" EstimateRebinds="0" EstimateRewinds="0" EstimateRows="31" LogicalOp="Bitmap Create" NodeId="16" Parallel="true" PhysicalOp="Bitmap" EstimatedTotalSubtreeCost="0.0559064">
                                                      <OutputList>
                                                        <ColumnReference Database="[Star_Schema_Benchmark]" Schema="[dbo]" Table="[Date]" Column="D_DateKey" />
                                                        <ColumnReference Database="[Star_Schema_Benchmark]" Schema="[dbo]" Table="[Date]" Column="D_Year" />
                                                      </OutputList>
                                                      <RunTimeInformation>
                                                        <RunTimeCountersPerThread Thread="4" ActualRows="31" ActualEndOfScans="1" ActualExecutions="1" />
                                                        <RunTimeCountersPerThread Thread="1" ActualRows="31" ActualEndOfScans="1" ActualExecutions="1" />
                                                        <RunTimeCountersPerThread Thread="3" ActualRows="31" ActualEndOfScans="1" ActualExecutions="1" />
                                                        <RunTimeCountersPerThread Thread="2" ActualRows="31" ActualEndOfScans="1" ActualExecutions="1" />
                                                        <RunTimeCountersPerThread Thread="0" ActualRows="0" ActualEndOfScans="0" ActualExecutions="0" />
                                                      </RunTimeInformation>
                                                      <Bitmap>
                                                        <DefinedValues>
                                                          <DefinedValue>
                                                            <ColumnReference Column="Bitmap1017" />
                                                          </DefinedValue>
                                                        </DefinedValues>
                                                        <HashKeys>
                                                          <ColumnReference Database="[Star_Schema_Benchmark]" Schema="[dbo]" Table="[Date]" Column="D_DateKey" />
                                                        </HashKeys>
                                                        <RelOp AvgRowSize="17" EstimateCPU="0.0285859" EstimateIO="0" EstimateRebinds="0" EstimateRewinds="0" EstimateRows="31" LogicalOp="Distribute Streams" NodeId="17" Parallel="true" PhysicalOp="Parallelism" EstimatedTotalSubtreeCost="0.0559064">
                                                          <OutputList>
                                                            <ColumnReference Database="[Star_Schema_Benchmark]" Schema="[dbo]" Table="[Date]" Column="D_DateKey" />
                                                            <ColumnReference Database="[Star_Schema_Benchmark]" Schema="[dbo]" Table="[Date]" Column="D_Year" />
                                                          </OutputList>
                                                          <RunTimeInformation>
                                                            <RunTimeCountersPerThread Thread="4" ActualRows="31" ActualEndOfScans="1" ActualExecutions="1" />
                                                            <RunTimeCountersPerThread Thread="1" ActualRows="31" ActualEndOfScans="1" ActualExecutions="1" />
                                                            <RunTimeCountersPerThread Thread="3" ActualRows="31" ActualEndOfScans="1" ActualExecutions="1" />
                                                            <RunTimeCountersPerThread Thread="2" ActualRows="31" ActualEndOfScans="1" ActualExecutions="1" />
                                                            <RunTimeCountersPerThread Thread="0" ActualRows="0" ActualEndOfScans="0" ActualExecutions="0" />
                                                          </RunTimeInformation>
                                                          <Parallelism PartitioningType="Broadcast">
                                                            <RelOp AvgRowSize="24" EstimateCPU="0.0029686" EstimateIO="0.023125" EstimateRebinds="0" EstimateRewinds="0" EstimateRows="31" LogicalOp="Clustered Index Scan" NodeId="18" Parallel="false" PhysicalOp="Clustered Index Scan" EstimatedTotalSubtreeCost="0.0260936" TableCardinality="2556">
                                                              <OutputList>
                                                                <ColumnReference Database="[Star_Schema_Benchmark]" Schema="[dbo]" Table="[Date]" Column="D_DateKey" />
                                                                <ColumnReference Database="[Star_Schema_Benchmark]" Schema="[dbo]" Table="[Date]" Column="D_Year" />
                                                              </OutputList>
                                                              <RunTimeInformation>
                                                                <RunTimeCountersPerThread Thread="1" ActualRows="31" ActualEndOfScans="1" ActualExecutions="1" />
                                                                <RunTimeCountersPerThread Thread="0" ActualRows="0" ActualEndOfScans="0" ActualExecutions="0" />
                                                              </RunTimeInformation>
                                                              <IndexScan Ordered="false" ForcedIndex="false" NoExpandHint="false">
                                                                <DefinedValues>
                                                                  <DefinedValue>
                                                                    <ColumnReference Database="[Star_Schema_Benchmark]" Schema="[dbo]" Table="[Date]" Column="D_DateKey" />
                                                                  </DefinedValue>
                                                                  <DefinedValue>
                                                                    <ColumnReference Database="[Star_Schema_Benchmark]" Schema="[dbo]" Table="[Date]" Column="D_Year" />
                                                                  </DefinedValue>
                                                                </DefinedValues>
                                                                <Object Database="[Star_Schema_Benchmark]" Schema="[dbo]" Table="[Date]" Index="[PK_Date]" IndexKind="Clustered" />
                                                                <Predicate>
                                                                  <ScalarOperator ScalarString="[Star_Schema_Benchmark].[dbo].[Date].[D_YearMonth]='Dec1997'">
                                                                    <Compare CompareOp="EQ">
                                                                      <ScalarOperator>
                                                                        <Identifier>
                                                                          <ColumnReference Database="[Star_Schema_Benchmark]" Schema="[dbo]" Table="[Date]" Column="D_YearMonth" />
                                                                        </Identifier>
                                                                      </ScalarOperator>
                                                                      <ScalarOperator>
                                                                        <Const ConstValue="'Dec1997'" />
                                                                      </ScalarOperator>
                                                                    </Compare>
                                                                  </ScalarOperator>
                                                                </Predicate>
                                                              </IndexScan>
                                                            </RelOp>
                                                          </Parallelism>
                                                        </RelOp>
                                                      </Bitmap>
                                                    </RelOp>
                                                    <RelOp AvgRowSize="36" EstimateCPU="32.9925" EstimateIO="716.684" EstimateRebinds="0" EstimateRewinds="0" EstimateRows="59986200" LogicalOp="Clustered Index Scan" NodeId="19" Parallel="true" PhysicalOp="Clustered Index Scan" EstimatedTotalSubtreeCost="749.676" TableCardinality="59986200">
                                                      <OutputList>
                                                        <ColumnReference Database="[Star_Schema_Benchmark]" Schema="[dbo]" Table="[LineOrder]" Column="LO_CustKey" />
                                                        <ColumnReference Database="[Star_Schema_Benchmark]" Schema="[dbo]" Table="[LineOrder]" Column="LO_SuppKey" />
                                                        <ColumnReference Database="[Star_Schema_Benchmark]" Schema="[dbo]" Table="[LineOrder]" Column="LO_OrderDateKey" />
                                                        <ColumnReference Database="[Star_Schema_Benchmark]" Schema="[dbo]" Table="[LineOrder]" Column="LO_Revenue" />
                                                      </OutputList>
                                                      <RunTimeInformation>
                                                        <RunTimeCountersPerThread Thread="4" ActualRows="220053" ActualEndOfScans="1" ActualExecutions="1" />
                                                        <RunTimeCountersPerThread Thread="1" ActualRows="211288" ActualEndOfScans="1" ActualExecutions="1" />
                                                        <RunTimeCountersPerThread Thread="2" ActualRows="126093" ActualEndOfScans="1" ActualExecutions="1" />
                                                        <RunTimeCountersPerThread Thread="3" ActualRows="214976" ActualEndOfScans="1" ActualExecutions="1" />
                                                        <RunTimeCountersPerThread Thread="0" ActualRows="0" ActualEndOfScans="0" ActualExecutions="0" />
                                                      </RunTimeInformation>
                                                      <IndexScan Ordered="false" ForcedIndex="false" NoExpandHint="false">
                                                        <DefinedValues>
                                                          <DefinedValue>
                                                            <ColumnReference Database="[Star_Schema_Benchmark]" Schema="[dbo]" Table="[LineOrder]" Column="LO_CustKey" />
                                                          </DefinedValue>
                                                          <DefinedValue>
                                                            <ColumnReference Database="[Star_Schema_Benchmark]" Schema="[dbo]" Table="[LineOrder]" Column="LO_SuppKey" />
                                                          </DefinedValue>
                                                          <DefinedValue>
                                                            <ColumnReference Database="[Star_Schema_Benchmark]" Schema="[dbo]" Table="[LineOrder]" Column="LO_OrderDateKey" />
                                                          </DefinedValue>
                                                          <DefinedValue>
                                                            <ColumnReference Database="[Star_Schema_Benchmark]" Schema="[dbo]" Table="[LineOrder]" Column="LO_Revenue" />
                                                          </DefinedValue>
                                                        </DefinedValues>
                                                        <Object Database="[Star_Schema_Benchmark]" Schema="[dbo]" Table="[LineOrder]" Index="[PK_LineOrder]" IndexKind="Clustered" />
                                                        <Predicate>
                                                          <ScalarOperator ScalarString="PROBE([Bitmap1017],[Star_Schema_Benchmark].[dbo].[LineOrder].[LO_OrderDateKey],N'[IN ROW]')">
                                                            <Intrinsic FunctionName="PROBE">
                                                              <ScalarOperator>
                                                                <Identifier>
                                                                  <ColumnReference Column="Bitmap1017" />
                                                                </Identifier>
                                                              </ScalarOperator>
                                                              <ScalarOperator>
                                                                <Identifier>
                                                                  <ColumnReference Database="[Star_Schema_Benchmark]" Schema="[dbo]" Table="[LineOrder]" Column="LO_OrderDateKey" />
                                                                </Identifier>
                                                              </ScalarOperator>
                                                              <ScalarOperator>
                                                                <Const ConstValue="N'[IN ROW]'" />
                                                              </ScalarOperator>
                                                            </Intrinsic>
                                                          </ScalarOperator>
                                                        </Predicate>
                                                      </IndexScan>
                                                    </RelOp>
                                                  </Hash>
                                                </RelOp>
                                              </Parallelism>
                                            </RelOp>
                                          </Hash>
                                        </RelOp>
                                      </Parallelism>
                                    </RelOp>
                                  </Hash>
                                </RelOp>
                              </Parallelism>
                            </RelOp>
                          </Sort>
                        </RelOp>
                      </StreamAggregate>
                    </RelOp>
                  </ComputeScalar>
                </RelOp>
              </Sort>
            </RelOp>
          </QueryPlan>
        </StmtSimple>
      </Statements>
    </Batch>
    <Batch>
      <Statements>
        <StmtSimple StatementCompId="11" StatementEstRows="56.6051" StatementId="11" StatementOptmLevel="FULL" StatementSubTreeCost="1229.56" StatementText="select d_year, c_nation,&#xD;&#xA;sum(lo_revenue - lo_supplycost) as profit&#xD;&#xA;from date, customer, supplier, part, lineorder&#xD;&#xA;where lo_custkey = c_customerkey&#xD;&#xA;and lo_suppkey = s_suppkey&#xD;&#xA;and lo_partkey = p_partkey&#xD;&#xA;and lo_orderdatekey = d_datekey&#xD;&#xA;and c_region = 'AMERICA'&#xD;&#xA;and s_region = 'AMERICA'&#xD;&#xA;and (p_mfgr = 'MFGR#1'&#xD;&#xA;or p_mfgr = 'MFGR#2')&#xD;&#xA;group by d_year, c_nation&#xD;&#xA;order by d_year, c_nation;&#xD;&#xA;&#xD;&#xA;--Q4.2&#xD;" StatementType="SELECT" QueryHash="0x5ECDF0705AF9D624" QueryPlanHash="0xC19E6E284E88B37D">
          <StatementSetOptions ANSI_NULLS="true" ANSI_PADDING="true" ANSI_WARNINGS="true" ARITHABORT="true" CONCAT_NULL_YIELDS_NULL="true" NUMERIC_ROUNDABORT="false" QUOTED_IDENTIFIER="true" />
          <QueryPlan DegreeOfParallelism="1" MemoryGrant="243744" CachedPlanSize="144" CompileTime="264" CompileCPU="264" CompileMemory="2832">
            <MissingIndexes>
              <MissingIndexGroup Impact="80.2597">
                <MissingIndex Database="[Star_Schema_Benchmark]" Schema="[dbo]" Table="[LineOrder]">
                  <ColumnGroup Usage="EQUALITY">
                    <Column Name="[LO_SuppKey]" ColumnId="5" />
                  </ColumnGroup>
                  <ColumnGroup Usage="INCLUDE">
                    <Column Name="[LO_CustKey]" ColumnId="3" />
                    <Column Name="[LO_PartKey]" ColumnId="4" />
                    <Column Name="[LO_OrderDateKey]" ColumnId="6" />
                    <Column Name="[LO_Revenue]" ColumnId="13" />
                    <Column Name="[LO_SupplyCost]" ColumnId="14" />
                  </ColumnGroup>
                </MissingIndex>
              </MissingIndexGroup>
            </MissingIndexes>
            <RelOp AvgRowSize="41" EstimateCPU="0.000614223" EstimateIO="0.0112613" EstimateRebinds="0" EstimateRewinds="0" EstimateRows="56.6051" LogicalOp="Sort" NodeId="0" Parallel="false" PhysicalOp="Sort" EstimatedTotalSubtreeCost="1229.56">
              <OutputList>
                <ColumnReference Database="[Star_Schema_Benchmark]" Schema="[dbo]" Table="[Date]" Column="D_Year" />
                <ColumnReference Database="[Star_Schema_Benchmark]" Schema="[dbo]" Table="[Customer]" Column="C_Nation" />
                <ColumnReference Column="Expr1015" />
              </OutputList>
              <MemoryFractions Input="1" Output="1" />
              <RunTimeInformation>
                <RunTimeCountersPerThread Thread="0" ActualRebinds="1" ActualRewinds="0" ActualRows="35" ActualEndOfScans="1" ActualExecutions="1" />
              </RunTimeInformation>
              <Sort Distinct="false">
                <OrderBy>
                  <OrderByColumn Ascending="true">
                    <ColumnReference Database="[Star_Schema_Benchmark]" Schema="[dbo]" Table="[Date]" Column="D_Year" />
                  </OrderByColumn>
                  <OrderByColumn Ascending="true">
                    <ColumnReference Database="[Star_Schema_Benchmark]" Schema="[dbo]" Table="[Customer]" Column="C_Nation" />
                  </OrderByColumn>
                </OrderBy>
                <RelOp AvgRowSize="41" EstimateCPU="5.66051E-06" EstimateIO="0" EstimateRebinds="0" EstimateRewinds="0" EstimateRows="56.6051" LogicalOp="Compute Scalar" NodeId="2" Parallel="false" PhysicalOp="Compute Scalar" EstimatedTotalSubtreeCost="1229.55">
                  <OutputList>
                    <ColumnReference Database="[Star_Schema_Benchmark]" Schema="[dbo]" Table="[Date]" Column="D_Year" />
                    <ColumnReference Database="[Star_Schema_Benchmark]" Schema="[dbo]" Table="[Customer]" Column="C_Nation" />
                    <ColumnReference Column="Expr1015" />
                  </OutputList>
                  <ComputeScalar>
                    <DefinedValues>
                      <DefinedValue>
                        <ColumnReference Column="Expr1015" />
                        <ScalarOperator ScalarString="CASE WHEN [globalagg1018]=(0) THEN NULL ELSE [globalagg1020] END">
                          <IF>
                            <Condition>
                              <ScalarOperator>
                                <Compare CompareOp="EQ">
                                  <ScalarOperator>
                                    <Identifier>
                                      <ColumnReference Column="globalagg1018" />
                                    </Identifier>
                                  </ScalarOperator>
                                  <ScalarOperator>
                                    <Const ConstValue="(0)" />
                                  </ScalarOperator>
                                </Compare>
                              </ScalarOperator>
                            </Condition>
                            <Then>
                              <ScalarOperator>
                                <Const ConstValue="NULL" />
                              </ScalarOperator>
                            </Then>
                            <Else>
                              <ScalarOperator>
                                <Identifier>
                                  <ColumnReference Column="globalagg1020" />
                                </Identifier>
                              </ScalarOperator>
                            </Else>
                          </IF>
                        </ScalarOperator>
                      </DefinedValue>
                    </DefinedValues>
                    <RelOp AvgRowSize="49" EstimateCPU="0.359987" EstimateIO="0" EstimateRebinds="0" EstimateRewinds="0" EstimateRows="56.6051" LogicalOp="Aggregate" NodeId="3" Parallel="false" PhysicalOp="Hash Match" EstimatedTotalSubtreeCost="1229.55">
                      <OutputList>
                        <ColumnReference Database="[Star_Schema_Benchmark]" Schema="[dbo]" Table="[Date]" Column="D_Year" />
                        <ColumnReference Database="[Star_Schema_Benchmark]" Schema="[dbo]" Table="[Customer]" Column="C_Nation" />
                        <ColumnReference Column="globalagg1018" />
                        <ColumnReference Column="globalagg1020" />
                      </OutputList>
                      <MemoryFractions Input="0" Output="0" />
                      <RunTimeInformation>
                        <RunTimeCountersPerThread Thread="0" ActualRows="35" ActualEndOfScans="1" ActualExecutions="1" />
                      </RunTimeInformation>
                      <Hash>
                        <DefinedValues>
                          <DefinedValue>
                            <ColumnReference Column="globalagg1018" />
                            <ScalarOperator ScalarString="SUM([partialagg1017])">
                              <Aggregate AggType="SUM" Distinct="false">
                                <ScalarOperator>
                                  <Identifier>
                                    <ColumnReference Column="partialagg1017" />
                                  </Identifier>
                                </ScalarOperator>
                              </Aggregate>
                            </ScalarOperator>
                          </DefinedValue>
                          <DefinedValue>
                            <ColumnReference Column="globalagg1020" />
                            <ScalarOperator ScalarString="SUM([partialagg1019])">
                              <Aggregate AggType="SUM" Distinct="false">
                                <ScalarOperator>
                                  <Identifier>
                                    <ColumnReference Column="partialagg1019" />
                                  </Identifier>
                                </ScalarOperator>
                              </Aggregate>
                            </ScalarOperator>
                          </DefinedValue>
                        </DefinedValues>
                        <HashKeysBuild>
                          <ColumnReference Database="[Star_Schema_Benchmark]" Schema="[dbo]" Table="[Date]" Column="D_Year" />
                          <ColumnReference Database="[Star_Schema_Benchmark]" Schema="[dbo]" Table="[Customer]" Column="C_Nation" />
                        </HashKeysBuild>
                        <BuildResidual>
                          <ScalarOperator ScalarString="[Star_Schema_Benchmark].[dbo].[Date].[D_Year] = [Star_Schema_Benchmark].[dbo].[Date].[D_Year] AND [Star_Schema_Benchmark].[dbo].[Customer].[C_Nation] = [Star_Schema_Benchmark].[dbo].[Customer].[C_Nation]">
                            <Logical Operation="AND">
                              <ScalarOperator>
                                <Compare CompareOp="IS">
                                  <ScalarOperator>
                                    <Identifier>
                                      <ColumnReference Database="[Star_Schema_Benchmark]" Schema="[dbo]" Table="[Date]" Column="D_Year" />
                                    </Identifier>
                                  </ScalarOperator>
                                  <ScalarOperator>
                                    <Identifier>
                                      <ColumnReference Database="[Star_Schema_Benchmark]" Schema="[dbo]" Table="[Date]" Column="D_Year" />
                                    </Identifier>
                                  </ScalarOperator>
                                </Compare>
                              </ScalarOperator>
                              <ScalarOperator>
                                <Compare CompareOp="IS">
                                  <ScalarOperator>
                                    <Identifier>
                                      <ColumnReference Database="[Star_Schema_Benchmark]" Schema="[dbo]" Table="[Customer]" Column="C_Nation" />
                                    </Identifier>
                                  </ScalarOperator>
                                  <ScalarOperator>
                                    <Identifier>
                                      <ColumnReference Database="[Star_Schema_Benchmark]" Schema="[dbo]" Table="[Customer]" Column="C_Nation" />
                                    </Identifier>
                                  </ScalarOperator>
                                </Compare>
                              </ScalarOperator>
                            </Logical>
                          </ScalarOperator>
                        </BuildResidual>
                        <RelOp AvgRowSize="49" EstimateCPU="0.465495" EstimateIO="0" EstimateRebinds="0" EstimateRewinds="0" EstimateRows="50869.6" LogicalOp="Inner Join" NodeId="4" Parallel="false" PhysicalOp="Hash Match" EstimatedTotalSubtreeCost="1229.19">
                          <OutputList>
                            <ColumnReference Database="[Star_Schema_Benchmark]" Schema="[dbo]" Table="[Date]" Column="D_Year" />
                            <ColumnReference Database="[Star_Schema_Benchmark]" Schema="[dbo]" Table="[Customer]" Column="C_Nation" />
                            <ColumnReference Column="partialagg1017" />
                            <ColumnReference Column="partialagg1019" />
                          </OutputList>
                          <MemoryFractions Input="0.00238031" Output="0.0777656" />
                          <RunTimeInformation>
                            <RunTimeCountersPerThread Thread="0" ActualRows="12030" ActualEndOfScans="1" ActualExecutions="1" />
                          </RunTimeInformation>
                          <Hash>
                            <DefinedValues />
                            <HashKeysBuild>
                              <ColumnReference Database="[Star_Schema_Benchmark]" Schema="[dbo]" Table="[Date]" Column="D_DateKey" />
                            </HashKeysBuild>
                            <HashKeysProbe>
                              <ColumnReference Database="[Star_Schema_Benchmark]" Schema="[dbo]" Table="[LineOrder]" Column="LO_OrderDateKey" />
                            </HashKeysProbe>
                            <ProbeResidual>
                              <ScalarOperator ScalarString="[Star_Schema_Benchmark].[dbo].[LineOrder].[LO_OrderDateKey]=[Star_Schema_Benchmark].[dbo].[Date].[D_DateKey]">
                                <Compare CompareOp="EQ">
                                  <ScalarOperator>
                                    <Identifier>
                                      <ColumnReference Database="[Star_Schema_Benchmark]" Schema="[dbo]" Table="[LineOrder]" Column="LO_OrderDateKey" />
                                    </Identifier>
                                  </ScalarOperator>
                                  <ScalarOperator>
                                    <Identifier>
                                      <ColumnReference Database="[Star_Schema_Benchmark]" Schema="[dbo]" Table="[Date]" Column="D_DateKey" />
                                    </Identifier>
                                  </ScalarOperator>
                                </Compare>
                              </ScalarOperator>
                            </ProbeResidual>
                            <RelOp AvgRowSize="17" EstimateCPU="0.0029686" EstimateIO="0.023125" EstimateRebinds="0" EstimateRewinds="0" EstimateRows="2556" LogicalOp="Clustered Index Scan" NodeId="5" Parallel="false" PhysicalOp="Clustered Index Scan" EstimatedTotalSubtreeCost="0.0260936" TableCardinality="2556">
                              <OutputList>
                                <ColumnReference Database="[Star_Schema_Benchmark]" Schema="[dbo]" Table="[Date]" Column="D_DateKey" />
                                <ColumnReference Database="[Star_Schema_Benchmark]" Schema="[dbo]" Table="[Date]" Column="D_Year" />
                              </OutputList>
                              <RunTimeInformation>
                                <RunTimeCountersPerThread Thread="0" ActualRows="2556" ActualEndOfScans="1" ActualExecutions="1" />
                              </RunTimeInformation>
                              <IndexScan Ordered="false" ForcedIndex="false" NoExpandHint="false">
                                <DefinedValues>
                                  <DefinedValue>
                                    <ColumnReference Database="[Star_Schema_Benchmark]" Schema="[dbo]" Table="[Date]" Column="D_DateKey" />
                                  </DefinedValue>
                                  <DefinedValue>
                                    <ColumnReference Database="[Star_Schema_Benchmark]" Schema="[dbo]" Table="[Date]" Column="D_Year" />
                                  </DefinedValue>
                                </DefinedValues>
                                <Object Database="[Star_Schema_Benchmark]" Schema="[dbo]" Table="[Date]" Index="[PK_Date]" IndexKind="Clustered" />
                              </IndexScan>
                            </RelOp>
                            <RelOp AvgRowSize="55" EstimateCPU="20.7474" EstimateIO="0" EstimateRebinds="0" EstimateRewinds="0" EstimateRows="53492.7" LogicalOp="Aggregate" NodeId="6" Parallel="false" PhysicalOp="Hash Match" EstimatedTotalSubtreeCost="1228.7">
                              <OutputList>
                                <ColumnReference Database="[Star_Schema_Benchmark]" Schema="[dbo]" Table="[Customer]" Column="C_Nation" />
                                <ColumnReference Database="[Star_Schema_Benchmark]" Schema="[dbo]" Table="[LineOrder]" Column="LO_OrderDateKey" />
                                <ColumnReference Column="partialagg1017" />
                                <ColumnReference Column="partialagg1019" />
                              </OutputList>
                              <MemoryFractions Input="0.0282285" Output="0.922234" />
                              <RunTimeInformation>
                                <RunTimeCountersPerThread Thread="0" ActualRows="12030" ActualEndOfScans="1" ActualExecutions="1" />
                              </RunTimeInformation>
                              <Hash>
                                <DefinedValues>
                                  <DefinedValue>
                                    <ColumnReference Column="partialagg1017" />
                                    <ScalarOperator ScalarString="COUNT_BIG([Expr1016])">
                                      <Aggregate AggType="COUNT_BIG" Distinct="false">
                                        <ScalarOperator>
                                          <Identifier>
                                            <ColumnReference Column="Expr1016" />
                                          </Identifier>
                                        </ScalarOperator>
                                      </Aggregate>
                                    </ScalarOperator>
                                  </DefinedValue>
                                  <DefinedValue>
                                    <ColumnReference Column="partialagg1019" />
                                    <ScalarOperator ScalarString="SUM([Expr1016])">
                                      <Aggregate AggType="SUM" Distinct="false">
                                        <ScalarOperator>
                                          <Identifier>
                                            <ColumnReference Column="Expr1016" />
                                          </Identifier>
                                        </ScalarOperator>
                                      </Aggregate>
                                    </ScalarOperator>
                                  </DefinedValue>
                                </DefinedValues>
                                <HashKeysBuild>
                                  <ColumnReference Database="[Star_Schema_Benchmark]" Schema="[dbo]" Table="[Customer]" Column="C_Nation" />
                                  <ColumnReference Database="[Star_Schema_Benchmark]" Schema="[dbo]" Table="[LineOrder]" Column="LO_OrderDateKey" />
                                </HashKeysBuild>
                                <BuildResidual>
                                  <ScalarOperator ScalarString="[Star_Schema_Benchmark].[dbo].[Customer].[C_Nation] = [Star_Schema_Benchmark].[dbo].[Customer].[C_Nation] AND [Star_Schema_Benchmark].[dbo].[LineOrder].[LO_OrderDateKey] = [Star_Schema_Benchmark].[dbo].[LineOrder].[LO_OrderDateKey]">
                                    <Logical Operation="AND">
                                      <ScalarOperator>
                                        <Compare CompareOp="IS">
                                          <ScalarOperator>
                                            <Identifier>
                                              <ColumnReference Database="[Star_Schema_Benchmark]" Schema="[dbo]" Table="[Customer]" Column="C_Nation" />
                                            </Identifier>
                                          </ScalarOperator>
                                          <ScalarOperator>
                                            <Identifier>
                                              <ColumnReference Database="[Star_Schema_Benchmark]" Schema="[dbo]" Table="[Customer]" Column="C_Nation" />
                                            </Identifier>
                                          </ScalarOperator>
                                        </Compare>
                                      </ScalarOperator>
                                      <ScalarOperator>
                                        <Compare CompareOp="IS">
                                          <ScalarOperator>
                                            <Identifier>
                                              <ColumnReference Database="[Star_Schema_Benchmark]" Schema="[dbo]" Table="[LineOrder]" Column="LO_OrderDateKey" />
                                            </Identifier>
                                          </ScalarOperator>
                                          <ScalarOperator>
                                            <Identifier>
                                              <ColumnReference Database="[Star_Schema_Benchmark]" Schema="[dbo]" Table="[LineOrder]" Column="LO_OrderDateKey" />
                                            </Identifier>
                                          </ScalarOperator>
                                        </Compare>
                                      </ScalarOperator>
                                    </Logical>
                                  </ScalarOperator>
                                </BuildResidual>
                                <RelOp AvgRowSize="39" EstimateCPU="32.2443" EstimateIO="0" EstimateRebinds="0" EstimateRewinds="0" EstimateRows="2814570" LogicalOp="Inner Join" NodeId="7" Parallel="false" PhysicalOp="Hash Match" EstimatedTotalSubtreeCost="1207.95">
                                  <OutputList>
                                    <ColumnReference Database="[Star_Schema_Benchmark]" Schema="[dbo]" Table="[Customer]" Column="C_Nation" />
                                    <ColumnReference Database="[Star_Schema_Benchmark]" Schema="[dbo]" Table="[LineOrder]" Column="LO_OrderDateKey" />
                                    <ColumnReference Column="Expr1016" />
                                  </OutputList>
                                  <MemoryFractions Input="0.184171" Output="0.178959" />
                                  <RunTimeInformation>
                                    <RunTimeCountersPerThread Thread="0" ActualRows="979158" ActualEndOfScans="1" ActualExecutions="1" />
                                  </RunTimeInformation>
                                  <Hash>
                                    <DefinedValues />
                                    <HashKeysBuild>
                                      <ColumnReference Database="[Star_Schema_Benchmark]" Schema="[dbo]" Table="[Customer]" Column="C_CustomerKey" />
                                    </HashKeysBuild>
                                    <HashKeysProbe>
                                      <ColumnReference Database="[Star_Schema_Benchmark]" Schema="[dbo]" Table="[LineOrder]" Column="LO_CustKey" />
                                    </HashKeysProbe>
                                    <ProbeResidual>
                                      <ScalarOperator ScalarString="[Star_Schema_Benchmark].[dbo].[LineOrder].[LO_CustKey]=[Star_Schema_Benchmark].[dbo].[Customer].[C_CustomerKey]">
                                        <Compare CompareOp="EQ">
                                          <ScalarOperator>
                                            <Identifier>
                                              <ColumnReference Database="[Star_Schema_Benchmark]" Schema="[dbo]" Table="[LineOrder]" Column="LO_CustKey" />
                                            </Identifier>
                                          </ScalarOperator>
                                          <ScalarOperator>
                                            <Identifier>
                                              <ColumnReference Database="[Star_Schema_Benchmark]" Schema="[dbo]" Table="[Customer]" Column="C_CustomerKey" />
                                            </Identifier>
                                          </ScalarOperator>
                                        </Compare>
                                      </ScalarOperator>
                                    </ProbeResidual>
                                    <RelOp AvgRowSize="42" EstimateCPU="0.330079" EstimateIO="3.26691" EstimateRebinds="0" EstimateRewinds="0" EstimateRows="59409.5" LogicalOp="Clustered Index Scan" NodeId="8" Parallel="false" PhysicalOp="Clustered Index Scan" EstimatedTotalSubtreeCost="3.59699" TableCardinality="300000">
                                      <OutputList>
                                        <ColumnReference Database="[Star_Schema_Benchmark]" Schema="[dbo]" Table="[Customer]" Column="C_CustomerKey" />
                                        <ColumnReference Database="[Star_Schema_Benchmark]" Schema="[dbo]" Table="[Customer]" Column="C_Nation" />
                                      </OutputList>
                                      <RunTimeInformation>
                                        <RunTimeCountersPerThread Thread="0" ActualRows="59761" ActualEndOfScans="1" ActualExecutions="1" />
                                      </RunTimeInformation>
                                      <IndexScan Ordered="false" ForcedIndex="false" NoExpandHint="false">
                                        <DefinedValues>
                                          <DefinedValue>
                                            <ColumnReference Database="[Star_Schema_Benchmark]" Schema="[dbo]" Table="[Customer]" Column="C_CustomerKey" />
                                          </DefinedValue>
                                          <DefinedValue>
                                            <ColumnReference Database="[Star_Schema_Benchmark]" Schema="[dbo]" Table="[Customer]" Column="C_Nation" />
                                          </DefinedValue>
                                        </DefinedValues>
                                        <Object Database="[Star_Schema_Benchmark]" Schema="[dbo]" Table="[Customer]" Index="[PK_Customer]" IndexKind="Clustered" />
                                        <Predicate>
                                          <ScalarOperator ScalarString="[Star_Schema_Benchmark].[dbo].[Customer].[C_Region]='AMERICA'">
                                            <Compare CompareOp="EQ">
                                              <ScalarOperator>
                                                <Identifier>
                                                  <ColumnReference Database="[Star_Schema_Benchmark]" Schema="[dbo]" Table="[Customer]" Column="C_Region" />
                                                </Identifier>
                                              </ScalarOperator>
                                              <ScalarOperator>
                                                <Const ConstValue="'AMERICA'" />
                                              </ScalarOperator>
                                            </Compare>
                                          </ScalarOperator>
                                        </Predicate>
                                      </IndexScan>
                                    </RelOp>
                                    <RelOp AvgRowSize="32" EstimateCPU="90.3342" EstimateIO="0" EstimateRebinds="0" EstimateRewinds="0" EstimateRows="4210920" LogicalOp="Inner Join" NodeId="9" Parallel="false" PhysicalOp="Hash Match" EstimatedTotalSubtreeCost="1171.97">
                                      <OutputList>
                                        <ColumnReference Database="[Star_Schema_Benchmark]" Schema="[dbo]" Table="[LineOrder]" Column="LO_CustKey" />
                                        <ColumnReference Database="[Star_Schema_Benchmark]" Schema="[dbo]" Table="[LineOrder]" Column="LO_OrderDateKey" />
                                        <ColumnReference Column="Expr1016" />
                                      </OutputList>
                                      <MemoryFractions Input="0.726884" Output="0.706316" />
                                      <RunTimeInformation>
                                        <RunTimeCountersPerThread Thread="0" ActualRows="4918287" ActualEndOfScans="1" ActualExecutions="1" />
                                      </RunTimeInformation>
                                      <Hash>
                                        <DefinedValues />
                                        <HashKeysBuild>
                                          <ColumnReference Database="[Star_Schema_Benchmark]" Schema="[dbo]" Table="[Part]" Column="P_PartKey" />
                                        </HashKeysBuild>
                                        <HashKeysProbe>
                                          <ColumnReference Database="[Star_Schema_Benchmark]" Schema="[dbo]" Table="[LineOrder]" Column="LO_PartKey" />
                                        </HashKeysProbe>
                                        <ProbeResidual>
                                          <ScalarOperator ScalarString="[Star_Schema_Benchmark].[dbo].[LineOrder].[LO_PartKey]=[Star_Schema_Benchmark].[dbo].[Part].[P_PartKey]">
                                            <Compare CompareOp="EQ">
                                              <ScalarOperator>
                                                <Identifier>
                                                  <ColumnReference Database="[Star_Schema_Benchmark]" Schema="[dbo]" Table="[LineOrder]" Column="LO_PartKey" />
                                                </Identifier>
                                              </ScalarOperator>
                                              <ScalarOperator>
                                                <Identifier>
                                                  <ColumnReference Database="[Star_Schema_Benchmark]" Schema="[dbo]" Table="[Part]" Column="P_PartKey" />
                                                </Identifier>
                                              </ScalarOperator>
                                            </Compare>
                                          </ScalarOperator>
                                        </ProbeResidual>
                                        <RelOp AvgRowSize="21" EstimateCPU="0.880157" EstimateIO="7.22609" EstimateRebinds="0" EstimateRewinds="0" EstimateRows="318975" LogicalOp="Clustered Index Scan" NodeId="10" Parallel="false" PhysicalOp="Clustered Index Scan" EstimatedTotalSubtreeCost="8.10624" TableCardinality="800000">
                                          <OutputList>
                                            <ColumnReference Database="[Star_Schema_Benchmark]" Schema="[dbo]" Table="[Part]" Column="P_PartKey" />
                                          </OutputList>
                                          <RunTimeInformation>
                                            <RunTimeCountersPerThread Thread="0" ActualRows="319771" ActualEndOfScans="1" ActualExecutions="1" />
                                          </RunTimeInformation>
                                          <IndexScan Ordered="false" ForcedIndex="false" NoExpandHint="false">
                                            <DefinedValues>
                                              <DefinedValue>
                                                <ColumnReference Database="[Star_Schema_Benchmark]" Schema="[dbo]" Table="[Part]" Column="P_PartKey" />
                                              </DefinedValue>
                                            </DefinedValues>
                                            <Object Database="[Star_Schema_Benchmark]" Schema="[dbo]" Table="[Part]" Index="[PK_Part]" IndexKind="Clustered" />
                                            <Predicate>
                                              <ScalarOperator ScalarString="[Star_Schema_Benchmark].[dbo].[Part].[P_MFGR]='MFGR#1' OR [Star_Schema_Benchmark].[dbo].[Part].[P_MFGR]='MFGR#2'">
                                                <Logical Operation="OR">
                                                  <ScalarOperator>
                                                    <Compare CompareOp="EQ">
                                                      <ScalarOperator>
                                                        <Identifier>
                                                          <ColumnReference Database="[Star_Schema_Benchmark]" Schema="[dbo]" Table="[Part]" Column="P_MFGR" />
                                                        </Identifier>
                                                      </ScalarOperator>
                                                      <ScalarOperator>
                                                        <Const ConstValue="'MFGR#1'" />
                                                      </ScalarOperator>
                                                    </Compare>
                                                  </ScalarOperator>
                                                  <ScalarOperator>
                                                    <Compare CompareOp="EQ">
                                                      <ScalarOperator>
                                                        <Identifier>
                                                          <ColumnReference Database="[Star_Schema_Benchmark]" Schema="[dbo]" Table="[Part]" Column="P_MFGR" />
                                                        </Identifier>
                                                      </ScalarOperator>
                                                      <ScalarOperator>
                                                        <Const ConstValue="'MFGR#2'" />
                                                      </ScalarOperator>
                                                    </Compare>
                                                  </ScalarOperator>
                                                </Logical>
                                              </ScalarOperator>
                                            </Predicate>
                                          </IndexScan>
                                        </RelOp>
                                        <RelOp AvgRowSize="40" EstimateCPU="283.919" EstimateIO="0" EstimateRebinds="0" EstimateRewinds="0" EstimateRows="12303000" LogicalOp="Inner Join" NodeId="11" Parallel="false" PhysicalOp="Hash Match" EstimatedTotalSubtreeCost="1072.82">
                                          <OutputList>
                                            <ColumnReference Database="[Star_Schema_Benchmark]" Schema="[dbo]" Table="[LineOrder]" Column="LO_CustKey" />
                                            <ColumnReference Database="[Star_Schema_Benchmark]" Schema="[dbo]" Table="[LineOrder]" Column="LO_PartKey" />
                                            <ColumnReference Database="[Star_Schema_Benchmark]" Schema="[dbo]" Table="[LineOrder]" Column="LO_OrderDateKey" />
                                            <ColumnReference Column="Expr1016" />
                                          </OutputList>
                                          <MemoryFractions Input="0.086565" Output="0.0841156" />
                                          <RunTimeInformation>
                                            <RunTimeCountersPerThread Thread="0" ActualRows="12302657" ActualEndOfScans="1" ActualExecutions="1" />
                                          </RunTimeInformation>
                                          <Hash>
                                            <DefinedValues />
                                            <HashKeysBuild>
                                              <ColumnReference Database="[Star_Schema_Benchmark]" Schema="[dbo]" Table="[Supplier]" Column="S_SuppKey" />
                                            </HashKeysBuild>
                                            <HashKeysProbe>
                                              <ColumnReference Database="[Star_Schema_Benchmark]" Schema="[dbo]" Table="[LineOrder]" Column="LO_SuppKey" />
                                            </HashKeysProbe>
                                            <RelOp AvgRowSize="23" EstimateCPU="0.022157" EstimateIO="0.203125" EstimateRebinds="0" EstimateRewinds="0" EstimateRows="4102" LogicalOp="Clustered Index Scan" NodeId="12" Parallel="false" PhysicalOp="Clustered Index Scan" EstimatedTotalSubtreeCost="0.225282" TableCardinality="20000">
                                              <OutputList>
                                                <ColumnReference Database="[Star_Schema_Benchmark]" Schema="[dbo]" Table="[Supplier]" Column="S_SuppKey" />
                                              </OutputList>
                                              <RunTimeInformation>
                                                <RunTimeCountersPerThread Thread="0" ActualRows="4102" ActualEndOfScans="1" ActualExecutions="1" />
                                              </RunTimeInformation>
                                              <IndexScan Ordered="false" ForcedIndex="false" NoExpandHint="false">
                                                <DefinedValues>
                                                  <DefinedValue>
                                                    <ColumnReference Database="[Star_Schema_Benchmark]" Schema="[dbo]" Table="[Supplier]" Column="S_SuppKey" />
                                                  </DefinedValue>
                                                </DefinedValues>
                                                <Object Database="[Star_Schema_Benchmark]" Schema="[dbo]" Table="[Supplier]" Index="[PK_Supplier]" IndexKind="Clustered" />
                                                <Predicate>
                                                  <ScalarOperator ScalarString="[Star_Schema_Benchmark].[dbo].[Supplier].[S_Region]='AMERICA'">
                                                    <Compare CompareOp="EQ">
                                                      <ScalarOperator>
                                                        <Identifier>
                                                          <ColumnReference Database="[Star_Schema_Benchmark]" Schema="[dbo]" Table="[Supplier]" Column="S_Region" />
                                                        </Identifier>
                                                      </ScalarOperator>
                                                      <ScalarOperator>
                                                        <Const ConstValue="'AMERICA'" />
                                                      </ScalarOperator>
                                                    </Compare>
                                                  </ScalarOperator>
                                                </Predicate>
                                              </IndexScan>
                                            </RelOp>
                                            <RelOp AvgRowSize="44" EstimateCPU="5.99862" EstimateIO="0" EstimateRebinds="0" EstimateRewinds="0" EstimateRows="59986200" LogicalOp="Compute Scalar" NodeId="13" Parallel="false" PhysicalOp="Compute Scalar" EstimatedTotalSubtreeCost="788.667">
                                              <OutputList>
                                                <ColumnReference Database="[Star_Schema_Benchmark]" Schema="[dbo]" Table="[LineOrder]" Column="LO_CustKey" />
                                                <ColumnReference Database="[Star_Schema_Benchmark]" Schema="[dbo]" Table="[LineOrder]" Column="LO_PartKey" />
                                                <ColumnReference Database="[Star_Schema_Benchmark]" Schema="[dbo]" Table="[LineOrder]" Column="LO_SuppKey" />
                                                <ColumnReference Database="[Star_Schema_Benchmark]" Schema="[dbo]" Table="[LineOrder]" Column="LO_OrderDateKey" />
                                                <ColumnReference Column="Expr1016" />
                                              </OutputList>
                                              <ComputeScalar>
                                                <DefinedValues>
                                                  <DefinedValue>
                                                    <ColumnReference Column="Expr1016" />
                                                    <ScalarOperator ScalarString="[Star_Schema_Benchmark].[dbo].[LineOrder].[LO_Revenue]-[Star_Schema_Benchmark].[dbo].[LineOrder].[LO_SupplyCost]">
                                                      <Arithmetic Operation="SUB">
                                                        <ScalarOperator>
                                                          <Identifier>
                                                            <ColumnReference Database="[Star_Schema_Benchmark]" Schema="[dbo]" Table="[LineOrder]" Column="LO_Revenue" />
                                                          </Identifier>
                                                        </ScalarOperator>
                                                        <ScalarOperator>
                                                          <Identifier>
                                                            <ColumnReference Database="[Star_Schema_Benchmark]" Schema="[dbo]" Table="[LineOrder]" Column="LO_SupplyCost" />
                                                          </Identifier>
                                                        </ScalarOperator>
                                                      </Arithmetic>
                                                    </ScalarOperator>
                                                  </DefinedValue>
                                                </DefinedValues>
                                                <RelOp AvgRowSize="53" EstimateCPU="65.985" EstimateIO="716.684" EstimateRebinds="0" EstimateRewinds="0" EstimateRows="59986200" LogicalOp="Clustered Index Scan" NodeId="14" Parallel="false" PhysicalOp="Clustered Index Scan" EstimatedTotalSubtreeCost="782.669" TableCardinality="59986200">
                                                  <OutputList>
                                                    <ColumnReference Database="[Star_Schema_Benchmark]" Schema="[dbo]" Table="[LineOrder]" Column="LO_CustKey" />
                                                    <ColumnReference Database="[Star_Schema_Benchmark]" Schema="[dbo]" Table="[LineOrder]" Column="LO_PartKey" />
                                                    <ColumnReference Database="[Star_Schema_Benchmark]" Schema="[dbo]" Table="[LineOrder]" Column="LO_SuppKey" />
                                                    <ColumnReference Database="[Star_Schema_Benchmark]" Schema="[dbo]" Table="[LineOrder]" Column="LO_OrderDateKey" />
                                                    <ColumnReference Database="[Star_Schema_Benchmark]" Schema="[dbo]" Table="[LineOrder]" Column="LO_Revenue" />
                                                    <ColumnReference Database="[Star_Schema_Benchmark]" Schema="[dbo]" Table="[LineOrder]" Column="LO_SupplyCost" />
                                                  </OutputList>
                                                  <RunTimeInformation>
                                                    <RunTimeCountersPerThread Thread="0" ActualRows="59986214" ActualEndOfScans="1" ActualExecutions="1" />
                                                  </RunTimeInformation>
                                                  <IndexScan Ordered="false" ForcedIndex="false" NoExpandHint="false">
                                                    <DefinedValues>
                                                      <DefinedValue>
                                                        <ColumnReference Database="[Star_Schema_Benchmark]" Schema="[dbo]" Table="[LineOrder]" Column="LO_CustKey" />
                                                      </DefinedValue>
                                                      <DefinedValue>
                                                        <ColumnReference Database="[Star_Schema_Benchmark]" Schema="[dbo]" Table="[LineOrder]" Column="LO_PartKey" />
                                                      </DefinedValue>
                                                      <DefinedValue>
                                                        <ColumnReference Database="[Star_Schema_Benchmark]" Schema="[dbo]" Table="[LineOrder]" Column="LO_SuppKey" />
                                                      </DefinedValue>
                                                      <DefinedValue>
                                                        <ColumnReference Database="[Star_Schema_Benchmark]" Schema="[dbo]" Table="[LineOrder]" Column="LO_OrderDateKey" />
                                                      </DefinedValue>
                                                      <DefinedValue>
                                                        <ColumnReference Database="[Star_Schema_Benchmark]" Schema="[dbo]" Table="[LineOrder]" Column="LO_Revenue" />
                                                      </DefinedValue>
                                                      <DefinedValue>
                                                        <ColumnReference Database="[Star_Schema_Benchmark]" Schema="[dbo]" Table="[LineOrder]" Column="LO_SupplyCost" />
                                                      </DefinedValue>
                                                    </DefinedValues>
                                                    <Object Database="[Star_Schema_Benchmark]" Schema="[dbo]" Table="[LineOrder]" Index="[PK_LineOrder]" IndexKind="Clustered" />
                                                  </IndexScan>
                                                </RelOp>
                                              </ComputeScalar>
                                            </RelOp>
                                          </Hash>
                                        </RelOp>
                                      </Hash>
                                    </RelOp>
                                  </Hash>
                                </RelOp>
                              </Hash>
                            </RelOp>
                          </Hash>
                        </RelOp>
                      </Hash>
                    </RelOp>
                  </ComputeScalar>
                </RelOp>
              </Sort>
            </RelOp>
          </QueryPlan>
        </StmtSimple>
      </Statements>
    </Batch>
    <Batch>
      <Statements>
        <StmtSimple StatementCompId="12" StatementEstRows="79.2351" StatementId="12" StatementOptmLevel="FULL" StatementSubTreeCost="1231.27" StatementText="select d_year, s_nation, p_category,&#xD;&#xA;sum(lo_revenue - lo_supplycost) as profit&#xD;&#xA;from date, customer, supplier, part, lineorder&#xD;&#xA;where lo_custkey = c_customerkey&#xD;&#xA;and lo_suppkey = s_suppkey&#xD;&#xA;and lo_partkey = p_partkey&#xD;&#xA;and lo_orderdatekey = d_datekey&#xD;&#xA;and c_region = 'AMERICA'&#xD;&#xA;and s_region = 'AMERICA'&#xD;&#xA;and (d_year = 1997 or d_year = 1998)&#xD;&#xA;and (p_mfgr = 'MFGR#1'&#xD;&#xA;or p_mfgr = 'MFGR#2')&#xD;&#xA;group by d_year, s_nation, p_category&#xD;&#xA;order by d_year, s_nation, p_category;&#xD;&#xA;&#xD;&#xA;--Q4.3&#xD;" StatementType="SELECT" QueryHash="0xA56C180A7F9B12C3" QueryPlanHash="0xEDB909D565E33CA1">
          <StatementSetOptions ANSI_NULLS="true" ANSI_PADDING="true" ANSI_WARNINGS="true" ARITHABORT="true" CONCAT_NULL_YIELDS_NULL="true" NUMERIC_ROUNDABORT="false" QUOTED_IDENTIFIER="true" />
          <QueryPlan DegreeOfParallelism="1" MemoryGrant="185064" CachedPlanSize="136" CompileTime="257" CompileCPU="257" CompileMemory="2808">
            <MissingIndexes>
              <MissingIndexGroup Impact="80.1506">
                <MissingIndex Database="[Star_Schema_Benchmark]" Schema="[dbo]" Table="[LineOrder]">
                  <ColumnGroup Usage="EQUALITY">
                    <Column Name="[LO_SuppKey]" ColumnId="5" />
                  </ColumnGroup>
                  <ColumnGroup Usage="INCLUDE">
                    <Column Name="[LO_CustKey]" ColumnId="3" />
                    <Column Name="[LO_PartKey]" ColumnId="4" />
                    <Column Name="[LO_OrderDateKey]" ColumnId="6" />
                    <Column Name="[LO_Revenue]" ColumnId="13" />
                    <Column Name="[LO_SupplyCost]" ColumnId="14" />
                  </ColumnGroup>
                </MissingIndex>
              </MissingIndexGroup>
            </MissingIndexes>
            <RelOp AvgRowSize="48" EstimateCPU="0.000879768" EstimateIO="0.0112613" EstimateRebinds="0" EstimateRewinds="0" EstimateRows="79.2351" LogicalOp="Sort" NodeId="0" Parallel="false" PhysicalOp="Sort" EstimatedTotalSubtreeCost="1231.27">
              <OutputList>
                <ColumnReference Database="[Star_Schema_Benchmark]" Schema="[dbo]" Table="[Date]" Column="D_Year" />
                <ColumnReference Database="[Star_Schema_Benchmark]" Schema="[dbo]" Table="[Supplier]" Column="S_Nation" />
                <ColumnReference Database="[Star_Schema_Benchmark]" Schema="[dbo]" Table="[Part]" Column="P_Category" />
                <ColumnReference Column="Expr1015" />
              </OutputList>
              <MemoryFractions Input="1" Output="1" />
              <RunTimeInformation>
                <RunTimeCountersPerThread Thread="0" ActualRebinds="1" ActualRewinds="0" ActualRows="100" ActualEndOfScans="1" ActualExecutions="1" />
              </RunTimeInformation>
              <Sort Distinct="false">
                <OrderBy>
                  <OrderByColumn Ascending="true">
                    <ColumnReference Database="[Star_Schema_Benchmark]" Schema="[dbo]" Table="[Date]" Column="D_Year" />
                  </OrderByColumn>
                  <OrderByColumn Ascending="true">
                    <ColumnReference Database="[Star_Schema_Benchmark]" Schema="[dbo]" Table="[Supplier]" Column="S_Nation" />
                  </OrderByColumn>
                  <OrderByColumn Ascending="true">
                    <ColumnReference Database="[Star_Schema_Benchmark]" Schema="[dbo]" Table="[Part]" Column="P_Category" />
                  </OrderByColumn>
                </OrderBy>
                <RelOp AvgRowSize="48" EstimateCPU="4.32984" EstimateIO="0" EstimateRebinds="0" EstimateRewinds="0" EstimateRows="79.2351" LogicalOp="Compute Scalar" NodeId="1" Parallel="false" PhysicalOp="Compute Scalar" EstimatedTotalSubtreeCost="1231.26">
                  <OutputList>
                    <ColumnReference Database="[Star_Schema_Benchmark]" Schema="[dbo]" Table="[Date]" Column="D_Year" />
                    <ColumnReference Database="[Star_Schema_Benchmark]" Schema="[dbo]" Table="[Supplier]" Column="S_Nation" />
                    <ColumnReference Database="[Star_Schema_Benchmark]" Schema="[dbo]" Table="[Part]" Column="P_Category" />
                    <ColumnReference Column="Expr1015" />
                  </OutputList>
                  <ComputeScalar>
                    <DefinedValues>
                      <DefinedValue>
                        <ColumnReference Column="Expr1015" />
                        <ScalarOperator ScalarString="CASE WHEN [Expr1021]=(0) THEN NULL ELSE [Expr1022] END">
                          <IF>
                            <Condition>
                              <ScalarOperator>
                                <Compare CompareOp="EQ">
                                  <ScalarOperator>
                                    <Identifier>
                                      <ColumnReference Column="Expr1021" />
                                    </Identifier>
                                  </ScalarOperator>
                                  <ScalarOperator>
                                    <Const ConstValue="(0)" />
                                  </ScalarOperator>
                                </Compare>
                              </ScalarOperator>
                            </Condition>
                            <Then>
                              <ScalarOperator>
                                <Const ConstValue="NULL" />
                              </ScalarOperator>
                            </Then>
                            <Else>
                              <ScalarOperator>
                                <Identifier>
                                  <ColumnReference Column="Expr1022" />
                                </Identifier>
                              </ScalarOperator>
                            </Else>
                          </IF>
                        </ScalarOperator>
                      </DefinedValue>
                    </DefinedValues>
                    <RelOp AvgRowSize="48" EstimateCPU="4.32984" EstimateIO="0" EstimateRebinds="0" EstimateRewinds="0" EstimateRows="79.2351" LogicalOp="Aggregate" NodeId="2" Parallel="false" PhysicalOp="Hash Match" EstimatedTotalSubtreeCost="1231.26">
                      <OutputList>
                        <ColumnReference Database="[Star_Schema_Benchmark]" Schema="[dbo]" Table="[Date]" Column="D_Year" />
                        <ColumnReference Database="[Star_Schema_Benchmark]" Schema="[dbo]" Table="[Supplier]" Column="S_Nation" />
                        <ColumnReference Database="[Star_Schema_Benchmark]" Schema="[dbo]" Table="[Part]" Column="P_Category" />
                        <ColumnReference Column="Expr1021" />
                        <ColumnReference Column="Expr1022" />
                      </OutputList>
                      <MemoryFractions Input="0" Output="0" />
                      <RunTimeInformation>
                        <RunTimeCountersPerThread Thread="0" ActualRows="100" ActualEndOfScans="1" ActualExecutions="1" />
                      </RunTimeInformation>
                      <Hash>
                        <DefinedValues>
                          <DefinedValue>
                            <ColumnReference Column="Expr1021" />
                            <ScalarOperator ScalarString="COUNT_BIG([Expr1016])">
                              <Aggregate AggType="COUNT_BIG" Distinct="false">
                                <ScalarOperator>
                                  <Identifier>
                                    <ColumnReference Column="Expr1016" />
                                  </Identifier>
                                </ScalarOperator>
                              </Aggregate>
                            </ScalarOperator>
                          </DefinedValue>
                          <DefinedValue>
                            <ColumnReference Column="Expr1022" />
                            <ScalarOperator ScalarString="SUM([Expr1016])">
                              <Aggregate AggType="SUM" Distinct="false">
                                <ScalarOperator>
                                  <Identifier>
                                    <ColumnReference Column="Expr1016" />
                                  </Identifier>
                                </ScalarOperator>
                              </Aggregate>
                            </ScalarOperator>
                          </DefinedValue>
                        </DefinedValues>
                        <HashKeysBuild>
                          <ColumnReference Database="[Star_Schema_Benchmark]" Schema="[dbo]" Table="[Date]" Column="D_Year" />
                          <ColumnReference Database="[Star_Schema_Benchmark]" Schema="[dbo]" Table="[Supplier]" Column="S_Nation" />
                          <ColumnReference Database="[Star_Schema_Benchmark]" Schema="[dbo]" Table="[Part]" Column="P_Category" />
                        </HashKeysBuild>
                        <BuildResidual>
                          <ScalarOperator ScalarString="[Star_Schema_Benchmark].[dbo].[Date].[D_Year] = [Star_Schema_Benchmark].[dbo].[Date].[D_Year] AND [Star_Schema_Benchmark].[dbo].[Supplier].[S_Nation] = [Star_Schema_Benchmark].[dbo].[Supplier].[S_Nation] AND [Star_Schema_Benchmark].[dbo].[Part].[P_Category] = [Star_Schema_Benchmark].[dbo].[Part].[P_Category]">
                            <Logical Operation="AND">
                              <ScalarOperator>
                                <Logical Operation="AND">
                                  <ScalarOperator>
                                    <Compare CompareOp="IS">
                                      <ScalarOperator>
                                        <Identifier>
                                          <ColumnReference Database="[Star_Schema_Benchmark]" Schema="[dbo]" Table="[Date]" Column="D_Year" />
                                        </Identifier>
                                      </ScalarOperator>
                                      <ScalarOperator>
                                        <Identifier>
                                          <ColumnReference Database="[Star_Schema_Benchmark]" Schema="[dbo]" Table="[Date]" Column="D_Year" />
                                        </Identifier>
                                      </ScalarOperator>
                                    </Compare>
                                  </ScalarOperator>
                                  <ScalarOperator>
                                    <Compare CompareOp="IS">
                                      <ScalarOperator>
                                        <Identifier>
                                          <ColumnReference Database="[Star_Schema_Benchmark]" Schema="[dbo]" Table="[Supplier]" Column="S_Nation" />
                                        </Identifier>
                                      </ScalarOperator>
                                      <ScalarOperator>
                                        <Identifier>
                                          <ColumnReference Database="[Star_Schema_Benchmark]" Schema="[dbo]" Table="[Supplier]" Column="S_Nation" />
                                        </Identifier>
                                      </ScalarOperator>
                                    </Compare>
                                  </ScalarOperator>
                                </Logical>
                              </ScalarOperator>
                              <ScalarOperator>
                                <Compare CompareOp="IS">
                                  <ScalarOperator>
                                    <Identifier>
                                      <ColumnReference Database="[Star_Schema_Benchmark]" Schema="[dbo]" Table="[Part]" Column="P_Category" />
                                    </Identifier>
                                  </ScalarOperator>
                                  <ScalarOperator>
                                    <Identifier>
                                      <ColumnReference Database="[Star_Schema_Benchmark]" Schema="[dbo]" Table="[Part]" Column="P_Category" />
                                    </Identifier>
                                  </ScalarOperator>
                                </Compare>
                              </ScalarOperator>
                            </Logical>
                          </ScalarOperator>
                        </BuildResidual>
                        <RelOp AvgRowSize="40" EstimateCPU="28.2358" EstimateIO="0" EstimateRebinds="0" EstimateRewinds="0" EstimateRows="645205" LogicalOp="Inner Join" NodeId="3" Parallel="false" PhysicalOp="Hash Match" EstimatedTotalSubtreeCost="1226.93">
                          <OutputList>
                            <ColumnReference Database="[Star_Schema_Benchmark]" Schema="[dbo]" Table="[Date]" Column="D_Year" />
                            <ColumnReference Database="[Star_Schema_Benchmark]" Schema="[dbo]" Table="[Supplier]" Column="S_Nation" />
                            <ColumnReference Database="[Star_Schema_Benchmark]" Schema="[dbo]" Table="[Part]" Column="P_Category" />
                            <ColumnReference Column="Expr1016" />
                          </OutputList>
                          <MemoryFractions Input="0.640244" Output="0.640244" />
                          <RunTimeInformation>
                            <RunTimeCountersPerThread Thread="0" ActualRows="235773" ActualEndOfScans="1" ActualExecutions="1" />
                          </RunTimeInformation>
                          <Hash>
                            <DefinedValues />
                            <HashKeysBuild>
                              <ColumnReference Database="[Star_Schema_Benchmark]" Schema="[dbo]" Table="[Part]" Column="P_PartKey" />
                            </HashKeysBuild>
                            <HashKeysProbe>
                              <ColumnReference Database="[Star_Schema_Benchmark]" Schema="[dbo]" Table="[LineOrder]" Column="LO_PartKey" />
                            </HashKeysProbe>
                            <ProbeResidual>
                              <ScalarOperator ScalarString="[Star_Schema_Benchmark].[dbo].[LineOrder].[LO_PartKey]=[Star_Schema_Benchmark].[dbo].[Part].[P_PartKey]">
                                <Compare CompareOp="EQ">
                                  <ScalarOperator>
                                    <Identifier>
                                      <ColumnReference Database="[Star_Schema_Benchmark]" Schema="[dbo]" Table="[LineOrder]" Column="LO_PartKey" />
                                    </Identifier>
                                  </ScalarOperator>
                                  <ScalarOperator>
                                    <Identifier>
                                      <ColumnReference Database="[Star_Schema_Benchmark]" Schema="[dbo]" Table="[Part]" Column="P_PartKey" />
                                    </Identifier>
                                  </ScalarOperator>
                                </Compare>
                              </ScalarOperator>
                            </ProbeResidual>
                            <RelOp AvgRowSize="28" EstimateCPU="0.880157" EstimateIO="7.22609" EstimateRebinds="0" EstimateRewinds="0" EstimateRows="318975" LogicalOp="Clustered Index Scan" NodeId="4" Parallel="false" PhysicalOp="Clustered Index Scan" EstimatedTotalSubtreeCost="8.10624" TableCardinality="800000">
                              <OutputList>
                                <ColumnReference Database="[Star_Schema_Benchmark]" Schema="[dbo]" Table="[Part]" Column="P_PartKey" />
                                <ColumnReference Database="[Star_Schema_Benchmark]" Schema="[dbo]" Table="[Part]" Column="P_Category" />
                              </OutputList>
                              <RunTimeInformation>
                                <RunTimeCountersPerThread Thread="0" ActualRows="319771" ActualEndOfScans="1" ActualExecutions="1" />
                              </RunTimeInformation>
                              <IndexScan Ordered="false" ForcedIndex="false" NoExpandHint="false">
                                <DefinedValues>
                                  <DefinedValue>
                                    <ColumnReference Database="[Star_Schema_Benchmark]" Schema="[dbo]" Table="[Part]" Column="P_PartKey" />
                                  </DefinedValue>
                                  <DefinedValue>
                                    <ColumnReference Database="[Star_Schema_Benchmark]" Schema="[dbo]" Table="[Part]" Column="P_Category" />
                                  </DefinedValue>
                                </DefinedValues>
                                <Object Database="[Star_Schema_Benchmark]" Schema="[dbo]" Table="[Part]" Index="[PK_Part]" IndexKind="Clustered" />
                                <Predicate>
                                  <ScalarOperator ScalarString="[Star_Schema_Benchmark].[dbo].[Part].[P_MFGR]='MFGR#1' OR [Star_Schema_Benchmark].[dbo].[Part].[P_MFGR]='MFGR#2'">
                                    <Logical Operation="OR">
                                      <ScalarOperator>
                                        <Compare CompareOp="EQ">
                                          <ScalarOperator>
                                            <Identifier>
                                              <ColumnReference Database="[Star_Schema_Benchmark]" Schema="[dbo]" Table="[Part]" Column="P_MFGR" />
                                            </Identifier>
                                          </ScalarOperator>
                                          <ScalarOperator>
                                            <Const ConstValue="'MFGR#1'" />
                                          </ScalarOperator>
                                        </Compare>
                                      </ScalarOperator>
                                      <ScalarOperator>
                                        <Compare CompareOp="EQ">
                                          <ScalarOperator>
                                            <Identifier>
                                              <ColumnReference Database="[Star_Schema_Benchmark]" Schema="[dbo]" Table="[Part]" Column="P_MFGR" />
                                            </Identifier>
                                          </ScalarOperator>
                                          <ScalarOperator>
                                            <Const ConstValue="'MFGR#2'" />
                                          </ScalarOperator>
                                        </Compare>
                                      </ScalarOperator>
                                    </Logical>
                                  </ScalarOperator>
                                </Predicate>
                              </IndexScan>
                            </RelOp>
                            <RelOp AvgRowSize="41" EstimateCPU="28.7549" EstimateIO="0" EstimateRebinds="0" EstimateRewinds="0" EstimateRows="3136470" LogicalOp="Inner Join" NodeId="5" Parallel="false" PhysicalOp="Hash Match" EstimatedTotalSubtreeCost="1189.89">
                              <OutputList>
                                <ColumnReference Database="[Star_Schema_Benchmark]" Schema="[dbo]" Table="[Date]" Column="D_Year" />
                                <ColumnReference Database="[Star_Schema_Benchmark]" Schema="[dbo]" Table="[Supplier]" Column="S_Nation" />
                                <ColumnReference Database="[Star_Schema_Benchmark]" Schema="[dbo]" Table="[LineOrder]" Column="LO_PartKey" />
                                <ColumnReference Column="Expr1016" />
                              </OutputList>
                              <MemoryFractions Input="0.216912" Output="0.216912" />
                              <RunTimeInformation>
                                <RunTimeCountersPerThread Thread="0" ActualRows="588071" ActualEndOfScans="1" ActualExecutions="1" />
                              </RunTimeInformation>
                              <Hash>
                                <DefinedValues />
                                <HashKeysBuild>
                                  <ColumnReference Database="[Star_Schema_Benchmark]" Schema="[dbo]" Table="[Customer]" Column="C_CustomerKey" />
                                </HashKeysBuild>
                                <HashKeysProbe>
                                  <ColumnReference Database="[Star_Schema_Benchmark]" Schema="[dbo]" Table="[LineOrder]" Column="LO_CustKey" />
                                </HashKeysProbe>
                                <ProbeResidual>
                                  <ScalarOperator ScalarString="[Star_Schema_Benchmark].[dbo].[LineOrder].[LO_CustKey]=[Star_Schema_Benchmark].[dbo].[Customer].[C_CustomerKey]">
                                    <Compare CompareOp="EQ">
                                      <ScalarOperator>
                                        <Identifier>
                                          <ColumnReference Database="[Star_Schema_Benchmark]" Schema="[dbo]" Table="[LineOrder]" Column="LO_CustKey" />
                                        </Identifier>
                                      </ScalarOperator>
                                      <ScalarOperator>
                                        <Identifier>
                                          <ColumnReference Database="[Star_Schema_Benchmark]" Schema="[dbo]" Table="[Customer]" Column="C_CustomerKey" />
                                        </Identifier>
                                      </ScalarOperator>
                                    </Compare>
                                  </ScalarOperator>
                                </ProbeResidual>
                                <RelOp AvgRowSize="27" EstimateCPU="0.330079" EstimateIO="3.26691" EstimateRebinds="0" EstimateRewinds="0" EstimateRows="59409.5" LogicalOp="Clustered Index Scan" NodeId="6" Parallel="false" PhysicalOp="Clustered Index Scan" EstimatedTotalSubtreeCost="3.59699" TableCardinality="300000">
                                  <OutputList>
                                    <ColumnReference Database="[Star_Schema_Benchmark]" Schema="[dbo]" Table="[Customer]" Column="C_CustomerKey" />
                                  </OutputList>
                                  <RunTimeInformation>
                                    <RunTimeCountersPerThread Thread="0" ActualRows="59761" ActualEndOfScans="1" ActualExecutions="1" />
                                  </RunTimeInformation>
                                  <IndexScan Ordered="false" ForcedIndex="false" NoExpandHint="false">
                                    <DefinedValues>
                                      <DefinedValue>
                                        <ColumnReference Database="[Star_Schema_Benchmark]" Schema="[dbo]" Table="[Customer]" Column="C_CustomerKey" />
                                      </DefinedValue>
                                    </DefinedValues>
                                    <Object Database="[Star_Schema_Benchmark]" Schema="[dbo]" Table="[Customer]" Index="[PK_Customer]" IndexKind="Clustered" />
                                    <Predicate>
                                      <ScalarOperator ScalarString="[Star_Schema_Benchmark].[dbo].[Customer].[C_Region]='AMERICA'">
                                        <Compare CompareOp="EQ">
                                          <ScalarOperator>
                                            <Identifier>
                                              <ColumnReference Database="[Star_Schema_Benchmark]" Schema="[dbo]" Table="[Customer]" Column="C_Region" />
                                            </Identifier>
                                          </ScalarOperator>
                                          <ScalarOperator>
                                            <Const ConstValue="'AMERICA'" />
                                          </ScalarOperator>
                                        </Compare>
                                      </ScalarOperator>
                                    </Predicate>
                                  </IndexScan>
                                </RelOp>
                                <RelOp AvgRowSize="49" EstimateCPU="84.5105" EstimateIO="0" EstimateRebinds="0" EstimateRewinds="0" EstimateRows="3720770" LogicalOp="Inner Join" NodeId="7" Parallel="false" PhysicalOp="Hash Match" EstimatedTotalSubtreeCost="1157.39">
                                  <OutputList>
                                    <ColumnReference Database="[Star_Schema_Benchmark]" Schema="[dbo]" Table="[Date]" Column="D_Year" />
                                    <ColumnReference Database="[Star_Schema_Benchmark]" Schema="[dbo]" Table="[Supplier]" Column="S_Nation" />
                                    <ColumnReference Database="[Star_Schema_Benchmark]" Schema="[dbo]" Table="[LineOrder]" Column="LO_CustKey" />
                                    <ColumnReference Database="[Star_Schema_Benchmark]" Schema="[dbo]" Table="[LineOrder]" Column="LO_PartKey" />
                                    <ColumnReference Column="Expr1016" />
                                  </OutputList>
                                  <MemoryFractions Input="0.0172054" Output="0.0172054" />
                                  <RunTimeInformation>
                                    <RunTimeCountersPerThread Thread="0" ActualRows="2959049" ActualEndOfScans="1" ActualExecutions="1" />
                                  </RunTimeInformation>
                                  <Hash>
                                    <DefinedValues />
                                    <HashKeysBuild>
                                      <ColumnReference Database="[Star_Schema_Benchmark]" Schema="[dbo]" Table="[Date]" Column="D_DateKey" />
                                    </HashKeysBuild>
                                    <HashKeysProbe>
                                      <ColumnReference Database="[Star_Schema_Benchmark]" Schema="[dbo]" Table="[LineOrder]" Column="LO_OrderDateKey" />
                                    </HashKeysProbe>
                                    <ProbeResidual>
                                      <ScalarOperator ScalarString="[Star_Schema_Benchmark].[dbo].[LineOrder].[LO_OrderDateKey]=[Star_Schema_Benchmark].[dbo].[Date].[D_DateKey]">
                                        <Compare CompareOp="EQ">
                                          <ScalarOperator>
                                            <Identifier>
                                              <ColumnReference Database="[Star_Schema_Benchmark]" Schema="[dbo]" Table="[LineOrder]" Column="LO_OrderDateKey" />
                                            </Identifier>
                                          </ScalarOperator>
                                          <ScalarOperator>
                                            <Identifier>
                                              <ColumnReference Database="[Star_Schema_Benchmark]" Schema="[dbo]" Table="[Date]" Column="D_DateKey" />
                                            </Identifier>
                                          </ScalarOperator>
                                        </Compare>
                                      </ScalarOperator>
                                    </ProbeResidual>
                                    <RelOp AvgRowSize="17" EstimateCPU="0.0029686" EstimateIO="0.023125" EstimateRebinds="0" EstimateRewinds="0" EstimateRows="729" LogicalOp="Clustered Index Scan" NodeId="8" Parallel="false" PhysicalOp="Clustered Index Scan" EstimatedTotalSubtreeCost="0.0260936" TableCardinality="2556">
                                      <OutputList>
                                        <ColumnReference Database="[Star_Schema_Benchmark]" Schema="[dbo]" Table="[Date]" Column="D_DateKey" />
                                        <ColumnReference Database="[Star_Schema_Benchmark]" Schema="[dbo]" Table="[Date]" Column="D_Year" />
                                      </OutputList>
                                      <RunTimeInformation>
                                        <RunTimeCountersPerThread Thread="0" ActualRows="729" ActualEndOfScans="1" ActualExecutions="1" />
                                      </RunTimeInformation>
                                      <IndexScan Ordered="false" ForcedIndex="false" NoExpandHint="false">
                                        <DefinedValues>
                                          <DefinedValue>
                                            <ColumnReference Database="[Star_Schema_Benchmark]" Schema="[dbo]" Table="[Date]" Column="D_DateKey" />
                                          </DefinedValue>
                                          <DefinedValue>
                                            <ColumnReference Database="[Star_Schema_Benchmark]" Schema="[dbo]" Table="[Date]" Column="D_Year" />
                                          </DefinedValue>
                                        </DefinedValues>
                                        <Object Database="[Star_Schema_Benchmark]" Schema="[dbo]" Table="[Date]" Index="[PK_Date]" IndexKind="Clustered" />
                                        <Predicate>
                                          <ScalarOperator ScalarString="[Star_Schema_Benchmark].[dbo].[Date].[D_Year]=(1997) OR [Star_Schema_Benchmark].[dbo].[Date].[D_Year]=(1998)">
                                            <Logical Operation="OR">
                                              <ScalarOperator>
                                                <Compare CompareOp="EQ">
                                                  <ScalarOperator>
                                                    <Identifier>
                                                      <ColumnReference Database="[Star_Schema_Benchmark]" Schema="[dbo]" Table="[Date]" Column="D_Year" />
                                                    </Identifier>
                                                  </ScalarOperator>
                                                  <ScalarOperator>
                                                    <Const ConstValue="(1997)" />
                                                  </ScalarOperator>
                                                </Compare>
                                              </ScalarOperator>
                                              <ScalarOperator>
                                                <Compare CompareOp="EQ">
                                                  <ScalarOperator>
                                                    <Identifier>
                                                      <ColumnReference Database="[Star_Schema_Benchmark]" Schema="[dbo]" Table="[Date]" Column="D_Year" />
                                                    </Identifier>
                                                  </ScalarOperator>
                                                  <ScalarOperator>
                                                    <Const ConstValue="(1998)" />
                                                  </ScalarOperator>
                                                </Compare>
                                              </ScalarOperator>
                                            </Logical>
                                          </ScalarOperator>
                                        </Predicate>
                                      </IndexScan>
                                    </RelOp>
                                    <RelOp AvgRowSize="55" EstimateCPU="283.95" EstimateIO="0" EstimateRebinds="0" EstimateRewinds="0" EstimateRows="12303000" LogicalOp="Inner Join" NodeId="9" Parallel="false" PhysicalOp="Hash Match" EstimatedTotalSubtreeCost="1072.85">
                                      <OutputList>
                                        <ColumnReference Database="[Star_Schema_Benchmark]" Schema="[dbo]" Table="[Supplier]" Column="S_Nation" />
                                        <ColumnReference Database="[Star_Schema_Benchmark]" Schema="[dbo]" Table="[LineOrder]" Column="LO_CustKey" />
                                        <ColumnReference Database="[Star_Schema_Benchmark]" Schema="[dbo]" Table="[LineOrder]" Column="LO_PartKey" />
                                        <ColumnReference Database="[Star_Schema_Benchmark]" Schema="[dbo]" Table="[LineOrder]" Column="LO_OrderDateKey" />
                                        <ColumnReference Column="Expr1016" />
                                      </OutputList>
                                      <MemoryFractions Input="0.125639" Output="0.125639" />
                                      <RunTimeInformation>
                                        <RunTimeCountersPerThread Thread="0" ActualRows="12302657" ActualEndOfScans="1" ActualExecutions="1" />
                                      </RunTimeInformation>
                                      <Hash>
                                        <DefinedValues />
                                        <HashKeysBuild>
                                          <ColumnReference Database="[Star_Schema_Benchmark]" Schema="[dbo]" Table="[Supplier]" Column="S_SuppKey" />
                                        </HashKeysBuild>
                                        <HashKeysProbe>
                                          <ColumnReference Database="[Star_Schema_Benchmark]" Schema="[dbo]" Table="[LineOrder]" Column="LO_SuppKey" />
                                        </HashKeysProbe>
                                        <RelOp AvgRowSize="38" EstimateCPU="0.022157" EstimateIO="0.203125" EstimateRebinds="0" EstimateRewinds="0" EstimateRows="4102" LogicalOp="Clustered Index Scan" NodeId="10" Parallel="false" PhysicalOp="Clustered Index Scan" EstimatedTotalSubtreeCost="0.225282" TableCardinality="20000">
                                          <OutputList>
                                            <ColumnReference Database="[Star_Schema_Benchmark]" Schema="[dbo]" Table="[Supplier]" Column="S_SuppKey" />
                                            <ColumnReference Database="[Star_Schema_Benchmark]" Schema="[dbo]" Table="[Supplier]" Column="S_Nation" />
                                          </OutputList>
                                          <RunTimeInformation>
                                            <RunTimeCountersPerThread Thread="0" ActualRows="4102" ActualEndOfScans="1" ActualExecutions="1" />
                                          </RunTimeInformation>
                                          <IndexScan Ordered="false" ForcedIndex="false" NoExpandHint="false">
                                            <DefinedValues>
                                              <DefinedValue>
                                                <ColumnReference Database="[Star_Schema_Benchmark]" Schema="[dbo]" Table="[Supplier]" Column="S_SuppKey" />
                                              </DefinedValue>
                                              <DefinedValue>
                                                <ColumnReference Database="[Star_Schema_Benchmark]" Schema="[dbo]" Table="[Supplier]" Column="S_Nation" />
                                              </DefinedValue>
                                            </DefinedValues>
                                            <Object Database="[Star_Schema_Benchmark]" Schema="[dbo]" Table="[Supplier]" Index="[PK_Supplier]" IndexKind="Clustered" />
                                            <Predicate>
                                              <ScalarOperator ScalarString="[Star_Schema_Benchmark].[dbo].[Supplier].[S_Region]='AMERICA'">
                                                <Compare CompareOp="EQ">
                                                  <ScalarOperator>
                                                    <Identifier>
                                                      <ColumnReference Database="[Star_Schema_Benchmark]" Schema="[dbo]" Table="[Supplier]" Column="S_Region" />
                                                    </Identifier>
                                                  </ScalarOperator>
                                                  <ScalarOperator>
                                                    <Const ConstValue="'AMERICA'" />
                                                  </ScalarOperator>
                                                </Compare>
                                              </ScalarOperator>
                                            </Predicate>
                                          </IndexScan>
                                        </RelOp>
                                        <RelOp AvgRowSize="44" EstimateCPU="5.99862" EstimateIO="0" EstimateRebinds="0" EstimateRewinds="0" EstimateRows="59986200" LogicalOp="Compute Scalar" NodeId="11" Parallel="false" PhysicalOp="Compute Scalar" EstimatedTotalSubtreeCost="788.667">
                                          <OutputList>
                                            <ColumnReference Database="[Star_Schema_Benchmark]" Schema="[dbo]" Table="[LineOrder]" Column="LO_CustKey" />
                                            <ColumnReference Database="[Star_Schema_Benchmark]" Schema="[dbo]" Table="[LineOrder]" Column="LO_PartKey" />
                                            <ColumnReference Database="[Star_Schema_Benchmark]" Schema="[dbo]" Table="[LineOrder]" Column="LO_SuppKey" />
                                            <ColumnReference Database="[Star_Schema_Benchmark]" Schema="[dbo]" Table="[LineOrder]" Column="LO_OrderDateKey" />
                                            <ColumnReference Column="Expr1016" />
                                          </OutputList>
                                          <ComputeScalar>
                                            <DefinedValues>
                                              <DefinedValue>
                                                <ColumnReference Column="Expr1016" />
                                                <ScalarOperator ScalarString="[Star_Schema_Benchmark].[dbo].[LineOrder].[LO_Revenue]-[Star_Schema_Benchmark].[dbo].[LineOrder].[LO_SupplyCost]">
                                                  <Arithmetic Operation="SUB">
                                                    <ScalarOperator>
                                                      <Identifier>
                                                        <ColumnReference Database="[Star_Schema_Benchmark]" Schema="[dbo]" Table="[LineOrder]" Column="LO_Revenue" />
                                                      </Identifier>
                                                    </ScalarOperator>
                                                    <ScalarOperator>
                                                      <Identifier>
                                                        <ColumnReference Database="[Star_Schema_Benchmark]" Schema="[dbo]" Table="[LineOrder]" Column="LO_SupplyCost" />
                                                      </Identifier>
                                                    </ScalarOperator>
                                                  </Arithmetic>
                                                </ScalarOperator>
                                              </DefinedValue>
                                            </DefinedValues>
                                            <RelOp AvgRowSize="53" EstimateCPU="65.985" EstimateIO="716.684" EstimateRebinds="0" EstimateRewinds="0" EstimateRows="59986200" LogicalOp="Clustered Index Scan" NodeId="12" Parallel="false" PhysicalOp="Clustered Index Scan" EstimatedTotalSubtreeCost="782.669" TableCardinality="59986200">
                                              <OutputList>
                                                <ColumnReference Database="[Star_Schema_Benchmark]" Schema="[dbo]" Table="[LineOrder]" Column="LO_CustKey" />
                                                <ColumnReference Database="[Star_Schema_Benchmark]" Schema="[dbo]" Table="[LineOrder]" Column="LO_PartKey" />
                                                <ColumnReference Database="[Star_Schema_Benchmark]" Schema="[dbo]" Table="[LineOrder]" Column="LO_SuppKey" />
                                                <ColumnReference Database="[Star_Schema_Benchmark]" Schema="[dbo]" Table="[LineOrder]" Column="LO_OrderDateKey" />
                                                <ColumnReference Database="[Star_Schema_Benchmark]" Schema="[dbo]" Table="[LineOrder]" Column="LO_Revenue" />
                                                <ColumnReference Database="[Star_Schema_Benchmark]" Schema="[dbo]" Table="[LineOrder]" Column="LO_SupplyCost" />
                                              </OutputList>
                                              <RunTimeInformation>
                                                <RunTimeCountersPerThread Thread="0" ActualRows="59986214" ActualEndOfScans="1" ActualExecutions="1" />
                                              </RunTimeInformation>
                                              <IndexScan Ordered="false" ForcedIndex="false" NoExpandHint="false">
                                                <DefinedValues>
                                                  <DefinedValue>
                                                    <ColumnReference Database="[Star_Schema_Benchmark]" Schema="[dbo]" Table="[LineOrder]" Column="LO_CustKey" />
                                                  </DefinedValue>
                                                  <DefinedValue>
                                                    <ColumnReference Database="[Star_Schema_Benchmark]" Schema="[dbo]" Table="[LineOrder]" Column="LO_PartKey" />
                                                  </DefinedValue>
                                                  <DefinedValue>
                                                    <ColumnReference Database="[Star_Schema_Benchmark]" Schema="[dbo]" Table="[LineOrder]" Column="LO_SuppKey" />
                                                  </DefinedValue>
                                                  <DefinedValue>
                                                    <ColumnReference Database="[Star_Schema_Benchmark]" Schema="[dbo]" Table="[LineOrder]" Column="LO_OrderDateKey" />
                                                  </DefinedValue>
                                                  <DefinedValue>
                                                    <ColumnReference Database="[Star_Schema_Benchmark]" Schema="[dbo]" Table="[LineOrder]" Column="LO_Revenue" />
                                                  </DefinedValue>
                                                  <DefinedValue>
                                                    <ColumnReference Database="[Star_Schema_Benchmark]" Schema="[dbo]" Table="[LineOrder]" Column="LO_SupplyCost" />
                                                  </DefinedValue>
                                                </DefinedValues>
                                                <Object Database="[Star_Schema_Benchmark]" Schema="[dbo]" Table="[LineOrder]" Index="[PK_LineOrder]" IndexKind="Clustered" />
                                              </IndexScan>
                                            </RelOp>
                                          </ComputeScalar>
                                        </RelOp>
                                      </Hash>
                                    </RelOp>
                                  </Hash>
                                </RelOp>
                              </Hash>
                            </RelOp>
                          </Hash>
                        </RelOp>
                      </Hash>
                    </RelOp>
                  </ComputeScalar>
                </RelOp>
              </Sort>
            </RelOp>
          </QueryPlan>
        </StmtSimple>
      </Statements>
    </Batch>
    <Batch>
      <Statements>
        <StmtSimple StatementCompId="13" StatementEstRows="9785.91" StatementId="13" StatementOptmLevel="FULL" StatementSubTreeCost="1099.37" StatementText="select d_year, s_city, p_brand,&#xD;&#xA;sum(lo_revenue - lo_supplycost) as profit&#xD;&#xA;from [date], customer, supplier, part, lineorder&#xD;&#xA;where lo_custkey = C_CustomerKey&#xD;&#xA;and lo_suppkey = s_suppkey&#xD;&#xA;and lo_partkey = p_partkey&#xD;&#xA;and lo_orderdatekey = d_datekey&#xD;&#xA;and s_nation = 'UNITED STATES'&#xD;&#xA;and (d_year = 1997 or d_year = 1998)&#xD;&#xA;and p_category = 'MFGR#14'&#xD;&#xA;group by d_year, s_city, p_brand&#xD;&#xA;order by d_year, s_city, p_brand;" StatementType="SELECT" QueryHash="0xC05BB57D09CB172D" QueryPlanHash="0xA75AE6907B0205B5">
          <StatementSetOptions ANSI_NULLS="true" ANSI_PADDING="true" ANSI_WARNINGS="true" ARITHABORT="true" CONCAT_NULL_YIELDS_NULL="true" NUMERIC_ROUNDABORT="false" QUOTED_IDENTIFIER="true" />
          <QueryPlan DegreeOfParallelism="1" MemoryGrant="52408" CachedPlanSize="136" CompileTime="250" CompileCPU="250" CompileMemory="2848">
            <MissingIndexes>
              <MissingIndexGroup Impact="95.3348">
                <MissingIndex Database="[Star_Schema_Benchmark]" Schema="[dbo]" Table="[LineOrder]">
                  <ColumnGroup Usage="EQUALITY">
                    <Column Name="[LO_SuppKey]" ColumnId="5" />
                  </ColumnGroup>
                  <ColumnGroup Usage="INCLUDE">
                    <Column Name="[LO_CustKey]" ColumnId="3" />
                    <Column Name="[LO_PartKey]" ColumnId="4" />
                    <Column Name="[LO_OrderDateKey]" ColumnId="6" />
                    <Column Name="[LO_Revenue]" ColumnId="13" />
                    <Column Name="[LO_SupplyCost]" ColumnId="14" />
                  </ColumnGroup>
                </MissingIndex>
              </MissingIndexGroup>
            </MissingIndexes>
            <RelOp AvgRowSize="45" EstimateCPU="0.572423" EstimateIO="0.0112613" EstimateRebinds="0" EstimateRewinds="0" EstimateRows="9785.91" LogicalOp="Sort" NodeId="0" Parallel="false" PhysicalOp="Sort" EstimatedTotalSubtreeCost="1099.37">
              <OutputList>
                <ColumnReference Database="[Star_Schema_Benchmark]" Schema="[dbo]" Table="[Date]" Column="D_Year" />
                <ColumnReference Database="[Star_Schema_Benchmark]" Schema="[dbo]" Table="[Supplier]" Column="S_City" />
                <ColumnReference Database="[Star_Schema_Benchmark]" Schema="[dbo]" Table="[Part]" Column="P_Brand" />
                <ColumnReference Column="Expr1015" />
              </OutputList>
              <MemoryFractions Input="0.60355" Output="1" />
              <RunTimeInformation>
                <RunTimeCountersPerThread Thread="0" ActualRebinds="1" ActualRewinds="0" ActualRows="800" ActualEndOfScans="1" ActualExecutions="1" />
              </RunTimeInformation>
              <Sort Distinct="false">
                <OrderBy>
                  <OrderByColumn Ascending="true">
                    <ColumnReference Database="[Star_Schema_Benchmark]" Schema="[dbo]" Table="[Date]" Column="D_Year" />
                  </OrderByColumn>
                  <OrderByColumn Ascending="true">
                    <ColumnReference Database="[Star_Schema_Benchmark]" Schema="[dbo]" Table="[Supplier]" Column="S_City" />
                  </OrderByColumn>
                  <OrderByColumn Ascending="true">
                    <ColumnReference Database="[Star_Schema_Benchmark]" Schema="[dbo]" Table="[Part]" Column="P_Brand" />
                  </OrderByColumn>
                </OrderBy>
                <RelOp AvgRowSize="45" EstimateCPU="0.53155" EstimateIO="0" EstimateRebinds="0" EstimateRewinds="0" EstimateRows="9785.91" LogicalOp="Compute Scalar" NodeId="1" Parallel="false" PhysicalOp="Compute Scalar" EstimatedTotalSubtreeCost="1098.79">
                  <OutputList>
                    <ColumnReference Database="[Star_Schema_Benchmark]" Schema="[dbo]" Table="[Date]" Column="D_Year" />
                    <ColumnReference Database="[Star_Schema_Benchmark]" Schema="[dbo]" Table="[Supplier]" Column="S_City" />
                    <ColumnReference Database="[Star_Schema_Benchmark]" Schema="[dbo]" Table="[Part]" Column="P_Brand" />
                    <ColumnReference Column="Expr1015" />
                  </OutputList>
                  <ComputeScalar>
                    <DefinedValues>
                      <DefinedValue>
                        <ColumnReference Column="Expr1015" />
                        <ScalarOperator ScalarString="CASE WHEN [Expr1022]=(0) THEN NULL ELSE [Expr1023] END">
                          <IF>
                            <Condition>
                              <ScalarOperator>
                                <Compare CompareOp="EQ">
                                  <ScalarOperator>
                                    <Identifier>
                                      <ColumnReference Column="Expr1022" />
                                    </Identifier>
                                  </ScalarOperator>
                                  <ScalarOperator>
                                    <Const ConstValue="(0)" />
                                  </ScalarOperator>
                                </Compare>
                              </ScalarOperator>
                            </Condition>
                            <Then>
                              <ScalarOperator>
                                <Const ConstValue="NULL" />
                              </ScalarOperator>
                            </Then>
                            <Else>
                              <ScalarOperator>
                                <Identifier>
                                  <ColumnReference Column="Expr1023" />
                                </Identifier>
                              </ScalarOperator>
                            </Else>
                          </IF>
                        </ScalarOperator>
                      </DefinedValue>
                    </DefinedValues>
                    <RelOp AvgRowSize="45" EstimateCPU="0.53155" EstimateIO="0" EstimateRebinds="0" EstimateRewinds="0" EstimateRows="9785.91" LogicalOp="Aggregate" NodeId="2" Parallel="false" PhysicalOp="Hash Match" EstimatedTotalSubtreeCost="1098.79">
                      <OutputList>
                        <ColumnReference Database="[Star_Schema_Benchmark]" Schema="[dbo]" Table="[Date]" Column="D_Year" />
                        <ColumnReference Database="[Star_Schema_Benchmark]" Schema="[dbo]" Table="[Supplier]" Column="S_City" />
                        <ColumnReference Database="[Star_Schema_Benchmark]" Schema="[dbo]" Table="[Part]" Column="P_Brand" />
                        <ColumnReference Column="Expr1022" />
                        <ColumnReference Column="Expr1023" />
                      </OutputList>
                      <MemoryFractions Input="0.0221891" Output="0.39645" />
                      <RunTimeInformation>
                        <RunTimeCountersPerThread Thread="0" ActualRows="800" ActualEndOfScans="1" ActualExecutions="1" />
                      </RunTimeInformation>
                      <Hash>
                        <DefinedValues>
                          <DefinedValue>
                            <ColumnReference Column="Expr1022" />
                            <ScalarOperator ScalarString="COUNT_BIG([Expr1016])">
                              <Aggregate AggType="COUNT_BIG" Distinct="false">
                                <ScalarOperator>
                                  <Identifier>
                                    <ColumnReference Column="Expr1016" />
                                  </Identifier>
                                </ScalarOperator>
                              </Aggregate>
                            </ScalarOperator>
                          </DefinedValue>
                          <DefinedValue>
                            <ColumnReference Column="Expr1023" />
                            <ScalarOperator ScalarString="SUM([Expr1016])">
                              <Aggregate AggType="SUM" Distinct="false">
                                <ScalarOperator>
                                  <Identifier>
                                    <ColumnReference Column="Expr1016" />
                                  </Identifier>
                                </ScalarOperator>
                              </Aggregate>
                            </ScalarOperator>
                          </DefinedValue>
                        </DefinedValues>
                        <HashKeysBuild>
                          <ColumnReference Database="[Star_Schema_Benchmark]" Schema="[dbo]" Table="[Date]" Column="D_Year" />
                          <ColumnReference Database="[Star_Schema_Benchmark]" Schema="[dbo]" Table="[Supplier]" Column="S_City" />
                          <ColumnReference Database="[Star_Schema_Benchmark]" Schema="[dbo]" Table="[Part]" Column="P_Brand" />
                        </HashKeysBuild>
                        <BuildResidual>
                          <ScalarOperator ScalarString="[Star_Schema_Benchmark].[dbo].[Date].[D_Year] = [Star_Schema_Benchmark].[dbo].[Date].[D_Year] AND [Star_Schema_Benchmark].[dbo].[Supplier].[S_City] = [Star_Schema_Benchmark].[dbo].[Supplier].[S_City] AND [Star_Schema_Benchmark].[dbo].[Part].[P_Brand] = [Star_Schema_Benchmark].[dbo].[Part].[P_Brand]">
                            <Logical Operation="AND">
                              <ScalarOperator>
                                <Logical Operation="AND">
                                  <ScalarOperator>
                                    <Compare CompareOp="IS">
                                      <ScalarOperator>
                                        <Identifier>
                                          <ColumnReference Database="[Star_Schema_Benchmark]" Schema="[dbo]" Table="[Date]" Column="D_Year" />
                                        </Identifier>
                                      </ScalarOperator>
                                      <ScalarOperator>
                                        <Identifier>
                                          <ColumnReference Database="[Star_Schema_Benchmark]" Schema="[dbo]" Table="[Date]" Column="D_Year" />
                                        </Identifier>
                                      </ScalarOperator>
                                    </Compare>
                                  </ScalarOperator>
                                  <ScalarOperator>
                                    <Compare CompareOp="IS">
                                      <ScalarOperator>
                                        <Identifier>
                                          <ColumnReference Database="[Star_Schema_Benchmark]" Schema="[dbo]" Table="[Supplier]" Column="S_City" />
                                        </Identifier>
                                      </ScalarOperator>
                                      <ScalarOperator>
                                        <Identifier>
                                          <ColumnReference Database="[Star_Schema_Benchmark]" Schema="[dbo]" Table="[Supplier]" Column="S_City" />
                                        </Identifier>
                                      </ScalarOperator>
                                    </Compare>
                                  </ScalarOperator>
                                </Logical>
                              </ScalarOperator>
                              <ScalarOperator>
                                <Compare CompareOp="IS">
                                  <ScalarOperator>
                                    <Identifier>
                                      <ColumnReference Database="[Star_Schema_Benchmark]" Schema="[dbo]" Table="[Part]" Column="P_Brand" />
                                    </Identifier>
                                  </ScalarOperator>
                                  <ScalarOperator>
                                    <Identifier>
                                      <ColumnReference Database="[Star_Schema_Benchmark]" Schema="[dbo]" Table="[Part]" Column="P_Brand" />
                                    </Identifier>
                                  </ScalarOperator>
                                </Compare>
                              </ScalarOperator>
                            </Logical>
                          </ScalarOperator>
                        </BuildResidual>
                        <RelOp AvgRowSize="37" EstimateCPU="3.52596" EstimateIO="0" EstimateRebinds="0" EstimateRewinds="0" EstimateRows="20632.7" LogicalOp="Inner Join" NodeId="3" Parallel="false" PhysicalOp="Hash Match" EstimatedTotalSubtreeCost="1098.25">
                          <OutputList>
                            <ColumnReference Database="[Star_Schema_Benchmark]" Schema="[dbo]" Table="[Date]" Column="D_Year" />
                            <ColumnReference Database="[Star_Schema_Benchmark]" Schema="[dbo]" Table="[Supplier]" Column="S_City" />
                            <ColumnReference Database="[Star_Schema_Benchmark]" Schema="[dbo]" Table="[Part]" Column="P_Brand" />
                            <ColumnReference Column="Expr1016" />
                          </OutputList>
                          <MemoryFractions Input="0.216923" Output="0.977811" />
                          <RunTimeInformation>
                            <RunTimeCountersPerThread Thread="0" ActualRows="23322" ActualEndOfScans="1" ActualExecutions="1" />
                          </RunTimeInformation>
                          <Hash>
                            <DefinedValues />
                            <HashKeysBuild>
                              <ColumnReference Database="[Star_Schema_Benchmark]" Schema="[dbo]" Table="[LineOrder]" Column="LO_CustKey" />
                            </HashKeysBuild>
                            <HashKeysProbe>
                              <ColumnReference Database="[Star_Schema_Benchmark]" Schema="[dbo]" Table="[Customer]" Column="C_CustomerKey" />
                            </HashKeysProbe>
                            <ProbeResidual>
                              <ScalarOperator ScalarString="[Star_Schema_Benchmark].[dbo].[LineOrder].[LO_CustKey]=[Star_Schema_Benchmark].[dbo].[Customer].[C_CustomerKey]">
                                <Compare CompareOp="EQ">
                                  <ScalarOperator>
                                    <Identifier>
                                      <ColumnReference Database="[Star_Schema_Benchmark]" Schema="[dbo]" Table="[LineOrder]" Column="LO_CustKey" />
                                    </Identifier>
                                  </ScalarOperator>
                                  <ScalarOperator>
                                    <Identifier>
                                      <ColumnReference Database="[Star_Schema_Benchmark]" Schema="[dbo]" Table="[Customer]" Column="C_CustomerKey" />
                                    </Identifier>
                                  </ScalarOperator>
                                </Compare>
                              </ScalarOperator>
                            </ProbeResidual>
                            <RelOp AvgRowSize="45" EstimateCPU="0.705953" EstimateIO="0" EstimateRebinds="0" EstimateRewinds="0" EstimateRows="43059.3" LogicalOp="Inner Join" NodeId="4" Parallel="false" PhysicalOp="Hash Match" EstimatedTotalSubtreeCost="1091.13">
                              <OutputList>
                                <ColumnReference Database="[Star_Schema_Benchmark]" Schema="[dbo]" Table="[Date]" Column="D_Year" />
                                <ColumnReference Database="[Star_Schema_Benchmark]" Schema="[dbo]" Table="[Supplier]" Column="S_City" />
                                <ColumnReference Database="[Star_Schema_Benchmark]" Schema="[dbo]" Table="[Part]" Column="P_Brand" />
                                <ColumnReference Database="[Star_Schema_Benchmark]" Schema="[dbo]" Table="[LineOrder]" Column="LO_CustKey" />
                                <ColumnReference Column="Expr1016" />
                              </OutputList>
                              <MemoryFractions Input="0" Output="0" />
                              <RunTimeInformation>
                                <RunTimeCountersPerThread Thread="0" ActualRows="23322" ActualEndOfScans="1" ActualExecutions="1" />
                              </RunTimeInformation>
                              <Hash>
                                <DefinedValues />
                                <HashKeysBuild>
                                  <ColumnReference Database="[Star_Schema_Benchmark]" Schema="[dbo]" Table="[Date]" Column="D_DateKey" />
                                </HashKeysBuild>
                                <HashKeysProbe>
                                  <ColumnReference Database="[Star_Schema_Benchmark]" Schema="[dbo]" Table="[LineOrder]" Column="LO_OrderDateKey" />
                                </HashKeysProbe>
                                <ProbeResidual>
                                  <ScalarOperator ScalarString="[Star_Schema_Benchmark].[dbo].[LineOrder].[LO_OrderDateKey]=[Star_Schema_Benchmark].[dbo].[Date].[D_DateKey]">
                                    <Compare CompareOp="EQ">
                                      <ScalarOperator>
                                        <Identifier>
                                          <ColumnReference Database="[Star_Schema_Benchmark]" Schema="[dbo]" Table="[LineOrder]" Column="LO_OrderDateKey" />
                                        </Identifier>
                                      </ScalarOperator>
                                      <ScalarOperator>
                                        <Identifier>
                                          <ColumnReference Database="[Star_Schema_Benchmark]" Schema="[dbo]" Table="[Date]" Column="D_DateKey" />
                                        </Identifier>
                                      </ScalarOperator>
                                    </Compare>
                                  </ScalarOperator>
                                </ProbeResidual>
                                <RelOp AvgRowSize="17" EstimateCPU="0.0029686" EstimateIO="0.023125" EstimateRebinds="0" EstimateRewinds="0" EstimateRows="729" LogicalOp="Clustered Index Scan" NodeId="5" Parallel="false" PhysicalOp="Clustered Index Scan" EstimatedTotalSubtreeCost="0.0260936" TableCardinality="2556">
                                  <OutputList>
                                    <ColumnReference Database="[Star_Schema_Benchmark]" Schema="[dbo]" Table="[Date]" Column="D_DateKey" />
                                    <ColumnReference Database="[Star_Schema_Benchmark]" Schema="[dbo]" Table="[Date]" Column="D_Year" />
                                  </OutputList>
                                  <RunTimeInformation>
                                    <RunTimeCountersPerThread Thread="0" ActualRows="729" ActualEndOfScans="1" ActualExecutions="1" />
                                  </RunTimeInformation>
                                  <IndexScan Ordered="false" ForcedIndex="false" NoExpandHint="false">
                                    <DefinedValues>
                                      <DefinedValue>
                                        <ColumnReference Database="[Star_Schema_Benchmark]" Schema="[dbo]" Table="[Date]" Column="D_DateKey" />
                                      </DefinedValue>
                                      <DefinedValue>
                                        <ColumnReference Database="[Star_Schema_Benchmark]" Schema="[dbo]" Table="[Date]" Column="D_Year" />
                                      </DefinedValue>
                                    </DefinedValues>
                                    <Object Database="[Star_Schema_Benchmark]" Schema="[dbo]" Table="[Date]" Index="[PK_Date]" IndexKind="Clustered" />
                                    <Predicate>
                                      <ScalarOperator ScalarString="[Star_Schema_Benchmark].[dbo].[Date].[D_Year]=(1997) OR [Star_Schema_Benchmark].[dbo].[Date].[D_Year]=(1998)">
                                        <Logical Operation="OR">
                                          <ScalarOperator>
                                            <Compare CompareOp="EQ">
                                              <ScalarOperator>
                                                <Identifier>
                                                  <ColumnReference Database="[Star_Schema_Benchmark]" Schema="[dbo]" Table="[Date]" Column="D_Year" />
                                                </Identifier>
                                              </ScalarOperator>
                                              <ScalarOperator>
                                                <Const ConstValue="(1997)" />
                                              </ScalarOperator>
                                            </Compare>
                                          </ScalarOperator>
                                          <ScalarOperator>
                                            <Compare CompareOp="EQ">
                                              <ScalarOperator>
                                                <Identifier>
                                                  <ColumnReference Database="[Star_Schema_Benchmark]" Schema="[dbo]" Table="[Date]" Column="D_Year" />
                                                </Identifier>
                                              </ScalarOperator>
                                              <ScalarOperator>
                                                <Const ConstValue="(1998)" />
                                              </ScalarOperator>
                                            </Compare>
                                          </ScalarOperator>
                                        </Logical>
                                      </ScalarOperator>
                                    </Predicate>
                                  </IndexScan>
                                </RelOp>
                                <RelOp AvgRowSize="51" EstimateCPU="16.6799" EstimateIO="0" EstimateRebinds="0" EstimateRewinds="0" EstimateRows="96236.1" LogicalOp="Inner Join" NodeId="6" Parallel="false" PhysicalOp="Hash Match" EstimatedTotalSubtreeCost="1090.4">
                                  <OutputList>
                                    <ColumnReference Database="[Star_Schema_Benchmark]" Schema="[dbo]" Table="[Supplier]" Column="S_City" />
                                    <ColumnReference Database="[Star_Schema_Benchmark]" Schema="[dbo]" Table="[Part]" Column="P_Brand" />
                                    <ColumnReference Database="[Star_Schema_Benchmark]" Schema="[dbo]" Table="[LineOrder]" Column="LO_CustKey" />
                                    <ColumnReference Database="[Star_Schema_Benchmark]" Schema="[dbo]" Table="[LineOrder]" Column="LO_OrderDateKey" />
                                    <ColumnReference Column="Expr1016" />
                                  </OutputList>
                                  <MemoryFractions Input="0.822796" Output="0.644312" />
                                  <RunTimeInformation>
                                    <RunTimeCountersPerThread Thread="0" ActualRows="97008" ActualEndOfScans="1" ActualExecutions="1" />
                                  </RunTimeInformation>
                                  <Hash>
                                    <DefinedValues />
                                    <HashKeysBuild>
                                      <ColumnReference Database="[Star_Schema_Benchmark]" Schema="[dbo]" Table="[Part]" Column="P_PartKey" />
                                    </HashKeysBuild>
                                    <HashKeysProbe>
                                      <ColumnReference Database="[Star_Schema_Benchmark]" Schema="[dbo]" Table="[LineOrder]" Column="LO_PartKey" />
                                    </HashKeysProbe>
                                    <ProbeResidual>
                                      <ScalarOperator ScalarString="[Star_Schema_Benchmark].[dbo].[LineOrder].[LO_PartKey]=[Star_Schema_Benchmark].[dbo].[Part].[P_PartKey]">
                                        <Compare CompareOp="EQ">
                                          <ScalarOperator>
                                            <Identifier>
                                              <ColumnReference Database="[Star_Schema_Benchmark]" Schema="[dbo]" Table="[LineOrder]" Column="LO_PartKey" />
                                            </Identifier>
                                          </ScalarOperator>
                                          <ScalarOperator>
                                            <Identifier>
                                              <ColumnReference Database="[Star_Schema_Benchmark]" Schema="[dbo]" Table="[Part]" Column="P_PartKey" />
                                            </Identifier>
                                          </ScalarOperator>
                                        </Compare>
                                      </ScalarOperator>
                                    </ProbeResidual>
                                    <RelOp AvgRowSize="31" EstimateCPU="0.880157" EstimateIO="7.22609" EstimateRebinds="0" EstimateRewinds="0" EstimateRows="31801.7" LogicalOp="Clustered Index Scan" NodeId="7" Parallel="false" PhysicalOp="Clustered Index Scan" EstimatedTotalSubtreeCost="8.10624" TableCardinality="800000">
                                      <OutputList>
                                        <ColumnReference Database="[Star_Schema_Benchmark]" Schema="[dbo]" Table="[Part]" Column="P_PartKey" />
                                        <ColumnReference Database="[Star_Schema_Benchmark]" Schema="[dbo]" Table="[Part]" Column="P_Brand" />
                                      </OutputList>
                                      <RunTimeInformation>
                                        <RunTimeCountersPerThread Thread="0" ActualRows="31901" ActualEndOfScans="1" ActualExecutions="1" />
                                      </RunTimeInformation>
                                      <IndexScan Ordered="false" ForcedIndex="false" NoExpandHint="false">
                                        <DefinedValues>
                                          <DefinedValue>
                                            <ColumnReference Database="[Star_Schema_Benchmark]" Schema="[dbo]" Table="[Part]" Column="P_PartKey" />
                                          </DefinedValue>
                                          <DefinedValue>
                                            <ColumnReference Database="[Star_Schema_Benchmark]" Schema="[dbo]" Table="[Part]" Column="P_Brand" />
                                          </DefinedValue>
                                        </DefinedValues>
                                        <Object Database="[Star_Schema_Benchmark]" Schema="[dbo]" Table="[Part]" Index="[PK_Part]" IndexKind="Clustered" />
                                        <Predicate>
                                          <ScalarOperator ScalarString="[Star_Schema_Benchmark].[dbo].[Part].[P_Category]='MFGR#14'">
                                            <Compare CompareOp="EQ">
                                              <ScalarOperator>
                                                <Identifier>
                                                  <ColumnReference Database="[Star_Schema_Benchmark]" Schema="[dbo]" Table="[Part]" Column="P_Category" />
                                                </Identifier>
                                              </ScalarOperator>
                                              <ScalarOperator>
                                                <Const ConstValue="'MFGR#14'" />
                                              </ScalarOperator>
                                            </Compare>
                                          </ScalarOperator>
                                        </Predicate>
                                      </IndexScan>
                                    </RelOp>
                                    <RelOp AvgRowSize="50" EstimateCPU="276.324" EstimateIO="0" EstimateRebinds="0" EstimateRewinds="0" EstimateRows="2426310" LogicalOp="Inner Join" NodeId="8" Parallel="false" PhysicalOp="Hash Match" EstimatedTotalSubtreeCost="1065.23">
                                      <OutputList>
                                        <ColumnReference Database="[Star_Schema_Benchmark]" Schema="[dbo]" Table="[Supplier]" Column="S_City" />
                                        <ColumnReference Database="[Star_Schema_Benchmark]" Schema="[dbo]" Table="[LineOrder]" Column="LO_CustKey" />
                                        <ColumnReference Database="[Star_Schema_Benchmark]" Schema="[dbo]" Table="[LineOrder]" Column="LO_PartKey" />
                                        <ColumnReference Database="[Star_Schema_Benchmark]" Schema="[dbo]" Table="[LineOrder]" Column="LO_OrderDateKey" />
                                        <ColumnReference Column="Expr1016" />
                                      </OutputList>
                                      <MemoryFractions Input="0.177204" Output="0.138765" />
                                      <RunTimeInformation>
                                        <RunTimeCountersPerThread Thread="0" ActualRows="2427213" ActualEndOfScans="1" ActualExecutions="1" />
                                      </RunTimeInformation>
                                      <Hash>
                                        <DefinedValues />
                                        <HashKeysBuild>
                                          <ColumnReference Database="[Star_Schema_Benchmark]" Schema="[dbo]" Table="[Supplier]" Column="S_SuppKey" />
                                        </HashKeysBuild>
                                        <HashKeysProbe>
                                          <ColumnReference Database="[Star_Schema_Benchmark]" Schema="[dbo]" Table="[LineOrder]" Column="LO_SuppKey" />
                                        </HashKeysProbe>
                                        <RelOp AvgRowSize="36" EstimateCPU="0.022157" EstimateIO="0.203125" EstimateRebinds="0" EstimateRewinds="0" EstimateRows="809" LogicalOp="Clustered Index Scan" NodeId="9" Parallel="false" PhysicalOp="Clustered Index Scan" EstimatedTotalSubtreeCost="0.225282" TableCardinality="20000">
                                          <OutputList>
                                            <ColumnReference Database="[Star_Schema_Benchmark]" Schema="[dbo]" Table="[Supplier]" Column="S_SuppKey" />
                                            <ColumnReference Database="[Star_Schema_Benchmark]" Schema="[dbo]" Table="[Supplier]" Column="S_City" />
                                          </OutputList>
                                          <RunTimeInformation>
                                            <RunTimeCountersPerThread Thread="0" ActualRows="809" ActualEndOfScans="1" ActualExecutions="1" />
                                          </RunTimeInformation>
                                          <IndexScan Ordered="false" ForcedIndex="false" NoExpandHint="false">
                                            <DefinedValues>
                                              <DefinedValue>
                                                <ColumnReference Database="[Star_Schema_Benchmark]" Schema="[dbo]" Table="[Supplier]" Column="S_SuppKey" />
                                              </DefinedValue>
                                              <DefinedValue>
                                                <ColumnReference Database="[Star_Schema_Benchmark]" Schema="[dbo]" Table="[Supplier]" Column="S_City" />
                                              </DefinedValue>
                                            </DefinedValues>
                                            <Object Database="[Star_Schema_Benchmark]" Schema="[dbo]" Table="[Supplier]" Index="[PK_Supplier]" IndexKind="Clustered" />
                                            <Predicate>
                                              <ScalarOperator ScalarString="[Star_Schema_Benchmark].[dbo].[Supplier].[S_Nation]='UNITED STATES'">
                                                <Compare CompareOp="EQ">
                                                  <ScalarOperator>
                                                    <Identifier>
                                                      <ColumnReference Database="[Star_Schema_Benchmark]" Schema="[dbo]" Table="[Supplier]" Column="S_Nation" />
                                                    </Identifier>
                                                  </ScalarOperator>
                                                  <ScalarOperator>
                                                    <Const ConstValue="'UNITED STATES'" />
                                                  </ScalarOperator>
                                                </Compare>
                                              </ScalarOperator>
                                            </Predicate>
                                          </IndexScan>
                                        </RelOp>
                                        <RelOp AvgRowSize="44" EstimateCPU="5.99862" EstimateIO="0" EstimateRebinds="0" EstimateRewinds="0" EstimateRows="59986200" LogicalOp="Compute Scalar" NodeId="10" Parallel="false" PhysicalOp="Compute Scalar" EstimatedTotalSubtreeCost="788.667">
                                          <OutputList>
                                            <ColumnReference Database="[Star_Schema_Benchmark]" Schema="[dbo]" Table="[LineOrder]" Column="LO_CustKey" />
                                            <ColumnReference Database="[Star_Schema_Benchmark]" Schema="[dbo]" Table="[LineOrder]" Column="LO_PartKey" />
                                            <ColumnReference Database="[Star_Schema_Benchmark]" Schema="[dbo]" Table="[LineOrder]" Column="LO_SuppKey" />
                                            <ColumnReference Database="[Star_Schema_Benchmark]" Schema="[dbo]" Table="[LineOrder]" Column="LO_OrderDateKey" />
                                            <ColumnReference Column="Expr1016" />
                                          </OutputList>
                                          <ComputeScalar>
                                            <DefinedValues>
                                              <DefinedValue>
                                                <ColumnReference Column="Expr1016" />
                                                <ScalarOperator ScalarString="[Star_Schema_Benchmark].[dbo].[LineOrder].[LO_Revenue]-[Star_Schema_Benchmark].[dbo].[LineOrder].[LO_SupplyCost]">
                                                  <Arithmetic Operation="SUB">
                                                    <ScalarOperator>
                                                      <Identifier>
                                                        <ColumnReference Database="[Star_Schema_Benchmark]" Schema="[dbo]" Table="[LineOrder]" Column="LO_Revenue" />
                                                      </Identifier>
                                                    </ScalarOperator>
                                                    <ScalarOperator>
                                                      <Identifier>
                                                        <ColumnReference Database="[Star_Schema_Benchmark]" Schema="[dbo]" Table="[LineOrder]" Column="LO_SupplyCost" />
                                                      </Identifier>
                                                    </ScalarOperator>
                                                  </Arithmetic>
                                                </ScalarOperator>
                                              </DefinedValue>
                                            </DefinedValues>
                                            <RelOp AvgRowSize="53" EstimateCPU="65.985" EstimateIO="716.684" EstimateRebinds="0" EstimateRewinds="0" EstimateRows="59986200" LogicalOp="Clustered Index Scan" NodeId="11" Parallel="false" PhysicalOp="Clustered Index Scan" EstimatedTotalSubtreeCost="782.669" TableCardinality="59986200">
                                              <OutputList>
                                                <ColumnReference Database="[Star_Schema_Benchmark]" Schema="[dbo]" Table="[LineOrder]" Column="LO_CustKey" />
                                                <ColumnReference Database="[Star_Schema_Benchmark]" Schema="[dbo]" Table="[LineOrder]" Column="LO_PartKey" />
                                                <ColumnReference Database="[Star_Schema_Benchmark]" Schema="[dbo]" Table="[LineOrder]" Column="LO_SuppKey" />
                                                <ColumnReference Database="[Star_Schema_Benchmark]" Schema="[dbo]" Table="[LineOrder]" Column="LO_OrderDateKey" />
                                                <ColumnReference Database="[Star_Schema_Benchmark]" Schema="[dbo]" Table="[LineOrder]" Column="LO_Revenue" />
                                                <ColumnReference Database="[Star_Schema_Benchmark]" Schema="[dbo]" Table="[LineOrder]" Column="LO_SupplyCost" />
                                              </OutputList>
                                              <RunTimeInformation>
                                                <RunTimeCountersPerThread Thread="0" ActualRows="59986214" ActualEndOfScans="1" ActualExecutions="1" />
                                              </RunTimeInformation>
                                              <IndexScan Ordered="false" ForcedIndex="false" NoExpandHint="false">
                                                <DefinedValues>
                                                  <DefinedValue>
                                                    <ColumnReference Database="[Star_Schema_Benchmark]" Schema="[dbo]" Table="[LineOrder]" Column="LO_CustKey" />
                                                  </DefinedValue>
                                                  <DefinedValue>
                                                    <ColumnReference Database="[Star_Schema_Benchmark]" Schema="[dbo]" Table="[LineOrder]" Column="LO_PartKey" />
                                                  </DefinedValue>
                                                  <DefinedValue>
                                                    <ColumnReference Database="[Star_Schema_Benchmark]" Schema="[dbo]" Table="[LineOrder]" Column="LO_SuppKey" />
                                                  </DefinedValue>
                                                  <DefinedValue>
                                                    <ColumnReference Database="[Star_Schema_Benchmark]" Schema="[dbo]" Table="[LineOrder]" Column="LO_OrderDateKey" />
                                                  </DefinedValue>
                                                  <DefinedValue>
                                                    <ColumnReference Database="[Star_Schema_Benchmark]" Schema="[dbo]" Table="[LineOrder]" Column="LO_Revenue" />
                                                  </DefinedValue>
                                                  <DefinedValue>
                                                    <ColumnReference Database="[Star_Schema_Benchmark]" Schema="[dbo]" Table="[LineOrder]" Column="LO_SupplyCost" />
                                                  </DefinedValue>
                                                </DefinedValues>
                                                <Object Database="[Star_Schema_Benchmark]" Schema="[dbo]" Table="[LineOrder]" Index="[PK_LineOrder]" IndexKind="Clustered" />
                                              </IndexScan>
                                            </RelOp>
                                          </ComputeScalar>
                                        </RelOp>
                                      </Hash>
                                    </RelOp>
                                  </Hash>
                                </RelOp>
                              </Hash>
                            </RelOp>
                            <RelOp AvgRowSize="15" EstimateCPU="0.330079" EstimateIO="3.26691" EstimateRebinds="0" EstimateRewinds="0" EstimateRows="300000" LogicalOp="Clustered Index Scan" NodeId="18" Parallel="false" PhysicalOp="Clustered Index Scan" EstimatedTotalSubtreeCost="3.59699" TableCardinality="300000">
                              <OutputList>
                                <ColumnReference Database="[Star_Schema_Benchmark]" Schema="[dbo]" Table="[Customer]" Column="C_CustomerKey" />
                              </OutputList>
                              <RunTimeInformation>
                                <RunTimeCountersPerThread Thread="0" ActualRows="300000" ActualEndOfScans="1" ActualExecutions="1" />
                              </RunTimeInformation>
                              <IndexScan Ordered="false" ForcedIndex="false" NoExpandHint="false">
                                <DefinedValues>
                                  <DefinedValue>
                                    <ColumnReference Database="[Star_Schema_Benchmark]" Schema="[dbo]" Table="[Customer]" Column="C_CustomerKey" />
                                  </DefinedValue>
                                </DefinedValues>
                                <Object Database="[Star_Schema_Benchmark]" Schema="[dbo]" Table="[Customer]" Index="[PK_Customer]" IndexKind="Clustered" />
                              </IndexScan>
                            </RelOp>
                          </Hash>
                        </RelOp>
                      </Hash>
                    </RelOp>
                  </ComputeScalar>
                </RelOp>
              </Sort>
            </RelOp>
          </QueryPlan>
        </StmtSimple>
      </Statements>
    </Batch>
  </BatchSequence>
</ShowPlanXML>